<?xml version="1.0" encoding="UTF-8"?>
<!-- Generated by org.testng.reporters.JUnitXMLReporter -->
<testsuite ignored="0" hostname="ZAUSV-ARAKSHI" failures="0" tests="15" name="Default test" time="791.402" errors="0" timestamp="2023-04-05T12:01:01 IST">
  <testcase classname="TestSuite.WileyPLUS_Prod_Test_Suite" name="TC01_SRP_For_WileyPLUS" time="32.311"/>
  <testcase classname="TestSuite.WileyPLUS_Prod_Test_Suite" name="TC02_PLP_For_WileyPLUS" time="36.707"/>
  <testcase classname="TestSuite.WileyPLUS_Prod_Test_Suite" name="TC03_EGRIP_Search_For_WileyPLUS" time="41.488"/>
  <testcase classname="TestSuite.WileyPLUS_Prod_Test_Suite" name="TC04_Bundle_Search_For_WileyPLUS" time="38.842"/>
  <testcase classname="TestSuite.WileyPLUS_Prod_Test_Suite" name="TC05_Check_If_URL_Not_Truncated_For_WileyPLUS" time="37.235"/>
  <testcase classname="TestSuite.WileyPLUS_Prod_Test_Suite" name="TC06_Format_Facet_WileyPLUS" time="32.982"/>
  <testcase classname="TestSuite.WileyPLUS_Prod_Test_Suite" name="TC07_Verify_Additional_UI_Adjustments_WileyPLUS_PDP" time="64.024"/>
  <testcase classname="TestSuite.WileyPLUS_Prod_Test_Suite" name="TC08_Validate_Percentage_In_Multiple_Term" time="40.515"/>
  <testcase classname="TestSuite.WileyPLUS_Prod_Test_Suite" name="TC09_PDP_UI_For_WileyPLUS" time="44.559"/>
  <testcase classname="TestSuite.WileyPLUS_Prod_Test_Suite" name="TC10_WileyPLUS_Set_To_MultiTerm_Default" time="39.706"/>
  <testcase classname="TestSuite.WileyPLUS_Prod_Test_Suite" name="TC11_New_Tab_Opened_After_Clicking_Login_To_WileyPLUS_Button" time="41.529"/>
  <testcase classname="TestSuite.WileyPLUS_Prod_Test_Suite" name="TC12_Add_WileyPLUS_Product_To_Cart" time="36.0"/>
  <testcase classname="TestSuite.WileyPLUS_Prod_Test_Suite" name="TC13_Global_Country_List_In_Shipping" time="85.381"/>
  <testcase classname="TestSuite.WileyPLUS_Prod_Test_Suite" name="TC14_Global_Country_List_In_Billing" time="178.185"/>
  <testcase classname="TestSuite.WileyPLUS_Prod_Test_Suite" name="TC15_Check_ISBN_Not_Preset_In_WileyPLUS_PDP" time="29.099"/>
</testsuite> <!-- Default test -->
