<?xml version="1.0" encoding="UTF-8"?>
<!-- Generated by org.testng.reporters.JUnitXMLReporter -->
<testsuite ignored="0" hostname="ZAUSV-GSAHA" failures="0" tests="34" name="Firefox Test2" time="2190.56" errors="0" timestamp="2023-01-26T18:18:11 IST">
  <testcase classname="Test_Suite.Wiley_NA_Cart_Test_Suite" name="TC01_Digital_Product_Purchase_New_User" time="107.035"/>
  <testcase classname="Test_Suite.Wiley_NA_Cart_Test_Suite" name="TC02_Digital_productpurchase_ForExistingUser" time="56.437"/>
  <testcase classname="Test_Suite.Wiley_NA_Cart_Test_Suite" name="TC03_Physical_productpurchase_ForNewUser" time="69.78"/>
  <testcase classname="Test_Suite.Wiley_NA_Cart_Test_Suite" name="TC04_Physical_Product_Purchase_Guest_User" time="111.388"/>
  <testcase classname="Test_Suite.Wiley_NA_Cart_Test_Suite" name="TC05_Physical_productpurchase_ForExistingUser" time="50.354"/>
  <testcase classname="Test_Suite.Wiley_NA_Cart_Test_Suite" name="TC06_Mixed_productpurchase_ForExistingUser" time="39.855"/>
  <testcase classname="Test_Suite.Wiley_NA_Cart_Test_Suite" name="TC07_Mixed_Product_Some_Stock_New_User" time="121.24"/>
  <testcase classname="Test_Suite.Wiley_NA_Cart_Test_Suite" name="TC08_Mixed_Product_No_Stock_Guest_User" time="119.326"/>
  <testcase classname="Test_Suite.Wiley_NA_Cart_Test_Suite" name="TC09_Higher_Education_Digitalproductpurchase_ForNewUser" time="60.339"/>
  <testcase classname="Test_Suite.Wiley_NA_Cart_Test_Suite" name="TC10_Shipping_And_BillingAddresses_Same" time="60.933"/>
  <testcase classname="Test_Suite.Wiley_NA_Cart_Test_Suite" name="TC11_Shipping_And_BillingAddresses_different" time="60.578"/>
  <testcase classname="Test_Suite.Wiley_NA_Cart_Test_Suite" name="TC12_Product_having_ADD_Promotion" time="65.232"/>
  <testcase classname="Test_Suite.Wiley_NA_Cart_Test_Suite" name="TC13_eBook_Rental_product_Purchase" time="36.984"/>
  <testcase classname="Test_Suite.Wiley_NA_Cart_Test_Suite" name="TC14_Textbook_Rental_product_purchase" time="72.654"/>
  <testcase classname="Test_Suite.Wiley_NA_Cart_Test_Suite" name="TC15_eBundle_product_purchase" time="48.057"/>
  <testcase classname="Test_Suite.Wiley_NA_Cart_Test_Suite" name="TC16_Higher_Education_Physical_product_purchase" time="133.423"/>
  <testcase classname="Test_Suite.Wiley_NA_Cart_Test_Suite" name="TC17_Purchase_with_Coupon_Discount" time="161.249"/>
  <testcase classname="Test_Suite.Wiley_NA_Cart_Test_Suite" name="TC18_Tax_Recalculation" time="67.3"/>
  <testcase classname="Test_Suite.Wiley_NA_Cart_Test_Suite" name="TC19_Country_Restriction_Validation" time="37.252"/>
  <testcase classname="Test_Suite.Wiley_NA_Cart_Test_Suite" name="TC20_New_user_tax_for_physical_product" time="132.111"/>
  <testcase classname="Test_Suite.Wiley_NA_Cart_Test_Suite" name="TC21_Existing_user_tax_for_physical_product" time="113.312"/>
  <testcase classname="Test_Suite.Wiley_NA_Cart_Test_Suite" name="TC22_New_User_Tax_for_Digital_product" time="47.62"/>
  <testcase classname="Test_Suite.Wiley_NA_Cart_Test_Suite" name="TC23_Existing_User_Tax_for_Digital_Product" time="37.717"/>
  <testcase classname="Test_Suite.Wiley_NA_Cart_Test_Suite" name="TC24_Verify_Shipping_Methods_for_POD_Products" time="20.684"/>
  <testcase classname="Test_Suite.Wiley_NA_Cart_Test_Suite" name="TC25_Searching_by_Keyword_Rguroo" time="4.258"/>
  <testcase classname="Test_Suite.Wiley_NA_Cart_Test_Suite" name="TC26_Login_Page_Validation" time="55.194"/>
  <testcase classname="Test_Suite.Wiley_NA_Cart_Test_Suite" name="TC27_Validate_AEM_Header_Footer" time="7.283"/>
  <testcase classname="Test_Suite.Wiley_NA_Cart_Test_Suite" name="TC28_Cart_Update_from_Digital_to_Phygital" time="35.803"/>
  <testcase classname="Test_Suite.Wiley_NA_Cart_Test_Suite" name="TC29_Cart_Page_UI_Validation" time="12.268"/>
  <testcase classname="Test_Suite.Wiley_NA_Cart_Test_Suite" name="TC30_Cart_Merge_Functionality" time="38.165"/>
  <testcase classname="Test_Suite.Wiley_NA_Cart_Test_Suite" name="TC31_Zero_Dollar_Flow_For_Digital_Product" time="37.123"/>
  <testcase classname="Test_Suite.Wiley_NA_Cart_Test_Suite" name="TC32_Preorder_Backorder_Flow_With_Print_Pdf_Page" time="81.982"/>
  <testcase classname="Test_Suite.Wiley_NA_Cart_Test_Suite" name="TC33_Forgot_Password_Functionality" time="61.521"/>
  <testcase classname="Test_Suite.Wiley_NA_Cart_Test_Suite" name="TC34_Verify_VETCONSULT_Purchase_Option_on_PDPpage" time="10.912"/>
</testsuite> <!-- Firefox Test2 -->
