<?xml version="1.0" encoding="UTF-8"?>
<!-- Generated by org.testng.reporters.JUnitXMLReporter -->
<testsuite ignored="53" hostname="ZAUSV-ARAKSHI" failures="0" tests="8" name="Wiley_Test_Suite" time="1083.723" errors="0" timestamp="2023-02-13T11:52:13 IST">
  <testcase classname="Test_Suite.Wiley_NA_Cart_Test_Suite" name="TC28_Cart_Update_from_Digital_to_Phygital" time="107.158"/>
  <testcase classname="Test_Suite.WileyPLUS_Test_Suite" name="TC15_Course_Details_During_WileyPLUS_Checkout" time="153.251"/>
  <testcase classname="Test_Suite.WileyPLUS_Test_Suite" name="TC16_Check_Global_Saved_Billing_Address" time="97.655"/>
  <testcase classname="Test_Suite.WileyPLUS_Test_Suite" name="TC17_Check_Global_Saved_Shipping_Address" time="105.386"/>
  <testcase classname="Test_Suite.WileyPLUS_Test_Suite" name="TC19_Validate_Continue_Shopping_Link" time="115.012"/>
  <testcase classname="Test_Suite.WileyPLUS_Test_Suite" name="TC20_Place_WileyPLUS_CAD_Order_From_Frontend" time="183.516"/>
  <testcase classname="Test_Suite.WileyPLUS_Test_Suite" name="TC21_Place_WileyPLUS_USD_Order_From_Frontend" time="188.706"/>
  <testcase classname="Test_Suite.WileyPLUS_Test_Suite" name="TC22_Merge_Cart_Functionality" time="121.731"/>
  <testcase classname="Test_Suite.Wiley_NA_Cart_Test_Suite" name="TC35_EMEA_Catalog_Updates" time="0.0">
    <ignored/>
  </testcase> <!-- TC35_EMEA_Catalog_Updates -->
  <testcase classname="Test_Suite.WileyPLUS_Test_Suite" name="TC03_EGRIP_Search_For_WileyPLUS" time="0.0">
    <ignored/>
  </testcase> <!-- TC03_EGRIP_Search_For_WileyPLUS -->
  <testcase classname="Test_Suite.Wiley_NA_Cart_Test_Suite" name="TC23_Existing_User_Tax_for_Digital_Product" time="0.0">
    <ignored/>
  </testcase> <!-- TC23_Existing_User_Tax_for_Digital_Product -->
  <testcase classname="Test_Suite.Wiley_NA_Cart_Test_Suite" name="TC09_Higher_Education_Digitalproductpurchase_ForNewUser" time="0.0">
    <ignored/>
  </testcase> <!-- TC09_Higher_Education_Digitalproductpurchase_ForNewUser -->
  <testcase classname="Test_Suite.WileyPLUS_Test_Suite" name="TC06_Format_Facet_WileyPLUS" time="0.0">
    <ignored/>
  </testcase> <!-- TC06_Format_Facet_WileyPLUS -->
  <testcase classname="Test_Suite.Wiley_NA_Cart_Test_Suite" name="TC21_Existing_user_tax_for_physical_product" time="0.0">
    <ignored/>
  </testcase> <!-- TC21_Existing_user_tax_for_physical_product -->
  <testcase classname="Test_Suite.Wiley_NA_Cart_Test_Suite" name="TC05_Physical_productpurchase_ForExistingUser" time="0.0">
    <ignored/>
  </testcase> <!-- TC05_Physical_productpurchase_ForExistingUser -->
  <testcase classname="Test_Suite.Wiley_NA_Cart_Test_Suite" name="TC10_Shipping_And_BillingAddresses_Same" time="0.0">
    <ignored/>
  </testcase> <!-- TC10_Shipping_And_BillingAddresses_Same -->
  <testcase classname="utilities.DriverModule" name="@AfterTest CloseBrowser" time="0.0">
    <ignored/>
  </testcase> <!-- @AfterTest CloseBrowser -->
  <testcase classname="Test_Suite.Wiley_NA_Cart_Test_Suite" name="TC14_Textbook_Rental_product_purchase" time="0.0">
    <ignored/>
  </testcase> <!-- TC14_Textbook_Rental_product_purchase -->
  <testcase classname="Test_Suite.Wiley_NA_Cart_Test_Suite" name="TC25_Searching_by_Keyword_Rguroo" time="0.0">
    <ignored/>
  </testcase> <!-- TC25_Searching_by_Keyword_Rguroo -->
  <testcase classname="Test_Suite.Wiley_NA_Cart_Test_Suite" name="TC18_Tax_Recalculation" time="0.0">
    <ignored/>
  </testcase> <!-- TC18_Tax_Recalculation -->
  <testcase classname="Test_Suite.Wiley_NA_Cart_Test_Suite" name="TC30_Cart_Merge_Functionality" time="0.0">
    <ignored/>
  </testcase> <!-- TC30_Cart_Merge_Functionality -->
  <testcase classname="Test_Suite.Wiley_NA_Cart_Test_Suite" name="TC19_Country_Restriction_Validation" time="0.0">
    <ignored/>
  </testcase> <!-- TC19_Country_Restriction_Validation -->
  <testcase classname="Test_Suite.WileyPLUS_Test_Suite" name="TC08_Validate_Percentage_In_Multiple_Term" time="0.0">
    <ignored/>
  </testcase> <!-- TC08_Validate_Percentage_In_Multiple_Term -->
  <testcase classname="Test_Suite.WileyPLUS_Test_Suite" name="TC10_WileyPLUS_Set_To_MultiTerm_Default" time="0.0">
    <ignored/>
  </testcase> <!-- TC10_WileyPLUS_Set_To_MultiTerm_Default -->
  <testcase classname="Test_Suite.Wiley_NA_Cart_Test_Suite" name="TC04_Physical_Product_Purchase_Guest_User" time="0.0">
    <ignored/>
  </testcase> <!-- TC04_Physical_Product_Purchase_Guest_User -->
  <testcase classname="Test_Suite.Wiley_NA_Cart_Test_Suite" name="TC03_Physical_productpurchase_ForNewUser" time="0.0">
    <ignored/>
  </testcase> <!-- TC03_Physical_productpurchase_ForNewUser -->
  <testcase classname="Test_Suite.Wiley_NA_Cart_Test_Suite" name="TC01_Digital_Product_Purchase_New_User" time="0.0">
    <ignored/>
  </testcase> <!-- TC01_Digital_Product_Purchase_New_User -->
  <testcase classname="Test_Suite.WileyPLUS_Test_Suite" name="TC04_Bundle_Search_For_WileyPLUS" time="0.0">
    <ignored/>
  </testcase> <!-- TC04_Bundle_Search_For_WileyPLUS -->
  <testcase classname="Test_Suite.Wiley_NA_Cart_Test_Suite" name="TC06_Mixed_productpurchase_ForExistingUser" time="0.0">
    <ignored/>
  </testcase> <!-- TC06_Mixed_productpurchase_ForExistingUser -->
  <testcase classname="Test_Suite.Wiley_NA_Cart_Test_Suite" name="TC29_Cart_Page_UI_Validation" time="0.0">
    <ignored/>
  </testcase> <!-- TC29_Cart_Page_UI_Validation -->
  <testcase classname="Test_Suite.Wiley_NA_Cart_Test_Suite" name="TC12_Product_having_ADD_Promotion" time="0.0">
    <ignored/>
  </testcase> <!-- TC12_Product_having_ADD_Promotion -->
  <testcase classname="Test_Suite.WileyPLUS_Test_Suite" name="TC01_SRP_For_WileyPLUS" time="0.0">
    <ignored/>
  </testcase> <!-- TC01_SRP_For_WileyPLUS -->
  <testcase classname="Test_Suite.WileyPLUS_Test_Suite" name="TC09_PDP_UI_For_WileyPLUS" time="0.0">
    <ignored/>
  </testcase> <!-- TC09_PDP_UI_For_WileyPLUS -->
  <testcase classname="Test_Suite.WileyPLUS_Test_Suite" name="TC12_Add_WileyPLUS_Product_To_Cart" time="0.0">
    <ignored/>
  </testcase> <!-- TC12_Add_WileyPLUS_Product_To_Cart -->
  <testcase classname="Test_Suite.WileyPLUS_Test_Suite" name="TC14_Global_Country_List_In_Billing" time="0.0">
    <ignored/>
  </testcase> <!-- TC14_Global_Country_List_In_Billing -->
  <testcase classname="Test_Suite.Wiley_NA_Cart_Test_Suite" name="TC31_Zero_Dollar_Flow_For_Digital_Product" time="0.0">
    <ignored/>
  </testcase> <!-- TC31_Zero_Dollar_Flow_For_Digital_Product -->
  <testcase classname="Test_Suite.Wiley_NA_Cart_Test_Suite" name="TC26_Login_Page_Validation" time="0.0">
    <ignored/>
  </testcase> <!-- TC26_Login_Page_Validation -->
  <testcase classname="utilities.DriverModule" name="@BeforeTest initiate" time="0.0">
    <ignored/>
  </testcase> <!-- @BeforeTest initiate -->
  <testcase classname="Test_Suite.Wiley_NA_Cart_Test_Suite" name="TC20_New_user_tax_for_physical_product" time="0.0">
    <ignored/>
  </testcase> <!-- TC20_New_user_tax_for_physical_product -->
  <testcase classname="Test_Suite.WileyPLUS_Test_Suite" name="TC13_Global_Country_List_In_Shipping" time="0.0">
    <ignored/>
  </testcase> <!-- TC13_Global_Country_List_In_Shipping -->
  <testcase classname="Test_Suite.Wiley_NA_Cart_Test_Suite" name="TC11_Shipping_And_BillingAddresses_different" time="0.0">
    <ignored/>
  </testcase> <!-- TC11_Shipping_And_BillingAddresses_different -->
  <testcase classname="Test_Suite.Wiley_NA_Cart_Test_Suite" name="TC15_eBundle_product_purchase" time="0.0">
    <ignored/>
  </testcase> <!-- TC15_eBundle_product_purchase -->
  <testcase classname="Test_Suite.Wiley_NA_Cart_Test_Suite" name="TC34_Verify_VETCONSULT_Purchase_Option_on_PDPpage" time="0.0">
    <ignored/>
  </testcase> <!-- TC34_Verify_VETCONSULT_Purchase_Option_on_PDPpage -->
  <testcase classname="Test_Suite.WileyPLUS_Test_Suite" name="TC02_PLP_For_WileyPLUS" time="0.0">
    <ignored/>
  </testcase> <!-- TC02_PLP_For_WileyPLUS -->
  <testcase classname="Test_Suite.Wiley_NA_Cart_Test_Suite" name="TC22_New_User_Tax_for_Digital_product" time="0.0">
    <ignored/>
  </testcase> <!-- TC22_New_User_Tax_for_Digital_product -->
  <testcase classname="Test_Suite.WileyPLUS_Test_Suite" name="TC07_Verify_Additional_UI_Adjustments_WileyPLUS_PDP" time="0.0">
    <ignored/>
  </testcase> <!-- TC07_Verify_Additional_UI_Adjustments_WileyPLUS_PDP -->
  <testcase classname="Test_Suite.Wiley_NA_Cart_Test_Suite" name="TC16_Higher_Education_Physical_product_purchase" time="0.0">
    <ignored/>
  </testcase> <!-- TC16_Higher_Education_Physical_product_purchase -->
  <testcase classname="Test_Suite.WileyPLUS_Test_Suite" name="TC18_Check_ISBN_Not_Preset_In_WileyPLUS_PDP" time="0.0">
    <ignored/>
  </testcase> <!-- TC18_Check_ISBN_Not_Preset_In_WileyPLUS_PDP -->
  <testcase classname="Test_Suite.WileyPLUS_Test_Suite" name="TC11_New_Tab_Opened_After_Clicking_Login_To_WileyPLUS_Button" time="0.0">
    <ignored/>
  </testcase> <!-- TC11_New_Tab_Opened_After_Clicking_Login_To_WileyPLUS_Button -->
  <testcase classname="Test_Suite.Wiley_NA_Cart_Test_Suite" name="TC24_Verify_Shipping_Methods_for_POD_Products" time="0.0">
    <ignored/>
  </testcase> <!-- TC24_Verify_Shipping_Methods_for_POD_Products -->
  <testcase classname="Test_Suite.Wiley_NA_Cart_Test_Suite" name="TC17_Purchase_with_Coupon_Discount" time="0.0">
    <ignored/>
  </testcase> <!-- TC17_Purchase_with_Coupon_Discount -->
  <testcase classname="Test_Suite.Wiley_NA_Cart_Test_Suite" name="TC33_Forgot_Password_Functionality" time="0.0">
    <ignored/>
  </testcase> <!-- TC33_Forgot_Password_Functionality -->
  <testcase classname="Test_Suite.Wiley_NA_Cart_Test_Suite" name="TC37_Generic_info_hover_text_EBook_PDP" time="0.0">
    <ignored/>
  </testcase> <!-- TC37_Generic_info_hover_text_EBook_PDP -->
  <testcase classname="Test_Suite.Wiley_NA_Cart_Test_Suite" name="TC36_Change_of_Hyperlink_for_comp_access_on_US_CA_wiley_PDP" time="0.0">
    <ignored/>
  </testcase> <!-- TC36_Change_of_Hyperlink_for_comp_access_on_US_CA_wiley_PDP -->
  <testcase classname="Test_Suite.Wiley_NA_Cart_Test_Suite" name="TC07_Mixed_Product_Some_Stock_New_User" time="0.0">
    <ignored/>
  </testcase> <!-- TC07_Mixed_Product_Some_Stock_New_User -->
  <testcase classname="Test_Suite.Wiley_NA_Cart_Test_Suite" name="TC08_Mixed_Product_No_Stock_Guest_User" time="0.0">
    <ignored/>
  </testcase> <!-- TC08_Mixed_Product_No_Stock_Guest_User -->
  <testcase classname="Test_Suite.Wiley_NA_Cart_Test_Suite" name="TC13_eBook_Rental_product_Purchase" time="0.0">
    <ignored/>
  </testcase> <!-- TC13_eBook_Rental_product_Purchase -->
  <testcase classname="Test_Suite.Wiley_NA_Cart_Test_Suite" name="TC02_Digital_productpurchase_ForExistingUser" time="0.0">
    <ignored/>
  </testcase> <!-- TC02_Digital_productpurchase_ForExistingUser -->
  <testcase classname="Test_Suite.Wiley_NA_Cart_Test_Suite" name="TC27_Validate_AEM_Header_Footer" time="0.0">
    <ignored/>
  </testcase> <!-- TC27_Validate_AEM_Header_Footer -->
  <testcase classname="Test_Suite.Wiley_NA_Cart_Test_Suite" name="TC32_Preorder_Backorder_Flow_With_Print_Pdf_Page" time="0.0">
    <ignored/>
  </testcase> <!-- TC32_Preorder_Backorder_Flow_With_Print_Pdf_Page -->
  <testcase classname="Test_Suite.WileyPLUS_Test_Suite" name="TC05_Check_If_URL_Not_Truncated_For_WileyPLUS" time="0.0">
    <ignored/>
  </testcase> <!-- TC05_Check_If_URL_Not_Truncated_For_WileyPLUS -->
</testsuite> <!-- Wiley_Test_Suite -->
