<?xml version="1.0" encoding="UTF-8"?>
<testng-results ignored="10" total="11" passed="1" failed="0" skipped="0">
  <reporter-output>
  </reporter-output>
  <suite started-at="2023-02-17T15:39:27 IST" name="Default suite" finished-at="2023-02-17T15:41:25 IST" duration-ms="118253">
    <groups>
    </groups>
    <test started-at="2023-02-17T15:39:27 IST" name="Default test" finished-at="2023-02-17T15:41:25 IST" duration-ms="118253">
      <class name="Test_Suite.ClientPortal_RegressionSuite">
        <test-method is-config="true" signature="initiate(org.testng.ITestContext)[pri:0, instance:Test_Suite.ClientPortal_RegressionSuite@413d1baf]" started-at="2023-02-17T15:39:27 IST" name="initiate" finished-at="2023-02-17T15:39:34 IST" duration-ms="6395" status="PASS">
          <params>
            <param index="0">
              <value>
                <![CDATA[org.testng.TestRunner@5cffec7]]>
              </value>
            </param>
          </params>
          <reporter-output>
          </reporter-output>
        </test-method> <!-- initiate -->
        <test-method is-config="true" signature="initializeRepo()[pri:0, instance:Test_Suite.ClientPortal_RegressionSuite@413d1baf]" started-at="2023-02-17T15:39:34 IST" name="initializeRepo" finished-at="2023-02-17T15:39:34 IST" depends-on-methods="utilities.DriverModule.initiate" duration-ms="69" status="PASS">
          <reporter-output>
          </reporter-output>
        </test-method> <!-- initializeRepo -->
        <test-method signature="TC16_RegisterNewClientApp_WPSSupport()[pri:0, instance:Test_Suite.ClientPortal_RegressionSuite@413d1baf]" started-at="2023-02-17T15:39:34 IST" name="TC16_RegisterNewClientApp_WPSSupport" finished-at="2023-02-17T15:41:24 IST" duration-ms="110207" status="PASS">
          <reporter-output>
          </reporter-output>
        </test-method> <!-- TC16_RegisterNewClientApp_WPSSupport -->
        <test-method is-config="true" signature="CloseBrowser()[pri:0, instance:Test_Suite.ClientPortal_RegressionSuite@413d1baf]" started-at="2023-02-17T15:41:24 IST" name="CloseBrowser" finished-at="2023-02-17T15:41:25 IST" duration-ms="1513" status="PASS">
          <reporter-output>
          </reporter-output>
        </test-method> <!-- CloseBrowser -->
      </class> <!-- Test_Suite.ClientPortal_RegressionSuite -->
    </test> <!-- Default test -->
  </suite> <!-- Default suite -->
</testng-results>
