<?xml version="1.0" encoding="UTF-8"?>
<testng-results ignored="16" total="17" passed="1" failed="0" skipped="0">
  <reporter-output>
  </reporter-output>
  <suite started-at="2023-04-13T11:51:19 IST" name="Default suite" finished-at="2023-04-13T11:51:53 IST" duration-ms="33945">
    <groups>
    </groups>
    <test started-at="2023-04-13T11:51:19 IST" name="Default test" finished-at="2023-04-13T11:51:53 IST" duration-ms="33945">
      <class name="Test_Suite.Vet_Test_Suite">
        <test-method is-config="true" signature="initiate(org.testng.ITestContext,java.lang.String)[pri:0, instance:Test_Suite.Vet_Test_Suite@1750fbeb]" started-at="2023-04-13T11:51:19 IST" name="initiate" finished-at="2023-04-13T11:51:27 IST" duration-ms="8556" status="PASS">
          <params>
            <param index="0">
              <value>
                <![CDATA[org.testng.TestRunner@2744dcae]]>
              </value>
            </param>
            <param index="1">
              <value>
                <![CDATA[edge]]>
              </value>
            </param>
          </params>
          <reporter-output>
          </reporter-output>
        </test-method> <!-- initiate -->
        <test-method is-config="true" signature="initializeRepo()[pri:0, instance:Test_Suite.Vet_Test_Suite@1750fbeb]" started-at="2023-04-13T11:51:27 IST" name="initializeRepo" finished-at="2023-04-13T11:51:28 IST" depends-on-methods="utilities.DriverModule.initiate" duration-ms="75" status="PASS">
          <reporter-output>
          </reporter-output>
        </test-method> <!-- initializeRepo -->
        <test-method is-config="true" signature="nameBefore(java.lang.reflect.Method)[pri:0, instance:Test_Suite.Vet_Test_Suite@1750fbeb]" started-at="2023-04-13T11:51:28 IST" name="nameBefore" finished-at="2023-04-13T11:51:28 IST" duration-ms="1" status="PASS">
          <params>
            <param index="0">
              <value>
                <![CDATA[public void Test_Suite.Vet_Test_Suite.TC02_Create_Account() throws java.io.IOException]]>
              </value>
            </param>
          </params>
          <reporter-output>
          </reporter-output>
        </test-method> <!-- nameBefore -->
        <test-method signature="TC02_Create_Account()[pri:0, instance:Test_Suite.Vet_Test_Suite@1750fbeb]" started-at="2023-04-13T11:51:28 IST" name="TC02_Create_Account" finished-at="2023-04-13T11:51:47 IST" duration-ms="19660" status="PASS">
          <reporter-output>
          </reporter-output>
        </test-method> <!-- TC02_Create_Account -->
        <test-method is-config="true" signature="nameAfter(java.lang.reflect.Method)[pri:0, instance:Test_Suite.Vet_Test_Suite@1750fbeb]" started-at="2023-04-13T11:51:47 IST" name="nameAfter" finished-at="2023-04-13T11:51:47 IST" duration-ms="1" status="PASS">
          <params>
            <param index="0">
              <value>
                <![CDATA[public void Test_Suite.Vet_Test_Suite.TC02_Create_Account() throws java.io.IOException]]>
              </value>
            </param>
          </params>
          <reporter-output>
          </reporter-output>
        </test-method> <!-- nameAfter -->
        <test-method is-config="true" signature="CloseBrowser()[pri:0, instance:Test_Suite.Vet_Test_Suite@1750fbeb]" started-at="2023-04-13T11:51:47 IST" name="CloseBrowser" finished-at="2023-04-13T11:51:53 IST" duration-ms="5572" status="PASS">
          <reporter-output>
          </reporter-output>
        </test-method> <!-- CloseBrowser -->
      </class> <!-- Test_Suite.Vet_Test_Suite -->
    </test> <!-- Default test -->
  </suite> <!-- Default suite -->
</testng-results>
