<?xml version="1.0" encoding="UTF-8"?>
<testng-results ignored="44" total="45" passed="1" failed="0" skipped="0">
  <reporter-output>
  </reporter-output>
  <suite started-at="2023-05-03T20:50:51 IST" name="Default suite" finished-at="2023-05-03T20:54:45 IST" duration-ms="234619">
    <groups>
    </groups>
    <test started-at="2023-05-03T20:50:51 IST" name="Default test" finished-at="2023-05-03T20:54:45 IST" duration-ms="234619">
      <class name="Test_Suite.Wiley_NA_Cart_Test_Suite">
        <test-method is-config="true" signature="initiate(org.testng.ITestContext,java.lang.String)[pri:0, instance:Test_Suite.Wiley_NA_Cart_Test_Suite@6be968ce]" started-at="2023-05-03T20:50:51 IST" name="initiate" finished-at="2023-05-03T20:51:02 IST" duration-ms="10828" status="PASS">
          <params>
            <param index="0">
              <value>
                <![CDATA[org.testng.TestRunner@595fed99]]>
              </value>
            </param>
            <param index="1">
              <value>
                <![CDATA[edge]]>
              </value>
            </param>
          </params>
          <reporter-output>
          </reporter-output>
        </test-method> <!-- initiate -->
        <test-method is-config="true" signature="launchBrowser()[pri:0, instance:Test_Suite.Wiley_NA_Cart_Test_Suite@6be968ce]" started-at="2023-05-03T20:51:02 IST" name="launchBrowser" finished-at="2023-05-03T20:51:02 IST" depends-on-methods="utilities.DriverModule.initiate" duration-ms="401" status="PASS">
          <reporter-output>
          </reporter-output>
        </test-method> <!-- launchBrowser -->
        <test-method is-config="true" signature="nameBefore(java.lang.reflect.Method)[pri:0, instance:Test_Suite.Wiley_NA_Cart_Test_Suite@6be968ce]" started-at="2023-05-03T20:51:02 IST" name="nameBefore" finished-at="2023-05-03T20:51:02 IST" duration-ms="48" status="PASS">
          <params>
            <param index="0">
              <value>
                <![CDATA[public void Test_Suite.Wiley_NA_Cart_Test_Suite.TC03_Physical_productpurchase_ForNewUser() throws java.io.IOException]]>
              </value>
            </param>
          </params>
          <reporter-output>
          </reporter-output>
        </test-method> <!-- nameBefore -->
        <test-method signature="TC03_Physical_productpurchase_ForNewUser()[pri:0, instance:Test_Suite.Wiley_NA_Cart_Test_Suite@6be968ce]" started-at="2023-05-03T20:51:02 IST" name="TC03_Physical_productpurchase_ForNewUser" finished-at="2023-05-03T20:54:40 IST" duration-ms="218222" status="PASS">
          <reporter-output>
          </reporter-output>
        </test-method> <!-- TC03_Physical_productpurchase_ForNewUser -->
        <test-method is-config="true" signature="nameAfter(java.lang.reflect.Method)[pri:0, instance:Test_Suite.Wiley_NA_Cart_Test_Suite@6be968ce]" started-at="2023-05-03T20:54:40 IST" name="nameAfter" finished-at="2023-05-03T20:54:40 IST" duration-ms="1" status="PASS">
          <params>
            <param index="0">
              <value>
                <![CDATA[public void Test_Suite.Wiley_NA_Cart_Test_Suite.TC03_Physical_productpurchase_ForNewUser() throws java.io.IOException]]>
              </value>
            </param>
          </params>
          <reporter-output>
          </reporter-output>
        </test-method> <!-- nameAfter -->
        <test-method is-config="true" signature="CloseBrowser()[pri:0, instance:Test_Suite.Wiley_NA_Cart_Test_Suite@6be968ce]" started-at="2023-05-03T20:54:40 IST" name="CloseBrowser" finished-at="2023-05-03T20:54:45 IST" duration-ms="5030" status="PASS">
          <reporter-output>
          </reporter-output>
        </test-method> <!-- CloseBrowser -->
      </class> <!-- Test_Suite.Wiley_NA_Cart_Test_Suite -->
    </test> <!-- Default test -->
  </suite> <!-- Default suite -->
</testng-results>
