<?xml version="1.0" encoding="UTF-8"?>
<testng-results ignored="0" total="48" passed="48" failed="0" skipped="0">
  <reporter-output>
  </reporter-output>
  <suite started-at="2023-04-10T20:18:04 IST" name="PPE_Regression" finished-at="2023-04-10T21:00:24 IST" duration-ms="2539877">
    <groups>
    </groups>
    <test started-at="2023-04-10T20:18:04 IST" name="Vet_Test_Suite" finished-at="2023-04-10T20:40:47 IST" duration-ms="1363297">
      <class name="Test_Suite.Vet_Test_Suite">
        <test-method is-config="true" signature="initiate(org.testng.ITestContext,java.lang.String)[pri:0, instance:Test_Suite.Vet_Test_Suite@14028087]" started-at="2023-04-10T20:18:04 IST" name="initiate" finished-at="2023-04-10T20:18:11 IST" duration-ms="7312" status="PASS">
          <params>
            <param index="0">
              <value>
                <![CDATA[org.testng.TestRunner@3e57efe3]]>
              </value>
            </param>
            <param index="1">
              <value>
                <![CDATA[edge]]>
              </value>
            </param>
          </params>
          <reporter-output>
          </reporter-output>
        </test-method> <!-- initiate -->
        <test-method is-config="true" signature="initializeRepo()[pri:0, instance:Test_Suite.Vet_Test_Suite@14028087]" started-at="2023-04-10T20:18:11 IST" name="initializeRepo" finished-at="2023-04-10T20:18:11 IST" depends-on-methods="utilities.DriverModule.initiate" duration-ms="227" status="PASS">
          <reporter-output>
          </reporter-output>
        </test-method> <!-- initializeRepo -->
        <test-method is-config="true" signature="nameBefore(java.lang.reflect.Method)[pri:0, instance:Test_Suite.Vet_Test_Suite@14028087]" started-at="2023-04-10T20:18:11 IST" name="nameBefore" finished-at="2023-04-10T20:18:11 IST" duration-ms="80" status="PASS">
          <params>
            <param index="0">
              <value>
                <![CDATA[public void Test_Suite.Vet_Test_Suite.Data_Preparation() throws java.io.IOException]]>
              </value>
            </param>
          </params>
          <reporter-output>
          </reporter-output>
        </test-method> <!-- nameBefore -->
        <test-method signature="Data_Preparation()[pri:0, instance:Test_Suite.Vet_Test_Suite@14028087]" started-at="2023-04-10T20:18:11 IST" name="Data_Preparation" finished-at="2023-04-10T20:19:36 IST" duration-ms="84291" status="PASS">
          <reporter-output>
          </reporter-output>
        </test-method> <!-- Data_Preparation -->
        <test-method is-config="true" signature="nameAfter(java.lang.reflect.Method)[pri:0, instance:Test_Suite.Vet_Test_Suite@14028087]" started-at="2023-04-10T20:19:36 IST" name="nameAfter" finished-at="2023-04-10T20:19:36 IST" duration-ms="2" status="PASS">
          <params>
            <param index="0">
              <value>
                <![CDATA[public void Test_Suite.Vet_Test_Suite.Data_Preparation() throws java.io.IOException]]>
              </value>
            </param>
          </params>
          <reporter-output>
          </reporter-output>
        </test-method> <!-- nameAfter -->
        <test-method is-config="true" signature="nameBefore(java.lang.reflect.Method)[pri:0, instance:Test_Suite.Vet_Test_Suite@14028087]" started-at="2023-04-10T20:19:36 IST" name="nameBefore" finished-at="2023-04-10T20:19:36 IST" duration-ms="1" status="PASS">
          <params>
            <param index="0">
              <value>
                <![CDATA[public void Test_Suite.Vet_Test_Suite.TC01_Anonymous_User_Registration() throws java.io.IOException]]>
              </value>
            </param>
          </params>
          <reporter-output>
          </reporter-output>
        </test-method> <!-- nameBefore -->
        <test-method signature="TC01_Anonymous_User_Registration()[pri:0, instance:Test_Suite.Vet_Test_Suite@14028087]" started-at="2023-04-10T20:19:36 IST" name="TC01_Anonymous_User_Registration" finished-at="2023-04-10T20:23:56 IST" duration-ms="260522" status="PASS">
          <reporter-output>
          </reporter-output>
        </test-method> <!-- TC01_Anonymous_User_Registration -->
        <test-method is-config="true" signature="nameAfter(java.lang.reflect.Method)[pri:0, instance:Test_Suite.Vet_Test_Suite@14028087]" started-at="2023-04-10T20:23:56 IST" name="nameAfter" finished-at="2023-04-10T20:23:56 IST" duration-ms="1" status="PASS">
          <params>
            <param index="0">
              <value>
                <![CDATA[public void Test_Suite.Vet_Test_Suite.TC01_Anonymous_User_Registration() throws java.io.IOException]]>
              </value>
            </param>
          </params>
          <reporter-output>
          </reporter-output>
        </test-method> <!-- nameAfter -->
        <test-method is-config="true" signature="nameBefore(java.lang.reflect.Method)[pri:0, instance:Test_Suite.Vet_Test_Suite@14028087]" started-at="2023-04-10T20:23:56 IST" name="nameBefore" finished-at="2023-04-10T20:23:56 IST" duration-ms="0" status="PASS">
          <params>
            <param index="0">
              <value>
                <![CDATA[public void Test_Suite.Vet_Test_Suite.TC02_Create_Account() throws java.io.IOException]]>
              </value>
            </param>
          </params>
          <reporter-output>
          </reporter-output>
        </test-method> <!-- nameBefore -->
        <test-method signature="TC02_Create_Account()[pri:0, instance:Test_Suite.Vet_Test_Suite@14028087]" started-at="2023-04-10T20:23:56 IST" name="TC02_Create_Account" finished-at="2023-04-10T20:24:06 IST" duration-ms="9778" status="PASS">
          <reporter-output>
          </reporter-output>
        </test-method> <!-- TC02_Create_Account -->
        <test-method is-config="true" signature="nameAfter(java.lang.reflect.Method)[pri:0, instance:Test_Suite.Vet_Test_Suite@14028087]" started-at="2023-04-10T20:24:06 IST" name="nameAfter" finished-at="2023-04-10T20:24:06 IST" duration-ms="0" status="PASS">
          <params>
            <param index="0">
              <value>
                <![CDATA[public void Test_Suite.Vet_Test_Suite.TC02_Create_Account() throws java.io.IOException]]>
              </value>
            </param>
          </params>
          <reporter-output>
          </reporter-output>
        </test-method> <!-- nameAfter -->
        <test-method signature="TC03_StandaloneLogin()[pri:0, instance:Test_Suite.Vet_Test_Suite@14028087]" started-at="2023-04-10T20:24:06 IST" name="TC03_StandaloneLogin" finished-at="2023-04-10T20:24:16 IST" duration-ms="9726" status="PASS">
          <reporter-output>
          </reporter-output>
        </test-method> <!-- TC03_StandaloneLogin -->
        <test-method is-config="true" signature="nameBefore(java.lang.reflect.Method)[pri:0, instance:Test_Suite.Vet_Test_Suite@14028087]" started-at="2023-04-10T20:24:06 IST" name="nameBefore" finished-at="2023-04-10T20:24:06 IST" duration-ms="0" status="PASS">
          <params>
            <param index="0">
              <value>
                <![CDATA[public void Test_Suite.Vet_Test_Suite.TC03_StandaloneLogin() throws java.io.IOException]]>
              </value>
            </param>
          </params>
          <reporter-output>
          </reporter-output>
        </test-method> <!-- nameBefore -->
        <test-method is-config="true" signature="nameAfter(java.lang.reflect.Method)[pri:0, instance:Test_Suite.Vet_Test_Suite@14028087]" started-at="2023-04-10T20:24:16 IST" name="nameAfter" finished-at="2023-04-10T20:24:16 IST" duration-ms="1" status="PASS">
          <params>
            <param index="0">
              <value>
                <![CDATA[public void Test_Suite.Vet_Test_Suite.TC03_StandaloneLogin() throws java.io.IOException]]>
              </value>
            </param>
          </params>
          <reporter-output>
          </reporter-output>
        </test-method> <!-- nameAfter -->
        <test-method signature="TC04_Login_During_Checkout()[pri:0, instance:Test_Suite.Vet_Test_Suite@14028087]" started-at="2023-04-10T20:24:16 IST" name="TC04_Login_During_Checkout" finished-at="2023-04-10T20:25:12 IST" duration-ms="56223" status="PASS">
          <reporter-output>
          </reporter-output>
        </test-method> <!-- TC04_Login_During_Checkout -->
        <test-method is-config="true" signature="nameBefore(java.lang.reflect.Method)[pri:0, instance:Test_Suite.Vet_Test_Suite@14028087]" started-at="2023-04-10T20:24:16 IST" name="nameBefore" finished-at="2023-04-10T20:24:16 IST" duration-ms="0" status="PASS">
          <params>
            <param index="0">
              <value>
                <![CDATA[public void Test_Suite.Vet_Test_Suite.TC04_Login_During_Checkout() throws java.io.IOException]]>
              </value>
            </param>
          </params>
          <reporter-output>
          </reporter-output>
        </test-method> <!-- nameBefore -->
        <test-method is-config="true" signature="nameAfter(java.lang.reflect.Method)[pri:0, instance:Test_Suite.Vet_Test_Suite@14028087]" started-at="2023-04-10T20:25:12 IST" name="nameAfter" finished-at="2023-04-10T20:25:12 IST" duration-ms="0" status="PASS">
          <params>
            <param index="0">
              <value>
                <![CDATA[public void Test_Suite.Vet_Test_Suite.TC04_Login_During_Checkout() throws java.io.IOException]]>
              </value>
            </param>
          </params>
          <reporter-output>
          </reporter-output>
        </test-method> <!-- nameAfter -->
        <test-method signature="TC05_Reset_Password_My_Account()[pri:0, instance:Test_Suite.Vet_Test_Suite@14028087]" started-at="2023-04-10T20:25:12 IST" name="TC05_Reset_Password_My_Account" finished-at="2023-04-10T20:25:27 IST" duration-ms="15172" status="PASS">
          <reporter-output>
          </reporter-output>
        </test-method> <!-- TC05_Reset_Password_My_Account -->
        <test-method is-config="true" signature="nameBefore(java.lang.reflect.Method)[pri:0, instance:Test_Suite.Vet_Test_Suite@14028087]" started-at="2023-04-10T20:25:12 IST" name="nameBefore" finished-at="2023-04-10T20:25:12 IST" duration-ms="0" status="PASS">
          <params>
            <param index="0">
              <value>
                <![CDATA[public void Test_Suite.Vet_Test_Suite.TC05_Reset_Password_My_Account() throws java.io.IOException]]>
              </value>
            </param>
          </params>
          <reporter-output>
          </reporter-output>
        </test-method> <!-- nameBefore -->
        <test-method is-config="true" signature="nameAfter(java.lang.reflect.Method)[pri:0, instance:Test_Suite.Vet_Test_Suite@14028087]" started-at="2023-04-10T20:25:27 IST" name="nameAfter" finished-at="2023-04-10T20:25:27 IST" duration-ms="1" status="PASS">
          <params>
            <param index="0">
              <value>
                <![CDATA[public void Test_Suite.Vet_Test_Suite.TC05_Reset_Password_My_Account() throws java.io.IOException]]>
              </value>
            </param>
          </params>
          <reporter-output>
          </reporter-output>
        </test-method> <!-- nameAfter -->
        <test-method signature="TC06_ResetPasswordFromLoginPage()[pri:0, instance:Test_Suite.Vet_Test_Suite@14028087]" started-at="2023-04-10T20:25:27 IST" name="TC06_ResetPasswordFromLoginPage" finished-at="2023-04-10T20:26:30 IST" duration-ms="62657" status="PASS">
          <reporter-output>
          </reporter-output>
        </test-method> <!-- TC06_ResetPasswordFromLoginPage -->
        <test-method is-config="true" signature="nameBefore(java.lang.reflect.Method)[pri:0, instance:Test_Suite.Vet_Test_Suite@14028087]" started-at="2023-04-10T20:25:27 IST" name="nameBefore" finished-at="2023-04-10T20:25:27 IST" duration-ms="0" status="PASS">
          <params>
            <param index="0">
              <value>
                <![CDATA[public void Test_Suite.Vet_Test_Suite.TC06_ResetPasswordFromLoginPage() throws java.io.IOException]]>
              </value>
            </param>
          </params>
          <reporter-output>
          </reporter-output>
        </test-method> <!-- nameBefore -->
        <test-method is-config="true" signature="nameAfter(java.lang.reflect.Method)[pri:0, instance:Test_Suite.Vet_Test_Suite@14028087]" started-at="2023-04-10T20:26:30 IST" name="nameAfter" finished-at="2023-04-10T20:26:30 IST" duration-ms="0" status="PASS">
          <params>
            <param index="0">
              <value>
                <![CDATA[public void Test_Suite.Vet_Test_Suite.TC06_ResetPasswordFromLoginPage() throws java.io.IOException]]>
              </value>
            </param>
          </params>
          <reporter-output>
          </reporter-output>
        </test-method> <!-- nameAfter -->
        <test-method signature="TC07_Verify_Tax()[pri:0, instance:Test_Suite.Vet_Test_Suite@14028087]" started-at="2023-04-10T20:26:30 IST" name="TC07_Verify_Tax" finished-at="2023-04-10T20:30:24 IST" duration-ms="233724" status="PASS">
          <reporter-output>
          </reporter-output>
        </test-method> <!-- TC07_Verify_Tax -->
        <test-method is-config="true" signature="nameBefore(java.lang.reflect.Method)[pri:0, instance:Test_Suite.Vet_Test_Suite@14028087]" started-at="2023-04-10T20:26:30 IST" name="nameBefore" finished-at="2023-04-10T20:26:30 IST" duration-ms="0" status="PASS">
          <params>
            <param index="0">
              <value>
                <![CDATA[public void Test_Suite.Vet_Test_Suite.TC07_Verify_Tax() throws java.io.IOException]]>
              </value>
            </param>
          </params>
          <reporter-output>
          </reporter-output>
        </test-method> <!-- nameBefore -->
        <test-method is-config="true" signature="nameAfter(java.lang.reflect.Method)[pri:0, instance:Test_Suite.Vet_Test_Suite@14028087]" started-at="2023-04-10T20:30:24 IST" name="nameAfter" finished-at="2023-04-10T20:30:24 IST" duration-ms="0" status="PASS">
          <params>
            <param index="0">
              <value>
                <![CDATA[public void Test_Suite.Vet_Test_Suite.TC07_Verify_Tax() throws java.io.IOException]]>
              </value>
            </param>
          </params>
          <reporter-output>
          </reporter-output>
        </test-method> <!-- nameAfter -->
        <test-method signature="TC08_Eloqua_validation()[pri:0, instance:Test_Suite.Vet_Test_Suite@14028087]" started-at="2023-04-10T20:30:24 IST" name="TC08_Eloqua_validation" finished-at="2023-04-10T20:31:32 IST" duration-ms="68370" status="PASS">
          <reporter-output>
          </reporter-output>
        </test-method> <!-- TC08_Eloqua_validation -->
        <test-method is-config="true" signature="nameBefore(java.lang.reflect.Method)[pri:0, instance:Test_Suite.Vet_Test_Suite@14028087]" started-at="2023-04-10T20:30:24 IST" name="nameBefore" finished-at="2023-04-10T20:30:24 IST" duration-ms="0" status="PASS">
          <params>
            <param index="0">
              <value>
                <![CDATA[public void Test_Suite.Vet_Test_Suite.TC08_Eloqua_validation() throws java.io.IOException]]>
              </value>
            </param>
          </params>
          <reporter-output>
          </reporter-output>
        </test-method> <!-- nameBefore -->
        <test-method is-config="true" signature="nameAfter(java.lang.reflect.Method)[pri:0, instance:Test_Suite.Vet_Test_Suite@14028087]" started-at="2023-04-10T20:31:32 IST" name="nameAfter" finished-at="2023-04-10T20:31:32 IST" duration-ms="0" status="PASS">
          <params>
            <param index="0">
              <value>
                <![CDATA[public void Test_Suite.Vet_Test_Suite.TC08_Eloqua_validation() throws java.io.IOException]]>
              </value>
            </param>
          </params>
          <reporter-output>
          </reporter-output>
        </test-method> <!-- nameAfter -->
        <test-method signature="TC11_Place_Order_With_Promo_Code()[pri:0, instance:Test_Suite.Vet_Test_Suite@14028087]" started-at="2023-04-10T20:31:32 IST" name="TC11_Place_Order_With_Promo_Code" finished-at="2023-04-10T20:35:48 IST" duration-ms="256322" status="PASS">
          <reporter-output>
          </reporter-output>
        </test-method> <!-- TC11_Place_Order_With_Promo_Code -->
        <test-method is-config="true" signature="nameBefore(java.lang.reflect.Method)[pri:0, instance:Test_Suite.Vet_Test_Suite@14028087]" started-at="2023-04-10T20:31:32 IST" name="nameBefore" finished-at="2023-04-10T20:31:32 IST" duration-ms="0" status="PASS">
          <params>
            <param index="0">
              <value>
                <![CDATA[public void Test_Suite.Vet_Test_Suite.TC11_Place_Order_With_Promo_Code() throws java.io.IOException]]>
              </value>
            </param>
          </params>
          <reporter-output>
          </reporter-output>
        </test-method> <!-- nameBefore -->
        <test-method is-config="true" signature="nameAfter(java.lang.reflect.Method)[pri:0, instance:Test_Suite.Vet_Test_Suite@14028087]" started-at="2023-04-10T20:35:48 IST" name="nameAfter" finished-at="2023-04-10T20:35:48 IST" duration-ms="1" status="PASS">
          <params>
            <param index="0">
              <value>
                <![CDATA[public void Test_Suite.Vet_Test_Suite.TC11_Place_Order_With_Promo_Code() throws java.io.IOException]]>
              </value>
            </param>
          </params>
          <reporter-output>
          </reporter-output>
        </test-method> <!-- nameAfter -->
        <test-method signature="TC12_PlaceOrderwithNonUSAddress()[pri:0, instance:Test_Suite.Vet_Test_Suite@14028087]" started-at="2023-04-10T20:35:48 IST" name="TC12_PlaceOrderwithNonUSAddress" finished-at="2023-04-10T20:37:03 IST" duration-ms="74867" status="PASS">
          <reporter-output>
          </reporter-output>
        </test-method> <!-- TC12_PlaceOrderwithNonUSAddress -->
        <test-method is-config="true" signature="nameBefore(java.lang.reflect.Method)[pri:0, instance:Test_Suite.Vet_Test_Suite@14028087]" started-at="2023-04-10T20:35:48 IST" name="nameBefore" finished-at="2023-04-10T20:35:48 IST" duration-ms="0" status="PASS">
          <params>
            <param index="0">
              <value>
                <![CDATA[public void Test_Suite.Vet_Test_Suite.TC12_PlaceOrderwithNonUSAddress() throws java.io.IOException]]>
              </value>
            </param>
          </params>
          <reporter-output>
          </reporter-output>
        </test-method> <!-- nameBefore -->
        <test-method is-config="true" signature="nameAfter(java.lang.reflect.Method)[pri:0, instance:Test_Suite.Vet_Test_Suite@14028087]" started-at="2023-04-10T20:37:03 IST" name="nameAfter" finished-at="2023-04-10T20:37:03 IST" duration-ms="1" status="PASS">
          <params>
            <param index="0">
              <value>
                <![CDATA[public void Test_Suite.Vet_Test_Suite.TC12_PlaceOrderwithNonUSAddress() throws java.io.IOException]]>
              </value>
            </param>
          </params>
          <reporter-output>
          </reporter-output>
        </test-method> <!-- nameAfter -->
        <test-method is-config="true" signature="nameBefore(java.lang.reflect.Method)[pri:0, instance:Test_Suite.Vet_Test_Suite@14028087]" started-at="2023-04-10T20:37:03 IST" name="nameBefore" finished-at="2023-04-10T20:37:03 IST" duration-ms="0" status="PASS">
          <params>
            <param index="0">
              <value>
                <![CDATA[public void Test_Suite.Vet_Test_Suite.TC16_Manage_Subscription() throws java.io.IOException]]>
              </value>
            </param>
          </params>
          <reporter-output>
          </reporter-output>
        </test-method> <!-- nameBefore -->
        <test-method signature="TC16_Manage_Subscription()[pri:0, instance:Test_Suite.Vet_Test_Suite@14028087]" started-at="2023-04-10T20:37:03 IST" name="TC16_Manage_Subscription" finished-at="2023-04-10T20:37:12 IST" duration-ms="8706" status="PASS">
          <reporter-output>
          </reporter-output>
        </test-method> <!-- TC16_Manage_Subscription -->
        <test-method is-config="true" signature="nameAfter(java.lang.reflect.Method)[pri:0, instance:Test_Suite.Vet_Test_Suite@14028087]" started-at="2023-04-10T20:37:12 IST" name="nameAfter" finished-at="2023-04-10T20:37:12 IST" duration-ms="0" status="PASS">
          <params>
            <param index="0">
              <value>
                <![CDATA[public void Test_Suite.Vet_Test_Suite.TC16_Manage_Subscription() throws java.io.IOException]]>
              </value>
            </param>
          </params>
          <reporter-output>
          </reporter-output>
        </test-method> <!-- nameAfter -->
        <test-method signature="TC17_Auto_Renew_Toggle_validation()[pri:0, instance:Test_Suite.Vet_Test_Suite@14028087]" started-at="2023-04-10T20:37:12 IST" name="TC17_Auto_Renew_Toggle_validation" finished-at="2023-04-10T20:37:23 IST" duration-ms="10839" status="PASS">
          <reporter-output>
          </reporter-output>
        </test-method> <!-- TC17_Auto_Renew_Toggle_validation -->
        <test-method is-config="true" signature="nameBefore(java.lang.reflect.Method)[pri:0, instance:Test_Suite.Vet_Test_Suite@14028087]" started-at="2023-04-10T20:37:12 IST" name="nameBefore" finished-at="2023-04-10T20:37:12 IST" duration-ms="0" status="PASS">
          <params>
            <param index="0">
              <value>
                <![CDATA[public void Test_Suite.Vet_Test_Suite.TC17_Auto_Renew_Toggle_validation() throws java.io.IOException]]>
              </value>
            </param>
          </params>
          <reporter-output>
          </reporter-output>
        </test-method> <!-- nameBefore -->
        <test-method is-config="true" signature="nameAfter(java.lang.reflect.Method)[pri:0, instance:Test_Suite.Vet_Test_Suite@14028087]" started-at="2023-04-10T20:37:23 IST" name="nameAfter" finished-at="2023-04-10T20:37:23 IST" duration-ms="1" status="PASS">
          <params>
            <param index="0">
              <value>
                <![CDATA[public void Test_Suite.Vet_Test_Suite.TC17_Auto_Renew_Toggle_validation() throws java.io.IOException]]>
              </value>
            </param>
          </params>
          <reporter-output>
          </reporter-output>
        </test-method> <!-- nameAfter -->
        <test-method is-config="true" signature="nameBefore(java.lang.reflect.Method)[pri:0, instance:Test_Suite.Vet_Test_Suite@14028087]" started-at="2023-04-10T20:37:23 IST" name="nameBefore" finished-at="2023-04-10T20:37:23 IST" duration-ms="1" status="PASS">
          <params>
            <param index="0">
              <value>
                <![CDATA[public void Test_Suite.Vet_Test_Suite.TC18_ZeroOrder() throws java.io.IOException]]>
              </value>
            </param>
          </params>
          <reporter-output>
          </reporter-output>
        </test-method> <!-- nameBefore -->
        <test-method signature="TC18_ZeroOrder()[pri:0, instance:Test_Suite.Vet_Test_Suite@14028087]" started-at="2023-04-10T20:37:23 IST" name="TC18_ZeroOrder" finished-at="2023-04-10T20:37:53 IST" duration-ms="30362" status="PASS">
          <reporter-output>
          </reporter-output>
        </test-method> <!-- TC18_ZeroOrder -->
        <test-method is-config="true" signature="nameAfter(java.lang.reflect.Method)[pri:0, instance:Test_Suite.Vet_Test_Suite@14028087]" started-at="2023-04-10T20:37:53 IST" name="nameAfter" finished-at="2023-04-10T20:37:53 IST" duration-ms="3" status="PASS">
          <params>
            <param index="0">
              <value>
                <![CDATA[public void Test_Suite.Vet_Test_Suite.TC18_ZeroOrder() throws java.io.IOException]]>
              </value>
            </param>
          </params>
          <reporter-output>
          </reporter-output>
        </test-method> <!-- nameAfter -->
        <test-method is-config="true" signature="nameBefore(java.lang.reflect.Method)[pri:0, instance:Test_Suite.Vet_Test_Suite@14028087]" started-at="2023-04-10T20:37:53 IST" name="nameBefore" finished-at="2023-04-10T20:37:53 IST" duration-ms="1" status="PASS">
          <params>
            <param index="0">
              <value>
                <![CDATA[public void Test_Suite.Vet_Test_Suite.TC19_Edit_Profile_from_my_account_page() throws java.io.IOException]]>
              </value>
            </param>
          </params>
          <reporter-output>
          </reporter-output>
        </test-method> <!-- nameBefore -->
        <test-method signature="TC19_Edit_Profile_from_my_account_page()[pri:0, instance:Test_Suite.Vet_Test_Suite@14028087]" started-at="2023-04-10T20:37:53 IST" name="TC19_Edit_Profile_from_my_account_page" finished-at="2023-04-10T20:38:07 IST" duration-ms="14153" status="PASS">
          <reporter-output>
          </reporter-output>
        </test-method> <!-- TC19_Edit_Profile_from_my_account_page -->
        <test-method is-config="true" signature="nameAfter(java.lang.reflect.Method)[pri:0, instance:Test_Suite.Vet_Test_Suite@14028087]" started-at="2023-04-10T20:38:07 IST" name="nameAfter" finished-at="2023-04-10T20:38:07 IST" duration-ms="1" status="PASS">
          <params>
            <param index="0">
              <value>
                <![CDATA[public void Test_Suite.Vet_Test_Suite.TC19_Edit_Profile_from_my_account_page() throws java.io.IOException]]>
              </value>
            </param>
          </params>
          <reporter-output>
          </reporter-output>
        </test-method> <!-- nameAfter -->
        <test-method is-config="true" signature="nameBefore(java.lang.reflect.Method)[pri:0, instance:Test_Suite.Vet_Test_Suite@14028087]" started-at="2023-04-10T20:38:07 IST" name="nameBefore" finished-at="2023-04-10T20:38:07 IST" duration-ms="1" status="PASS">
          <params>
            <param index="0">
              <value>
                <![CDATA[public void Test_Suite.Vet_Test_Suite.TC20_Edit_Billing_address_in_my_account() throws java.io.IOException]]>
              </value>
            </param>
          </params>
          <reporter-output>
          </reporter-output>
        </test-method> <!-- nameBefore -->
        <test-method signature="TC20_Edit_Billing_address_in_my_account()[pri:0, instance:Test_Suite.Vet_Test_Suite@14028087]" started-at="2023-04-10T20:38:07 IST" name="TC20_Edit_Billing_address_in_my_account" finished-at="2023-04-10T20:38:27 IST" duration-ms="19965" status="PASS">
          <reporter-output>
          </reporter-output>
        </test-method> <!-- TC20_Edit_Billing_address_in_my_account -->
        <test-method is-config="true" signature="nameAfter(java.lang.reflect.Method)[pri:0, instance:Test_Suite.Vet_Test_Suite@14028087]" started-at="2023-04-10T20:38:27 IST" name="nameAfter" finished-at="2023-04-10T20:38:27 IST" duration-ms="1" status="PASS">
          <params>
            <param index="0">
              <value>
                <![CDATA[public void Test_Suite.Vet_Test_Suite.TC20_Edit_Billing_address_in_my_account() throws java.io.IOException]]>
              </value>
            </param>
          </params>
          <reporter-output>
          </reporter-output>
        </test-method> <!-- nameAfter -->
        <test-method signature="TC21_Riskified_Declined_Order()[pri:0, instance:Test_Suite.Vet_Test_Suite@14028087]" started-at="2023-04-10T20:38:27 IST" name="TC21_Riskified_Declined_Order" finished-at="2023-04-10T20:40:45 IST" duration-ms="137936" status="PASS">
          <reporter-output>
          </reporter-output>
        </test-method> <!-- TC21_Riskified_Declined_Order -->
        <test-method is-config="true" signature="nameBefore(java.lang.reflect.Method)[pri:0, instance:Test_Suite.Vet_Test_Suite@14028087]" started-at="2023-04-10T20:38:27 IST" name="nameBefore" finished-at="2023-04-10T20:38:27 IST" duration-ms="0" status="PASS">
          <params>
            <param index="0">
              <value>
                <![CDATA[public void Test_Suite.Vet_Test_Suite.TC21_Riskified_Declined_Order() throws java.io.IOException]]>
              </value>
            </param>
          </params>
          <reporter-output>
          </reporter-output>
        </test-method> <!-- nameBefore -->
        <test-method is-config="true" signature="nameAfter(java.lang.reflect.Method)[pri:0, instance:Test_Suite.Vet_Test_Suite@14028087]" started-at="2023-04-10T20:40:45 IST" name="nameAfter" finished-at="2023-04-10T20:40:45 IST" duration-ms="0" status="PASS">
          <params>
            <param index="0">
              <value>
                <![CDATA[public void Test_Suite.Vet_Test_Suite.TC21_Riskified_Declined_Order() throws java.io.IOException]]>
              </value>
            </param>
          </params>
          <reporter-output>
          </reporter-output>
        </test-method> <!-- nameAfter -->
        <test-method is-config="true" signature="CloseBrowser()[pri:0, instance:Test_Suite.Vet_Test_Suite@14028087]" started-at="2023-04-10T20:40:45 IST" name="CloseBrowser" finished-at="2023-04-10T20:40:47 IST" duration-ms="1847" status="PASS">
          <reporter-output>
          </reporter-output>
        </test-method> <!-- CloseBrowser -->
      </class> <!-- Test_Suite.Vet_Test_Suite -->
    </test> <!-- Vet_Test_Suite -->
    <test started-at="2023-04-10T20:40:47 IST" name="AGS_Test_Suite" finished-at="2023-04-10T20:54:57 IST" duration-ms="849652">
      <class name="Test_Suite.AGS_Test_Suite">
        <test-method is-config="true" signature="initiate(org.testng.ITestContext,java.lang.String)[pri:0, instance:Test_Suite.AGS_Test_Suite@673fdbce]" started-at="2023-04-10T20:40:47 IST" name="initiate" finished-at="2023-04-10T20:40:51 IST" duration-ms="4133" status="PASS">
          <params>
            <param index="0">
              <value>
                <![CDATA[org.testng.TestRunner@6a2d06c8]]>
              </value>
            </param>
            <param index="1">
              <value>
                <![CDATA[edge]]>
              </value>
            </param>
          </params>
          <reporter-output>
          </reporter-output>
        </test-method> <!-- initiate -->
        <test-method is-config="true" signature="initializeRepo()[pri:0, instance:Test_Suite.AGS_Test_Suite@673fdbce]" started-at="2023-04-10T20:40:51 IST" name="initializeRepo" finished-at="2023-04-10T20:40:51 IST" depends-on-methods="utilities.DriverModule.initiate" duration-ms="34" status="PASS">
          <reporter-output>
          </reporter-output>
        </test-method> <!-- initializeRepo -->
        <test-method is-config="true" signature="nameBefore(java.lang.reflect.Method)[pri:0, instance:Test_Suite.AGS_Test_Suite@673fdbce]" started-at="2023-04-10T20:40:51 IST" name="nameBefore" finished-at="2023-04-10T20:40:51 IST" duration-ms="1" status="PASS">
          <params>
            <param index="0">
              <value>
                <![CDATA[public void Test_Suite.AGS_Test_Suite.TC01_Anonymous_User_Registration() throws java.io.IOException]]>
              </value>
            </param>
          </params>
          <reporter-output>
          </reporter-output>
        </test-method> <!-- nameBefore -->
        <test-method signature="TC01_Anonymous_User_Registration()[pri:0, instance:Test_Suite.AGS_Test_Suite@673fdbce]" started-at="2023-04-10T20:40:51 IST" name="TC01_Anonymous_User_Registration" finished-at="2023-04-10T20:43:00 IST" duration-ms="128248" status="PASS">
          <reporter-output>
          </reporter-output>
        </test-method> <!-- TC01_Anonymous_User_Registration -->
        <test-method is-config="true" signature="nameAfter(java.lang.reflect.Method)[pri:0, instance:Test_Suite.AGS_Test_Suite@673fdbce]" started-at="2023-04-10T20:43:00 IST" name="nameAfter" finished-at="2023-04-10T20:43:00 IST" duration-ms="2" status="PASS">
          <params>
            <param index="0">
              <value>
                <![CDATA[public void Test_Suite.AGS_Test_Suite.TC01_Anonymous_User_Registration() throws java.io.IOException]]>
              </value>
            </param>
          </params>
          <reporter-output>
          </reporter-output>
        </test-method> <!-- nameAfter -->
        <test-method is-config="true" signature="nameBefore(java.lang.reflect.Method)[pri:0, instance:Test_Suite.AGS_Test_Suite@673fdbce]" started-at="2023-04-10T20:43:00 IST" name="nameBefore" finished-at="2023-04-10T20:43:00 IST" duration-ms="1" status="PASS">
          <params>
            <param index="0">
              <value>
                <![CDATA[public void Test_Suite.AGS_Test_Suite.TC02_User_Submit_Order_Monthly() throws java.io.IOException]]>
              </value>
            </param>
          </params>
          <reporter-output>
          </reporter-output>
        </test-method> <!-- nameBefore -->
        <test-method signature="TC02_User_Submit_Order_Monthly()[pri:0, instance:Test_Suite.AGS_Test_Suite@673fdbce]" started-at="2023-04-10T20:43:00 IST" name="TC02_User_Submit_Order_Monthly" finished-at="2023-04-10T20:44:21 IST" duration-ms="81583" status="PASS">
          <reporter-output>
          </reporter-output>
        </test-method> <!-- TC02_User_Submit_Order_Monthly -->
        <test-method is-config="true" signature="nameAfter(java.lang.reflect.Method)[pri:0, instance:Test_Suite.AGS_Test_Suite@673fdbce]" started-at="2023-04-10T20:44:21 IST" name="nameAfter" finished-at="2023-04-10T20:44:21 IST" duration-ms="1" status="PASS">
          <params>
            <param index="0">
              <value>
                <![CDATA[public void Test_Suite.AGS_Test_Suite.TC02_User_Submit_Order_Monthly() throws java.io.IOException]]>
              </value>
            </param>
          </params>
          <reporter-output>
          </reporter-output>
        </test-method> <!-- nameAfter -->
        <test-method is-config="true" signature="nameBefore(java.lang.reflect.Method)[pri:0, instance:Test_Suite.AGS_Test_Suite@673fdbce]" started-at="2023-04-10T20:44:21 IST" name="nameBefore" finished-at="2023-04-10T20:44:21 IST" duration-ms="1" status="PASS">
          <params>
            <param index="0">
              <value>
                <![CDATA[public void Test_Suite.AGS_Test_Suite.TC03_Standalone_Registration_and_Login() throws java.io.IOException]]>
              </value>
            </param>
          </params>
          <reporter-output>
          </reporter-output>
        </test-method> <!-- nameBefore -->
        <test-method signature="TC03_Standalone_Registration_and_Login()[pri:0, instance:Test_Suite.AGS_Test_Suite@673fdbce]" started-at="2023-04-10T20:44:21 IST" name="TC03_Standalone_Registration_and_Login" finished-at="2023-04-10T20:44:53 IST" duration-ms="32195" status="PASS">
          <reporter-output>
          </reporter-output>
        </test-method> <!-- TC03_Standalone_Registration_and_Login -->
        <test-method is-config="true" signature="nameAfter(java.lang.reflect.Method)[pri:0, instance:Test_Suite.AGS_Test_Suite@673fdbce]" started-at="2023-04-10T20:44:53 IST" name="nameAfter" finished-at="2023-04-10T20:44:53 IST" duration-ms="0" status="PASS">
          <params>
            <param index="0">
              <value>
                <![CDATA[public void Test_Suite.AGS_Test_Suite.TC03_Standalone_Registration_and_Login() throws java.io.IOException]]>
              </value>
            </param>
          </params>
          <reporter-output>
          </reporter-output>
        </test-method> <!-- nameAfter -->
        <test-method signature="TC04_Reset_Password_My_Account()[pri:0, instance:Test_Suite.AGS_Test_Suite@673fdbce]" started-at="2023-04-10T20:44:53 IST" name="TC04_Reset_Password_My_Account" finished-at="2023-04-10T20:45:10 IST" duration-ms="16435" status="PASS">
          <reporter-output>
          </reporter-output>
        </test-method> <!-- TC04_Reset_Password_My_Account -->
        <test-method is-config="true" signature="nameBefore(java.lang.reflect.Method)[pri:0, instance:Test_Suite.AGS_Test_Suite@673fdbce]" started-at="2023-04-10T20:44:53 IST" name="nameBefore" finished-at="2023-04-10T20:44:53 IST" duration-ms="0" status="PASS">
          <params>
            <param index="0">
              <value>
                <![CDATA[public void Test_Suite.AGS_Test_Suite.TC04_Reset_Password_My_Account() throws java.io.IOException]]>
              </value>
            </param>
          </params>
          <reporter-output>
          </reporter-output>
        </test-method> <!-- nameBefore -->
        <test-method is-config="true" signature="nameAfter(java.lang.reflect.Method)[pri:0, instance:Test_Suite.AGS_Test_Suite@673fdbce]" started-at="2023-04-10T20:45:10 IST" name="nameAfter" finished-at="2023-04-10T20:45:10 IST" duration-ms="0" status="PASS">
          <params>
            <param index="0">
              <value>
                <![CDATA[public void Test_Suite.AGS_Test_Suite.TC04_Reset_Password_My_Account() throws java.io.IOException]]>
              </value>
            </param>
          </params>
          <reporter-output>
          </reporter-output>
        </test-method> <!-- nameAfter -->
        <test-method signature="TC05_ResetPasswordFromLoginPage()[pri:0, instance:Test_Suite.AGS_Test_Suite@673fdbce]" started-at="2023-04-10T20:45:10 IST" name="TC05_ResetPasswordFromLoginPage" finished-at="2023-04-10T20:45:36 IST" duration-ms="26272" status="PASS">
          <reporter-output>
          </reporter-output>
        </test-method> <!-- TC05_ResetPasswordFromLoginPage -->
        <test-method is-config="true" signature="nameBefore(java.lang.reflect.Method)[pri:0, instance:Test_Suite.AGS_Test_Suite@673fdbce]" started-at="2023-04-10T20:45:10 IST" name="nameBefore" finished-at="2023-04-10T20:45:10 IST" duration-ms="0" status="PASS">
          <params>
            <param index="0">
              <value>
                <![CDATA[public void Test_Suite.AGS_Test_Suite.TC05_ResetPasswordFromLoginPage() throws java.io.IOException]]>
              </value>
            </param>
          </params>
          <reporter-output>
          </reporter-output>
        </test-method> <!-- nameBefore -->
        <test-method is-config="true" signature="nameAfter(java.lang.reflect.Method)[pri:0, instance:Test_Suite.AGS_Test_Suite@673fdbce]" started-at="2023-04-10T20:45:36 IST" name="nameAfter" finished-at="2023-04-10T20:45:36 IST" duration-ms="1" status="PASS">
          <params>
            <param index="0">
              <value>
                <![CDATA[public void Test_Suite.AGS_Test_Suite.TC05_ResetPasswordFromLoginPage() throws java.io.IOException]]>
              </value>
            </param>
          </params>
          <reporter-output>
          </reporter-output>
        </test-method> <!-- nameAfter -->
        <test-method signature="TC06_Zero_Dollar_Flow()[pri:0, instance:Test_Suite.AGS_Test_Suite@673fdbce]" started-at="2023-04-10T20:45:36 IST" name="TC06_Zero_Dollar_Flow" finished-at="2023-04-10T20:46:01 IST" duration-ms="24990" status="PASS">
          <reporter-output>
          </reporter-output>
        </test-method> <!-- TC06_Zero_Dollar_Flow -->
        <test-method is-config="true" signature="nameBefore(java.lang.reflect.Method)[pri:0, instance:Test_Suite.AGS_Test_Suite@673fdbce]" started-at="2023-04-10T20:45:36 IST" name="nameBefore" finished-at="2023-04-10T20:45:36 IST" duration-ms="0" status="PASS">
          <params>
            <param index="0">
              <value>
                <![CDATA[public void Test_Suite.AGS_Test_Suite.TC06_Zero_Dollar_Flow() throws java.io.IOException]]>
              </value>
            </param>
          </params>
          <reporter-output>
          </reporter-output>
        </test-method> <!-- nameBefore -->
        <test-method is-config="true" signature="nameAfter(java.lang.reflect.Method)[pri:0, instance:Test_Suite.AGS_Test_Suite@673fdbce]" started-at="2023-04-10T20:46:01 IST" name="nameAfter" finished-at="2023-04-10T20:46:01 IST" duration-ms="0" status="PASS">
          <params>
            <param index="0">
              <value>
                <![CDATA[public void Test_Suite.AGS_Test_Suite.TC06_Zero_Dollar_Flow() throws java.io.IOException]]>
              </value>
            </param>
          </params>
          <reporter-output>
          </reporter-output>
        </test-method> <!-- nameAfter -->
        <test-method signature="TC07_Verify_tax_Non_US_Address()[pri:0, instance:Test_Suite.AGS_Test_Suite@673fdbce]" started-at="2023-04-10T20:46:01 IST" name="TC07_Verify_tax_Non_US_Address" finished-at="2023-04-10T20:47:37 IST" duration-ms="96249" status="PASS">
          <reporter-output>
          </reporter-output>
        </test-method> <!-- TC07_Verify_tax_Non_US_Address -->
        <test-method is-config="true" signature="nameBefore(java.lang.reflect.Method)[pri:0, instance:Test_Suite.AGS_Test_Suite@673fdbce]" started-at="2023-04-10T20:46:01 IST" name="nameBefore" finished-at="2023-04-10T20:46:01 IST" duration-ms="0" status="PASS">
          <params>
            <param index="0">
              <value>
                <![CDATA[public void Test_Suite.AGS_Test_Suite.TC07_Verify_tax_Non_US_Address() throws java.io.IOException]]>
              </value>
            </param>
          </params>
          <reporter-output>
          </reporter-output>
        </test-method> <!-- nameBefore -->
        <test-method is-config="true" signature="nameAfter(java.lang.reflect.Method)[pri:0, instance:Test_Suite.AGS_Test_Suite@673fdbce]" started-at="2023-04-10T20:47:37 IST" name="nameAfter" finished-at="2023-04-10T20:47:37 IST" duration-ms="0" status="PASS">
          <params>
            <param index="0">
              <value>
                <![CDATA[public void Test_Suite.AGS_Test_Suite.TC07_Verify_tax_Non_US_Address() throws java.io.IOException]]>
              </value>
            </param>
          </params>
          <reporter-output>
          </reporter-output>
        </test-method> <!-- nameAfter -->
        <test-method is-config="true" signature="nameBefore(java.lang.reflect.Method)[pri:0, instance:Test_Suite.AGS_Test_Suite@673fdbce]" started-at="2023-04-10T20:47:37 IST" name="nameBefore" finished-at="2023-04-10T20:47:37 IST" duration-ms="2" status="PASS">
          <params>
            <param index="0">
              <value>
                <![CDATA[public void Test_Suite.AGS_Test_Suite.TC08_Place_Order_With_Discount_Code() throws java.io.IOException]]>
              </value>
            </param>
          </params>
          <reporter-output>
          </reporter-output>
        </test-method> <!-- nameBefore -->
        <test-method signature="TC08_Place_Order_With_Discount_Code()[pri:0, instance:Test_Suite.AGS_Test_Suite@673fdbce]" started-at="2023-04-10T20:47:37 IST" name="TC08_Place_Order_With_Discount_Code" finished-at="2023-04-10T20:48:55 IST" duration-ms="78046" status="PASS">
          <reporter-output>
          </reporter-output>
        </test-method> <!-- TC08_Place_Order_With_Discount_Code -->
        <test-method is-config="true" signature="nameAfter(java.lang.reflect.Method)[pri:0, instance:Test_Suite.AGS_Test_Suite@673fdbce]" started-at="2023-04-10T20:48:55 IST" name="nameAfter" finished-at="2023-04-10T20:48:55 IST" duration-ms="1" status="PASS">
          <params>
            <param index="0">
              <value>
                <![CDATA[public void Test_Suite.AGS_Test_Suite.TC08_Place_Order_With_Discount_Code() throws java.io.IOException]]>
              </value>
            </param>
          </params>
          <reporter-output>
          </reporter-output>
        </test-method> <!-- nameAfter -->
        <test-method is-config="true" signature="nameBefore(java.lang.reflect.Method)[pri:0, instance:Test_Suite.AGS_Test_Suite@673fdbce]" started-at="2023-04-10T20:48:55 IST" name="nameBefore" finished-at="2023-04-10T20:48:55 IST" duration-ms="1" status="PASS">
          <params>
            <param index="0">
              <value>
                <![CDATA[public void Test_Suite.AGS_Test_Suite.TC09_Place_Order_With_Existing_User() throws java.io.IOException]]>
              </value>
            </param>
          </params>
          <reporter-output>
          </reporter-output>
        </test-method> <!-- nameBefore -->
        <test-method signature="TC09_Place_Order_With_Existing_User()[pri:0, instance:Test_Suite.AGS_Test_Suite@673fdbce]" started-at="2023-04-10T20:48:55 IST" name="TC09_Place_Order_With_Existing_User" finished-at="2023-04-10T20:49:42 IST" duration-ms="46506" status="PASS">
          <reporter-output>
          </reporter-output>
        </test-method> <!-- TC09_Place_Order_With_Existing_User -->
        <test-method is-config="true" signature="nameAfter(java.lang.reflect.Method)[pri:0, instance:Test_Suite.AGS_Test_Suite@673fdbce]" started-at="2023-04-10T20:49:42 IST" name="nameAfter" finished-at="2023-04-10T20:49:42 IST" duration-ms="7" status="PASS">
          <params>
            <param index="0">
              <value>
                <![CDATA[public void Test_Suite.AGS_Test_Suite.TC09_Place_Order_With_Existing_User() throws java.io.IOException]]>
              </value>
            </param>
          </params>
          <reporter-output>
          </reporter-output>
        </test-method> <!-- nameAfter -->
        <test-method signature="TC10_Place_Order_Non_US_Address()[pri:0, instance:Test_Suite.AGS_Test_Suite@673fdbce]" started-at="2023-04-10T20:49:42 IST" name="TC10_Place_Order_Non_US_Address" finished-at="2023-04-10T20:51:25 IST" duration-ms="103395" status="PASS">
          <reporter-output>
          </reporter-output>
        </test-method> <!-- TC10_Place_Order_Non_US_Address -->
        <test-method is-config="true" signature="nameBefore(java.lang.reflect.Method)[pri:0, instance:Test_Suite.AGS_Test_Suite@673fdbce]" started-at="2023-04-10T20:49:42 IST" name="nameBefore" finished-at="2023-04-10T20:49:42 IST" duration-ms="0" status="PASS">
          <params>
            <param index="0">
              <value>
                <![CDATA[public void Test_Suite.AGS_Test_Suite.TC10_Place_Order_Non_US_Address() throws java.io.IOException]]>
              </value>
            </param>
          </params>
          <reporter-output>
          </reporter-output>
        </test-method> <!-- nameBefore -->
        <test-method is-config="true" signature="nameAfter(java.lang.reflect.Method)[pri:0, instance:Test_Suite.AGS_Test_Suite@673fdbce]" started-at="2023-04-10T20:51:25 IST" name="nameAfter" finished-at="2023-04-10T20:51:25 IST" duration-ms="5" status="PASS">
          <params>
            <param index="0">
              <value>
                <![CDATA[public void Test_Suite.AGS_Test_Suite.TC10_Place_Order_Non_US_Address() throws java.io.IOException]]>
              </value>
            </param>
          </params>
          <reporter-output>
          </reporter-output>
        </test-method> <!-- nameAfter -->
        <test-method is-config="true" signature="nameBefore(java.lang.reflect.Method)[pri:0, instance:Test_Suite.AGS_Test_Suite@673fdbce]" started-at="2023-04-10T20:51:25 IST" name="nameBefore" finished-at="2023-04-10T20:51:25 IST" duration-ms="0" status="PASS">
          <params>
            <param index="0">
              <value>
                <![CDATA[public void Test_Suite.AGS_Test_Suite.TC11_Edit_Profile() throws java.io.IOException]]>
              </value>
            </param>
          </params>
          <reporter-output>
          </reporter-output>
        </test-method> <!-- nameBefore -->
        <test-method signature="TC11_Edit_Profile()[pri:0, instance:Test_Suite.AGS_Test_Suite@673fdbce]" started-at="2023-04-10T20:51:25 IST" name="TC11_Edit_Profile" finished-at="2023-04-10T20:51:41 IST" duration-ms="15870" status="PASS">
          <reporter-output>
          </reporter-output>
        </test-method> <!-- TC11_Edit_Profile -->
        <test-method is-config="true" signature="nameAfter(java.lang.reflect.Method)[pri:0, instance:Test_Suite.AGS_Test_Suite@673fdbce]" started-at="2023-04-10T20:51:41 IST" name="nameAfter" finished-at="2023-04-10T20:51:41 IST" duration-ms="2" status="PASS">
          <params>
            <param index="0">
              <value>
                <![CDATA[public void Test_Suite.AGS_Test_Suite.TC11_Edit_Profile() throws java.io.IOException]]>
              </value>
            </param>
          </params>
          <reporter-output>
          </reporter-output>
        </test-method> <!-- nameAfter -->
        <test-method signature="TC12_Edit_Billing_Address()[pri:0, instance:Test_Suite.AGS_Test_Suite@673fdbce]" started-at="2023-04-10T20:51:41 IST" name="TC12_Edit_Billing_Address" finished-at="2023-04-10T20:52:03 IST" duration-ms="21950" status="PASS">
          <reporter-output>
          </reporter-output>
        </test-method> <!-- TC12_Edit_Billing_Address -->
        <test-method is-config="true" signature="nameBefore(java.lang.reflect.Method)[pri:0, instance:Test_Suite.AGS_Test_Suite@673fdbce]" started-at="2023-04-10T20:51:41 IST" name="nameBefore" finished-at="2023-04-10T20:51:41 IST" duration-ms="0" status="PASS">
          <params>
            <param index="0">
              <value>
                <![CDATA[public void Test_Suite.AGS_Test_Suite.TC12_Edit_Billing_Address() throws java.io.IOException]]>
              </value>
            </param>
          </params>
          <reporter-output>
          </reporter-output>
        </test-method> <!-- nameBefore -->
        <test-method is-config="true" signature="nameAfter(java.lang.reflect.Method)[pri:0, instance:Test_Suite.AGS_Test_Suite@673fdbce]" started-at="2023-04-10T20:52:03 IST" name="nameAfter" finished-at="2023-04-10T20:52:03 IST" duration-ms="1" status="PASS">
          <params>
            <param index="0">
              <value>
                <![CDATA[public void Test_Suite.AGS_Test_Suite.TC12_Edit_Billing_Address() throws java.io.IOException]]>
              </value>
            </param>
          </params>
          <reporter-output>
          </reporter-output>
        </test-method> <!-- nameAfter -->
        <test-method signature="TC13_Edit_Card_Details()[pri:0, instance:Test_Suite.AGS_Test_Suite@673fdbce]" started-at="2023-04-10T20:52:03 IST" name="TC13_Edit_Card_Details" finished-at="2023-04-10T20:52:29 IST" duration-ms="25765" status="PASS">
          <reporter-output>
          </reporter-output>
        </test-method> <!-- TC13_Edit_Card_Details -->
        <test-method is-config="true" signature="nameBefore(java.lang.reflect.Method)[pri:0, instance:Test_Suite.AGS_Test_Suite@673fdbce]" started-at="2023-04-10T20:52:03 IST" name="nameBefore" finished-at="2023-04-10T20:52:03 IST" duration-ms="0" status="PASS">
          <params>
            <param index="0">
              <value>
                <![CDATA[public void Test_Suite.AGS_Test_Suite.TC13_Edit_Card_Details() throws java.io.IOException]]>
              </value>
            </param>
          </params>
          <reporter-output>
          </reporter-output>
        </test-method> <!-- nameBefore -->
        <test-method is-config="true" signature="nameAfter(java.lang.reflect.Method)[pri:0, instance:Test_Suite.AGS_Test_Suite@673fdbce]" started-at="2023-04-10T20:52:29 IST" name="nameAfter" finished-at="2023-04-10T20:52:29 IST" duration-ms="1" status="PASS">
          <params>
            <param index="0">
              <value>
                <![CDATA[public void Test_Suite.AGS_Test_Suite.TC13_Edit_Card_Details() throws java.io.IOException]]>
              </value>
            </param>
          </params>
          <reporter-output>
          </reporter-output>
        </test-method> <!-- nameAfter -->
        <test-method is-config="true" signature="nameBefore(java.lang.reflect.Method)[pri:0, instance:Test_Suite.AGS_Test_Suite@673fdbce]" started-at="2023-04-10T20:52:29 IST" name="nameBefore" finished-at="2023-04-10T20:52:29 IST" duration-ms="3" status="PASS">
          <params>
            <param index="0">
              <value>
                <![CDATA[public void Test_Suite.AGS_Test_Suite.TC14_Manage_Subscription_Auto_Renew_Toggle_validation() throws java.io.IOException]]>
              </value>
            </param>
          </params>
          <reporter-output>
          </reporter-output>
        </test-method> <!-- nameBefore -->
        <test-method signature="TC14_Manage_Subscription_Auto_Renew_Toggle_validation()[pri:0, instance:Test_Suite.AGS_Test_Suite@673fdbce]" started-at="2023-04-10T20:52:29 IST" name="TC14_Manage_Subscription_Auto_Renew_Toggle_validation" finished-at="2023-04-10T20:52:42 IST" duration-ms="13578" status="PASS">
          <reporter-output>
          </reporter-output>
        </test-method> <!-- TC14_Manage_Subscription_Auto_Renew_Toggle_validation -->
        <test-method is-config="true" signature="nameAfter(java.lang.reflect.Method)[pri:0, instance:Test_Suite.AGS_Test_Suite@673fdbce]" started-at="2023-04-10T20:52:42 IST" name="nameAfter" finished-at="2023-04-10T20:52:42 IST" duration-ms="0" status="PASS">
          <params>
            <param index="0">
              <value>
                <![CDATA[public void Test_Suite.AGS_Test_Suite.TC14_Manage_Subscription_Auto_Renew_Toggle_validation() throws java.io.IOException]]>
              </value>
            </param>
          </params>
          <reporter-output>
          </reporter-output>
        </test-method> <!-- nameAfter -->
        <test-method is-config="true" signature="nameBefore(java.lang.reflect.Method)[pri:0, instance:Test_Suite.AGS_Test_Suite@673fdbce]" started-at="2023-04-10T20:52:42 IST" name="nameBefore" finished-at="2023-04-10T20:52:42 IST" duration-ms="1" status="PASS">
          <params>
            <param index="0">
              <value>
                <![CDATA[public void Test_Suite.AGS_Test_Suite.TC15_Riskified_Declined_Order() throws java.io.IOException]]>
              </value>
            </param>
          </params>
          <reporter-output>
          </reporter-output>
        </test-method> <!-- nameBefore -->
        <test-method signature="TC15_Riskified_Declined_Order()[pri:0, instance:Test_Suite.AGS_Test_Suite@673fdbce]" started-at="2023-04-10T20:52:42 IST" name="TC15_Riskified_Declined_Order" finished-at="2023-04-10T20:54:55 IST" duration-ms="132128" status="PASS">
          <reporter-output>
          </reporter-output>
        </test-method> <!-- TC15_Riskified_Declined_Order -->
        <test-method is-config="true" signature="nameAfter(java.lang.reflect.Method)[pri:0, instance:Test_Suite.AGS_Test_Suite@673fdbce]" started-at="2023-04-10T20:54:55 IST" name="nameAfter" finished-at="2023-04-10T20:54:55 IST" duration-ms="2" status="PASS">
          <params>
            <param index="0">
              <value>
                <![CDATA[public void Test_Suite.AGS_Test_Suite.TC15_Riskified_Declined_Order() throws java.io.IOException]]>
              </value>
            </param>
          </params>
          <reporter-output>
          </reporter-output>
        </test-method> <!-- nameAfter -->
        <test-method is-config="true" signature="CloseBrowser()[pri:0, instance:Test_Suite.AGS_Test_Suite@673fdbce]" started-at="2023-04-10T20:54:55 IST" name="CloseBrowser" finished-at="2023-04-10T20:54:57 IST" duration-ms="2168" status="PASS">
          <reporter-output>
          </reporter-output>
        </test-method> <!-- CloseBrowser -->
      </class> <!-- Test_Suite.AGS_Test_Suite -->
    </test> <!-- AGS_Test_Suite -->
    <test started-at="2023-04-10T20:54:57 IST" name="Wiley_Test_Suite" finished-at="2023-04-10T21:00:24 IST" duration-ms="326850">
      <class name="Test_Suite.Wiley_dot_com_Test_Suite">
        <test-method is-config="true" signature="initiate(org.testng.ITestContext,java.lang.String)[pri:0, instance:Test_Suite.Wiley_dot_com_Test_Suite@55cb6996]" started-at="2023-04-10T20:54:57 IST" name="initiate" finished-at="2023-04-10T20:55:02 IST" duration-ms="5253" status="PASS">
          <params>
            <param index="0">
              <value>
                <![CDATA[org.testng.TestRunner@593a76b8]]>
              </value>
            </param>
            <param index="1">
              <value>
                <![CDATA[edge]]>
              </value>
            </param>
          </params>
          <reporter-output>
          </reporter-output>
        </test-method> <!-- initiate -->
        <test-method is-config="true" signature="launchBrowser()[pri:0, instance:Test_Suite.Wiley_dot_com_Test_Suite@55cb6996]" started-at="2023-04-10T20:55:02 IST" name="launchBrowser" finished-at="2023-04-10T20:55:02 IST" depends-on-methods="utilities.DriverModule.initiate" duration-ms="70" status="PASS">
          <reporter-output>
          </reporter-output>
        </test-method> <!-- launchBrowser -->
        <test-method signature="TC01_MicroSites()[pri:0, instance:Test_Suite.Wiley_dot_com_Test_Suite@55cb6996]" started-at="2023-04-10T20:55:02 IST" name="TC01_MicroSites" finished-at="2023-04-10T20:55:31 IST" duration-ms="29183" status="PASS">
          <reporter-output>
          </reporter-output>
        </test-method> <!-- TC01_MicroSites -->
        <test-method is-config="true" signature="nameBefore(java.lang.reflect.Method)[pri:0, instance:Test_Suite.Wiley_dot_com_Test_Suite@55cb6996]" started-at="2023-04-10T20:55:02 IST" name="nameBefore" finished-at="2023-04-10T20:55:02 IST" duration-ms="0" status="PASS">
          <params>
            <param index="0">
              <value>
                <![CDATA[public void Test_Suite.Wiley_dot_com_Test_Suite.TC01_MicroSites() throws java.io.IOException]]>
              </value>
            </param>
          </params>
          <reporter-output>
          </reporter-output>
        </test-method> <!-- nameBefore -->
        <test-method is-config="true" signature="nameAfter(java.lang.reflect.Method)[pri:0, instance:Test_Suite.Wiley_dot_com_Test_Suite@55cb6996]" started-at="2023-04-10T20:55:31 IST" name="nameAfter" finished-at="2023-04-10T20:55:31 IST" duration-ms="11" status="PASS">
          <params>
            <param index="0">
              <value>
                <![CDATA[public void Test_Suite.Wiley_dot_com_Test_Suite.TC01_MicroSites() throws java.io.IOException]]>
              </value>
            </param>
          </params>
          <reporter-output>
          </reporter-output>
        </test-method> <!-- nameAfter -->
        <test-method is-config="true" signature="nameBefore(java.lang.reflect.Method)[pri:0, instance:Test_Suite.Wiley_dot_com_Test_Suite@55cb6996]" started-at="2023-04-10T20:55:31 IST" name="nameBefore" finished-at="2023-04-10T20:55:31 IST" duration-ms="1" status="PASS">
          <params>
            <param index="0">
              <value>
                <![CDATA[public void Test_Suite.Wiley_dot_com_Test_Suite.TC02_ProductDetailsPage() throws java.io.IOException]]>
              </value>
            </param>
          </params>
          <reporter-output>
          </reporter-output>
        </test-method> <!-- nameBefore -->
        <test-method signature="TC02_ProductDetailsPage()[pri:0, instance:Test_Suite.Wiley_dot_com_Test_Suite@55cb6996]" started-at="2023-04-10T20:55:31 IST" name="TC02_ProductDetailsPage" finished-at="2023-04-10T20:55:43 IST" duration-ms="11589" status="PASS">
          <reporter-output>
          </reporter-output>
        </test-method> <!-- TC02_ProductDetailsPage -->
        <test-method is-config="true" signature="nameAfter(java.lang.reflect.Method)[pri:0, instance:Test_Suite.Wiley_dot_com_Test_Suite@55cb6996]" started-at="2023-04-10T20:55:43 IST" name="nameAfter" finished-at="2023-04-10T20:55:43 IST" duration-ms="1" status="PASS">
          <params>
            <param index="0">
              <value>
                <![CDATA[public void Test_Suite.Wiley_dot_com_Test_Suite.TC02_ProductDetailsPage() throws java.io.IOException]]>
              </value>
            </param>
          </params>
          <reporter-output>
          </reporter-output>
        </test-method> <!-- nameAfter -->
        <test-method is-config="true" signature="nameBefore(java.lang.reflect.Method)[pri:0, instance:Test_Suite.Wiley_dot_com_Test_Suite@55cb6996]" started-at="2023-04-10T20:55:43 IST" name="nameBefore" finished-at="2023-04-10T20:55:43 IST" duration-ms="1" status="PASS">
          <params>
            <param index="0">
              <value>
                <![CDATA[public void Test_Suite.Wiley_dot_com_Test_Suite.TC03_SiteFooter() throws java.io.IOException]]>
              </value>
            </param>
          </params>
          <reporter-output>
          </reporter-output>
        </test-method> <!-- nameBefore -->
        <test-method signature="TC03_SiteFooter()[pri:0, instance:Test_Suite.Wiley_dot_com_Test_Suite@55cb6996]" started-at="2023-04-10T20:55:43 IST" name="TC03_SiteFooter" finished-at="2023-04-10T20:55:52 IST" duration-ms="8981" status="PASS">
          <reporter-output>
          </reporter-output>
        </test-method> <!-- TC03_SiteFooter -->
        <test-method is-config="true" signature="nameAfter(java.lang.reflect.Method)[pri:0, instance:Test_Suite.Wiley_dot_com_Test_Suite@55cb6996]" started-at="2023-04-10T20:55:52 IST" name="nameAfter" finished-at="2023-04-10T20:55:52 IST" duration-ms="0" status="PASS">
          <params>
            <param index="0">
              <value>
                <![CDATA[public void Test_Suite.Wiley_dot_com_Test_Suite.TC03_SiteFooter() throws java.io.IOException]]>
              </value>
            </param>
          </params>
          <reporter-output>
          </reporter-output>
        </test-method> <!-- nameAfter -->
        <test-method signature="TC04_404_Errorpage()[pri:0, instance:Test_Suite.Wiley_dot_com_Test_Suite@55cb6996]" started-at="2023-04-10T20:55:52 IST" name="TC04_404_Errorpage" finished-at="2023-04-10T20:55:56 IST" duration-ms="4461" status="PASS">
          <reporter-output>
          </reporter-output>
        </test-method> <!-- TC04_404_Errorpage -->
        <test-method is-config="true" signature="nameBefore(java.lang.reflect.Method)[pri:0, instance:Test_Suite.Wiley_dot_com_Test_Suite@55cb6996]" started-at="2023-04-10T20:55:52 IST" name="nameBefore" finished-at="2023-04-10T20:55:52 IST" duration-ms="0" status="PASS">
          <params>
            <param index="0">
              <value>
                <![CDATA[public void Test_Suite.Wiley_dot_com_Test_Suite.TC04_404_Errorpage() throws java.io.IOException]]>
              </value>
            </param>
          </params>
          <reporter-output>
          </reporter-output>
        </test-method> <!-- nameBefore -->
        <test-method is-config="true" signature="nameAfter(java.lang.reflect.Method)[pri:0, instance:Test_Suite.Wiley_dot_com_Test_Suite@55cb6996]" started-at="2023-04-10T20:55:56 IST" name="nameAfter" finished-at="2023-04-10T20:55:56 IST" duration-ms="27" status="PASS">
          <params>
            <param index="0">
              <value>
                <![CDATA[public void Test_Suite.Wiley_dot_com_Test_Suite.TC04_404_Errorpage() throws java.io.IOException]]>
              </value>
            </param>
          </params>
          <reporter-output>
          </reporter-output>
        </test-method> <!-- nameAfter -->
        <test-method is-config="true" signature="nameBefore(java.lang.reflect.Method)[pri:0, instance:Test_Suite.Wiley_dot_com_Test_Suite@55cb6996]" started-at="2023-04-10T20:55:56 IST" name="nameBefore" finished-at="2023-04-10T20:55:56 IST" duration-ms="0" status="PASS">
          <params>
            <param index="0">
              <value>
                <![CDATA[public void Test_Suite.Wiley_dot_com_Test_Suite.TC05_AboutUsPage() throws java.io.IOException]]>
              </value>
            </param>
          </params>
          <reporter-output>
          </reporter-output>
        </test-method> <!-- nameBefore -->
        <test-method signature="TC05_AboutUsPage()[pri:0, instance:Test_Suite.Wiley_dot_com_Test_Suite@55cb6996]" started-at="2023-04-10T20:55:56 IST" name="TC05_AboutUsPage" finished-at="2023-04-10T20:56:19 IST" duration-ms="22124" status="PASS">
          <reporter-output>
          </reporter-output>
        </test-method> <!-- TC05_AboutUsPage -->
        <test-method is-config="true" signature="nameAfter(java.lang.reflect.Method)[pri:0, instance:Test_Suite.Wiley_dot_com_Test_Suite@55cb6996]" started-at="2023-04-10T20:56:19 IST" name="nameAfter" finished-at="2023-04-10T20:56:19 IST" duration-ms="1" status="PASS">
          <params>
            <param index="0">
              <value>
                <![CDATA[public void Test_Suite.Wiley_dot_com_Test_Suite.TC05_AboutUsPage() throws java.io.IOException]]>
              </value>
            </param>
          </params>
          <reporter-output>
          </reporter-output>
        </test-method> <!-- nameAfter -->
        <test-method is-config="true" signature="nameBefore(java.lang.reflect.Method)[pri:0, instance:Test_Suite.Wiley_dot_com_Test_Suite@55cb6996]" started-at="2023-04-10T20:56:19 IST" name="nameBefore" finished-at="2023-04-10T20:56:19 IST" duration-ms="1" status="PASS">
          <params>
            <param index="0">
              <value>
                <![CDATA[public void Test_Suite.Wiley_dot_com_Test_Suite.TC06_SiteMap() throws java.io.IOException]]>
              </value>
            </param>
          </params>
          <reporter-output>
          </reporter-output>
        </test-method> <!-- nameBefore -->
        <test-method signature="TC06_SiteMap()[pri:0, instance:Test_Suite.Wiley_dot_com_Test_Suite@55cb6996]" started-at="2023-04-10T20:56:19 IST" name="TC06_SiteMap" finished-at="2023-04-10T20:56:30 IST" duration-ms="11411" status="PASS">
          <reporter-output>
          </reporter-output>
        </test-method> <!-- TC06_SiteMap -->
        <test-method is-config="true" signature="nameAfter(java.lang.reflect.Method)[pri:0, instance:Test_Suite.Wiley_dot_com_Test_Suite@55cb6996]" started-at="2023-04-10T20:56:30 IST" name="nameAfter" finished-at="2023-04-10T20:56:30 IST" duration-ms="0" status="PASS">
          <params>
            <param index="0">
              <value>
                <![CDATA[public void Test_Suite.Wiley_dot_com_Test_Suite.TC06_SiteMap() throws java.io.IOException]]>
              </value>
            </param>
          </params>
          <reporter-output>
          </reporter-output>
        </test-method> <!-- nameAfter -->
        <test-method signature="TC07_ProductListPage()[pri:0, instance:Test_Suite.Wiley_dot_com_Test_Suite@55cb6996]" started-at="2023-04-10T20:56:30 IST" name="TC07_ProductListPage" finished-at="2023-04-10T20:56:46 IST" duration-ms="15982" status="PASS">
          <reporter-output>
          </reporter-output>
        </test-method> <!-- TC07_ProductListPage -->
        <test-method is-config="true" signature="nameBefore(java.lang.reflect.Method)[pri:0, instance:Test_Suite.Wiley_dot_com_Test_Suite@55cb6996]" started-at="2023-04-10T20:56:30 IST" name="nameBefore" finished-at="2023-04-10T20:56:30 IST" duration-ms="0" status="PASS">
          <params>
            <param index="0">
              <value>
                <![CDATA[public void Test_Suite.Wiley_dot_com_Test_Suite.TC07_ProductListPage() throws java.io.IOException]]>
              </value>
            </param>
          </params>
          <reporter-output>
          </reporter-output>
        </test-method> <!-- nameBefore -->
        <test-method is-config="true" signature="nameAfter(java.lang.reflect.Method)[pri:0, instance:Test_Suite.Wiley_dot_com_Test_Suite@55cb6996]" started-at="2023-04-10T20:56:46 IST" name="nameAfter" finished-at="2023-04-10T20:56:46 IST" duration-ms="0" status="PASS">
          <params>
            <param index="0">
              <value>
                <![CDATA[public void Test_Suite.Wiley_dot_com_Test_Suite.TC07_ProductListPage() throws java.io.IOException]]>
              </value>
            </param>
          </params>
          <reporter-output>
          </reporter-output>
        </test-method> <!-- nameAfter -->
        <test-method signature="TC08_HomePage()[pri:0, instance:Test_Suite.Wiley_dot_com_Test_Suite@55cb6996]" started-at="2023-04-10T20:56:46 IST" name="TC08_HomePage" finished-at="2023-04-10T20:56:51 IST" duration-ms="4989" status="PASS">
          <reporter-output>
          </reporter-output>
        </test-method> <!-- TC08_HomePage -->
        <test-method is-config="true" signature="nameBefore(java.lang.reflect.Method)[pri:0, instance:Test_Suite.Wiley_dot_com_Test_Suite@55cb6996]" started-at="2023-04-10T20:56:46 IST" name="nameBefore" finished-at="2023-04-10T20:56:46 IST" duration-ms="0" status="PASS">
          <params>
            <param index="0">
              <value>
                <![CDATA[public void Test_Suite.Wiley_dot_com_Test_Suite.TC08_HomePage() throws java.io.IOException]]>
              </value>
            </param>
          </params>
          <reporter-output>
          </reporter-output>
        </test-method> <!-- nameBefore -->
        <test-method is-config="true" signature="nameAfter(java.lang.reflect.Method)[pri:0, instance:Test_Suite.Wiley_dot_com_Test_Suite@55cb6996]" started-at="2023-04-10T20:56:51 IST" name="nameAfter" finished-at="2023-04-10T20:56:51 IST" duration-ms="1" status="PASS">
          <params>
            <param index="0">
              <value>
                <![CDATA[public void Test_Suite.Wiley_dot_com_Test_Suite.TC08_HomePage() throws java.io.IOException]]>
              </value>
            </param>
          </params>
          <reporter-output>
          </reporter-output>
        </test-method> <!-- nameAfter -->
        <test-method is-config="true" signature="nameBefore(java.lang.reflect.Method)[pri:0, instance:Test_Suite.Wiley_dot_com_Test_Suite@55cb6996]" started-at="2023-04-10T20:56:51 IST" name="nameBefore" finished-at="2023-04-10T20:56:51 IST" duration-ms="0" status="PASS">
          <params>
            <param index="0">
              <value>
                <![CDATA[public void Test_Suite.Wiley_dot_com_Test_Suite.TC09_SiteHeader() throws java.io.IOException]]>
              </value>
            </param>
          </params>
          <reporter-output>
          </reporter-output>
        </test-method> <!-- nameBefore -->
        <test-method signature="TC09_SiteHeader()[pri:0, instance:Test_Suite.Wiley_dot_com_Test_Suite@55cb6996]" started-at="2023-04-10T20:56:51 IST" name="TC09_SiteHeader" finished-at="2023-04-10T20:57:01 IST" duration-ms="10040" status="PASS">
          <reporter-output>
          </reporter-output>
        </test-method> <!-- TC09_SiteHeader -->
        <test-method is-config="true" signature="nameAfter(java.lang.reflect.Method)[pri:0, instance:Test_Suite.Wiley_dot_com_Test_Suite@55cb6996]" started-at="2023-04-10T20:57:01 IST" name="nameAfter" finished-at="2023-04-10T20:57:01 IST" duration-ms="0" status="PASS">
          <params>
            <param index="0">
              <value>
                <![CDATA[public void Test_Suite.Wiley_dot_com_Test_Suite.TC09_SiteHeader() throws java.io.IOException]]>
              </value>
            </param>
          </params>
          <reporter-output>
          </reporter-output>
        </test-method> <!-- nameAfter -->
        <test-method signature="TC10_SearchResultEmptyPage()[pri:0, instance:Test_Suite.Wiley_dot_com_Test_Suite@55cb6996]" started-at="2023-04-10T20:57:01 IST" name="TC10_SearchResultEmptyPage" finished-at="2023-04-10T20:57:15 IST" duration-ms="13674" status="PASS">
          <reporter-output>
          </reporter-output>
        </test-method> <!-- TC10_SearchResultEmptyPage -->
        <test-method is-config="true" signature="nameBefore(java.lang.reflect.Method)[pri:0, instance:Test_Suite.Wiley_dot_com_Test_Suite@55cb6996]" started-at="2023-04-10T20:57:01 IST" name="nameBefore" finished-at="2023-04-10T20:57:01 IST" duration-ms="0" status="PASS">
          <params>
            <param index="0">
              <value>
                <![CDATA[public void Test_Suite.Wiley_dot_com_Test_Suite.TC10_SearchResultEmptyPage() throws java.io.IOException]]>
              </value>
            </param>
          </params>
          <reporter-output>
          </reporter-output>
        </test-method> <!-- nameBefore -->
        <test-method is-config="true" signature="nameAfter(java.lang.reflect.Method)[pri:0, instance:Test_Suite.Wiley_dot_com_Test_Suite@55cb6996]" started-at="2023-04-10T20:57:15 IST" name="nameAfter" finished-at="2023-04-10T20:57:15 IST" duration-ms="0" status="PASS">
          <params>
            <param index="0">
              <value>
                <![CDATA[public void Test_Suite.Wiley_dot_com_Test_Suite.TC10_SearchResultEmptyPage() throws java.io.IOException]]>
              </value>
            </param>
          </params>
          <reporter-output>
          </reporter-output>
        </test-method> <!-- nameAfter -->
        <test-method signature="TC11_Add_To_PopUp()[pri:0, instance:Test_Suite.Wiley_dot_com_Test_Suite@55cb6996]" started-at="2023-04-10T20:57:15 IST" name="TC11_Add_To_PopUp" finished-at="2023-04-10T20:57:30 IST" duration-ms="15073" status="PASS">
          <reporter-output>
          </reporter-output>
        </test-method> <!-- TC11_Add_To_PopUp -->
        <test-method is-config="true" signature="nameBefore(java.lang.reflect.Method)[pri:0, instance:Test_Suite.Wiley_dot_com_Test_Suite@55cb6996]" started-at="2023-04-10T20:57:15 IST" name="nameBefore" finished-at="2023-04-10T20:57:15 IST" duration-ms="0" status="PASS">
          <params>
            <param index="0">
              <value>
                <![CDATA[public void Test_Suite.Wiley_dot_com_Test_Suite.TC11_Add_To_PopUp() throws java.io.IOException]]>
              </value>
            </param>
          </params>
          <reporter-output>
          </reporter-output>
        </test-method> <!-- nameBefore -->
        <test-method is-config="true" signature="nameAfter(java.lang.reflect.Method)[pri:0, instance:Test_Suite.Wiley_dot_com_Test_Suite@55cb6996]" started-at="2023-04-10T20:57:30 IST" name="nameAfter" finished-at="2023-04-10T20:57:30 IST" duration-ms="3" status="PASS">
          <params>
            <param index="0">
              <value>
                <![CDATA[public void Test_Suite.Wiley_dot_com_Test_Suite.TC11_Add_To_PopUp() throws java.io.IOException]]>
              </value>
            </param>
          </params>
          <reporter-output>
          </reporter-output>
        </test-method> <!-- nameAfter -->
        <test-method signature="TC12_Content_Search_ResultPage()[pri:0, instance:Test_Suite.Wiley_dot_com_Test_Suite@55cb6996]" started-at="2023-04-10T20:57:30 IST" name="TC12_Content_Search_ResultPage" finished-at="2023-04-10T20:58:04 IST" duration-ms="34373" status="PASS">
          <reporter-output>
          </reporter-output>
        </test-method> <!-- TC12_Content_Search_ResultPage -->
        <test-method is-config="true" signature="nameBefore(java.lang.reflect.Method)[pri:0, instance:Test_Suite.Wiley_dot_com_Test_Suite@55cb6996]" started-at="2023-04-10T20:57:30 IST" name="nameBefore" finished-at="2023-04-10T20:57:30 IST" duration-ms="0" status="PASS">
          <params>
            <param index="0">
              <value>
                <![CDATA[public void Test_Suite.Wiley_dot_com_Test_Suite.TC12_Content_Search_ResultPage() throws java.io.IOException]]>
              </value>
            </param>
          </params>
          <reporter-output>
          </reporter-output>
        </test-method> <!-- nameBefore -->
        <test-method is-config="true" signature="nameAfter(java.lang.reflect.Method)[pri:0, instance:Test_Suite.Wiley_dot_com_Test_Suite@55cb6996]" started-at="2023-04-10T20:58:04 IST" name="nameAfter" finished-at="2023-04-10T20:58:04 IST" duration-ms="4" status="PASS">
          <params>
            <param index="0">
              <value>
                <![CDATA[public void Test_Suite.Wiley_dot_com_Test_Suite.TC12_Content_Search_ResultPage() throws java.io.IOException]]>
              </value>
            </param>
          </params>
          <reporter-output>
          </reporter-output>
        </test-method> <!-- nameAfter -->
        <test-method signature="TC13_Category_LandingPage()[pri:0, instance:Test_Suite.Wiley_dot_com_Test_Suite@55cb6996]" started-at="2023-04-10T20:58:04 IST" name="TC13_Category_LandingPage" finished-at="2023-04-10T20:58:37 IST" duration-ms="33275" status="PASS">
          <reporter-output>
          </reporter-output>
        </test-method> <!-- TC13_Category_LandingPage -->
        <test-method is-config="true" signature="nameBefore(java.lang.reflect.Method)[pri:0, instance:Test_Suite.Wiley_dot_com_Test_Suite@55cb6996]" started-at="2023-04-10T20:58:04 IST" name="nameBefore" finished-at="2023-04-10T20:58:04 IST" duration-ms="0" status="PASS">
          <params>
            <param index="0">
              <value>
                <![CDATA[public void Test_Suite.Wiley_dot_com_Test_Suite.TC13_Category_LandingPage() throws java.io.IOException]]>
              </value>
            </param>
          </params>
          <reporter-output>
          </reporter-output>
        </test-method> <!-- nameBefore -->
        <test-method is-config="true" signature="nameAfter(java.lang.reflect.Method)[pri:0, instance:Test_Suite.Wiley_dot_com_Test_Suite@55cb6996]" started-at="2023-04-10T20:58:37 IST" name="nameAfter" finished-at="2023-04-10T20:58:37 IST" duration-ms="1" status="PASS">
          <params>
            <param index="0">
              <value>
                <![CDATA[public void Test_Suite.Wiley_dot_com_Test_Suite.TC13_Category_LandingPage() throws java.io.IOException]]>
              </value>
            </param>
          </params>
          <reporter-output>
          </reporter-output>
        </test-method> <!-- nameAfter -->
        <test-method signature="TC14_SearchBox()[pri:0, instance:Test_Suite.Wiley_dot_com_Test_Suite@55cb6996]" started-at="2023-04-10T20:58:37 IST" name="TC14_SearchBox" finished-at="2023-04-10T20:59:19 IST" duration-ms="41442" status="PASS">
          <reporter-output>
          </reporter-output>
        </test-method> <!-- TC14_SearchBox -->
        <test-method is-config="true" signature="nameBefore(java.lang.reflect.Method)[pri:0, instance:Test_Suite.Wiley_dot_com_Test_Suite@55cb6996]" started-at="2023-04-10T20:58:37 IST" name="nameBefore" finished-at="2023-04-10T20:58:37 IST" duration-ms="0" status="PASS">
          <params>
            <param index="0">
              <value>
                <![CDATA[public void Test_Suite.Wiley_dot_com_Test_Suite.TC14_SearchBox() throws java.io.IOException]]>
              </value>
            </param>
          </params>
          <reporter-output>
          </reporter-output>
        </test-method> <!-- nameBefore -->
        <test-method is-config="true" signature="nameAfter(java.lang.reflect.Method)[pri:0, instance:Test_Suite.Wiley_dot_com_Test_Suite@55cb6996]" started-at="2023-04-10T20:59:19 IST" name="nameAfter" finished-at="2023-04-10T20:59:19 IST" duration-ms="0" status="PASS">
          <params>
            <param index="0">
              <value>
                <![CDATA[public void Test_Suite.Wiley_dot_com_Test_Suite.TC14_SearchBox() throws java.io.IOException]]>
              </value>
            </param>
          </params>
          <reporter-output>
          </reporter-output>
        </test-method> <!-- nameAfter -->
        <test-method is-config="true" signature="nameBefore(java.lang.reflect.Method)[pri:0, instance:Test_Suite.Wiley_dot_com_Test_Suite@55cb6996]" started-at="2023-04-10T20:59:19 IST" name="nameBefore" finished-at="2023-04-10T20:59:19 IST" duration-ms="1" status="PASS">
          <params>
            <param index="0">
              <value>
                <![CDATA[public void Test_Suite.Wiley_dot_com_Test_Suite.TC15_Product_Search_Results_Page_Facet_Validation() throws java.io.IOException]]>
              </value>
            </param>
          </params>
          <reporter-output>
          </reporter-output>
        </test-method> <!-- nameBefore -->
        <test-method signature="TC15_Product_Search_Results_Page_Facet_Validation()[pri:0, instance:Test_Suite.Wiley_dot_com_Test_Suite@55cb6996]" started-at="2023-04-10T20:59:19 IST" name="TC15_Product_Search_Results_Page_Facet_Validation" finished-at="2023-04-10T20:59:50 IST" duration-ms="31555" status="PASS">
          <reporter-output>
          </reporter-output>
        </test-method> <!-- TC15_Product_Search_Results_Page_Facet_Validation -->
        <test-method is-config="true" signature="nameAfter(java.lang.reflect.Method)[pri:0, instance:Test_Suite.Wiley_dot_com_Test_Suite@55cb6996]" started-at="2023-04-10T20:59:50 IST" name="nameAfter" finished-at="2023-04-10T20:59:50 IST" duration-ms="0" status="PASS">
          <params>
            <param index="0">
              <value>
                <![CDATA[public void Test_Suite.Wiley_dot_com_Test_Suite.TC15_Product_Search_Results_Page_Facet_Validation() throws java.io.IOException]]>
              </value>
            </param>
          </params>
          <reporter-output>
          </reporter-output>
        </test-method> <!-- nameAfter -->
        <test-method is-config="true" signature="nameBefore(java.lang.reflect.Method)[pri:0, instance:Test_Suite.Wiley_dot_com_Test_Suite@55cb6996]" started-at="2023-04-10T20:59:50 IST" name="nameBefore" finished-at="2023-04-10T20:59:50 IST" duration-ms="1" status="PASS">
          <params>
            <param index="0">
              <value>
                <![CDATA[public void Test_Suite.Wiley_dot_com_Test_Suite.TC16_Sort_Functionality_In_SRP() throws java.io.IOException]]>
              </value>
            </param>
          </params>
          <reporter-output>
          </reporter-output>
        </test-method> <!-- nameBefore -->
        <test-method signature="TC16_Sort_Functionality_In_SRP()[pri:0, instance:Test_Suite.Wiley_dot_com_Test_Suite@55cb6996]" started-at="2023-04-10T20:59:50 IST" name="TC16_Sort_Functionality_In_SRP" finished-at="2023-04-10T21:00:23 IST" duration-ms="32117" status="PASS">
          <reporter-output>
          </reporter-output>
        </test-method> <!-- TC16_Sort_Functionality_In_SRP -->
        <test-method is-config="true" signature="nameAfter(java.lang.reflect.Method)[pri:0, instance:Test_Suite.Wiley_dot_com_Test_Suite@55cb6996]" started-at="2023-04-10T21:00:23 IST" name="nameAfter" finished-at="2023-04-10T21:00:23 IST" duration-ms="1" status="PASS">
          <params>
            <param index="0">
              <value>
                <![CDATA[public void Test_Suite.Wiley_dot_com_Test_Suite.TC16_Sort_Functionality_In_SRP() throws java.io.IOException]]>
              </value>
            </param>
          </params>
          <reporter-output>
          </reporter-output>
        </test-method> <!-- nameAfter -->
        <test-method is-config="true" signature="CloseBrowser()[pri:0, instance:Test_Suite.Wiley_dot_com_Test_Suite@55cb6996]" started-at="2023-04-10T21:00:23 IST" name="CloseBrowser" finished-at="2023-04-10T21:00:24 IST" duration-ms="1139" status="PASS">
          <reporter-output>
          </reporter-output>
        </test-method> <!-- CloseBrowser -->
      </class> <!-- Test_Suite.Wiley_dot_com_Test_Suite -->
    </test> <!-- Wiley_Test_Suite -->
  </suite> <!-- PPE_Regression -->
</testng-results>
