<?xml version="1.0" encoding="UTF-8"?>
<testng-results ignored="0" total="15" passed="15" failed="0" skipped="0">
  <reporter-output>
  </reporter-output>
  <suite started-at="2023-04-05T11:47:50 IST" name="Default suite" finished-at="2023-04-05T12:01:01 IST" duration-ms="791402">
    <groups>
    </groups>
    <test started-at="2023-04-05T11:47:50 IST" name="Default test" finished-at="2023-04-05T12:01:01 IST" duration-ms="791402">
      <class name="TestSuite.WileyPLUS_Prod_Test_Suite">
        <test-method is-config="true" signature="initiate(org.testng.ITestContext,java.lang.String)[pri:0, instance:TestSuite.WileyPLUS_Prod_Test_Suite@57a78e3]" started-at="2023-04-05T11:47:50 IST" name="initiate" finished-at="2023-04-05T11:47:57 IST" duration-ms="7169" status="PASS">
          <params>
            <param index="0">
              <value>
                <![CDATA[org.testng.TestRunner@1b556a88]]>
              </value>
            </param>
            <param index="1">
              <value>
                <![CDATA[edge]]>
              </value>
            </param>
          </params>
          <reporter-output>
          </reporter-output>
        </test-method> <!-- initiate -->
        <test-method is-config="true" signature="launchBrowser()[pri:0, instance:TestSuite.WileyPLUS_Prod_Test_Suite@57a78e3]" started-at="2023-04-05T11:47:57 IST" name="launchBrowser" finished-at="2023-04-05T11:47:57 IST" depends-on-methods="utilities.DriverModule.initiate" duration-ms="55" status="PASS">
          <reporter-output>
          </reporter-output>
        </test-method> <!-- launchBrowser -->
        <test-method is-config="true" signature="nameBefore(java.lang.reflect.Method)[pri:0, instance:TestSuite.WileyPLUS_Prod_Test_Suite@57a78e3]" started-at="2023-04-05T11:47:57 IST" name="nameBefore" finished-at="2023-04-05T11:47:57 IST" duration-ms="1" status="PASS">
          <params>
            <param index="0">
              <value>
                <![CDATA[public void TestSuite.WileyPLUS_Prod_Test_Suite.TC01_SRP_For_WileyPLUS() throws java.io.IOException]]>
              </value>
            </param>
          </params>
          <reporter-output>
          </reporter-output>
        </test-method> <!-- nameBefore -->
        <test-method signature="TC01_SRP_For_WileyPLUS()[pri:0, instance:TestSuite.WileyPLUS_Prod_Test_Suite@57a78e3]" started-at="2023-04-05T11:47:57 IST" name="TC01_SRP_For_WileyPLUS" finished-at="2023-04-05T11:48:29 IST" duration-ms="32311" status="PASS">
          <reporter-output>
          </reporter-output>
        </test-method> <!-- TC01_SRP_For_WileyPLUS -->
        <test-method is-config="true" signature="nameAfter(java.lang.reflect.Method)[pri:0, instance:TestSuite.WileyPLUS_Prod_Test_Suite@57a78e3]" started-at="2023-04-05T11:48:29 IST" name="nameAfter" finished-at="2023-04-05T11:48:29 IST" duration-ms="2" status="PASS">
          <params>
            <param index="0">
              <value>
                <![CDATA[public void TestSuite.WileyPLUS_Prod_Test_Suite.TC01_SRP_For_WileyPLUS() throws java.io.IOException]]>
              </value>
            </param>
          </params>
          <reporter-output>
          </reporter-output>
        </test-method> <!-- nameAfter -->
        <test-method is-config="true" signature="nameBefore(java.lang.reflect.Method)[pri:0, instance:TestSuite.WileyPLUS_Prod_Test_Suite@57a78e3]" started-at="2023-04-05T11:48:29 IST" name="nameBefore" finished-at="2023-04-05T11:48:29 IST" duration-ms="1" status="PASS">
          <params>
            <param index="0">
              <value>
                <![CDATA[public void TestSuite.WileyPLUS_Prod_Test_Suite.TC02_PLP_For_WileyPLUS() throws java.io.IOException]]>
              </value>
            </param>
          </params>
          <reporter-output>
          </reporter-output>
        </test-method> <!-- nameBefore -->
        <test-method signature="TC02_PLP_For_WileyPLUS()[pri:0, instance:TestSuite.WileyPLUS_Prod_Test_Suite@57a78e3]" started-at="2023-04-05T11:48:29 IST" name="TC02_PLP_For_WileyPLUS" finished-at="2023-04-05T11:49:06 IST" duration-ms="36707" status="PASS">
          <reporter-output>
          </reporter-output>
        </test-method> <!-- TC02_PLP_For_WileyPLUS -->
        <test-method is-config="true" signature="nameAfter(java.lang.reflect.Method)[pri:0, instance:TestSuite.WileyPLUS_Prod_Test_Suite@57a78e3]" started-at="2023-04-05T11:49:06 IST" name="nameAfter" finished-at="2023-04-05T11:49:06 IST" duration-ms="5" status="PASS">
          <params>
            <param index="0">
              <value>
                <![CDATA[public void TestSuite.WileyPLUS_Prod_Test_Suite.TC02_PLP_For_WileyPLUS() throws java.io.IOException]]>
              </value>
            </param>
          </params>
          <reporter-output>
          </reporter-output>
        </test-method> <!-- nameAfter -->
        <test-method is-config="true" signature="nameBefore(java.lang.reflect.Method)[pri:0, instance:TestSuite.WileyPLUS_Prod_Test_Suite@57a78e3]" started-at="2023-04-05T11:49:06 IST" name="nameBefore" finished-at="2023-04-05T11:49:06 IST" duration-ms="1" status="PASS">
          <params>
            <param index="0">
              <value>
                <![CDATA[public void TestSuite.WileyPLUS_Prod_Test_Suite.TC03_EGRIP_Search_For_WileyPLUS() throws java.io.IOException]]>
              </value>
            </param>
          </params>
          <reporter-output>
          </reporter-output>
        </test-method> <!-- nameBefore -->
        <test-method signature="TC03_EGRIP_Search_For_WileyPLUS()[pri:0, instance:TestSuite.WileyPLUS_Prod_Test_Suite@57a78e3]" started-at="2023-04-05T11:49:06 IST" name="TC03_EGRIP_Search_For_WileyPLUS" finished-at="2023-04-05T11:49:48 IST" duration-ms="41488" status="PASS">
          <reporter-output>
          </reporter-output>
        </test-method> <!-- TC03_EGRIP_Search_For_WileyPLUS -->
        <test-method is-config="true" signature="nameAfter(java.lang.reflect.Method)[pri:0, instance:TestSuite.WileyPLUS_Prod_Test_Suite@57a78e3]" started-at="2023-04-05T11:49:48 IST" name="nameAfter" finished-at="2023-04-05T11:49:48 IST" duration-ms="11" status="PASS">
          <params>
            <param index="0">
              <value>
                <![CDATA[public void TestSuite.WileyPLUS_Prod_Test_Suite.TC03_EGRIP_Search_For_WileyPLUS() throws java.io.IOException]]>
              </value>
            </param>
          </params>
          <reporter-output>
          </reporter-output>
        </test-method> <!-- nameAfter -->
        <test-method is-config="true" signature="nameBefore(java.lang.reflect.Method)[pri:0, instance:TestSuite.WileyPLUS_Prod_Test_Suite@57a78e3]" started-at="2023-04-05T11:49:48 IST" name="nameBefore" finished-at="2023-04-05T11:49:48 IST" duration-ms="3" status="PASS">
          <params>
            <param index="0">
              <value>
                <![CDATA[public void TestSuite.WileyPLUS_Prod_Test_Suite.TC04_Bundle_Search_For_WileyPLUS() throws java.io.IOException]]>
              </value>
            </param>
          </params>
          <reporter-output>
          </reporter-output>
        </test-method> <!-- nameBefore -->
        <test-method signature="TC04_Bundle_Search_For_WileyPLUS()[pri:0, instance:TestSuite.WileyPLUS_Prod_Test_Suite@57a78e3]" started-at="2023-04-05T11:49:48 IST" name="TC04_Bundle_Search_For_WileyPLUS" finished-at="2023-04-05T11:50:26 IST" duration-ms="38842" status="PASS">
          <reporter-output>
          </reporter-output>
        </test-method> <!-- TC04_Bundle_Search_For_WileyPLUS -->
        <test-method is-config="true" signature="nameAfter(java.lang.reflect.Method)[pri:0, instance:TestSuite.WileyPLUS_Prod_Test_Suite@57a78e3]" started-at="2023-04-05T11:50:26 IST" name="nameAfter" finished-at="2023-04-05T11:50:26 IST" duration-ms="4" status="PASS">
          <params>
            <param index="0">
              <value>
                <![CDATA[public void TestSuite.WileyPLUS_Prod_Test_Suite.TC04_Bundle_Search_For_WileyPLUS() throws java.io.IOException]]>
              </value>
            </param>
          </params>
          <reporter-output>
          </reporter-output>
        </test-method> <!-- nameAfter -->
        <test-method is-config="true" signature="nameBefore(java.lang.reflect.Method)[pri:0, instance:TestSuite.WileyPLUS_Prod_Test_Suite@57a78e3]" started-at="2023-04-05T11:50:26 IST" name="nameBefore" finished-at="2023-04-05T11:50:26 IST" duration-ms="1" status="PASS">
          <params>
            <param index="0">
              <value>
                <![CDATA[public void TestSuite.WileyPLUS_Prod_Test_Suite.TC05_Check_If_URL_Not_Truncated_For_WileyPLUS() throws java.io.IOException]]>
              </value>
            </param>
          </params>
          <reporter-output>
          </reporter-output>
        </test-method> <!-- nameBefore -->
        <test-method signature="TC05_Check_If_URL_Not_Truncated_For_WileyPLUS()[pri:0, instance:TestSuite.WileyPLUS_Prod_Test_Suite@57a78e3]" started-at="2023-04-05T11:50:26 IST" name="TC05_Check_If_URL_Not_Truncated_For_WileyPLUS" finished-at="2023-04-05T11:51:04 IST" duration-ms="37235" status="PASS">
          <reporter-output>
          </reporter-output>
        </test-method> <!-- TC05_Check_If_URL_Not_Truncated_For_WileyPLUS -->
        <test-method is-config="true" signature="nameAfter(java.lang.reflect.Method)[pri:0, instance:TestSuite.WileyPLUS_Prod_Test_Suite@57a78e3]" started-at="2023-04-05T11:51:04 IST" name="nameAfter" finished-at="2023-04-05T11:51:04 IST" duration-ms="1" status="PASS">
          <params>
            <param index="0">
              <value>
                <![CDATA[public void TestSuite.WileyPLUS_Prod_Test_Suite.TC05_Check_If_URL_Not_Truncated_For_WileyPLUS() throws java.io.IOException]]>
              </value>
            </param>
          </params>
          <reporter-output>
          </reporter-output>
        </test-method> <!-- nameAfter -->
        <test-method is-config="true" signature="nameBefore(java.lang.reflect.Method)[pri:0, instance:TestSuite.WileyPLUS_Prod_Test_Suite@57a78e3]" started-at="2023-04-05T11:51:04 IST" name="nameBefore" finished-at="2023-04-05T11:51:04 IST" duration-ms="5" status="PASS">
          <params>
            <param index="0">
              <value>
                <![CDATA[public void TestSuite.WileyPLUS_Prod_Test_Suite.TC06_Format_Facet_WileyPLUS() throws java.io.IOException]]>
              </value>
            </param>
          </params>
          <reporter-output>
          </reporter-output>
        </test-method> <!-- nameBefore -->
        <test-method signature="TC06_Format_Facet_WileyPLUS()[pri:0, instance:TestSuite.WileyPLUS_Prod_Test_Suite@57a78e3]" started-at="2023-04-05T11:51:04 IST" name="TC06_Format_Facet_WileyPLUS" finished-at="2023-04-05T11:51:37 IST" duration-ms="32982" status="PASS">
          <reporter-output>
          </reporter-output>
        </test-method> <!-- TC06_Format_Facet_WileyPLUS -->
        <test-method is-config="true" signature="nameAfter(java.lang.reflect.Method)[pri:0, instance:TestSuite.WileyPLUS_Prod_Test_Suite@57a78e3]" started-at="2023-04-05T11:51:37 IST" name="nameAfter" finished-at="2023-04-05T11:51:37 IST" duration-ms="9" status="PASS">
          <params>
            <param index="0">
              <value>
                <![CDATA[public void TestSuite.WileyPLUS_Prod_Test_Suite.TC06_Format_Facet_WileyPLUS() throws java.io.IOException]]>
              </value>
            </param>
          </params>
          <reporter-output>
          </reporter-output>
        </test-method> <!-- nameAfter -->
        <test-method is-config="true" signature="nameBefore(java.lang.reflect.Method)[pri:0, instance:TestSuite.WileyPLUS_Prod_Test_Suite@57a78e3]" started-at="2023-04-05T11:51:37 IST" name="nameBefore" finished-at="2023-04-05T11:51:37 IST" duration-ms="1" status="PASS">
          <params>
            <param index="0">
              <value>
                <![CDATA[public void TestSuite.WileyPLUS_Prod_Test_Suite.TC07_Verify_Additional_UI_Adjustments_WileyPLUS_PDP() throws java.io.IOException]]>
              </value>
            </param>
          </params>
          <reporter-output>
          </reporter-output>
        </test-method> <!-- nameBefore -->
        <test-method signature="TC07_Verify_Additional_UI_Adjustments_WileyPLUS_PDP()[pri:0, instance:TestSuite.WileyPLUS_Prod_Test_Suite@57a78e3]" started-at="2023-04-05T11:51:37 IST" name="TC07_Verify_Additional_UI_Adjustments_WileyPLUS_PDP" finished-at="2023-04-05T11:52:41 IST" duration-ms="64024" status="PASS">
          <reporter-output>
          </reporter-output>
        </test-method> <!-- TC07_Verify_Additional_UI_Adjustments_WileyPLUS_PDP -->
        <test-method is-config="true" signature="nameAfter(java.lang.reflect.Method)[pri:0, instance:TestSuite.WileyPLUS_Prod_Test_Suite@57a78e3]" started-at="2023-04-05T11:52:41 IST" name="nameAfter" finished-at="2023-04-05T11:52:41 IST" duration-ms="2" status="PASS">
          <params>
            <param index="0">
              <value>
                <![CDATA[public void TestSuite.WileyPLUS_Prod_Test_Suite.TC07_Verify_Additional_UI_Adjustments_WileyPLUS_PDP() throws java.io.IOException]]>
              </value>
            </param>
          </params>
          <reporter-output>
          </reporter-output>
        </test-method> <!-- nameAfter -->
        <test-method signature="TC08_Validate_Percentage_In_Multiple_Term()[pri:0, instance:TestSuite.WileyPLUS_Prod_Test_Suite@57a78e3]" started-at="2023-04-05T11:52:41 IST" name="TC08_Validate_Percentage_In_Multiple_Term" finished-at="2023-04-05T11:53:21 IST" duration-ms="40515" status="PASS">
          <reporter-output>
          </reporter-output>
        </test-method> <!-- TC08_Validate_Percentage_In_Multiple_Term -->
        <test-method is-config="true" signature="nameBefore(java.lang.reflect.Method)[pri:0, instance:TestSuite.WileyPLUS_Prod_Test_Suite@57a78e3]" started-at="2023-04-05T11:52:41 IST" name="nameBefore" finished-at="2023-04-05T11:52:41 IST" duration-ms="0" status="PASS">
          <params>
            <param index="0">
              <value>
                <![CDATA[public void TestSuite.WileyPLUS_Prod_Test_Suite.TC08_Validate_Percentage_In_Multiple_Term() throws java.io.IOException]]>
              </value>
            </param>
          </params>
          <reporter-output>
          </reporter-output>
        </test-method> <!-- nameBefore -->
        <test-method is-config="true" signature="nameAfter(java.lang.reflect.Method)[pri:0, instance:TestSuite.WileyPLUS_Prod_Test_Suite@57a78e3]" started-at="2023-04-05T11:53:21 IST" name="nameAfter" finished-at="2023-04-05T11:53:21 IST" duration-ms="2" status="PASS">
          <params>
            <param index="0">
              <value>
                <![CDATA[public void TestSuite.WileyPLUS_Prod_Test_Suite.TC08_Validate_Percentage_In_Multiple_Term() throws java.io.IOException]]>
              </value>
            </param>
          </params>
          <reporter-output>
          </reporter-output>
        </test-method> <!-- nameAfter -->
        <test-method is-config="true" signature="nameBefore(java.lang.reflect.Method)[pri:0, instance:TestSuite.WileyPLUS_Prod_Test_Suite@57a78e3]" started-at="2023-04-05T11:53:21 IST" name="nameBefore" finished-at="2023-04-05T11:53:21 IST" duration-ms="1" status="PASS">
          <params>
            <param index="0">
              <value>
                <![CDATA[public void TestSuite.WileyPLUS_Prod_Test_Suite.TC09_PDP_UI_For_WileyPLUS() throws java.io.IOException]]>
              </value>
            </param>
          </params>
          <reporter-output>
          </reporter-output>
        </test-method> <!-- nameBefore -->
        <test-method signature="TC09_PDP_UI_For_WileyPLUS()[pri:0, instance:TestSuite.WileyPLUS_Prod_Test_Suite@57a78e3]" started-at="2023-04-05T11:53:21 IST" name="TC09_PDP_UI_For_WileyPLUS" finished-at="2023-04-05T11:54:06 IST" duration-ms="44559" status="PASS">
          <reporter-output>
          </reporter-output>
        </test-method> <!-- TC09_PDP_UI_For_WileyPLUS -->
        <test-method is-config="true" signature="nameAfter(java.lang.reflect.Method)[pri:0, instance:TestSuite.WileyPLUS_Prod_Test_Suite@57a78e3]" started-at="2023-04-05T11:54:06 IST" name="nameAfter" finished-at="2023-04-05T11:54:06 IST" duration-ms="1" status="PASS">
          <params>
            <param index="0">
              <value>
                <![CDATA[public void TestSuite.WileyPLUS_Prod_Test_Suite.TC09_PDP_UI_For_WileyPLUS() throws java.io.IOException]]>
              </value>
            </param>
          </params>
          <reporter-output>
          </reporter-output>
        </test-method> <!-- nameAfter -->
        <test-method is-config="true" signature="nameBefore(java.lang.reflect.Method)[pri:0, instance:TestSuite.WileyPLUS_Prod_Test_Suite@57a78e3]" started-at="2023-04-05T11:54:06 IST" name="nameBefore" finished-at="2023-04-05T11:54:06 IST" duration-ms="0" status="PASS">
          <params>
            <param index="0">
              <value>
                <![CDATA[public void TestSuite.WileyPLUS_Prod_Test_Suite.TC10_WileyPLUS_Set_To_MultiTerm_Default() throws java.io.IOException]]>
              </value>
            </param>
          </params>
          <reporter-output>
          </reporter-output>
        </test-method> <!-- nameBefore -->
        <test-method signature="TC10_WileyPLUS_Set_To_MultiTerm_Default()[pri:0, instance:TestSuite.WileyPLUS_Prod_Test_Suite@57a78e3]" started-at="2023-04-05T11:54:06 IST" name="TC10_WileyPLUS_Set_To_MultiTerm_Default" finished-at="2023-04-05T11:54:46 IST" duration-ms="39706" status="PASS">
          <reporter-output>
          </reporter-output>
        </test-method> <!-- TC10_WileyPLUS_Set_To_MultiTerm_Default -->
        <test-method is-config="true" signature="nameAfter(java.lang.reflect.Method)[pri:0, instance:TestSuite.WileyPLUS_Prod_Test_Suite@57a78e3]" started-at="2023-04-05T11:54:46 IST" name="nameAfter" finished-at="2023-04-05T11:54:46 IST" duration-ms="5" status="PASS">
          <params>
            <param index="0">
              <value>
                <![CDATA[public void TestSuite.WileyPLUS_Prod_Test_Suite.TC10_WileyPLUS_Set_To_MultiTerm_Default() throws java.io.IOException]]>
              </value>
            </param>
          </params>
          <reporter-output>
          </reporter-output>
        </test-method> <!-- nameAfter -->
        <test-method signature="TC11_New_Tab_Opened_After_Clicking_Login_To_WileyPLUS_Button()[pri:0, instance:TestSuite.WileyPLUS_Prod_Test_Suite@57a78e3]" started-at="2023-04-05T11:54:46 IST" name="TC11_New_Tab_Opened_After_Clicking_Login_To_WileyPLUS_Button" finished-at="2023-04-05T11:55:27 IST" duration-ms="41529" status="PASS">
          <reporter-output>
          </reporter-output>
        </test-method> <!-- TC11_New_Tab_Opened_After_Clicking_Login_To_WileyPLUS_Button -->
        <test-method is-config="true" signature="nameBefore(java.lang.reflect.Method)[pri:0, instance:TestSuite.WileyPLUS_Prod_Test_Suite@57a78e3]" started-at="2023-04-05T11:54:46 IST" name="nameBefore" finished-at="2023-04-05T11:54:46 IST" duration-ms="0" status="PASS">
          <params>
            <param index="0">
              <value>
                <![CDATA[public void TestSuite.WileyPLUS_Prod_Test_Suite.TC11_New_Tab_Opened_After_Clicking_Login_To_WileyPLUS_Button() throws java.io.IOException]]>
              </value>
            </param>
          </params>
          <reporter-output>
          </reporter-output>
        </test-method> <!-- nameBefore -->
        <test-method is-config="true" signature="nameAfter(java.lang.reflect.Method)[pri:0, instance:TestSuite.WileyPLUS_Prod_Test_Suite@57a78e3]" started-at="2023-04-05T11:55:27 IST" name="nameAfter" finished-at="2023-04-05T11:55:27 IST" duration-ms="2" status="PASS">
          <params>
            <param index="0">
              <value>
                <![CDATA[public void TestSuite.WileyPLUS_Prod_Test_Suite.TC11_New_Tab_Opened_After_Clicking_Login_To_WileyPLUS_Button() throws java.io.IOException]]>
              </value>
            </param>
          </params>
          <reporter-output>
          </reporter-output>
        </test-method> <!-- nameAfter -->
        <test-method is-config="true" signature="nameBefore(java.lang.reflect.Method)[pri:0, instance:TestSuite.WileyPLUS_Prod_Test_Suite@57a78e3]" started-at="2023-04-05T11:55:27 IST" name="nameBefore" finished-at="2023-04-05T11:55:27 IST" duration-ms="1" status="PASS">
          <params>
            <param index="0">
              <value>
                <![CDATA[public void TestSuite.WileyPLUS_Prod_Test_Suite.TC12_Add_WileyPLUS_Product_To_Cart() throws java.io.IOException]]>
              </value>
            </param>
          </params>
          <reporter-output>
          </reporter-output>
        </test-method> <!-- nameBefore -->
        <test-method signature="TC12_Add_WileyPLUS_Product_To_Cart()[pri:0, instance:TestSuite.WileyPLUS_Prod_Test_Suite@57a78e3]" started-at="2023-04-05T11:55:27 IST" name="TC12_Add_WileyPLUS_Product_To_Cart" finished-at="2023-04-05T11:56:03 IST" duration-ms="36000" status="PASS">
          <reporter-output>
          </reporter-output>
        </test-method> <!-- TC12_Add_WileyPLUS_Product_To_Cart -->
        <test-method is-config="true" signature="nameAfter(java.lang.reflect.Method)[pri:0, instance:TestSuite.WileyPLUS_Prod_Test_Suite@57a78e3]" started-at="2023-04-05T11:56:03 IST" name="nameAfter" finished-at="2023-04-05T11:56:03 IST" duration-ms="10" status="PASS">
          <params>
            <param index="0">
              <value>
                <![CDATA[public void TestSuite.WileyPLUS_Prod_Test_Suite.TC12_Add_WileyPLUS_Product_To_Cart() throws java.io.IOException]]>
              </value>
            </param>
          </params>
          <reporter-output>
          </reporter-output>
        </test-method> <!-- nameAfter -->
        <test-method is-config="true" signature="nameBefore(java.lang.reflect.Method)[pri:0, instance:TestSuite.WileyPLUS_Prod_Test_Suite@57a78e3]" started-at="2023-04-05T11:56:03 IST" name="nameBefore" finished-at="2023-04-05T11:56:03 IST" duration-ms="1" status="PASS">
          <params>
            <param index="0">
              <value>
                <![CDATA[public void TestSuite.WileyPLUS_Prod_Test_Suite.TC13_Global_Country_List_In_Shipping() throws java.io.IOException]]>
              </value>
            </param>
          </params>
          <reporter-output>
          </reporter-output>
        </test-method> <!-- nameBefore -->
        <test-method signature="TC13_Global_Country_List_In_Shipping()[pri:0, instance:TestSuite.WileyPLUS_Prod_Test_Suite@57a78e3]" started-at="2023-04-05T11:56:03 IST" name="TC13_Global_Country_List_In_Shipping" finished-at="2023-04-05T11:57:28 IST" duration-ms="85381" status="PASS">
          <reporter-output>
          </reporter-output>
        </test-method> <!-- TC13_Global_Country_List_In_Shipping -->
        <test-method is-config="true" signature="nameAfter(java.lang.reflect.Method)[pri:0, instance:TestSuite.WileyPLUS_Prod_Test_Suite@57a78e3]" started-at="2023-04-05T11:57:28 IST" name="nameAfter" finished-at="2023-04-05T11:57:28 IST" duration-ms="2" status="PASS">
          <params>
            <param index="0">
              <value>
                <![CDATA[public void TestSuite.WileyPLUS_Prod_Test_Suite.TC13_Global_Country_List_In_Shipping() throws java.io.IOException]]>
              </value>
            </param>
          </params>
          <reporter-output>
          </reporter-output>
        </test-method> <!-- nameAfter -->
        <test-method is-config="true" signature="nameBefore(java.lang.reflect.Method)[pri:0, instance:TestSuite.WileyPLUS_Prod_Test_Suite@57a78e3]" started-at="2023-04-05T11:57:28 IST" name="nameBefore" finished-at="2023-04-05T11:57:28 IST" duration-ms="1" status="PASS">
          <params>
            <param index="0">
              <value>
                <![CDATA[public void TestSuite.WileyPLUS_Prod_Test_Suite.TC14_Global_Country_List_In_Billing() throws java.io.IOException]]>
              </value>
            </param>
          </params>
          <reporter-output>
          </reporter-output>
        </test-method> <!-- nameBefore -->
        <test-method signature="TC14_Global_Country_List_In_Billing()[pri:0, instance:TestSuite.WileyPLUS_Prod_Test_Suite@57a78e3]" started-at="2023-04-05T11:57:28 IST" name="TC14_Global_Country_List_In_Billing" finished-at="2023-04-05T12:00:27 IST" duration-ms="178185" status="PASS">
          <reporter-output>
          </reporter-output>
        </test-method> <!-- TC14_Global_Country_List_In_Billing -->
        <test-method is-config="true" signature="nameAfter(java.lang.reflect.Method)[pri:0, instance:TestSuite.WileyPLUS_Prod_Test_Suite@57a78e3]" started-at="2023-04-05T12:00:27 IST" name="nameAfter" finished-at="2023-04-05T12:00:27 IST" duration-ms="0" status="PASS">
          <params>
            <param index="0">
              <value>
                <![CDATA[public void TestSuite.WileyPLUS_Prod_Test_Suite.TC14_Global_Country_List_In_Billing() throws java.io.IOException]]>
              </value>
            </param>
          </params>
          <reporter-output>
          </reporter-output>
        </test-method> <!-- nameAfter -->
        <test-method is-config="true" signature="nameBefore(java.lang.reflect.Method)[pri:0, instance:TestSuite.WileyPLUS_Prod_Test_Suite@57a78e3]" started-at="2023-04-05T12:00:27 IST" name="nameBefore" finished-at="2023-04-05T12:00:27 IST" duration-ms="2" status="PASS">
          <params>
            <param index="0">
              <value>
                <![CDATA[public void TestSuite.WileyPLUS_Prod_Test_Suite.TC15_Check_ISBN_Not_Preset_In_WileyPLUS_PDP() throws java.io.IOException]]>
              </value>
            </param>
          </params>
          <reporter-output>
          </reporter-output>
        </test-method> <!-- nameBefore -->
        <test-method signature="TC15_Check_ISBN_Not_Preset_In_WileyPLUS_PDP()[pri:0, instance:TestSuite.WileyPLUS_Prod_Test_Suite@57a78e3]" started-at="2023-04-05T12:00:27 IST" name="TC15_Check_ISBN_Not_Preset_In_WileyPLUS_PDP" finished-at="2023-04-05T12:00:56 IST" duration-ms="29099" status="PASS">
          <reporter-output>
          </reporter-output>
        </test-method> <!-- TC15_Check_ISBN_Not_Preset_In_WileyPLUS_PDP -->
        <test-method is-config="true" signature="nameAfter(java.lang.reflect.Method)[pri:0, instance:TestSuite.WileyPLUS_Prod_Test_Suite@57a78e3]" started-at="2023-04-05T12:00:56 IST" name="nameAfter" finished-at="2023-04-05T12:00:56 IST" duration-ms="0" status="PASS">
          <params>
            <param index="0">
              <value>
                <![CDATA[public void TestSuite.WileyPLUS_Prod_Test_Suite.TC15_Check_ISBN_Not_Preset_In_WileyPLUS_PDP() throws java.io.IOException]]>
              </value>
            </param>
          </params>
          <reporter-output>
          </reporter-output>
        </test-method> <!-- nameAfter -->
        <test-method is-config="true" signature="CloseBrowser()[pri:0, instance:TestSuite.WileyPLUS_Prod_Test_Suite@57a78e3]" started-at="2023-04-05T12:00:56 IST" name="CloseBrowser" finished-at="2023-04-05T12:01:01 IST" duration-ms="5365" status="PASS">
          <reporter-output>
          </reporter-output>
        </test-method> <!-- CloseBrowser -->
      </class> <!-- TestSuite.WileyPLUS_Prod_Test_Suite -->
    </test> <!-- Default test -->
  </suite> <!-- Default suite -->
</testng-results>
