<?xml version="1.0" encoding="UTF-8"?>
<testng-results ignored="31" total="32" passed="1" failed="0" skipped="0">
  <reporter-output>
  </reporter-output>
  <suite started-at="2023-02-15T17:02:37 IST" name="Default suite" finished-at="2023-02-15T17:03:35 IST" duration-ms="58482">
    <groups>
    </groups>
    <test started-at="2023-02-15T17:02:37 IST" name="Default test" finished-at="2023-02-15T17:03:35 IST" duration-ms="58482">
      <class name="Test_Suite.TestHarness_RegressionSuite">
        <test-method is-config="true" signature="initiate(org.testng.ITestContext)[pri:0, instance:Test_Suite.TestHarness_RegressionSuite@5b247367]" started-at="2023-02-15T17:02:37 IST" name="initiate" finished-at="2023-02-15T17:02:46 IST" duration-ms="8843" status="PASS">
          <params>
            <param index="0">
              <value>
                <![CDATA[org.testng.TestRunner@7e50eeb9]]>
              </value>
            </param>
          </params>
          <reporter-output>
          </reporter-output>
        </test-method> <!-- initiate -->
        <test-method is-config="true" signature="initializeRepo()[pri:0, instance:Test_Suite.TestHarness_RegressionSuite@5b247367]" started-at="2023-02-15T17:02:46 IST" name="initializeRepo" finished-at="2023-02-15T17:02:46 IST" depends-on-methods="utilities.DriverModule.initiate" duration-ms="71" status="PASS">
          <reporter-output>
          </reporter-output>
        </test-method> <!-- initializeRepo -->
        <test-method signature="TC10_HTTP_Authorise_ES_Stripe_Validation()[pri:0, instance:Test_Suite.TestHarness_RegressionSuite@5b247367]" started-at="2023-02-15T17:02:46 IST" name="TC10_HTTP_Authorise_ES_Stripe_Validation" finished-at="2023-02-15T17:03:33 IST" duration-ms="47657" status="PASS">
          <reporter-output>
          </reporter-output>
        </test-method> <!-- TC10_HTTP_Authorise_ES_Stripe_Validation -->
        <test-method is-config="true" signature="CloseBrowser()[pri:0, instance:Test_Suite.TestHarness_RegressionSuite@5b247367]" started-at="2023-02-15T17:03:34 IST" name="CloseBrowser" finished-at="2023-02-15T17:03:35 IST" duration-ms="1764" status="PASS">
          <reporter-output>
          </reporter-output>
        </test-method> <!-- CloseBrowser -->
      </class> <!-- Test_Suite.TestHarness_RegressionSuite -->
    </test> <!-- Default test -->
  </suite> <!-- Default suite -->
</testng-results>
