<?xml version="1.0" encoding="UTF-8"?>
<testng-results ignored="15" total="16" passed="1" failed="0" skipped="0">
  <reporter-output>
  </reporter-output>
  <suite started-at="2023-03-03T16:40:11 IST" name="Default suite" finished-at="2023-03-03T16:40:41 IST" duration-ms="30530">
    <groups>
    </groups>
    <test started-at="2023-03-03T16:40:11 IST" name="Default test" finished-at="2023-03-03T16:40:41 IST" duration-ms="30530">
      <class name="Test_Suite.Wiley_dot_com_Test_Suite">
        <test-method is-config="true" signature="initiate(org.testng.ITestContext)[pri:0, instance:Test_Suite.Wiley_dot_com_Test_Suite@496bc455]" started-at="2023-03-03T16:40:11 IST" name="initiate" finished-at="2023-03-03T16:40:16 IST" duration-ms="5500" status="PASS">
          <params>
            <param index="0">
              <value>
                <![CDATA[org.testng.TestRunner@38fb50f8]]>
              </value>
            </param>
          </params>
          <reporter-output>
          </reporter-output>
        </test-method> <!-- initiate -->
        <test-method is-config="true" signature="launchBrowser()[pri:0, instance:Test_Suite.Wiley_dot_com_Test_Suite@496bc455]" started-at="2023-03-03T16:40:16 IST" name="launchBrowser" finished-at="2023-03-03T16:40:16 IST" depends-on-methods="utilities.DriverModule.initiate" duration-ms="89" status="PASS">
          <reporter-output>
          </reporter-output>
        </test-method> <!-- launchBrowser -->
        <test-method is-config="true" signature="nameBefore(java.lang.reflect.Method)[pri:0, instance:Test_Suite.Wiley_dot_com_Test_Suite@496bc455]" started-at="2023-03-03T16:40:16 IST" name="nameBefore" finished-at="2023-03-03T16:40:16 IST" duration-ms="0" status="PASS">
          <params>
            <param index="0">
              <value>
                <![CDATA[public void Test_Suite.Wiley_dot_com_Test_Suite.TC16_Sort_Functionality_In_SRP() throws java.io.IOException]]>
              </value>
            </param>
          </params>
          <reporter-output>
          </reporter-output>
        </test-method> <!-- nameBefore -->
        <test-method signature="TC16_Sort_Functionality_In_SRP()[pri:0, instance:Test_Suite.Wiley_dot_com_Test_Suite@496bc455]" started-at="2023-03-03T16:40:16 IST" name="TC16_Sort_Functionality_In_SRP" finished-at="2023-03-03T16:40:40 IST" duration-ms="23118" status="PASS">
          <reporter-output>
          </reporter-output>
        </test-method> <!-- TC16_Sort_Functionality_In_SRP -->
        <test-method is-config="true" signature="nameAfter(java.lang.reflect.Method)[pri:0, instance:Test_Suite.Wiley_dot_com_Test_Suite@496bc455]" started-at="2023-03-03T16:40:40 IST" name="nameAfter" finished-at="2023-03-03T16:40:40 IST" duration-ms="1" status="PASS">
          <params>
            <param index="0">
              <value>
                <![CDATA[public void Test_Suite.Wiley_dot_com_Test_Suite.TC16_Sort_Functionality_In_SRP() throws java.io.IOException]]>
              </value>
            </param>
          </params>
          <reporter-output>
          </reporter-output>
        </test-method> <!-- nameAfter -->
        <test-method is-config="true" signature="CloseBrowser()[pri:0, instance:Test_Suite.Wiley_dot_com_Test_Suite@496bc455]" started-at="2023-03-03T16:40:40 IST" name="CloseBrowser" finished-at="2023-03-03T16:40:41 IST" duration-ms="1748" status="PASS">
          <reporter-output>
          </reporter-output>
        </test-method> <!-- CloseBrowser -->
      </class> <!-- Test_Suite.Wiley_dot_com_Test_Suite -->
    </test> <!-- Default test -->
  </suite> <!-- Default suite -->
</testng-results>
