<?xml version="1.0" encoding="UTF-8"?>
<testng-results ignored="15" total="16" passed="1" failed="0" skipped="0">
  <reporter-output>
  </reporter-output>
  <suite started-at="2023-02-21T16:51:57 IST" name="Default suite" finished-at="2023-02-21T16:52:31 IST" duration-ms="33990">
    <groups>
    </groups>
    <test started-at="2023-02-21T16:51:57 IST" name="Default test" finished-at="2023-02-21T16:52:31 IST" duration-ms="33990">
      <class name="Test_Suite.ClientPortal_RegressionSuite">
        <test-method is-config="true" signature="initiate(org.testng.ITestContext)[pri:0, instance:Test_Suite.ClientPortal_RegressionSuite@5b218417]" started-at="2023-02-21T16:51:57 IST" name="initiate" finished-at="2023-02-21T16:52:05 IST" duration-ms="7779" status="PASS">
          <params>
            <param index="0">
              <value>
                <![CDATA[org.testng.TestRunner@5d9618f2]]>
              </value>
            </param>
          </params>
          <reporter-output>
          </reporter-output>
        </test-method> <!-- initiate -->
        <test-method is-config="true" signature="initializeRepo()[pri:0, instance:Test_Suite.ClientPortal_RegressionSuite@5b218417]" started-at="2023-02-21T16:52:05 IST" name="initializeRepo" finished-at="2023-02-21T16:52:05 IST" depends-on-methods="utilities.DriverModule.initiate" duration-ms="53" status="PASS">
          <reporter-output>
          </reporter-output>
        </test-method> <!-- initializeRepo -->
        <test-method signature="TC12_RegisterNewClientApp_Negative_Scenarios_WPSSupport()[pri:0, instance:Test_Suite.ClientPortal_RegressionSuite@5b218417]" started-at="2023-02-21T16:52:05 IST" name="TC12_RegisterNewClientApp_Negative_Scenarios_WPSSupport" finished-at="2023-02-21T16:52:30 IST" duration-ms="25030" status="PASS">
          <reporter-output>
          </reporter-output>
        </test-method> <!-- TC12_RegisterNewClientApp_Negative_Scenarios_WPSSupport -->
        <test-method is-config="true" signature="CloseBrowser()[pri:0, instance:Test_Suite.ClientPortal_RegressionSuite@5b218417]" started-at="2023-02-21T16:52:30 IST" name="CloseBrowser" finished-at="2023-02-21T16:52:31 IST" duration-ms="1072" status="PASS">
          <reporter-output>
          </reporter-output>
        </test-method> <!-- CloseBrowser -->
      </class> <!-- Test_Suite.ClientPortal_RegressionSuite -->
    </test> <!-- Default test -->
  </suite> <!-- Default suite -->
</testng-results>
