<?xml version="1.0" encoding="UTF-8"?>
<testng-results ignored="40" total="41" passed="1" failed="0" skipped="0">
  <reporter-output>
  </reporter-output>
  <suite started-at="2023-03-21T19:34:03 IST" name="Default suite" finished-at="2023-03-21T19:36:19 IST" duration-ms="136037">
    <groups>
    </groups>
    <test started-at="2023-03-21T19:34:03 IST" name="Default test" finished-at="2023-03-21T19:36:19 IST" duration-ms="136037">
      <class name="Test_Suite.Wiley_NA_Cart_Test_Suite">
        <test-method is-config="true" signature="initiate(org.testng.ITestContext,java.lang.String)[pri:0, instance:Test_Suite.Wiley_NA_Cart_Test_Suite@7188af83]" started-at="2023-03-21T19:34:03 IST" name="initiate" finished-at="2023-03-21T19:34:09 IST" duration-ms="5878" status="PASS">
          <params>
            <param index="0">
              <value>
                <![CDATA[org.testng.TestRunner@46a8c2b4]]>
              </value>
            </param>
            <param index="1">
              <value>
                <![CDATA[edge]]>
              </value>
            </param>
          </params>
          <reporter-output>
          </reporter-output>
        </test-method> <!-- initiate -->
        <test-method is-config="true" signature="launchBrowser()[pri:0, instance:Test_Suite.Wiley_NA_Cart_Test_Suite@7188af83]" started-at="2023-03-21T19:34:09 IST" name="launchBrowser" finished-at="2023-03-21T19:34:09 IST" depends-on-methods="utilities.DriverModule.initiate" duration-ms="71" status="PASS">
          <reporter-output>
          </reporter-output>
        </test-method> <!-- launchBrowser -->
        <test-method is-config="true" signature="nameBefore(java.lang.reflect.Method)[pri:0, instance:Test_Suite.Wiley_NA_Cart_Test_Suite@7188af83]" started-at="2023-03-21T19:34:09 IST" name="nameBefore" finished-at="2023-03-21T19:34:09 IST" duration-ms="1" status="PASS">
          <params>
            <param index="0">
              <value>
                <![CDATA[public void Test_Suite.Wiley_NA_Cart_Test_Suite.TC33_Forgot_Password_Functionality() throws java.io.IOException]]>
              </value>
            </param>
          </params>
          <reporter-output>
          </reporter-output>
        </test-method> <!-- nameBefore -->
        <test-method signature="TC33_Forgot_Password_Functionality()[pri:0, instance:Test_Suite.Wiley_NA_Cart_Test_Suite@7188af83]" started-at="2023-03-21T19:34:09 IST" name="TC33_Forgot_Password_Functionality" finished-at="2023-03-21T19:36:17 IST" duration-ms="128313" status="PASS">
          <reporter-output>
          </reporter-output>
        </test-method> <!-- TC33_Forgot_Password_Functionality -->
        <test-method is-config="true" signature="nameAfter(java.lang.reflect.Method)[pri:0, instance:Test_Suite.Wiley_NA_Cart_Test_Suite@7188af83]" started-at="2023-03-21T19:36:17 IST" name="nameAfter" finished-at="2023-03-21T19:36:17 IST" duration-ms="1" status="PASS">
          <params>
            <param index="0">
              <value>
                <![CDATA[public void Test_Suite.Wiley_NA_Cart_Test_Suite.TC33_Forgot_Password_Functionality() throws java.io.IOException]]>
              </value>
            </param>
          </params>
          <reporter-output>
          </reporter-output>
        </test-method> <!-- nameAfter -->
        <test-method is-config="true" signature="CloseBrowser()[pri:0, instance:Test_Suite.Wiley_NA_Cart_Test_Suite@7188af83]" started-at="2023-03-21T19:36:17 IST" name="CloseBrowser" finished-at="2023-03-21T19:36:19 IST" duration-ms="1682" status="PASS">
          <reporter-output>
          </reporter-output>
        </test-method> <!-- CloseBrowser -->
      </class> <!-- Test_Suite.Wiley_NA_Cart_Test_Suite -->
    </test> <!-- Default test -->
  </suite> <!-- Default suite -->
</testng-results>
