<?xml version="1.0" encoding="UTF-8"?>
<testng-results ignored="4" total="5" passed="1" failed="0" skipped="0">
  <reporter-output>
  </reporter-output>
  <suite started-at="2023-06-05T17:28:02 IST" name="Default suite" finished-at="2023-06-05T18:11:49 IST" duration-ms="2626960">
    <groups>
    </groups>
    <test started-at="2023-06-05T17:28:02 IST" name="Default test" finished-at="2023-06-05T18:11:49 IST" duration-ms="2626960">
      <class name="Test_Suite.Manual_TestCase">
        <test-method is-config="true" signature="initiate(org.testng.ITestContext,java.lang.String)[pri:0, instance:Test_Suite.Manual_TestCase@1a75e76a]" started-at="2023-06-05T17:28:02 IST" name="initiate" finished-at="2023-06-05T17:28:12 IST" duration-ms="10333" status="PASS">
          <params>
            <param index="0">
              <value>
                <![CDATA[org.testng.TestRunner@2c9af700]]>
              </value>
            </param>
            <param index="1">
              <value>
                <![CDATA[Edge]]>
              </value>
            </param>
          </params>
          <reporter-output>
          </reporter-output>
        </test-method> <!-- initiate -->
        <test-method is-config="true" signature="launchBrowser()[pri:0, instance:Test_Suite.Manual_TestCase@1a75e76a]" started-at="2023-06-05T17:28:12 IST" name="launchBrowser" finished-at="2023-06-05T17:28:12 IST" depends-on-methods="utilities.DriverModule.initiate" duration-ms="101" status="PASS">
          <reporter-output>
          </reporter-output>
        </test-method> <!-- launchBrowser -->
        <test-method signature="DEC_Link_Updates()[pri:0, instance:Test_Suite.Manual_TestCase@1a75e76a]" started-at="2023-06-05T17:28:12 IST" name="DEC_Link_Updates" finished-at="2023-06-05T18:11:46 IST" duration-ms="2613874" status="PASS">
          <reporter-output>
          </reporter-output>
        </test-method> <!-- DEC_Link_Updates -->
        <test-method is-config="true" signature="CloseBrowser()[pri:0, instance:Test_Suite.Manual_TestCase@1a75e76a]" started-at="2023-06-05T18:11:46 IST" name="CloseBrowser" finished-at="2023-06-05T18:11:49 IST" duration-ms="2567" status="PASS">
          <reporter-output>
          </reporter-output>
        </test-method> <!-- CloseBrowser -->
      </class> <!-- Test_Suite.Manual_TestCase -->
    </test> <!-- Default test -->
  </suite> <!-- Default suite -->
</testng-results>
