<?xml version="1.0" encoding="UTF-8"?>
<testng-results ignored="39" total="40" passed="1" failed="0" skipped="0">
  <reporter-output>
  </reporter-output>
  <suite started-at="2023-03-09T22:59:20 IST" name="Default suite" finished-at="2023-03-09T23:03:17 IST" duration-ms="237200">
    <groups>
    </groups>
    <test started-at="2023-03-09T22:59:20 IST" name="Default test" finished-at="2023-03-09T23:03:17 IST" duration-ms="237200">
      <class name="Test_Suite.Wiley_NA_Cart_Test_Suite">
        <test-method is-config="true" signature="initiate(org.testng.ITestContext)[pri:0, instance:Test_Suite.Wiley_NA_Cart_Test_Suite@23e84203]" started-at="2023-03-09T22:59:20 IST" name="initiate" finished-at="2023-03-09T22:59:28 IST" duration-ms="7707" status="PASS">
          <params>
            <param index="0">
              <value>
                <![CDATA[org.testng.TestRunner@2bb0e277]]>
              </value>
            </param>
          </params>
          <reporter-output>
          </reporter-output>
        </test-method> <!-- initiate -->
        <test-method is-config="true" signature="launchBrowser()[pri:0, instance:Test_Suite.Wiley_NA_Cart_Test_Suite@23e84203]" started-at="2023-03-09T22:59:28 IST" name="launchBrowser" finished-at="2023-03-09T22:59:28 IST" depends-on-methods="utilities.DriverModule.initiate" duration-ms="81" status="PASS">
          <reporter-output>
          </reporter-output>
        </test-method> <!-- launchBrowser -->
        <test-method is-config="true" signature="nameBefore(java.lang.reflect.Method)[pri:0, instance:Test_Suite.Wiley_NA_Cart_Test_Suite@23e84203]" started-at="2023-03-09T22:59:28 IST" name="nameBefore" finished-at="2023-03-09T22:59:28 IST" duration-ms="1" status="PASS">
          <params>
            <param index="0">
              <value>
                <![CDATA[public void Test_Suite.Wiley_NA_Cart_Test_Suite.TC04_Physical_Product_Purchase_Guest_User() throws java.io.IOException]]>
              </value>
            </param>
          </params>
          <reporter-output>
          </reporter-output>
        </test-method> <!-- nameBefore -->
        <test-method signature="TC04_Physical_Product_Purchase_Guest_User()[pri:0, instance:Test_Suite.Wiley_NA_Cart_Test_Suite@23e84203]" started-at="2023-03-09T22:59:28 IST" name="TC04_Physical_Product_Purchase_Guest_User" finished-at="2023-03-09T23:03:13 IST" duration-ms="225037" status="PASS">
          <reporter-output>
          </reporter-output>
        </test-method> <!-- TC04_Physical_Product_Purchase_Guest_User -->
        <test-method is-config="true" signature="nameAfter(java.lang.reflect.Method)[pri:0, instance:Test_Suite.Wiley_NA_Cart_Test_Suite@23e84203]" started-at="2023-03-09T23:03:13 IST" name="nameAfter" finished-at="2023-03-09T23:03:13 IST" duration-ms="2" status="PASS">
          <params>
            <param index="0">
              <value>
                <![CDATA[public void Test_Suite.Wiley_NA_Cart_Test_Suite.TC04_Physical_Product_Purchase_Guest_User() throws java.io.IOException]]>
              </value>
            </param>
          </params>
          <reporter-output>
          </reporter-output>
        </test-method> <!-- nameAfter -->
        <test-method is-config="true" signature="CloseBrowser()[pri:0, instance:Test_Suite.Wiley_NA_Cart_Test_Suite@23e84203]" started-at="2023-03-09T23:03:13 IST" name="CloseBrowser" finished-at="2023-03-09T23:03:17 IST" duration-ms="4286" status="PASS">
          <reporter-output>
          </reporter-output>
        </test-method> <!-- CloseBrowser -->
      </class> <!-- Test_Suite.Wiley_NA_Cart_Test_Suite -->
    </test> <!-- Default test -->
  </suite> <!-- Default suite -->
</testng-results>
