<?xml version="1.0" encoding="UTF-8"?>
<testng-results ignored="22" total="23" passed="1" failed="0" skipped="0">
  <reporter-output>
  </reporter-output>
  <suite started-at="2023-01-09T12:16:14 IST" name="Default suite" finished-at="2023-01-09T12:17:10 IST" duration-ms="55622">
    <groups>
    </groups>
    <test started-at="2023-01-09T12:16:14 IST" name="Default test" finished-at="2023-01-09T12:17:10 IST" duration-ms="55622">
      <class name="Test_Suite.WEL_Test_Suite">
        <test-method is-config="true" signature="initiate(org.testng.ITestContext)[pri:0, instance:Test_Suite.WEL_Test_Suite@72cc7e6f]" started-at="2023-01-09T12:16:14 IST" name="initiate" finished-at="2023-01-09T12:16:22 IST" duration-ms="7152" status="PASS">
          <params>
            <param index="0">
              <value>
                <![CDATA[org.testng.TestRunner@69aabcb0]]>
              </value>
            </param>
          </params>
          <reporter-output>
          </reporter-output>
        </test-method> <!-- initiate -->
        <test-method is-config="true" signature="initializeRepo()[pri:0, instance:Test_Suite.WEL_Test_Suite@72cc7e6f]" started-at="2023-01-09T12:16:22 IST" name="initializeRepo" finished-at="2023-01-09T12:16:22 IST" depends-on-methods="utilities.DriverModule.initiate" duration-ms="83" status="PASS">
          <reporter-output>
          </reporter-output>
        </test-method> <!-- initializeRepo -->
        <test-method signature="TC12_QunatityRestriction_ForPhysicalProduct()[pri:0, instance:Test_Suite.WEL_Test_Suite@72cc7e6f]" started-at="2023-01-09T12:16:22 IST" name="TC12_QunatityRestriction_ForPhysicalProduct" finished-at="2023-01-09T12:17:06 IST" duration-ms="44749" status="PASS">
          <reporter-output>
          </reporter-output>
        </test-method> <!-- TC12_QunatityRestriction_ForPhysicalProduct -->
        <test-method is-config="true" signature="CloseBrowser()[pri:0, instance:Test_Suite.WEL_Test_Suite@72cc7e6f]" started-at="2023-01-09T12:17:06 IST" name="CloseBrowser" finished-at="2023-01-09T12:17:10 IST" duration-ms="3553" status="PASS">
          <reporter-output>
          </reporter-output>
        </test-method> <!-- CloseBrowser -->
      </class> <!-- Test_Suite.WEL_Test_Suite -->
    </test> <!-- Default test -->
  </suite> <!-- Default suite -->
</testng-results>
