<?xml version="1.0" encoding="UTF-8"?>
<testng-results ignored="12" total="13" passed="1" failed="0" skipped="0">
  <reporter-output>
  </reporter-output>
  <suite started-at="2023-02-20T17:09:57 IST" name="Default suite" finished-at="2023-02-20T17:11:04 IST" duration-ms="67588">
    <groups>
    </groups>
    <test started-at="2023-02-20T17:09:57 IST" name="Default test" finished-at="2023-02-20T17:11:04 IST" duration-ms="67588">
      <class name="Test_Suite.ClientPortal_RegressionSuite">
        <test-method is-config="true" signature="initiate(org.testng.ITestContext)[pri:0, instance:Test_Suite.ClientPortal_RegressionSuite@273444fe]" started-at="2023-02-20T17:09:57 IST" name="initiate" finished-at="2023-02-20T17:10:03 IST" duration-ms="6435" status="PASS">
          <params>
            <param index="0">
              <value>
                <![CDATA[org.testng.TestRunner@66e341e9]]>
              </value>
            </param>
          </params>
          <reporter-output>
          </reporter-output>
        </test-method> <!-- initiate -->
        <test-method is-config="true" signature="initializeRepo()[pri:0, instance:Test_Suite.ClientPortal_RegressionSuite@273444fe]" started-at="2023-02-20T17:10:03 IST" name="initializeRepo" finished-at="2023-02-20T17:10:03 IST" depends-on-methods="utilities.DriverModule.initiate" duration-ms="82" status="PASS">
          <reporter-output>
          </reporter-output>
        </test-method> <!-- initializeRepo -->
        <test-method signature="TC28_RegisterNewClientApp_Cancel_ClientAdmin()[pri:0, instance:Test_Suite.ClientPortal_RegressionSuite@273444fe]" started-at="2023-02-20T17:10:03 IST" name="TC28_RegisterNewClientApp_Cancel_ClientAdmin" finished-at="2023-02-20T17:11:03 IST" duration-ms="59481" status="PASS">
          <reporter-output>
          </reporter-output>
        </test-method> <!-- TC28_RegisterNewClientApp_Cancel_ClientAdmin -->
        <test-method is-config="true" signature="CloseBrowser()[pri:0, instance:Test_Suite.ClientPortal_RegressionSuite@273444fe]" started-at="2023-02-20T17:11:03 IST" name="CloseBrowser" finished-at="2023-02-20T17:11:04 IST" duration-ms="1498" status="PASS">
          <reporter-output>
          </reporter-output>
        </test-method> <!-- CloseBrowser -->
      </class> <!-- Test_Suite.ClientPortal_RegressionSuite -->
    </test> <!-- Default test -->
  </suite> <!-- Default suite -->
</testng-results>
