<?xml version="1.0" encoding="UTF-8"?>
<testng-results ignored="43" total="44" passed="1" failed="0" skipped="0">
  <reporter-output>
  </reporter-output>
  <suite started-at="2023-04-19T13:25:40 IST" name="Default suite" finished-at="2023-04-19T13:27:37 IST" duration-ms="116312">
    <groups>
    </groups>
    <test started-at="2023-04-19T13:25:40 IST" name="Default test" finished-at="2023-04-19T13:27:37 IST" duration-ms="116312">
      <class name="Test_Suite.Wiley_NA_Cart_Test_Suite">
        <test-method is-config="true" signature="initiate(org.testng.ITestContext,java.lang.String)[pri:0, instance:Test_Suite.Wiley_NA_Cart_Test_Suite@6be968ce]" started-at="2023-04-19T13:25:40 IST" name="initiate" finished-at="2023-04-19T13:25:46 IST" duration-ms="5620" status="PASS">
          <params>
            <param index="0">
              <value>
                <![CDATA[org.testng.TestRunner@561d88ee]]>
              </value>
            </param>
            <param index="1">
              <value>
                <![CDATA[edge]]>
              </value>
            </param>
          </params>
          <reporter-output>
          </reporter-output>
        </test-method> <!-- initiate -->
        <test-method is-config="true" signature="launchBrowser()[pri:0, instance:Test_Suite.Wiley_NA_Cart_Test_Suite@6be968ce]" started-at="2023-04-19T13:25:46 IST" name="launchBrowser" finished-at="2023-04-19T13:25:46 IST" depends-on-methods="utilities.DriverModule.initiate" duration-ms="68" status="PASS">
          <reporter-output>
          </reporter-output>
        </test-method> <!-- launchBrowser -->
        <test-method is-config="true" signature="nameBefore(java.lang.reflect.Method)[pri:0, instance:Test_Suite.Wiley_NA_Cart_Test_Suite@6be968ce]" started-at="2023-04-19T13:25:46 IST" name="nameBefore" finished-at="2023-04-19T13:25:46 IST" duration-ms="1" status="PASS">
          <params>
            <param index="0">
              <value>
                <![CDATA[public void Test_Suite.Wiley_NA_Cart_Test_Suite.TC24_Verify_Shipping_Methods_for_POD_Products() throws java.io.IOException]]>
              </value>
            </param>
          </params>
          <reporter-output>
          </reporter-output>
        </test-method> <!-- nameBefore -->
        <test-method signature="TC24_Verify_Shipping_Methods_for_POD_Products()[pri:0, instance:Test_Suite.Wiley_NA_Cart_Test_Suite@6be968ce]" started-at="2023-04-19T13:25:46 IST" name="TC24_Verify_Shipping_Methods_for_POD_Products" finished-at="2023-04-19T13:27:34 IST" duration-ms="108106" status="PASS">
          <reporter-output>
          </reporter-output>
        </test-method> <!-- TC24_Verify_Shipping_Methods_for_POD_Products -->
        <test-method is-config="true" signature="nameAfter(java.lang.reflect.Method)[pri:0, instance:Test_Suite.Wiley_NA_Cart_Test_Suite@6be968ce]" started-at="2023-04-19T13:27:34 IST" name="nameAfter" finished-at="2023-04-19T13:27:34 IST" duration-ms="1" status="PASS">
          <params>
            <param index="0">
              <value>
                <![CDATA[public void Test_Suite.Wiley_NA_Cart_Test_Suite.TC24_Verify_Shipping_Methods_for_POD_Products() throws java.io.IOException]]>
              </value>
            </param>
          </params>
          <reporter-output>
          </reporter-output>
        </test-method> <!-- nameAfter -->
        <test-method is-config="true" signature="CloseBrowser()[pri:0, instance:Test_Suite.Wiley_NA_Cart_Test_Suite@6be968ce]" started-at="2023-04-19T13:27:34 IST" name="CloseBrowser" finished-at="2023-04-19T13:27:37 IST" duration-ms="2450" status="PASS">
          <reporter-output>
          </reporter-output>
        </test-method> <!-- CloseBrowser -->
      </class> <!-- Test_Suite.Wiley_NA_Cart_Test_Suite -->
    </test> <!-- Default test -->
  </suite> <!-- Default suite -->
</testng-results>
