<?xml version="1.0" encoding="UTF-8"?>
<testng-results ignored="32" total="33" passed="1" failed="0" skipped="0">
  <reporter-output>
  </reporter-output>
  <suite started-at="2023-03-01T16:10:09 IST" name="Default suite" finished-at="2023-03-01T16:11:04 IST" duration-ms="55340">
    <groups>
    </groups>
    <test started-at="2023-03-01T16:10:09 IST" name="Default test" finished-at="2023-03-01T16:11:04 IST" duration-ms="55340">
      <class name="Test_Suite.TestHarness_RegressionSuite">
        <test-method is-config="true" signature="initiate(org.testng.ITestContext)[pri:0, instance:Test_Suite.TestHarness_RegressionSuite@268f106e]" started-at="2023-03-01T16:10:09 IST" name="initiate" finished-at="2023-03-01T16:10:14 IST" duration-ms="5738" status="PASS">
          <params>
            <param index="0">
              <value>
                <![CDATA[org.testng.TestRunner@600bbf9e]]>
              </value>
            </param>
          </params>
          <reporter-output>
          </reporter-output>
        </test-method> <!-- initiate -->
        <test-method is-config="true" signature="initializeRepo()[pri:0, instance:Test_Suite.TestHarness_RegressionSuite@268f106e]" started-at="2023-03-01T16:10:14 IST" name="initializeRepo" finished-at="2023-03-01T16:10:14 IST" depends-on-methods="utilities.DriverModule.initiate" duration-ms="61" status="PASS">
          <reporter-output>
          </reporter-output>
        </test-method> <!-- initializeRepo -->
        <test-method signature="TC33_HTTP_Embedded_Auth_ES_Stripe_Validation()[pri:0, instance:Test_Suite.TestHarness_RegressionSuite@268f106e]" started-at="2023-03-01T16:10:14 IST" name="TC33_HTTP_Embedded_Auth_ES_Stripe_Validation" finished-at="2023-03-01T16:11:03 IST" duration-ms="48263" status="PASS">
          <reporter-output>
          </reporter-output>
        </test-method> <!-- TC33_HTTP_Embedded_Auth_ES_Stripe_Validation -->
        <test-method is-config="true" signature="CloseBrowser()[pri:0, instance:Test_Suite.TestHarness_RegressionSuite@268f106e]" started-at="2023-03-01T16:11:03 IST" name="CloseBrowser" finished-at="2023-03-01T16:11:04 IST" duration-ms="1198" status="PASS">
          <reporter-output>
          </reporter-output>
        </test-method> <!-- CloseBrowser -->
      </class> <!-- Test_Suite.TestHarness_RegressionSuite -->
    </test> <!-- Default test -->
  </suite> <!-- Default suite -->
</testng-results>
