<?xml version="1.0" encoding="UTF-8"?>
<testng-results ignored="26" total="27" passed="1" failed="0" skipped="0">
  <reporter-output>
  </reporter-output>
  <suite started-at="2023-04-19T19:01:55 IST" name="Default suite" finished-at="2023-04-19T19:03:57 IST" duration-ms="122222">
    <groups>
    </groups>
    <test started-at="2023-04-19T19:01:55 IST" name="Default test" finished-at="2023-04-19T19:03:57 IST" duration-ms="122222">
      <class name="TestSuite.WEL_Prod_Test_Suite">
        <test-method is-config="true" signature="initiate(org.testng.ITestContext,java.lang.String)[pri:0, instance:TestSuite.WEL_Prod_Test_Suite@27305e6]" started-at="2023-04-19T19:01:55 IST" name="initiate" finished-at="2023-04-19T19:02:03 IST" duration-ms="7676" status="PASS">
          <params>
            <param index="0">
              <value>
                <![CDATA[org.testng.TestRunner@6d874695]]>
              </value>
            </param>
            <param index="1">
              <value>
                <![CDATA[edge]]>
              </value>
            </param>
          </params>
          <reporter-output>
          </reporter-output>
        </test-method> <!-- initiate -->
        <test-method is-config="true" signature="initializeRepo()[pri:0, instance:TestSuite.WEL_Prod_Test_Suite@27305e6]" started-at="2023-04-19T19:02:03 IST" name="initializeRepo" finished-at="2023-04-19T19:02:03 IST" depends-on-methods="utilities.DriverModule.initiate" duration-ms="75" status="PASS">
          <reporter-output>
          </reporter-output>
        </test-method> <!-- initializeRepo -->
        <test-method is-config="true" signature="nameBefore(java.lang.reflect.Method)[pri:0, instance:TestSuite.WEL_Prod_Test_Suite@27305e6]" started-at="2023-04-19T19:02:03 IST" name="nameBefore" finished-at="2023-04-19T19:02:03 IST" duration-ms="2" status="PASS">
          <params>
            <param index="0">
              <value>
                <![CDATA[public void TestSuite.WEL_Prod_Test_Suite.TC27_Shipping_Charge_For_Multiple_Quantity() throws java.io.IOException]]>
              </value>
            </param>
          </params>
          <reporter-output>
          </reporter-output>
        </test-method> <!-- nameBefore -->
        <test-method signature="TC27_Shipping_Charge_For_Multiple_Quantity()[pri:0, instance:TestSuite.WEL_Prod_Test_Suite@27305e6]" started-at="2023-04-19T19:02:03 IST" name="TC27_Shipping_Charge_For_Multiple_Quantity" finished-at="2023-04-19T19:03:55 IST" duration-ms="112363" status="PASS">
          <reporter-output>
          </reporter-output>
        </test-method> <!-- TC27_Shipping_Charge_For_Multiple_Quantity -->
        <test-method is-config="true" signature="nameAfter(java.lang.reflect.Method)[pri:0, instance:TestSuite.WEL_Prod_Test_Suite@27305e6]" started-at="2023-04-19T19:03:55 IST" name="nameAfter" finished-at="2023-04-19T19:03:55 IST" duration-ms="3" status="PASS">
          <params>
            <param index="0">
              <value>
                <![CDATA[public void TestSuite.WEL_Prod_Test_Suite.TC27_Shipping_Charge_For_Multiple_Quantity() throws java.io.IOException]]>
              </value>
            </param>
          </params>
          <reporter-output>
          </reporter-output>
        </test-method> <!-- nameAfter -->
        <test-method is-config="true" signature="CloseBrowser()[pri:0, instance:TestSuite.WEL_Prod_Test_Suite@27305e6]" started-at="2023-04-19T19:03:55 IST" name="CloseBrowser" finished-at="2023-04-19T19:03:57 IST" duration-ms="2030" status="PASS">
          <reporter-output>
          </reporter-output>
        </test-method> <!-- CloseBrowser -->
      </class> <!-- TestSuite.WEL_Prod_Test_Suite -->
    </test> <!-- Default test -->
  </suite> <!-- Default suite -->
</testng-results>
