<?xml version="1.0" encoding="UTF-8"?>
<testng-results ignored="60" total="61" passed="1" failed="0" skipped="0">
  <reporter-output>
  </reporter-output>
  <suite started-at="2023-02-21T13:43:04 IST" name="Default suite" finished-at="2023-02-21T13:44:13 IST" duration-ms="69277">
    <groups>
    </groups>
    <test started-at="2023-02-21T13:43:04 IST" name="Default test" finished-at="2023-02-21T13:44:13 IST" duration-ms="69277">
      <class name="Test_Suite.WEL_Test_Suite">
        <test-method is-config="true" signature="initiate(org.testng.ITestContext)[pri:0, instance:Test_Suite.WEL_Test_Suite@2a693f59]" started-at="2023-02-21T13:43:04 IST" name="initiate" finished-at="2023-02-21T13:43:12 IST" duration-ms="8019" status="PASS">
          <params>
            <param index="0">
              <value>
                <![CDATA[org.testng.TestRunner@1e98b788]]>
              </value>
            </param>
          </params>
          <reporter-output>
          </reporter-output>
        </test-method> <!-- initiate -->
        <test-method is-config="true" signature="initializeRepo()[pri:0, instance:Test_Suite.WEL_Test_Suite@2a693f59]" started-at="2023-02-21T13:43:12 IST" name="initializeRepo" finished-at="2023-02-21T13:43:12 IST" depends-on-methods="utilities.DriverModule.initiate" duration-ms="163" status="PASS">
          <reporter-output>
          </reporter-output>
        </test-method> <!-- initializeRepo -->
        <test-method signature="TC14_ExtraDiscount_CouponCodeGOVT()[pri:0, instance:Test_Suite.WEL_Test_Suite@2a693f59]" started-at="2023-02-21T13:43:12 IST" name="TC14_ExtraDiscount_CouponCodeGOVT" finished-at="2023-02-21T13:44:11 IST" duration-ms="59086" status="PASS">
          <reporter-output>
          </reporter-output>
        </test-method> <!-- TC14_ExtraDiscount_CouponCodeGOVT -->
        <test-method is-config="true" signature="CloseBrowser()[pri:0, instance:Test_Suite.WEL_Test_Suite@2a693f59]" started-at="2023-02-21T13:44:11 IST" name="CloseBrowser" finished-at="2023-02-21T13:44:13 IST" duration-ms="1922" status="PASS">
          <reporter-output>
          </reporter-output>
        </test-method> <!-- CloseBrowser -->
      </class> <!-- Test_Suite.WEL_Test_Suite -->
    </test> <!-- Default test -->
  </suite> <!-- Default suite -->
</testng-results>
