<?xml version="1.0" encoding="UTF-8"?>
<testng-results ignored="25" total="26" passed="1" failed="0" skipped="0">
  <reporter-output>
  </reporter-output>
  <suite started-at="2023-03-23T12:09:12 IST" name="Default suite" finished-at="2023-03-23T12:18:29 IST" duration-ms="556634">
    <groups>
    </groups>
    <test started-at="2023-03-23T12:09:12 IST" name="Default test" finished-at="2023-03-23T12:18:29 IST" duration-ms="556634">
      <class name="Test_Suite.ClientPortal_RegressionSuite">
        <test-method is-config="true" signature="initiate(org.testng.ITestContext)[pri:0, instance:Test_Suite.ClientPortal_RegressionSuite@5386659f]" started-at="2023-03-23T12:09:12 IST" name="initiate" finished-at="2023-03-23T12:09:21 IST" duration-ms="8914" status="PASS">
          <params>
            <param index="0">
              <value>
                <![CDATA[org.testng.TestRunner@61be2a65]]>
              </value>
            </param>
          </params>
          <reporter-output>
          </reporter-output>
        </test-method> <!-- initiate -->
        <test-method is-config="true" signature="initializeRepo()[pri:0, instance:Test_Suite.ClientPortal_RegressionSuite@5386659f]" started-at="2023-03-23T12:09:21 IST" name="initializeRepo" finished-at="2023-03-23T12:09:21 IST" depends-on-methods="utilities.DriverModule.initiate" duration-ms="74" status="PASS">
          <reporter-output>
          </reporter-output>
        </test-method> <!-- initializeRepo -->
        <test-method signature="TC05_PromoteToProd_WPSAdmin()[pri:0, instance:Test_Suite.ClientPortal_RegressionSuite@5386659f]" started-at="2023-03-23T12:09:21 IST" name="TC05_PromoteToProd_WPSAdmin" finished-at="2023-03-23T12:18:27 IST" duration-ms="545928" status="PASS">
          <reporter-output>
          </reporter-output>
        </test-method> <!-- TC05_PromoteToProd_WPSAdmin -->
        <test-method is-config="true" signature="CloseBrowser()[pri:0, instance:Test_Suite.ClientPortal_RegressionSuite@5386659f]" started-at="2023-03-23T12:18:27 IST" name="CloseBrowser" finished-at="2023-03-23T12:18:29 IST" duration-ms="1621" status="PASS">
          <reporter-output>
          </reporter-output>
        </test-method> <!-- CloseBrowser -->
      </class> <!-- Test_Suite.ClientPortal_RegressionSuite -->
    </test> <!-- Default test -->
  </suite> <!-- Default suite -->
</testng-results>
