<?xml version="1.0" encoding="UTF-8"?>
<testng-results ignored="16" total="17" passed="1" failed="0" skipped="0">
  <reporter-output>
  </reporter-output>
  <suite started-at="2023-04-28T15:13:42 IST" name="Default suite" finished-at="2023-04-28T15:14:46 IST" duration-ms="64018">
    <groups>
    </groups>
    <test started-at="2023-04-28T15:13:42 IST" name="Default test" finished-at="2023-04-28T15:14:46 IST" duration-ms="64018">
      <class name="TestSuite.WileyPLUS_Prod_Test_Suite">
        <test-method is-config="true" signature="initiate(org.testng.ITestContext,java.lang.String)[pri:0, instance:TestSuite.WileyPLUS_Prod_Test_Suite@a8e6492]" started-at="2023-04-28T15:13:42 IST" name="initiate" finished-at="2023-04-28T15:13:49 IST" duration-ms="7150" status="PASS">
          <params>
            <param index="0">
              <value>
                <![CDATA[org.testng.TestRunner@3dbd7107]]>
              </value>
            </param>
            <param index="1">
              <value>
                <![CDATA[edge]]>
              </value>
            </param>
          </params>
          <reporter-output>
          </reporter-output>
        </test-method> <!-- initiate -->
        <test-method is-config="true" signature="launchBrowser()[pri:0, instance:TestSuite.WileyPLUS_Prod_Test_Suite@a8e6492]" started-at="2023-04-28T15:13:49 IST" name="launchBrowser" finished-at="2023-04-28T15:13:49 IST" depends-on-methods="utilities.DriverModule.initiate" duration-ms="45" status="PASS">
          <reporter-output>
          </reporter-output>
        </test-method> <!-- launchBrowser -->
        <test-method is-config="true" signature="nameBefore(java.lang.reflect.Method)[pri:0, instance:TestSuite.WileyPLUS_Prod_Test_Suite@a8e6492]" started-at="2023-04-28T15:13:49 IST" name="nameBefore" finished-at="2023-04-28T15:13:49 IST" duration-ms="0" status="PASS">
          <params>
            <param index="0">
              <value>
                <![CDATA[public void TestSuite.WileyPLUS_Prod_Test_Suite.TC07_Verify_Additional_UI_Adjustments_WileyPLUS_PDP() throws java.io.IOException]]>
              </value>
            </param>
          </params>
          <reporter-output>
          </reporter-output>
        </test-method> <!-- nameBefore -->
        <test-method signature="TC07_Verify_Additional_UI_Adjustments_WileyPLUS_PDP()[pri:0, instance:TestSuite.WileyPLUS_Prod_Test_Suite@a8e6492]" started-at="2023-04-28T15:13:49 IST" name="TC07_Verify_Additional_UI_Adjustments_WileyPLUS_PDP" finished-at="2023-04-28T15:14:44 IST" duration-ms="54662" status="PASS">
          <reporter-output>
          </reporter-output>
        </test-method> <!-- TC07_Verify_Additional_UI_Adjustments_WileyPLUS_PDP -->
        <test-method is-config="true" signature="nameAfter(java.lang.reflect.Method)[pri:0, instance:TestSuite.WileyPLUS_Prod_Test_Suite@a8e6492]" started-at="2023-04-28T15:14:44 IST" name="nameAfter" finished-at="2023-04-28T15:14:44 IST" duration-ms="1" status="PASS">
          <params>
            <param index="0">
              <value>
                <![CDATA[public void TestSuite.WileyPLUS_Prod_Test_Suite.TC07_Verify_Additional_UI_Adjustments_WileyPLUS_PDP() throws java.io.IOException]]>
              </value>
            </param>
          </params>
          <reporter-output>
          </reporter-output>
        </test-method> <!-- nameAfter -->
        <test-method is-config="true" signature="CloseBrowser()[pri:0, instance:TestSuite.WileyPLUS_Prod_Test_Suite@a8e6492]" started-at="2023-04-28T15:14:44 IST" name="CloseBrowser" finished-at="2023-04-28T15:14:46 IST" duration-ms="2086" status="PASS">
          <reporter-output>
          </reporter-output>
        </test-method> <!-- CloseBrowser -->
      </class> <!-- TestSuite.WileyPLUS_Prod_Test_Suite -->
    </test> <!-- Default test -->
  </suite> <!-- Default suite -->
</testng-results>
