<?xml version="1.0" encoding="UTF-8"?>
<testng-results ignored="0" total="32" passed="32" failed="0" skipped="0">
  <reporter-output>
  </reporter-output>
  <suite started-at="2023-01-18T18:51:39 IST" name="Default suite" finished-at="2023-01-18T19:03:36 IST" duration-ms="717212">
    <groups>
    </groups>
    <test started-at="2023-01-18T18:51:39 IST" name="Default test" finished-at="2023-01-18T19:03:36 IST" duration-ms="717212">
      <class name="Test_Suite.TestHarness_RegressionSuite">
        <test-method is-config="true" signature="initiate(org.testng.ITestContext)[pri:0, instance:Test_Suite.TestHarness_RegressionSuite@4a83a74a]" started-at="2023-01-18T18:51:39 IST" name="initiate" finished-at="2023-01-18T18:51:48 IST" duration-ms="9657" status="PASS">
          <params>
            <param index="0">
              <value>
                <![CDATA[org.testng.TestRunner@7dbad6d]]>
              </value>
            </param>
          </params>
          <reporter-output>
          </reporter-output>
        </test-method> <!-- initiate -->
        <test-method is-config="true" signature="initializeRepo()[pri:0, instance:Test_Suite.TestHarness_RegressionSuite@4a83a74a]" started-at="2023-01-18T18:51:48 IST" name="initializeRepo" finished-at="2023-01-18T18:51:49 IST" depends-on-methods="utilities.DriverModule.initiate" duration-ms="73" status="PASS">
          <reporter-output>
          </reporter-output>
        </test-method> <!-- initializeRepo -->
        <test-method signature="TC01_HTTP_Probe()[pri:0, instance:Test_Suite.TestHarness_RegressionSuite@4a83a74a]" started-at="2023-01-18T18:51:49 IST" name="TC01_HTTP_Probe" finished-at="2023-01-18T18:51:54 IST" duration-ms="5384" status="PASS">
          <reporter-output>
          </reporter-output>
        </test-method> <!-- TC01_HTTP_Probe -->
        <test-method signature="TC02_HTTP_Tokenise_Request_Response()[pri:0, instance:Test_Suite.TestHarness_RegressionSuite@4a83a74a]" started-at="2023-01-18T18:51:54 IST" name="TC02_HTTP_Tokenise_Request_Response" finished-at="2023-01-18T18:52:32 IST" duration-ms="38334" status="PASS">
          <reporter-output>
          </reporter-output>
        </test-method> <!-- TC02_HTTP_Tokenise_Request_Response -->
        <test-method signature="TC03_HTTP_Tokenise_IFrame()[pri:0, instance:Test_Suite.TestHarness_RegressionSuite@4a83a74a]" started-at="2023-01-18T18:52:32 IST" name="TC03_HTTP_Tokenise_IFrame" finished-at="2023-01-18T18:52:42 IST" duration-ms="10007" status="PASS">
          <reporter-output>
          </reporter-output>
        </test-method> <!-- TC03_HTTP_Tokenise_IFrame -->
        <test-method signature="TC04_HTTP_Tokenise_ES_Stripe_Validation()[pri:0, instance:Test_Suite.TestHarness_RegressionSuite@4a83a74a]" started-at="2023-01-18T18:52:42 IST" name="TC04_HTTP_Tokenise_ES_Stripe_Validation" finished-at="2023-01-18T18:53:14 IST" duration-ms="31401" status="PASS">
          <reporter-output>
          </reporter-output>
        </test-method> <!-- TC04_HTTP_Tokenise_ES_Stripe_Validation -->
        <test-method signature="TC05_HTTP_Tokenise_Error_Message()[pri:0, instance:Test_Suite.TestHarness_RegressionSuite@4a83a74a]" started-at="2023-01-18T18:53:14 IST" name="TC05_HTTP_Tokenise_Error_Message" finished-at="2023-01-18T18:53:42 IST" duration-ms="28111" status="PASS">
          <reporter-output>
          </reporter-output>
        </test-method> <!-- TC05_HTTP_Tokenise_Error_Message -->
        <test-method signature="TC06_HTTP_Validate_Request_Response()[pri:0, instance:Test_Suite.TestHarness_RegressionSuite@4a83a74a]" started-at="2023-01-18T18:53:42 IST" name="TC06_HTTP_Validate_Request_Response" finished-at="2023-01-18T18:54:10 IST" duration-ms="28197" status="PASS">
          <reporter-output>
          </reporter-output>
        </test-method> <!-- TC06_HTTP_Validate_Request_Response -->
        <test-method signature="TC07_HTTP_Validate_IFrame()[pri:0, instance:Test_Suite.TestHarness_RegressionSuite@4a83a74a]" started-at="2023-01-18T18:54:10 IST" name="TC07_HTTP_Validate_IFrame" finished-at="2023-01-18T18:54:20 IST" duration-ms="9635" status="PASS">
          <reporter-output>
          </reporter-output>
        </test-method> <!-- TC07_HTTP_Validate_IFrame -->
        <test-method signature="TC08_HTTP_Validate_ES_Stripe_Validation()[pri:0, instance:Test_Suite.TestHarness_RegressionSuite@4a83a74a]" started-at="2023-01-18T18:54:20 IST" name="TC08_HTTP_Validate_ES_Stripe_Validation" finished-at="2023-01-18T18:54:47 IST" duration-ms="27112" status="PASS">
          <reporter-output>
          </reporter-output>
        </test-method> <!-- TC08_HTTP_Validate_ES_Stripe_Validation -->
        <test-method signature="TC09_HTTP_Validate_Error_Message()[pri:0, instance:Test_Suite.TestHarness_RegressionSuite@4a83a74a]" started-at="2023-01-18T18:54:47 IST" name="TC09_HTTP_Validate_Error_Message" finished-at="2023-01-18T18:55:14 IST" duration-ms="27510" status="PASS">
          <reporter-output>
          </reporter-output>
        </test-method> <!-- TC09_HTTP_Validate_Error_Message -->
        <test-method signature="TC10_HTTP_Authorise_ES_Stripe_Validation()[pri:0, instance:Test_Suite.TestHarness_RegressionSuite@4a83a74a]" started-at="2023-01-18T18:55:14 IST" name="TC10_HTTP_Authorise_ES_Stripe_Validation" finished-at="2023-01-18T18:55:44 IST" duration-ms="29349" status="PASS">
          <reporter-output>
          </reporter-output>
        </test-method> <!-- TC10_HTTP_Authorise_ES_Stripe_Validation -->
        <test-method signature="TC11_HTTP_Authorise_Error_Message()[pri:0, instance:Test_Suite.TestHarness_RegressionSuite@4a83a74a]" started-at="2023-01-18T18:55:44 IST" name="TC11_HTTP_Authorise_Error_Message" finished-at="2023-01-18T18:55:54 IST" duration-ms="10661" status="PASS">
          <reporter-output>
          </reporter-output>
        </test-method> <!-- TC11_HTTP_Authorise_Error_Message -->
        <test-method signature="TC12_HTTP_AuthSettle_ES_Stripe_Validation()[pri:0, instance:Test_Suite.TestHarness_RegressionSuite@4a83a74a]" started-at="2023-01-18T18:55:54 IST" name="TC12_HTTP_AuthSettle_ES_Stripe_Validation" finished-at="2023-01-18T18:56:28 IST" duration-ms="33334" status="PASS">
          <reporter-output>
          </reporter-output>
        </test-method> <!-- TC12_HTTP_AuthSettle_ES_Stripe_Validation -->
        <test-method signature="TC13_HTTP_AuthSettle_Error_Message()[pri:0, instance:Test_Suite.TestHarness_RegressionSuite@4a83a74a]" started-at="2023-01-18T18:56:28 IST" name="TC13_HTTP_AuthSettle_Error_Message" finished-at="2023-01-18T18:56:40 IST" duration-ms="12190" status="PASS">
          <reporter-output>
          </reporter-output>
        </test-method> <!-- TC13_HTTP_AuthSettle_Error_Message -->
        <test-method signature="TC14_HTTP_TokenAuth_ES_Stripe_Validation()[pri:0, instance:Test_Suite.TestHarness_RegressionSuite@4a83a74a]" started-at="2023-01-18T18:56:40 IST" name="TC14_HTTP_TokenAuth_ES_Stripe_Validation" finished-at="2023-01-18T18:57:05 IST" duration-ms="25309" status="PASS">
          <reporter-output>
          </reporter-output>
        </test-method> <!-- TC14_HTTP_TokenAuth_ES_Stripe_Validation -->
        <test-method signature="TC15_HTTP_Validate_for_Token_Auth_Error_Message()[pri:0, instance:Test_Suite.TestHarness_RegressionSuite@4a83a74a]" started-at="2023-01-18T18:57:05 IST" name="TC15_HTTP_Validate_for_Token_Auth_Error_Message" finished-at="2023-01-18T18:57:33 IST" duration-ms="28154" status="PASS">
          <reporter-output>
          </reporter-output>
        </test-method> <!-- TC15_HTTP_Validate_for_Token_Auth_Error_Message -->
        <test-method signature="TC16_HTTP_TokenSettle_ES_Stripe_Validation()[pri:0, instance:Test_Suite.TestHarness_RegressionSuite@4a83a74a]" started-at="2023-01-18T18:57:33 IST" name="TC16_HTTP_TokenSettle_ES_Stripe_Validation" finished-at="2023-01-18T18:57:58 IST" duration-ms="24835" status="PASS">
          <reporter-output>
          </reporter-output>
        </test-method> <!-- TC16_HTTP_TokenSettle_ES_Stripe_Validation -->
        <test-method signature="TC17_HTTP_Validate_for_Token_Settle_Error_Message()[pri:0, instance:Test_Suite.TestHarness_RegressionSuite@4a83a74a]" started-at="2023-01-18T18:57:58 IST" name="TC17_HTTP_Validate_for_Token_Settle_Error_Message" finished-at="2023-01-18T18:58:22 IST" duration-ms="23430" status="PASS">
          <reporter-output>
          </reporter-output>
        </test-method> <!-- TC17_HTTP_Validate_for_Token_Settle_Error_Message -->
        <test-method signature="TC18_HTTP_TokenAuthSettle_ES_Stripe_Validation()[pri:0, instance:Test_Suite.TestHarness_RegressionSuite@4a83a74a]" started-at="2023-01-18T18:58:22 IST" name="TC18_HTTP_TokenAuthSettle_ES_Stripe_Validation" finished-at="2023-01-18T18:58:44 IST" duration-ms="22513" status="PASS">
          <reporter-output>
          </reporter-output>
        </test-method> <!-- TC18_HTTP_TokenAuthSettle_ES_Stripe_Validation -->
        <test-method signature="TC19_HTTP_Validate_for_Token_Auth_Settle_Error_Message()[pri:0, instance:Test_Suite.TestHarness_RegressionSuite@4a83a74a]" started-at="2023-01-18T18:58:44 IST" name="TC19_HTTP_Validate_for_Token_Auth_Settle_Error_Message" finished-at="2023-01-18T18:59:05 IST" duration-ms="21243" status="PASS">
          <reporter-output>
          </reporter-output>
        </test-method> <!-- TC19_HTTP_Validate_for_Token_Auth_Settle_Error_Message -->
        <test-method signature="TC20_HTTP_VoidAuth_ES_Stripe_Validation()[pri:0, instance:Test_Suite.TestHarness_RegressionSuite@4a83a74a]" started-at="2023-01-18T18:59:05 IST" name="TC20_HTTP_VoidAuth_ES_Stripe_Validation" finished-at="2023-01-18T18:59:28 IST" duration-ms="22149" status="PASS">
          <reporter-output>
          </reporter-output>
        </test-method> <!-- TC20_HTTP_VoidAuth_ES_Stripe_Validation -->
        <test-method signature="TC21_HTTP_Validate_for_Void_Auth_Error_Message()[pri:0, instance:Test_Suite.TestHarness_RegressionSuite@4a83a74a]" started-at="2023-01-18T18:59:28 IST" name="TC21_HTTP_Validate_for_Void_Auth_Error_Message" finished-at="2023-01-18T18:59:53 IST" duration-ms="25367" status="PASS">
          <reporter-output>
          </reporter-output>
        </test-method> <!-- TC21_HTTP_Validate_for_Void_Auth_Error_Message -->
        <test-method signature="TC22_SOAP_Probe_ES_Stripe_Validation()[pri:0, instance:Test_Suite.TestHarness_RegressionSuite@4a83a74a]" started-at="2023-01-18T18:59:53 IST" name="TC22_SOAP_Probe_ES_Stripe_Validation" finished-at="2023-01-18T19:00:00 IST" duration-ms="6637" status="PASS">
          <reporter-output>
          </reporter-output>
        </test-method> <!-- TC22_SOAP_Probe_ES_Stripe_Validation -->
        <test-method signature="TC23_SOAP_Probe_Error_Message_Validation()[pri:0, instance:Test_Suite.TestHarness_RegressionSuite@4a83a74a]" started-at="2023-01-18T19:00:00 IST" name="TC23_SOAP_Probe_Error_Message_Validation" finished-at="2023-01-18T19:00:10 IST" duration-ms="10782" status="PASS">
          <reporter-output>
          </reporter-output>
        </test-method> <!-- TC23_SOAP_Probe_Error_Message_Validation -->
        <test-method signature="TC24_SOAP_TokenAuth_ES_Stripe_Validation()[pri:0, instance:Test_Suite.TestHarness_RegressionSuite@4a83a74a]" started-at="2023-01-18T19:00:10 IST" name="TC24_SOAP_TokenAuth_ES_Stripe_Validation" finished-at="2023-01-18T19:00:30 IST" duration-ms="19823" status="PASS">
          <reporter-output>
          </reporter-output>
        </test-method> <!-- TC24_SOAP_TokenAuth_ES_Stripe_Validation -->
        <test-method signature="TC25_SOAP_TokenAuth_Error_Message_Validation()[pri:0, instance:Test_Suite.TestHarness_RegressionSuite@4a83a74a]" started-at="2023-01-18T19:00:30 IST" name="TC25_SOAP_TokenAuth_Error_Message_Validation" finished-at="2023-01-18T19:00:50 IST" duration-ms="19335" status="PASS">
          <reporter-output>
          </reporter-output>
        </test-method> <!-- TC25_SOAP_TokenAuth_Error_Message_Validation -->
        <test-method signature="TC26_SOAP_TokenSettle_ES_Stripe_Validation()[pri:0, instance:Test_Suite.TestHarness_RegressionSuite@4a83a74a]" started-at="2023-01-18T19:00:50 IST" name="TC26_SOAP_TokenSettle_ES_Stripe_Validation" finished-at="2023-01-18T19:01:10 IST" duration-ms="20319" status="PASS">
          <reporter-output>
          </reporter-output>
        </test-method> <!-- TC26_SOAP_TokenSettle_ES_Stripe_Validation -->
        <test-method signature="TC27_SOAP_TokenSettle_Error_Message_Validation()[pri:0, instance:Test_Suite.TestHarness_RegressionSuite@4a83a74a]" started-at="2023-01-18T19:01:10 IST" name="TC27_SOAP_TokenSettle_Error_Message_Validation" finished-at="2023-01-18T19:01:30 IST" duration-ms="19836" status="PASS">
          <reporter-output>
          </reporter-output>
        </test-method> <!-- TC27_SOAP_TokenSettle_Error_Message_Validation -->
        <test-method signature="TC28_SOAP_TokenAuthSettle_ES_Stripe_Validation()[pri:0, instance:Test_Suite.TestHarness_RegressionSuite@4a83a74a]" started-at="2023-01-18T19:01:30 IST" name="TC28_SOAP_TokenAuthSettle_ES_Stripe_Validation" finished-at="2023-01-18T19:01:54 IST" duration-ms="23932" status="PASS">
          <reporter-output>
          </reporter-output>
        </test-method> <!-- TC28_SOAP_TokenAuthSettle_ES_Stripe_Validation -->
        <test-method signature="TC29_SOAP_TokenAuthSettle_Error_Message()[pri:0, instance:Test_Suite.TestHarness_RegressionSuite@4a83a74a]" started-at="2023-01-18T19:01:54 IST" name="TC29_SOAP_TokenAuthSettle_Error_Message" finished-at="2023-01-18T19:02:04 IST" duration-ms="10717" status="PASS">
          <reporter-output>
          </reporter-output>
        </test-method> <!-- TC29_SOAP_TokenAuthSettle_Error_Message -->
        <test-method signature="TC30_SOAP_TokenRefund_ES_Stripe_Validation()[pri:0, instance:Test_Suite.TestHarness_RegressionSuite@4a83a74a]" started-at="2023-01-18T19:02:04 IST" name="TC30_SOAP_TokenRefund_ES_Stripe_Validation" finished-at="2023-01-18T19:02:26 IST" duration-ms="22032" status="PASS">
          <reporter-output>
          </reporter-output>
        </test-method> <!-- TC30_SOAP_TokenRefund_ES_Stripe_Validation -->
        <test-method signature="TC31_SOAP_VoidAuth_ES_Stripe_Validation()[pri:0, instance:Test_Suite.TestHarness_RegressionSuite@4a83a74a]" started-at="2023-01-18T19:02:26 IST" name="TC31_SOAP_VoidAuth_ES_Stripe_Validation" finished-at="2023-01-18T19:03:21 IST" duration-ms="54963" status="PASS">
          <reporter-output>
          </reporter-output>
        </test-method> <!-- TC31_SOAP_VoidAuth_ES_Stripe_Validation -->
        <test-method signature="TC32_SOAP_VoidAuth_Error_Message()[pri:0, instance:Test_Suite.TestHarness_RegressionSuite@4a83a74a]" started-at="2023-01-18T19:03:21 IST" name="TC32_SOAP_VoidAuth_Error_Message" finished-at="2023-01-18T19:03:33 IST" duration-ms="11750" status="PASS">
          <reporter-output>
          </reporter-output>
        </test-method> <!-- TC32_SOAP_VoidAuth_Error_Message -->
        <test-method is-config="true" signature="CloseBrowser()[pri:0, instance:Test_Suite.TestHarness_RegressionSuite@4a83a74a]" started-at="2023-01-18T19:03:33 IST" name="CloseBrowser" finished-at="2023-01-18T19:03:36 IST" duration-ms="2831" status="PASS">
          <reporter-output>
          </reporter-output>
        </test-method> <!-- CloseBrowser -->
      </class> <!-- Test_Suite.TestHarness_RegressionSuite -->
    </test> <!-- Default test -->
  </suite> <!-- Default suite -->
</testng-results>
