<?xml version="1.0" encoding="UTF-8"?>
<testng-results ignored="18" total="19" passed="1" failed="0" skipped="0">
  <reporter-output>
  </reporter-output>
  <suite started-at="2023-01-09T18:40:42 IST" name="Default suite" finished-at="2023-01-09T18:42:43 IST" duration-ms="121113">
    <groups>
    </groups>
    <test started-at="2023-01-09T18:40:42 IST" name="Default test" finished-at="2023-01-09T18:42:43 IST" duration-ms="121113">
      <class name="Test_Suite.WileyPLUS_Test_Suite">
        <test-method is-config="true" signature="initiate(org.testng.ITestContext)[pri:0, instance:Test_Suite.WileyPLUS_Test_Suite@2d901eb0]" started-at="2023-01-09T18:40:42 IST" name="initiate" finished-at="2023-01-09T18:40:46 IST" duration-ms="4588" status="PASS">
          <params>
            <param index="0">
              <value>
                <![CDATA[org.testng.TestRunner@6bce4140]]>
              </value>
            </param>
          </params>
          <reporter-output>
          </reporter-output>
        </test-method> <!-- initiate -->
        <test-method is-config="true" signature="launchBrowser()[pri:0, instance:Test_Suite.WileyPLUS_Test_Suite@2d901eb0]" started-at="2023-01-09T18:40:46 IST" name="launchBrowser" finished-at="2023-01-09T18:40:46 IST" depends-on-methods="utilities.DriverModule.initiate" duration-ms="52" status="PASS">
          <reporter-output>
          </reporter-output>
        </test-method> <!-- launchBrowser -->
        <test-method signature="TC13_Global_Country_List_In_Shipping()[pri:0, instance:Test_Suite.WileyPLUS_Test_Suite@2d901eb0]" started-at="2023-01-09T18:40:46 IST" name="TC13_Global_Country_List_In_Shipping" finished-at="2023-01-09T18:42:39 IST" duration-ms="113066" status="PASS">
          <reporter-output>
          </reporter-output>
        </test-method> <!-- TC13_Global_Country_List_In_Shipping -->
        <test-method is-config="true" signature="CloseBrowser()[pri:0, instance:Test_Suite.WileyPLUS_Test_Suite@2d901eb0]" started-at="2023-01-09T18:42:39 IST" name="CloseBrowser" finished-at="2023-01-09T18:42:43 IST" duration-ms="3317" status="PASS">
          <reporter-output>
          </reporter-output>
        </test-method> <!-- CloseBrowser -->
      </class> <!-- Test_Suite.WileyPLUS_Test_Suite -->
    </test> <!-- Default test -->
  </suite> <!-- Default suite -->
</testng-results>
