<?xml version="1.0" encoding="UTF-8"?>
<testng-results ignored="55" total="57" passed="2" failed="0" skipped="0">
  <reporter-output>
  </reporter-output>
  <suite started-at="2023-02-02T22:33:42 IST" name="PPE_Regression" finished-at="2023-02-02T22:36:44 IST" duration-ms="182447">
    <groups>
    </groups>
    <test started-at="2023-02-02T22:33:42 IST" name="Wiley_Test_Suite" finished-at="2023-02-02T22:36:44 IST" duration-ms="182447">
      <class name="Test_Suite.WEL_Test_Suite">
        <test-method is-config="true" signature="initiate(org.testng.ITestContext)[pri:0, instance:Test_Suite.WEL_Test_Suite@70ed52de]" started-at="2023-02-02T22:33:42 IST" name="initiate" finished-at="2023-02-02T22:33:50 IST" duration-ms="7922" status="PASS">
          <params>
            <param index="0">
              <value>
                <![CDATA[org.testng.TestRunner@1a88c4f5]]>
              </value>
            </param>
          </params>
          <reporter-output>
          </reporter-output>
        </test-method> <!-- initiate -->
        <test-method is-config="true" signature="initializeRepo()[pri:0, instance:Test_Suite.WEL_Test_Suite@70ed52de]" started-at="2023-02-02T22:33:50 IST" name="initializeRepo" finished-at="2023-02-02T22:33:50 IST" depends-on-methods="utilities.DriverModule.initiate" duration-ms="120" status="PASS">
          <reporter-output>
          </reporter-output>
        </test-method> <!-- initializeRepo -->
        <test-method signature="TC75_Check_Add_To_Cart_Functionality_for_Heads_Up_Validation()[pri:0, instance:Test_Suite.WEL_Test_Suite@70ed52de]" started-at="2023-02-02T22:33:50 IST" name="TC75_Check_Add_To_Cart_Functionality_for_Heads_Up_Validation" finished-at="2023-02-02T22:35:17 IST" duration-ms="86719" status="PASS">
          <reporter-output>
          </reporter-output>
        </test-method> <!-- TC75_Check_Add_To_Cart_Functionality_for_Heads_Up_Validation -->
        <test-method signature="TC79_Email_Format_Validation()[pri:0, instance:Test_Suite.WEL_Test_Suite@70ed52de]" started-at="2023-02-02T22:35:17 IST" name="TC79_Email_Format_Validation" finished-at="2023-02-02T22:36:41 IST" duration-ms="83902" status="PASS">
          <reporter-output>
          </reporter-output>
        </test-method> <!-- TC79_Email_Format_Validation -->
        <test-method is-config="true" signature="CloseBrowser()[pri:0, instance:Test_Suite.WEL_Test_Suite@70ed52de]" started-at="2023-02-02T22:36:41 IST" name="CloseBrowser" finished-at="2023-02-02T22:36:44 IST" duration-ms="3304" status="PASS">
          <reporter-output>
          </reporter-output>
        </test-method> <!-- CloseBrowser -->
      </class> <!-- Test_Suite.WEL_Test_Suite -->
    </test> <!-- Wiley_Test_Suite -->
  </suite> <!-- PPE_Regression -->
</testng-results>
