<?xml version="1.0" encoding="UTF-8"?>
<testng-results ignored="24" total="25" passed="1" failed="0" skipped="0">
  <reporter-output>
  </reporter-output>
  <suite started-at="2023-04-18T17:38:08 IST" name="Default suite" finished-at="2023-04-18T17:38:57 IST" duration-ms="48845">
    <groups>
    </groups>
    <test started-at="2023-04-18T17:38:08 IST" name="Default test" finished-at="2023-04-18T17:38:57 IST" duration-ms="48845">
      <class name="TestSuite.Wiley_Prod_Test_Suite">
        <test-method is-config="true" signature="initiate(org.testng.ITestContext,java.lang.String)[pri:0, instance:TestSuite.Wiley_Prod_Test_Suite@6f8f9349]" started-at="2023-04-18T17:38:08 IST" name="initiate" finished-at="2023-04-18T17:38:15 IST" duration-ms="7574" status="PASS">
          <params>
            <param index="0">
              <value>
                <![CDATA[org.testng.TestRunner@44e4cb76]]>
              </value>
            </param>
            <param index="1">
              <value>
                <![CDATA[edge]]>
              </value>
            </param>
          </params>
          <reporter-output>
          </reporter-output>
        </test-method> <!-- initiate -->
        <test-method is-config="true" signature="launchBrowser()[pri:0, instance:TestSuite.Wiley_Prod_Test_Suite@6f8f9349]" started-at="2023-04-18T17:38:15 IST" name="launchBrowser" finished-at="2023-04-18T17:38:16 IST" depends-on-methods="utilities.DriverModule.initiate" duration-ms="90" status="PASS">
          <reporter-output>
          </reporter-output>
        </test-method> <!-- launchBrowser -->
        <test-method is-config="true" signature="nameBefore(java.lang.reflect.Method)[pri:0, instance:TestSuite.Wiley_Prod_Test_Suite@6f8f9349]" started-at="2023-04-18T17:38:16 IST" name="nameBefore" finished-at="2023-04-18T17:38:16 IST" duration-ms="1" status="PASS">
          <params>
            <param index="0">
              <value>
                <![CDATA[public void TestSuite.Wiley_Prod_Test_Suite.TC15_Product_Search_Results_Page_Facet_Validation() throws java.io.IOException]]>
              </value>
            </param>
          </params>
          <reporter-output>
          </reporter-output>
        </test-method> <!-- nameBefore -->
        <test-method signature="TC15_Product_Search_Results_Page_Facet_Validation()[pri:0, instance:TestSuite.Wiley_Prod_Test_Suite@6f8f9349]" started-at="2023-04-18T17:38:16 IST" name="TC15_Product_Search_Results_Page_Facet_Validation" finished-at="2023-04-18T17:38:54 IST" duration-ms="38585" status="PASS">
          <reporter-output>
          </reporter-output>
        </test-method> <!-- TC15_Product_Search_Results_Page_Facet_Validation -->
        <test-method is-config="true" signature="nameAfter(java.lang.reflect.Method)[pri:0, instance:TestSuite.Wiley_Prod_Test_Suite@6f8f9349]" started-at="2023-04-18T17:38:54 IST" name="nameAfter" finished-at="2023-04-18T17:38:54 IST" duration-ms="6" status="PASS">
          <params>
            <param index="0">
              <value>
                <![CDATA[public void TestSuite.Wiley_Prod_Test_Suite.TC15_Product_Search_Results_Page_Facet_Validation() throws java.io.IOException]]>
              </value>
            </param>
          </params>
          <reporter-output>
          </reporter-output>
        </test-method> <!-- nameAfter -->
        <test-method is-config="true" signature="CloseBrowser()[pri:0, instance:TestSuite.Wiley_Prod_Test_Suite@6f8f9349]" started-at="2023-04-18T17:38:54 IST" name="CloseBrowser" finished-at="2023-04-18T17:38:57 IST" duration-ms="2510" status="PASS">
          <reporter-output>
          </reporter-output>
        </test-method> <!-- CloseBrowser -->
      </class> <!-- TestSuite.Wiley_Prod_Test_Suite -->
    </test> <!-- Default test -->
  </suite> <!-- Default suite -->
</testng-results>
