<?xml version="1.0" encoding="UTF-8"?>
<testng-results ignored="40" total="41" passed="1" failed="0" skipped="0">
  <reporter-output>
  </reporter-output>
  <suite started-at="2023-03-15T16:16:54 IST" name="Default suite" finished-at="2023-03-15T16:18:18 IST" duration-ms="83764">
    <groups>
    </groups>
    <test started-at="2023-03-15T16:16:54 IST" name="Default test" finished-at="2023-03-15T16:18:18 IST" duration-ms="83764">
      <class name="Test_Suite.Wiley_NA_Cart_Test_Suite">
        <test-method is-config="true" signature="initiate(org.testng.ITestContext)[pri:0, instance:Test_Suite.Wiley_NA_Cart_Test_Suite@514646ef]" started-at="2023-03-15T16:16:54 IST" name="initiate" finished-at="2023-03-15T16:17:01 IST" duration-ms="7111" status="PASS">
          <params>
            <param index="0">
              <value>
                <![CDATA[org.testng.TestRunner@231cdda8]]>
              </value>
            </param>
          </params>
          <reporter-output>
          </reporter-output>
        </test-method> <!-- initiate -->
        <test-method is-config="true" signature="launchBrowser()[pri:0, instance:Test_Suite.Wiley_NA_Cart_Test_Suite@514646ef]" started-at="2023-03-15T16:17:01 IST" name="launchBrowser" finished-at="2023-03-15T16:17:01 IST" depends-on-methods="utilities.DriverModule.initiate" duration-ms="77" status="PASS">
          <reporter-output>
          </reporter-output>
        </test-method> <!-- launchBrowser -->
        <test-method is-config="true" signature="nameBefore(java.lang.reflect.Method)[pri:0, instance:Test_Suite.Wiley_NA_Cart_Test_Suite@514646ef]" started-at="2023-03-15T16:17:01 IST" name="nameBefore" finished-at="2023-03-15T16:17:01 IST" duration-ms="1" status="PASS">
          <params>
            <param index="0">
              <value>
                <![CDATA[public void Test_Suite.Wiley_NA_Cart_Test_Suite.TC41_Create_Account_Funtionality_With_Wrong_Password_Formats() throws java.io.IOException]]>
              </value>
            </param>
          </params>
          <reporter-output>
          </reporter-output>
        </test-method> <!-- nameBefore -->
        <test-method signature="TC41_Create_Account_Funtionality_With_Wrong_Password_Formats()[pri:0, instance:Test_Suite.Wiley_NA_Cart_Test_Suite@514646ef]" started-at="2023-03-15T16:17:01 IST" name="TC41_Create_Account_Funtionality_With_Wrong_Password_Formats" finished-at="2023-03-15T16:18:15 IST" duration-ms="73079" status="PASS">
          <reporter-output>
          </reporter-output>
        </test-method> <!-- TC41_Create_Account_Funtionality_With_Wrong_Password_Formats -->
        <test-method is-config="true" signature="nameAfter(java.lang.reflect.Method)[pri:0, instance:Test_Suite.Wiley_NA_Cart_Test_Suite@514646ef]" started-at="2023-03-15T16:18:15 IST" name="nameAfter" finished-at="2023-03-15T16:18:15 IST" duration-ms="1" status="PASS">
          <params>
            <param index="0">
              <value>
                <![CDATA[public void Test_Suite.Wiley_NA_Cart_Test_Suite.TC41_Create_Account_Funtionality_With_Wrong_Password_Formats() throws java.io.IOException]]>
              </value>
            </param>
          </params>
          <reporter-output>
          </reporter-output>
        </test-method> <!-- nameAfter -->
        <test-method is-config="true" signature="CloseBrowser()[pri:0, instance:Test_Suite.Wiley_NA_Cart_Test_Suite@514646ef]" started-at="2023-03-15T16:18:15 IST" name="CloseBrowser" finished-at="2023-03-15T16:18:18 IST" duration-ms="3439" status="PASS">
          <reporter-output>
          </reporter-output>
        </test-method> <!-- CloseBrowser -->
      </class> <!-- Test_Suite.Wiley_NA_Cart_Test_Suite -->
    </test> <!-- Default test -->
  </suite> <!-- Default suite -->
</testng-results>
