<?xml version="1.0" encoding="UTF-8"?>
<testng-results ignored="0" total="6" passed="6" failed="0" skipped="0">
  <reporter-output>
  </reporter-output>
  <suite started-at="2023-04-13T11:54:02 IST" name="Default suite" finished-at="2023-04-13T12:01:06 IST" duration-ms="424823">
    <groups>
    </groups>
    <test started-at="2023-04-13T11:54:02 IST" name="Default test" finished-at="2023-04-13T12:01:06 IST" duration-ms="424823">
      <class name="TestSuite.WEL_Prod_Test_Suite">
        <test-method is-config="true" signature="initiate(org.testng.ITestContext,java.lang.String)[pri:0, instance:TestSuite.WEL_Prod_Test_Suite@422c3c7a]" started-at="2023-04-13T11:54:02 IST" name="initiate" finished-at="2023-04-13T11:54:09 IST" duration-ms="7892" status="PASS">
          <params>
            <param index="0">
              <value>
                <![CDATA[org.testng.TestRunner@116fc29e]]>
              </value>
            </param>
            <param index="1">
              <value>
                <![CDATA[edge]]>
              </value>
            </param>
          </params>
          <reporter-output>
          </reporter-output>
        </test-method> <!-- initiate -->
        <test-method is-config="true" signature="initializeRepo()[pri:0, instance:TestSuite.WEL_Prod_Test_Suite@422c3c7a]" started-at="2023-04-13T11:54:09 IST" name="initializeRepo" finished-at="2023-04-13T11:54:10 IST" depends-on-methods="utilities.DriverModule.initiate" duration-ms="78" status="PASS">
          <reporter-output>
          </reporter-output>
        </test-method> <!-- initializeRepo -->
        <test-method is-config="true" signature="nameBefore(java.lang.reflect.Method)[pri:0, instance:TestSuite.WEL_Prod_Test_Suite@422c3c7a]" started-at="2023-04-13T11:54:10 IST" name="nameBefore" finished-at="2023-04-13T11:54:10 IST" duration-ms="1" status="PASS">
          <params>
            <param index="0">
              <value>
                <![CDATA[public void TestSuite.WEL_Prod_Test_Suite.TC01_Standalone_User_Registration() throws java.io.IOException]]>
              </value>
            </param>
          </params>
          <reporter-output>
          </reporter-output>
        </test-method> <!-- nameBefore -->
        <test-method signature="TC01_Standalone_User_Registration()[pri:0, instance:TestSuite.WEL_Prod_Test_Suite@422c3c7a]" started-at="2023-04-13T11:54:10 IST" name="TC01_Standalone_User_Registration" finished-at="2023-04-13T11:54:53 IST" duration-ms="43619" status="PASS">
          <reporter-output>
          </reporter-output>
        </test-method> <!-- TC01_Standalone_User_Registration -->
        <test-method is-config="true" signature="nameAfter(java.lang.reflect.Method)[pri:0, instance:TestSuite.WEL_Prod_Test_Suite@422c3c7a]" started-at="2023-04-13T11:54:53 IST" name="nameAfter" finished-at="2023-04-13T11:54:53 IST" duration-ms="24" status="PASS">
          <params>
            <param index="0">
              <value>
                <![CDATA[public void TestSuite.WEL_Prod_Test_Suite.TC01_Standalone_User_Registration() throws java.io.IOException]]>
              </value>
            </param>
          </params>
          <reporter-output>
          </reporter-output>
        </test-method> <!-- nameAfter -->
        <test-method is-config="true" signature="nameBefore(java.lang.reflect.Method)[pri:0, instance:TestSuite.WEL_Prod_Test_Suite@422c3c7a]" started-at="2023-04-13T11:54:53 IST" name="nameBefore" finished-at="2023-04-13T11:54:53 IST" duration-ms="1" status="PASS">
          <params>
            <param index="0">
              <value>
                <![CDATA[public void TestSuite.WEL_Prod_Test_Suite.TC02_Login_With_Newly_Registered_User() throws java.io.IOException]]>
              </value>
            </param>
          </params>
          <reporter-output>
          </reporter-output>
        </test-method> <!-- nameBefore -->
        <test-method signature="TC02_Login_With_Newly_Registered_User()[pri:0, instance:TestSuite.WEL_Prod_Test_Suite@422c3c7a]" started-at="2023-04-13T11:54:53 IST" name="TC02_Login_With_Newly_Registered_User" finished-at="2023-04-13T11:55:33 IST" duration-ms="39761" status="PASS">
          <reporter-output>
          </reporter-output>
        </test-method> <!-- TC02_Login_With_Newly_Registered_User -->
        <test-method is-config="true" signature="nameAfter(java.lang.reflect.Method)[pri:0, instance:TestSuite.WEL_Prod_Test_Suite@422c3c7a]" started-at="2023-04-13T11:55:33 IST" name="nameAfter" finished-at="2023-04-13T11:55:33 IST" duration-ms="0" status="PASS">
          <params>
            <param index="0">
              <value>
                <![CDATA[public void TestSuite.WEL_Prod_Test_Suite.TC02_Login_With_Newly_Registered_User() throws java.io.IOException]]>
              </value>
            </param>
          </params>
          <reporter-output>
          </reporter-output>
        </test-method> <!-- nameAfter -->
        <test-method is-config="true" signature="nameBefore(java.lang.reflect.Method)[pri:0, instance:TestSuite.WEL_Prod_Test_Suite@422c3c7a]" started-at="2023-04-13T11:55:33 IST" name="nameBefore" finished-at="2023-04-13T11:55:33 IST" duration-ms="92" status="PASS">
          <params>
            <param index="0">
              <value>
                <![CDATA[public void TestSuite.WEL_Prod_Test_Suite.TC03_User_Registration_During_Checkout_for_Physical_Cart() throws java.io.IOException]]>
              </value>
            </param>
          </params>
          <reporter-output>
          </reporter-output>
        </test-method> <!-- nameBefore -->
        <test-method signature="TC03_User_Registration_During_Checkout_for_Physical_Cart()[pri:0, instance:TestSuite.WEL_Prod_Test_Suite@422c3c7a]" started-at="2023-04-13T11:55:33 IST" name="TC03_User_Registration_During_Checkout_for_Physical_Cart" finished-at="2023-04-13T11:56:42 IST" duration-ms="69202" status="PASS">
          <reporter-output>
          </reporter-output>
        </test-method> <!-- TC03_User_Registration_During_Checkout_for_Physical_Cart -->
        <test-method is-config="true" signature="nameAfter(java.lang.reflect.Method)[pri:0, instance:TestSuite.WEL_Prod_Test_Suite@422c3c7a]" started-at="2023-04-13T11:56:42 IST" name="nameAfter" finished-at="2023-04-13T11:56:42 IST" duration-ms="1" status="PASS">
          <params>
            <param index="0">
              <value>
                <![CDATA[public void TestSuite.WEL_Prod_Test_Suite.TC03_User_Registration_During_Checkout_for_Physical_Cart() throws java.io.IOException]]>
              </value>
            </param>
          </params>
          <reporter-output>
          </reporter-output>
        </test-method> <!-- nameAfter -->
        <test-method is-config="true" signature="nameBefore(java.lang.reflect.Method)[pri:0, instance:TestSuite.WEL_Prod_Test_Suite@422c3c7a]" started-at="2023-04-13T11:56:42 IST" name="nameBefore" finished-at="2023-04-13T11:56:42 IST" duration-ms="1" status="PASS">
          <params>
            <param index="0">
              <value>
                <![CDATA[public void TestSuite.WEL_Prod_Test_Suite.TC04_User_Login_during_Checkout() throws java.io.IOException]]>
              </value>
            </param>
          </params>
          <reporter-output>
          </reporter-output>
        </test-method> <!-- nameBefore -->
        <test-method signature="TC04_User_Login_during_Checkout()[pri:0, instance:TestSuite.WEL_Prod_Test_Suite@422c3c7a]" started-at="2023-04-13T11:56:42 IST" name="TC04_User_Login_during_Checkout" finished-at="2023-04-13T11:57:44 IST" duration-ms="62099" status="PASS">
          <reporter-output>
          </reporter-output>
        </test-method> <!-- TC04_User_Login_during_Checkout -->
        <test-method is-config="true" signature="nameAfter(java.lang.reflect.Method)[pri:0, instance:TestSuite.WEL_Prod_Test_Suite@422c3c7a]" started-at="2023-04-13T11:57:44 IST" name="nameAfter" finished-at="2023-04-13T11:57:44 IST" duration-ms="1" status="PASS">
          <params>
            <param index="0">
              <value>
                <![CDATA[public void TestSuite.WEL_Prod_Test_Suite.TC04_User_Login_during_Checkout() throws java.io.IOException]]>
              </value>
            </param>
          </params>
          <reporter-output>
          </reporter-output>
        </test-method> <!-- nameAfter -->
        <test-method is-config="true" signature="nameBefore(java.lang.reflect.Method)[pri:0, instance:TestSuite.WEL_Prod_Test_Suite@422c3c7a]" started-at="2023-04-13T11:57:44 IST" name="nameBefore" finished-at="2023-04-13T11:57:44 IST" duration-ms="1" status="PASS">
          <params>
            <param index="0">
              <value>
                <![CDATA[public void TestSuite.WEL_Prod_Test_Suite.TC05_Forget_Password_during_Checkout() throws java.io.IOException]]>
              </value>
            </param>
          </params>
          <reporter-output>
          </reporter-output>
        </test-method> <!-- nameBefore -->
        <test-method signature="TC05_Forget_Password_during_Checkout()[pri:0, instance:TestSuite.WEL_Prod_Test_Suite@422c3c7a]" started-at="2023-04-13T11:57:44 IST" name="TC05_Forget_Password_during_Checkout" finished-at="2023-04-13T11:59:49 IST" duration-ms="124666" status="PASS">
          <reporter-output>
          </reporter-output>
        </test-method> <!-- TC05_Forget_Password_during_Checkout -->
        <test-method is-config="true" signature="nameAfter(java.lang.reflect.Method)[pri:0, instance:TestSuite.WEL_Prod_Test_Suite@422c3c7a]" started-at="2023-04-13T11:59:49 IST" name="nameAfter" finished-at="2023-04-13T11:59:49 IST" duration-ms="8" status="PASS">
          <params>
            <param index="0">
              <value>
                <![CDATA[public void TestSuite.WEL_Prod_Test_Suite.TC05_Forget_Password_during_Checkout() throws java.io.IOException]]>
              </value>
            </param>
          </params>
          <reporter-output>
          </reporter-output>
        </test-method> <!-- nameAfter -->
        <test-method is-config="true" signature="nameBefore(java.lang.reflect.Method)[pri:0, instance:TestSuite.WEL_Prod_Test_Suite@422c3c7a]" started-at="2023-04-13T11:59:49 IST" name="nameBefore" finished-at="2023-04-13T11:59:49 IST" duration-ms="1" status="PASS">
          <params>
            <param index="0">
              <value>
                <![CDATA[public void TestSuite.WEL_Prod_Test_Suite.TC06_Add_Promo_In_Anonymous_Cart() throws java.io.IOException]]>
              </value>
            </param>
          </params>
          <reporter-output>
          </reporter-output>
        </test-method> <!-- nameBefore -->
        <test-method signature="TC06_Add_Promo_In_Anonymous_Cart()[pri:0, instance:TestSuite.WEL_Prod_Test_Suite@422c3c7a]" started-at="2023-04-13T11:59:49 IST" name="TC06_Add_Promo_In_Anonymous_Cart" finished-at="2023-04-13T12:01:03 IST" duration-ms="74144" status="PASS">
          <reporter-output>
          </reporter-output>
        </test-method> <!-- TC06_Add_Promo_In_Anonymous_Cart -->
        <test-method is-config="true" signature="nameAfter(java.lang.reflect.Method)[pri:0, instance:TestSuite.WEL_Prod_Test_Suite@422c3c7a]" started-at="2023-04-13T12:01:03 IST" name="nameAfter" finished-at="2023-04-13T12:01:03 IST" duration-ms="1" status="PASS">
          <params>
            <param index="0">
              <value>
                <![CDATA[public void TestSuite.WEL_Prod_Test_Suite.TC06_Add_Promo_In_Anonymous_Cart() throws java.io.IOException]]>
              </value>
            </param>
          </params>
          <reporter-output>
          </reporter-output>
        </test-method> <!-- nameAfter -->
        <test-method is-config="true" signature="CloseBrowser()[pri:0, instance:TestSuite.WEL_Prod_Test_Suite@422c3c7a]" started-at="2023-04-13T12:01:03 IST" name="CloseBrowser" finished-at="2023-04-13T12:01:06 IST" duration-ms="3079" status="PASS">
          <reporter-output>
          </reporter-output>
        </test-method> <!-- CloseBrowser -->
      </class> <!-- TestSuite.WEL_Prod_Test_Suite -->
    </test> <!-- Default test -->
  </suite> <!-- Default suite -->
</testng-results>
