<?xml version="1.0" encoding="UTF-8"?>
<testng-results ignored="8" total="9" passed="1" failed="0" skipped="0">
  <reporter-output>
  </reporter-output>
  <suite started-at="2023-02-16T16:28:04 IST" name="Default suite" finished-at="2023-02-16T16:28:50 IST" duration-ms="45984">
    <groups>
    </groups>
    <test started-at="2023-02-16T16:28:04 IST" name="Default test" finished-at="2023-02-16T16:28:50 IST" duration-ms="45984">
      <class name="Test_Suite.ClientPortal_RegressionSuite">
        <test-method is-config="true" signature="initiate(org.testng.ITestContext)[pri:0, instance:Test_Suite.ClientPortal_RegressionSuite@645aa696]" started-at="2023-02-16T16:28:04 IST" name="initiate" finished-at="2023-02-16T16:28:10 IST" duration-ms="6424" status="PASS">
          <params>
            <param index="0">
              <value>
                <![CDATA[org.testng.TestRunner@727986ad]]>
              </value>
            </param>
          </params>
          <reporter-output>
          </reporter-output>
        </test-method> <!-- initiate -->
        <test-method is-config="true" signature="initializeRepo()[pri:0, instance:Test_Suite.ClientPortal_RegressionSuite@645aa696]" started-at="2023-02-16T16:28:10 IST" name="initializeRepo" finished-at="2023-02-16T16:28:11 IST" depends-on-methods="utilities.DriverModule.initiate" duration-ms="54" status="PASS">
          <reporter-output>
          </reporter-output>
        </test-method> <!-- initializeRepo -->
        <test-method signature="TC02_AddNewClientApp_WPSAdmin()[pri:0, instance:Test_Suite.ClientPortal_RegressionSuite@645aa696]" started-at="2023-02-16T16:28:11 IST" name="TC02_AddNewClientApp_WPSAdmin" finished-at="2023-02-16T16:28:49 IST" duration-ms="38010" status="PASS">
          <reporter-output>
          </reporter-output>
        </test-method> <!-- TC02_AddNewClientApp_WPSAdmin -->
        <test-method is-config="true" signature="CloseBrowser()[pri:0, instance:Test_Suite.ClientPortal_RegressionSuite@645aa696]" started-at="2023-02-16T16:28:49 IST" name="CloseBrowser" finished-at="2023-02-16T16:28:50 IST" duration-ms="1428" status="PASS">
          <reporter-output>
          </reporter-output>
        </test-method> <!-- CloseBrowser -->
      </class> <!-- Test_Suite.ClientPortal_RegressionSuite -->
    </test> <!-- Default test -->
  </suite> <!-- Default suite -->
</testng-results>
