<?xml version="1.0" encoding="UTF-8"?>
<testng-results ignored="7" total="8" passed="1" failed="0" skipped="0">
  <reporter-output>
  </reporter-output>
  <suite started-at="2023-02-09T18:24:04 IST" name="Default suite" finished-at="2023-02-09T18:24:33 IST" duration-ms="28557">
    <groups>
    </groups>
    <test started-at="2023-02-09T18:24:04 IST" name="Default test" finished-at="2023-02-09T18:24:33 IST" duration-ms="28557">
      <class name="Test_Suite.ClientPortal_RegressionSuite">
        <test-method is-config="true" signature="initiate(org.testng.ITestContext)[pri:0, instance:Test_Suite.ClientPortal_RegressionSuite@2cb4893b]" started-at="2023-02-09T18:24:04 IST" name="initiate" finished-at="2023-02-09T18:24:12 IST" duration-ms="7655" status="PASS">
          <params>
            <param index="0">
              <value>
                <![CDATA[org.testng.TestRunner@79957f11]]>
              </value>
            </param>
          </params>
          <reporter-output>
          </reporter-output>
        </test-method> <!-- initiate -->
        <test-method is-config="true" signature="initializeRepo()[pri:0, instance:Test_Suite.ClientPortal_RegressionSuite@2cb4893b]" started-at="2023-02-09T18:24:12 IST" name="initializeRepo" finished-at="2023-02-09T18:24:12 IST" depends-on-methods="utilities.DriverModule.initiate" duration-ms="67" status="PASS">
          <reporter-output>
          </reporter-output>
        </test-method> <!-- initializeRepo -->
        <test-method signature="TC08_Pagination_WPSAdmin()[pri:0, instance:Test_Suite.ClientPortal_RegressionSuite@2cb4893b]" started-at="2023-02-09T18:24:12 IST" name="TC08_Pagination_WPSAdmin" finished-at="2023-02-09T18:24:31 IST" duration-ms="19086" status="PASS">
          <reporter-output>
          </reporter-output>
        </test-method> <!-- TC08_Pagination_WPSAdmin -->
        <test-method is-config="true" signature="CloseBrowser()[pri:0, instance:Test_Suite.ClientPortal_RegressionSuite@2cb4893b]" started-at="2023-02-09T18:24:31 IST" name="CloseBrowser" finished-at="2023-02-09T18:24:33 IST" duration-ms="1691" status="PASS">
          <reporter-output>
          </reporter-output>
        </test-method> <!-- CloseBrowser -->
      </class> <!-- Test_Suite.ClientPortal_RegressionSuite -->
    </test> <!-- Default test -->
  </suite> <!-- Default suite -->
</testng-results>
