<?xml version="1.0" encoding="UTF-8"?>
<testng-results ignored="0" total="22" passed="22" failed="0" skipped="0">
  <reporter-output>
  </reporter-output>
  <suite started-at="2023-03-17T15:13:24 IST" name="Default suite" finished-at="2023-03-17T15:37:54 IST" duration-ms="1469326">
    <groups>
    </groups>
    <test started-at="2023-03-17T15:13:24 IST" name="Default test" finished-at="2023-03-17T15:37:54 IST" duration-ms="1469326">
      <class name="Test_Suite.WileyPLUS_Test_Suite">
        <test-method is-config="true" signature="initiate(org.testng.ITestContext)[pri:0, instance:Test_Suite.WileyPLUS_Test_Suite@24569dba]" started-at="2023-03-17T15:13:24 IST" name="initiate" finished-at="2023-03-17T15:13:34 IST" duration-ms="9519" status="PASS">
          <params>
            <param index="0">
              <value>
                <![CDATA[org.testng.TestRunner@62a09668]]>
              </value>
            </param>
          </params>
          <reporter-output>
          </reporter-output>
        </test-method> <!-- initiate -->
        <test-method is-config="true" signature="launchBrowser()[pri:0, instance:Test_Suite.WileyPLUS_Test_Suite@24569dba]" started-at="2023-03-17T15:13:34 IST" name="launchBrowser" finished-at="2023-03-17T15:13:34 IST" depends-on-methods="utilities.DriverModule.initiate" duration-ms="90" status="PASS">
          <reporter-output>
          </reporter-output>
        </test-method> <!-- launchBrowser -->
        <test-method is-config="true" signature="nameBefore(java.lang.reflect.Method)[pri:0, instance:Test_Suite.WileyPLUS_Test_Suite@24569dba]" started-at="2023-03-17T15:13:34 IST" name="nameBefore" finished-at="2023-03-17T15:13:34 IST" duration-ms="1" status="PASS">
          <params>
            <param index="0">
              <value>
                <![CDATA[public void Test_Suite.WileyPLUS_Test_Suite.TC01_SRP_For_WileyPLUS() throws java.io.IOException]]>
              </value>
            </param>
          </params>
          <reporter-output>
          </reporter-output>
        </test-method> <!-- nameBefore -->
        <test-method signature="TC01_SRP_For_WileyPLUS()[pri:0, instance:Test_Suite.WileyPLUS_Test_Suite@24569dba]" started-at="2023-03-17T15:13:34 IST" name="TC01_SRP_For_WileyPLUS" finished-at="2023-03-17T15:14:15 IST" duration-ms="40634" status="PASS">
          <reporter-output>
          </reporter-output>
        </test-method> <!-- TC01_SRP_For_WileyPLUS -->
        <test-method is-config="true" signature="nameAfter(java.lang.reflect.Method)[pri:0, instance:Test_Suite.WileyPLUS_Test_Suite@24569dba]" started-at="2023-03-17T15:14:15 IST" name="nameAfter" finished-at="2023-03-17T15:14:15 IST" duration-ms="3" status="PASS">
          <params>
            <param index="0">
              <value>
                <![CDATA[public void Test_Suite.WileyPLUS_Test_Suite.TC01_SRP_For_WileyPLUS() throws java.io.IOException]]>
              </value>
            </param>
          </params>
          <reporter-output>
          </reporter-output>
        </test-method> <!-- nameAfter -->
        <test-method signature="TC02_PLP_For_WileyPLUS()[pri:0, instance:Test_Suite.WileyPLUS_Test_Suite@24569dba]" started-at="2023-03-17T15:14:15 IST" name="TC02_PLP_For_WileyPLUS" finished-at="2023-03-17T15:14:57 IST" duration-ms="41851" status="PASS">
          <reporter-output>
          </reporter-output>
        </test-method> <!-- TC02_PLP_For_WileyPLUS -->
        <test-method is-config="true" signature="nameBefore(java.lang.reflect.Method)[pri:0, instance:Test_Suite.WileyPLUS_Test_Suite@24569dba]" started-at="2023-03-17T15:14:15 IST" name="nameBefore" finished-at="2023-03-17T15:14:15 IST" duration-ms="0" status="PASS">
          <params>
            <param index="0">
              <value>
                <![CDATA[public void Test_Suite.WileyPLUS_Test_Suite.TC02_PLP_For_WileyPLUS() throws java.io.IOException]]>
              </value>
            </param>
          </params>
          <reporter-output>
          </reporter-output>
        </test-method> <!-- nameBefore -->
        <test-method is-config="true" signature="nameAfter(java.lang.reflect.Method)[pri:0, instance:Test_Suite.WileyPLUS_Test_Suite@24569dba]" started-at="2023-03-17T15:14:57 IST" name="nameAfter" finished-at="2023-03-17T15:14:57 IST" duration-ms="1" status="PASS">
          <params>
            <param index="0">
              <value>
                <![CDATA[public void Test_Suite.WileyPLUS_Test_Suite.TC02_PLP_For_WileyPLUS() throws java.io.IOException]]>
              </value>
            </param>
          </params>
          <reporter-output>
          </reporter-output>
        </test-method> <!-- nameAfter -->
        <test-method is-config="true" signature="nameBefore(java.lang.reflect.Method)[pri:0, instance:Test_Suite.WileyPLUS_Test_Suite@24569dba]" started-at="2023-03-17T15:14:57 IST" name="nameBefore" finished-at="2023-03-17T15:14:57 IST" duration-ms="1" status="PASS">
          <params>
            <param index="0">
              <value>
                <![CDATA[public void Test_Suite.WileyPLUS_Test_Suite.TC03_EGRIP_Search_For_WileyPLUS() throws java.io.IOException]]>
              </value>
            </param>
          </params>
          <reporter-output>
          </reporter-output>
        </test-method> <!-- nameBefore -->
        <test-method signature="TC03_EGRIP_Search_For_WileyPLUS()[pri:0, instance:Test_Suite.WileyPLUS_Test_Suite@24569dba]" started-at="2023-03-17T15:14:57 IST" name="TC03_EGRIP_Search_For_WileyPLUS" finished-at="2023-03-17T15:15:40 IST" duration-ms="43403" status="PASS">
          <reporter-output>
          </reporter-output>
        </test-method> <!-- TC03_EGRIP_Search_For_WileyPLUS -->
        <test-method is-config="true" signature="nameAfter(java.lang.reflect.Method)[pri:0, instance:Test_Suite.WileyPLUS_Test_Suite@24569dba]" started-at="2023-03-17T15:15:40 IST" name="nameAfter" finished-at="2023-03-17T15:15:40 IST" duration-ms="0" status="PASS">
          <params>
            <param index="0">
              <value>
                <![CDATA[public void Test_Suite.WileyPLUS_Test_Suite.TC03_EGRIP_Search_For_WileyPLUS() throws java.io.IOException]]>
              </value>
            </param>
          </params>
          <reporter-output>
          </reporter-output>
        </test-method> <!-- nameAfter -->
        <test-method is-config="true" signature="nameBefore(java.lang.reflect.Method)[pri:0, instance:Test_Suite.WileyPLUS_Test_Suite@24569dba]" started-at="2023-03-17T15:15:40 IST" name="nameBefore" finished-at="2023-03-17T15:15:40 IST" duration-ms="6" status="PASS">
          <params>
            <param index="0">
              <value>
                <![CDATA[public void Test_Suite.WileyPLUS_Test_Suite.TC04_Bundle_Search_For_WileyPLUS() throws java.io.IOException]]>
              </value>
            </param>
          </params>
          <reporter-output>
          </reporter-output>
        </test-method> <!-- nameBefore -->
        <test-method signature="TC04_Bundle_Search_For_WileyPLUS()[pri:0, instance:Test_Suite.WileyPLUS_Test_Suite@24569dba]" started-at="2023-03-17T15:15:40 IST" name="TC04_Bundle_Search_For_WileyPLUS" finished-at="2023-03-17T15:16:18 IST" duration-ms="37885" status="PASS">
          <reporter-output>
          </reporter-output>
        </test-method> <!-- TC04_Bundle_Search_For_WileyPLUS -->
        <test-method is-config="true" signature="nameAfter(java.lang.reflect.Method)[pri:0, instance:Test_Suite.WileyPLUS_Test_Suite@24569dba]" started-at="2023-03-17T15:16:18 IST" name="nameAfter" finished-at="2023-03-17T15:16:18 IST" duration-ms="1" status="PASS">
          <params>
            <param index="0">
              <value>
                <![CDATA[public void Test_Suite.WileyPLUS_Test_Suite.TC04_Bundle_Search_For_WileyPLUS() throws java.io.IOException]]>
              </value>
            </param>
          </params>
          <reporter-output>
          </reporter-output>
        </test-method> <!-- nameAfter -->
        <test-method is-config="true" signature="nameBefore(java.lang.reflect.Method)[pri:0, instance:Test_Suite.WileyPLUS_Test_Suite@24569dba]" started-at="2023-03-17T15:16:18 IST" name="nameBefore" finished-at="2023-03-17T15:16:18 IST" duration-ms="1" status="PASS">
          <params>
            <param index="0">
              <value>
                <![CDATA[public void Test_Suite.WileyPLUS_Test_Suite.TC05_Check_If_URL_Not_Truncated_For_WileyPLUS() throws java.io.IOException]]>
              </value>
            </param>
          </params>
          <reporter-output>
          </reporter-output>
        </test-method> <!-- nameBefore -->
        <test-method signature="TC05_Check_If_URL_Not_Truncated_For_WileyPLUS()[pri:0, instance:Test_Suite.WileyPLUS_Test_Suite@24569dba]" started-at="2023-03-17T15:16:18 IST" name="TC05_Check_If_URL_Not_Truncated_For_WileyPLUS" finished-at="2023-03-17T15:16:54 IST" duration-ms="36372" status="PASS">
          <reporter-output>
          </reporter-output>
        </test-method> <!-- TC05_Check_If_URL_Not_Truncated_For_WileyPLUS -->
        <test-method is-config="true" signature="nameAfter(java.lang.reflect.Method)[pri:0, instance:Test_Suite.WileyPLUS_Test_Suite@24569dba]" started-at="2023-03-17T15:16:54 IST" name="nameAfter" finished-at="2023-03-17T15:16:54 IST" duration-ms="0" status="PASS">
          <params>
            <param index="0">
              <value>
                <![CDATA[public void Test_Suite.WileyPLUS_Test_Suite.TC05_Check_If_URL_Not_Truncated_For_WileyPLUS() throws java.io.IOException]]>
              </value>
            </param>
          </params>
          <reporter-output>
          </reporter-output>
        </test-method> <!-- nameAfter -->
        <test-method is-config="true" signature="nameBefore(java.lang.reflect.Method)[pri:0, instance:Test_Suite.WileyPLUS_Test_Suite@24569dba]" started-at="2023-03-17T15:16:54 IST" name="nameBefore" finished-at="2023-03-17T15:16:54 IST" duration-ms="1" status="PASS">
          <params>
            <param index="0">
              <value>
                <![CDATA[public void Test_Suite.WileyPLUS_Test_Suite.TC06_Format_Facet_WileyPLUS() throws java.io.IOException]]>
              </value>
            </param>
          </params>
          <reporter-output>
          </reporter-output>
        </test-method> <!-- nameBefore -->
        <test-method signature="TC06_Format_Facet_WileyPLUS()[pri:0, instance:Test_Suite.WileyPLUS_Test_Suite@24569dba]" started-at="2023-03-17T15:16:54 IST" name="TC06_Format_Facet_WileyPLUS" finished-at="2023-03-17T15:17:25 IST" duration-ms="30455" status="PASS">
          <reporter-output>
          </reporter-output>
        </test-method> <!-- TC06_Format_Facet_WileyPLUS -->
        <test-method is-config="true" signature="nameAfter(java.lang.reflect.Method)[pri:0, instance:Test_Suite.WileyPLUS_Test_Suite@24569dba]" started-at="2023-03-17T15:17:25 IST" name="nameAfter" finished-at="2023-03-17T15:17:25 IST" duration-ms="1" status="PASS">
          <params>
            <param index="0">
              <value>
                <![CDATA[public void Test_Suite.WileyPLUS_Test_Suite.TC06_Format_Facet_WileyPLUS() throws java.io.IOException]]>
              </value>
            </param>
          </params>
          <reporter-output>
          </reporter-output>
        </test-method> <!-- nameAfter -->
        <test-method signature="TC07_Verify_Additional_UI_Adjustments_WileyPLUS_PDP()[pri:0, instance:Test_Suite.WileyPLUS_Test_Suite@24569dba]" started-at="2023-03-17T15:17:25 IST" name="TC07_Verify_Additional_UI_Adjustments_WileyPLUS_PDP" finished-at="2023-03-17T15:18:28 IST" duration-ms="62881" status="PASS">
          <reporter-output>
          </reporter-output>
        </test-method> <!-- TC07_Verify_Additional_UI_Adjustments_WileyPLUS_PDP -->
        <test-method is-config="true" signature="nameBefore(java.lang.reflect.Method)[pri:0, instance:Test_Suite.WileyPLUS_Test_Suite@24569dba]" started-at="2023-03-17T15:17:25 IST" name="nameBefore" finished-at="2023-03-17T15:17:25 IST" duration-ms="0" status="PASS">
          <params>
            <param index="0">
              <value>
                <![CDATA[public void Test_Suite.WileyPLUS_Test_Suite.TC07_Verify_Additional_UI_Adjustments_WileyPLUS_PDP() throws java.io.IOException]]>
              </value>
            </param>
          </params>
          <reporter-output>
          </reporter-output>
        </test-method> <!-- nameBefore -->
        <test-method is-config="true" signature="nameAfter(java.lang.reflect.Method)[pri:0, instance:Test_Suite.WileyPLUS_Test_Suite@24569dba]" started-at="2023-03-17T15:18:28 IST" name="nameAfter" finished-at="2023-03-17T15:18:28 IST" duration-ms="1" status="PASS">
          <params>
            <param index="0">
              <value>
                <![CDATA[public void Test_Suite.WileyPLUS_Test_Suite.TC07_Verify_Additional_UI_Adjustments_WileyPLUS_PDP() throws java.io.IOException]]>
              </value>
            </param>
          </params>
          <reporter-output>
          </reporter-output>
        </test-method> <!-- nameAfter -->
        <test-method signature="TC08_Validate_Percentage_In_Multiple_Term()[pri:0, instance:Test_Suite.WileyPLUS_Test_Suite@24569dba]" started-at="2023-03-17T15:18:28 IST" name="TC08_Validate_Percentage_In_Multiple_Term" finished-at="2023-03-17T15:19:07 IST" duration-ms="38957" status="PASS">
          <reporter-output>
          </reporter-output>
        </test-method> <!-- TC08_Validate_Percentage_In_Multiple_Term -->
        <test-method is-config="true" signature="nameBefore(java.lang.reflect.Method)[pri:0, instance:Test_Suite.WileyPLUS_Test_Suite@24569dba]" started-at="2023-03-17T15:18:28 IST" name="nameBefore" finished-at="2023-03-17T15:18:28 IST" duration-ms="0" status="PASS">
          <params>
            <param index="0">
              <value>
                <![CDATA[public void Test_Suite.WileyPLUS_Test_Suite.TC08_Validate_Percentage_In_Multiple_Term() throws java.io.IOException]]>
              </value>
            </param>
          </params>
          <reporter-output>
          </reporter-output>
        </test-method> <!-- nameBefore -->
        <test-method is-config="true" signature="nameAfter(java.lang.reflect.Method)[pri:0, instance:Test_Suite.WileyPLUS_Test_Suite@24569dba]" started-at="2023-03-17T15:19:07 IST" name="nameAfter" finished-at="2023-03-17T15:19:07 IST" duration-ms="1" status="PASS">
          <params>
            <param index="0">
              <value>
                <![CDATA[public void Test_Suite.WileyPLUS_Test_Suite.TC08_Validate_Percentage_In_Multiple_Term() throws java.io.IOException]]>
              </value>
            </param>
          </params>
          <reporter-output>
          </reporter-output>
        </test-method> <!-- nameAfter -->
        <test-method is-config="true" signature="nameBefore(java.lang.reflect.Method)[pri:0, instance:Test_Suite.WileyPLUS_Test_Suite@24569dba]" started-at="2023-03-17T15:19:07 IST" name="nameBefore" finished-at="2023-03-17T15:19:07 IST" duration-ms="2" status="PASS">
          <params>
            <param index="0">
              <value>
                <![CDATA[public void Test_Suite.WileyPLUS_Test_Suite.TC09_PDP_UI_For_WileyPLUS() throws java.io.IOException]]>
              </value>
            </param>
          </params>
          <reporter-output>
          </reporter-output>
        </test-method> <!-- nameBefore -->
        <test-method signature="TC09_PDP_UI_For_WileyPLUS()[pri:0, instance:Test_Suite.WileyPLUS_Test_Suite@24569dba]" started-at="2023-03-17T15:19:07 IST" name="TC09_PDP_UI_For_WileyPLUS" finished-at="2023-03-17T15:19:51 IST" duration-ms="44431" status="PASS">
          <reporter-output>
          </reporter-output>
        </test-method> <!-- TC09_PDP_UI_For_WileyPLUS -->
        <test-method is-config="true" signature="nameAfter(java.lang.reflect.Method)[pri:0, instance:Test_Suite.WileyPLUS_Test_Suite@24569dba]" started-at="2023-03-17T15:19:51 IST" name="nameAfter" finished-at="2023-03-17T15:19:51 IST" duration-ms="1" status="PASS">
          <params>
            <param index="0">
              <value>
                <![CDATA[public void Test_Suite.WileyPLUS_Test_Suite.TC09_PDP_UI_For_WileyPLUS() throws java.io.IOException]]>
              </value>
            </param>
          </params>
          <reporter-output>
          </reporter-output>
        </test-method> <!-- nameAfter -->
        <test-method is-config="true" signature="nameBefore(java.lang.reflect.Method)[pri:0, instance:Test_Suite.WileyPLUS_Test_Suite@24569dba]" started-at="2023-03-17T15:19:51 IST" name="nameBefore" finished-at="2023-03-17T15:19:51 IST" duration-ms="1" status="PASS">
          <params>
            <param index="0">
              <value>
                <![CDATA[public void Test_Suite.WileyPLUS_Test_Suite.TC10_WileyPLUS_Set_To_MultiTerm_Default() throws java.io.IOException]]>
              </value>
            </param>
          </params>
          <reporter-output>
          </reporter-output>
        </test-method> <!-- nameBefore -->
        <test-method signature="TC10_WileyPLUS_Set_To_MultiTerm_Default()[pri:0, instance:Test_Suite.WileyPLUS_Test_Suite@24569dba]" started-at="2023-03-17T15:19:51 IST" name="TC10_WileyPLUS_Set_To_MultiTerm_Default" finished-at="2023-03-17T15:20:31 IST" duration-ms="40291" status="PASS">
          <reporter-output>
          </reporter-output>
        </test-method> <!-- TC10_WileyPLUS_Set_To_MultiTerm_Default -->
        <test-method is-config="true" signature="nameAfter(java.lang.reflect.Method)[pri:0, instance:Test_Suite.WileyPLUS_Test_Suite@24569dba]" started-at="2023-03-17T15:20:31 IST" name="nameAfter" finished-at="2023-03-17T15:20:31 IST" duration-ms="1" status="PASS">
          <params>
            <param index="0">
              <value>
                <![CDATA[public void Test_Suite.WileyPLUS_Test_Suite.TC10_WileyPLUS_Set_To_MultiTerm_Default() throws java.io.IOException]]>
              </value>
            </param>
          </params>
          <reporter-output>
          </reporter-output>
        </test-method> <!-- nameAfter -->
        <test-method is-config="true" signature="nameBefore(java.lang.reflect.Method)[pri:0, instance:Test_Suite.WileyPLUS_Test_Suite@24569dba]" started-at="2023-03-17T15:20:31 IST" name="nameBefore" finished-at="2023-03-17T15:20:31 IST" duration-ms="1" status="PASS">
          <params>
            <param index="0">
              <value>
                <![CDATA[public void Test_Suite.WileyPLUS_Test_Suite.TC11_New_Tab_Opened_After_Clicking_Login_To_WileyPLUS_Button() throws java.io.IOException]]>
              </value>
            </param>
          </params>
          <reporter-output>
          </reporter-output>
        </test-method> <!-- nameBefore -->
        <test-method signature="TC11_New_Tab_Opened_After_Clicking_Login_To_WileyPLUS_Button()[pri:0, instance:Test_Suite.WileyPLUS_Test_Suite@24569dba]" started-at="2023-03-17T15:20:31 IST" name="TC11_New_Tab_Opened_After_Clicking_Login_To_WileyPLUS_Button" finished-at="2023-03-17T15:21:13 IST" duration-ms="41631" status="PASS">
          <reporter-output>
          </reporter-output>
        </test-method> <!-- TC11_New_Tab_Opened_After_Clicking_Login_To_WileyPLUS_Button -->
        <test-method is-config="true" signature="nameAfter(java.lang.reflect.Method)[pri:0, instance:Test_Suite.WileyPLUS_Test_Suite@24569dba]" started-at="2023-03-17T15:21:13 IST" name="nameAfter" finished-at="2023-03-17T15:21:13 IST" duration-ms="1" status="PASS">
          <params>
            <param index="0">
              <value>
                <![CDATA[public void Test_Suite.WileyPLUS_Test_Suite.TC11_New_Tab_Opened_After_Clicking_Login_To_WileyPLUS_Button() throws java.io.IOException]]>
              </value>
            </param>
          </params>
          <reporter-output>
          </reporter-output>
        </test-method> <!-- nameAfter -->
        <test-method is-config="true" signature="nameBefore(java.lang.reflect.Method)[pri:0, instance:Test_Suite.WileyPLUS_Test_Suite@24569dba]" started-at="2023-03-17T15:21:13 IST" name="nameBefore" finished-at="2023-03-17T15:21:13 IST" duration-ms="1" status="PASS">
          <params>
            <param index="0">
              <value>
                <![CDATA[public void Test_Suite.WileyPLUS_Test_Suite.TC12_Add_WileyPLUS_Product_To_Cart() throws java.io.IOException]]>
              </value>
            </param>
          </params>
          <reporter-output>
          </reporter-output>
        </test-method> <!-- nameBefore -->
        <test-method signature="TC12_Add_WileyPLUS_Product_To_Cart()[pri:0, instance:Test_Suite.WileyPLUS_Test_Suite@24569dba]" started-at="2023-03-17T15:21:13 IST" name="TC12_Add_WileyPLUS_Product_To_Cart" finished-at="2023-03-17T15:21:29 IST" duration-ms="15910" status="PASS">
          <reporter-output>
          </reporter-output>
        </test-method> <!-- TC12_Add_WileyPLUS_Product_To_Cart -->
        <test-method is-config="true" signature="nameAfter(java.lang.reflect.Method)[pri:0, instance:Test_Suite.WileyPLUS_Test_Suite@24569dba]" started-at="2023-03-17T15:21:29 IST" name="nameAfter" finished-at="2023-03-17T15:21:29 IST" duration-ms="1" status="PASS">
          <params>
            <param index="0">
              <value>
                <![CDATA[public void Test_Suite.WileyPLUS_Test_Suite.TC12_Add_WileyPLUS_Product_To_Cart() throws java.io.IOException]]>
              </value>
            </param>
          </params>
          <reporter-output>
          </reporter-output>
        </test-method> <!-- nameAfter -->
        <test-method is-config="true" signature="nameBefore(java.lang.reflect.Method)[pri:0, instance:Test_Suite.WileyPLUS_Test_Suite@24569dba]" started-at="2023-03-17T15:21:29 IST" name="nameBefore" finished-at="2023-03-17T15:21:29 IST" duration-ms="1" status="PASS">
          <params>
            <param index="0">
              <value>
                <![CDATA[public void Test_Suite.WileyPLUS_Test_Suite.TC13_Global_Country_List_In_Shipping() throws java.io.IOException]]>
              </value>
            </param>
          </params>
          <reporter-output>
          </reporter-output>
        </test-method> <!-- nameBefore -->
        <test-method signature="TC13_Global_Country_List_In_Shipping()[pri:0, instance:Test_Suite.WileyPLUS_Test_Suite@24569dba]" started-at="2023-03-17T15:21:29 IST" name="TC13_Global_Country_List_In_Shipping" finished-at="2023-03-17T15:22:29 IST" duration-ms="60575" status="PASS">
          <reporter-output>
          </reporter-output>
        </test-method> <!-- TC13_Global_Country_List_In_Shipping -->
        <test-method is-config="true" signature="nameAfter(java.lang.reflect.Method)[pri:0, instance:Test_Suite.WileyPLUS_Test_Suite@24569dba]" started-at="2023-03-17T15:22:29 IST" name="nameAfter" finished-at="2023-03-17T15:22:29 IST" duration-ms="1" status="PASS">
          <params>
            <param index="0">
              <value>
                <![CDATA[public void Test_Suite.WileyPLUS_Test_Suite.TC13_Global_Country_List_In_Shipping() throws java.io.IOException]]>
              </value>
            </param>
          </params>
          <reporter-output>
          </reporter-output>
        </test-method> <!-- nameAfter -->
        <test-method is-config="true" signature="nameBefore(java.lang.reflect.Method)[pri:0, instance:Test_Suite.WileyPLUS_Test_Suite@24569dba]" started-at="2023-03-17T15:22:29 IST" name="nameBefore" finished-at="2023-03-17T15:22:29 IST" duration-ms="1" status="PASS">
          <params>
            <param index="0">
              <value>
                <![CDATA[public void Test_Suite.WileyPLUS_Test_Suite.TC14_Global_Country_List_In_Billing() throws java.io.IOException]]>
              </value>
            </param>
          </params>
          <reporter-output>
          </reporter-output>
        </test-method> <!-- nameBefore -->
        <test-method signature="TC14_Global_Country_List_In_Billing()[pri:0, instance:Test_Suite.WileyPLUS_Test_Suite@24569dba]" started-at="2023-03-17T15:22:29 IST" name="TC14_Global_Country_List_In_Billing" finished-at="2023-03-17T15:24:53 IST" duration-ms="143733" status="PASS">
          <reporter-output>
          </reporter-output>
        </test-method> <!-- TC14_Global_Country_List_In_Billing -->
        <test-method is-config="true" signature="nameAfter(java.lang.reflect.Method)[pri:0, instance:Test_Suite.WileyPLUS_Test_Suite@24569dba]" started-at="2023-03-17T15:24:53 IST" name="nameAfter" finished-at="2023-03-17T15:24:53 IST" duration-ms="1" status="PASS">
          <params>
            <param index="0">
              <value>
                <![CDATA[public void Test_Suite.WileyPLUS_Test_Suite.TC14_Global_Country_List_In_Billing() throws java.io.IOException]]>
              </value>
            </param>
          </params>
          <reporter-output>
          </reporter-output>
        </test-method> <!-- nameAfter -->
        <test-method is-config="true" signature="nameBefore(java.lang.reflect.Method)[pri:0, instance:Test_Suite.WileyPLUS_Test_Suite@24569dba]" started-at="2023-03-17T15:24:53 IST" name="nameBefore" finished-at="2023-03-17T15:24:53 IST" duration-ms="1" status="PASS">
          <params>
            <param index="0">
              <value>
                <![CDATA[public void Test_Suite.WileyPLUS_Test_Suite.TC15_Course_Details_During_WileyPLUS_Checkout() throws java.io.IOException]]>
              </value>
            </param>
          </params>
          <reporter-output>
          </reporter-output>
        </test-method> <!-- nameBefore -->
        <test-method signature="TC15_Course_Details_During_WileyPLUS_Checkout()[pri:0, instance:Test_Suite.WileyPLUS_Test_Suite@24569dba]" started-at="2023-03-17T15:24:53 IST" name="TC15_Course_Details_During_WileyPLUS_Checkout" finished-at="2023-03-17T15:28:19 IST" duration-ms="206008" status="PASS">
          <reporter-output>
          </reporter-output>
        </test-method> <!-- TC15_Course_Details_During_WileyPLUS_Checkout -->
        <test-method is-config="true" signature="nameAfter(java.lang.reflect.Method)[pri:0, instance:Test_Suite.WileyPLUS_Test_Suite@24569dba]" started-at="2023-03-17T15:28:19 IST" name="nameAfter" finished-at="2023-03-17T15:28:19 IST" duration-ms="6" status="PASS">
          <params>
            <param index="0">
              <value>
                <![CDATA[public void Test_Suite.WileyPLUS_Test_Suite.TC15_Course_Details_During_WileyPLUS_Checkout() throws java.io.IOException]]>
              </value>
            </param>
          </params>
          <reporter-output>
          </reporter-output>
        </test-method> <!-- nameAfter -->
        <test-method is-config="true" signature="nameBefore(java.lang.reflect.Method)[pri:0, instance:Test_Suite.WileyPLUS_Test_Suite@24569dba]" started-at="2023-03-17T15:28:19 IST" name="nameBefore" finished-at="2023-03-17T15:28:19 IST" duration-ms="2" status="PASS">
          <params>
            <param index="0">
              <value>
                <![CDATA[public void Test_Suite.WileyPLUS_Test_Suite.TC16_Check_Global_Saved_Billing_Address() throws java.io.IOException]]>
              </value>
            </param>
          </params>
          <reporter-output>
          </reporter-output>
        </test-method> <!-- nameBefore -->
        <test-method signature="TC16_Check_Global_Saved_Billing_Address()[pri:0, instance:Test_Suite.WileyPLUS_Test_Suite@24569dba]" started-at="2023-03-17T15:28:19 IST" name="TC16_Check_Global_Saved_Billing_Address" finished-at="2023-03-17T15:30:45 IST" duration-ms="146070" status="PASS">
          <reporter-output>
          </reporter-output>
        </test-method> <!-- TC16_Check_Global_Saved_Billing_Address -->
        <test-method is-config="true" signature="nameAfter(java.lang.reflect.Method)[pri:0, instance:Test_Suite.WileyPLUS_Test_Suite@24569dba]" started-at="2023-03-17T15:30:45 IST" name="nameAfter" finished-at="2023-03-17T15:30:45 IST" duration-ms="2" status="PASS">
          <params>
            <param index="0">
              <value>
                <![CDATA[public void Test_Suite.WileyPLUS_Test_Suite.TC16_Check_Global_Saved_Billing_Address() throws java.io.IOException]]>
              </value>
            </param>
          </params>
          <reporter-output>
          </reporter-output>
        </test-method> <!-- nameAfter -->
        <test-method signature="TC17_Check_Global_Saved_Shipping_Address()[pri:0, instance:Test_Suite.WileyPLUS_Test_Suite@24569dba]" started-at="2023-03-17T15:30:45 IST" name="TC17_Check_Global_Saved_Shipping_Address" finished-at="2023-03-17T15:32:26 IST" duration-ms="100482" status="PASS">
          <reporter-output>
          </reporter-output>
        </test-method> <!-- TC17_Check_Global_Saved_Shipping_Address -->
        <test-method is-config="true" signature="nameBefore(java.lang.reflect.Method)[pri:0, instance:Test_Suite.WileyPLUS_Test_Suite@24569dba]" started-at="2023-03-17T15:30:45 IST" name="nameBefore" finished-at="2023-03-17T15:30:45 IST" duration-ms="0" status="PASS">
          <params>
            <param index="0">
              <value>
                <![CDATA[public void Test_Suite.WileyPLUS_Test_Suite.TC17_Check_Global_Saved_Shipping_Address() throws java.io.IOException]]>
              </value>
            </param>
          </params>
          <reporter-output>
          </reporter-output>
        </test-method> <!-- nameBefore -->
        <test-method is-config="true" signature="nameAfter(java.lang.reflect.Method)[pri:0, instance:Test_Suite.WileyPLUS_Test_Suite@24569dba]" started-at="2023-03-17T15:32:26 IST" name="nameAfter" finished-at="2023-03-17T15:32:26 IST" duration-ms="1" status="PASS">
          <params>
            <param index="0">
              <value>
                <![CDATA[public void Test_Suite.WileyPLUS_Test_Suite.TC17_Check_Global_Saved_Shipping_Address() throws java.io.IOException]]>
              </value>
            </param>
          </params>
          <reporter-output>
          </reporter-output>
        </test-method> <!-- nameAfter -->
        <test-method signature="TC18_Check_ISBN_Not_Preset_In_WileyPLUS_PDP()[pri:0, instance:Test_Suite.WileyPLUS_Test_Suite@24569dba]" started-at="2023-03-17T15:32:26 IST" name="TC18_Check_ISBN_Not_Preset_In_WileyPLUS_PDP" finished-at="2023-03-17T15:32:57 IST" duration-ms="31120" status="PASS">
          <reporter-output>
          </reporter-output>
        </test-method> <!-- TC18_Check_ISBN_Not_Preset_In_WileyPLUS_PDP -->
        <test-method is-config="true" signature="nameBefore(java.lang.reflect.Method)[pri:0, instance:Test_Suite.WileyPLUS_Test_Suite@24569dba]" started-at="2023-03-17T15:32:26 IST" name="nameBefore" finished-at="2023-03-17T15:32:26 IST" duration-ms="0" status="PASS">
          <params>
            <param index="0">
              <value>
                <![CDATA[public void Test_Suite.WileyPLUS_Test_Suite.TC18_Check_ISBN_Not_Preset_In_WileyPLUS_PDP() throws java.io.IOException]]>
              </value>
            </param>
          </params>
          <reporter-output>
          </reporter-output>
        </test-method> <!-- nameBefore -->
        <test-method is-config="true" signature="nameAfter(java.lang.reflect.Method)[pri:0, instance:Test_Suite.WileyPLUS_Test_Suite@24569dba]" started-at="2023-03-17T15:32:57 IST" name="nameAfter" finished-at="2023-03-17T15:32:57 IST" duration-ms="0" status="PASS">
          <params>
            <param index="0">
              <value>
                <![CDATA[public void Test_Suite.WileyPLUS_Test_Suite.TC18_Check_ISBN_Not_Preset_In_WileyPLUS_PDP() throws java.io.IOException]]>
              </value>
            </param>
          </params>
          <reporter-output>
          </reporter-output>
        </test-method> <!-- nameAfter -->
        <test-method is-config="true" signature="nameBefore(java.lang.reflect.Method)[pri:0, instance:Test_Suite.WileyPLUS_Test_Suite@24569dba]" started-at="2023-03-17T15:32:57 IST" name="nameBefore" finished-at="2023-03-17T15:32:57 IST" duration-ms="1" status="PASS">
          <params>
            <param index="0">
              <value>
                <![CDATA[public void Test_Suite.WileyPLUS_Test_Suite.TC19_Validate_Continue_Shopping_Link() throws java.io.IOException]]>
              </value>
            </param>
          </params>
          <reporter-output>
          </reporter-output>
        </test-method> <!-- nameBefore -->
        <test-method signature="TC19_Validate_Continue_Shopping_Link()[pri:0, instance:Test_Suite.WileyPLUS_Test_Suite@24569dba]" started-at="2023-03-17T15:32:57 IST" name="TC19_Validate_Continue_Shopping_Link" finished-at="2023-03-17T15:34:17 IST" duration-ms="80619" status="PASS">
          <reporter-output>
          </reporter-output>
        </test-method> <!-- TC19_Validate_Continue_Shopping_Link -->
        <test-method is-config="true" signature="nameAfter(java.lang.reflect.Method)[pri:0, instance:Test_Suite.WileyPLUS_Test_Suite@24569dba]" started-at="2023-03-17T15:34:17 IST" name="nameAfter" finished-at="2023-03-17T15:34:17 IST" duration-ms="2" status="PASS">
          <params>
            <param index="0">
              <value>
                <![CDATA[public void Test_Suite.WileyPLUS_Test_Suite.TC19_Validate_Continue_Shopping_Link() throws java.io.IOException]]>
              </value>
            </param>
          </params>
          <reporter-output>
          </reporter-output>
        </test-method> <!-- nameAfter -->
        <test-method signature="TC20_Place_WileyPLUS_CAD_Order_From_Frontend()[pri:0, instance:Test_Suite.WileyPLUS_Test_Suite@24569dba]" started-at="2023-03-17T15:34:17 IST" name="TC20_Place_WileyPLUS_CAD_Order_From_Frontend" finished-at="2023-03-17T15:35:16 IST" duration-ms="58871" status="PASS">
          <reporter-output>
          </reporter-output>
        </test-method> <!-- TC20_Place_WileyPLUS_CAD_Order_From_Frontend -->
        <test-method is-config="true" signature="nameBefore(java.lang.reflect.Method)[pri:0, instance:Test_Suite.WileyPLUS_Test_Suite@24569dba]" started-at="2023-03-17T15:34:17 IST" name="nameBefore" finished-at="2023-03-17T15:34:17 IST" duration-ms="0" status="PASS">
          <params>
            <param index="0">
              <value>
                <![CDATA[public void Test_Suite.WileyPLUS_Test_Suite.TC20_Place_WileyPLUS_CAD_Order_From_Frontend() throws java.io.IOException]]>
              </value>
            </param>
          </params>
          <reporter-output>
          </reporter-output>
        </test-method> <!-- nameBefore -->
        <test-method is-config="true" signature="nameAfter(java.lang.reflect.Method)[pri:0, instance:Test_Suite.WileyPLUS_Test_Suite@24569dba]" started-at="2023-03-17T15:35:16 IST" name="nameAfter" finished-at="2023-03-17T15:35:16 IST" duration-ms="1" status="PASS">
          <params>
            <param index="0">
              <value>
                <![CDATA[public void Test_Suite.WileyPLUS_Test_Suite.TC20_Place_WileyPLUS_CAD_Order_From_Frontend() throws java.io.IOException]]>
              </value>
            </param>
          </params>
          <reporter-output>
          </reporter-output>
        </test-method> <!-- nameAfter -->
        <test-method is-config="true" signature="nameBefore(java.lang.reflect.Method)[pri:0, instance:Test_Suite.WileyPLUS_Test_Suite@24569dba]" started-at="2023-03-17T15:35:16 IST" name="nameBefore" finished-at="2023-03-17T15:35:16 IST" duration-ms="0" status="PASS">
          <params>
            <param index="0">
              <value>
                <![CDATA[public void Test_Suite.WileyPLUS_Test_Suite.TC21_Place_WileyPLUS_USD_Order_From_Frontend() throws java.io.IOException]]>
              </value>
            </param>
          </params>
          <reporter-output>
          </reporter-output>
        </test-method> <!-- nameBefore -->
        <test-method signature="TC21_Place_WileyPLUS_USD_Order_From_Frontend()[pri:0, instance:Test_Suite.WileyPLUS_Test_Suite@24569dba]" started-at="2023-03-17T15:35:16 IST" name="TC21_Place_WileyPLUS_USD_Order_From_Frontend" finished-at="2023-03-17T15:36:52 IST" duration-ms="95595" status="PASS">
          <reporter-output>
          </reporter-output>
        </test-method> <!-- TC21_Place_WileyPLUS_USD_Order_From_Frontend -->
        <test-method is-config="true" signature="nameAfter(java.lang.reflect.Method)[pri:0, instance:Test_Suite.WileyPLUS_Test_Suite@24569dba]" started-at="2023-03-17T15:36:52 IST" name="nameAfter" finished-at="2023-03-17T15:36:52 IST" duration-ms="0" status="PASS">
          <params>
            <param index="0">
              <value>
                <![CDATA[public void Test_Suite.WileyPLUS_Test_Suite.TC21_Place_WileyPLUS_USD_Order_From_Frontend() throws java.io.IOException]]>
              </value>
            </param>
          </params>
          <reporter-output>
          </reporter-output>
        </test-method> <!-- nameAfter -->
        <test-method is-config="true" signature="nameBefore(java.lang.reflect.Method)[pri:0, instance:Test_Suite.WileyPLUS_Test_Suite@24569dba]" started-at="2023-03-17T15:36:52 IST" name="nameBefore" finished-at="2023-03-17T15:36:52 IST" duration-ms="0" status="PASS">
          <params>
            <param index="0">
              <value>
                <![CDATA[public void Test_Suite.WileyPLUS_Test_Suite.TC22_Merge_Cart_Functionality() throws java.io.IOException]]>
              </value>
            </param>
          </params>
          <reporter-output>
          </reporter-output>
        </test-method> <!-- nameBefore -->
        <test-method signature="TC22_Merge_Cart_Functionality()[pri:0, instance:Test_Suite.WileyPLUS_Test_Suite@24569dba]" started-at="2023-03-17T15:36:52 IST" name="TC22_Merge_Cart_Functionality" finished-at="2023-03-17T15:37:49 IST" duration-ms="57100" status="PASS">
          <reporter-output>
          </reporter-output>
        </test-method> <!-- TC22_Merge_Cart_Functionality -->
        <test-method is-config="true" signature="nameAfter(java.lang.reflect.Method)[pri:0, instance:Test_Suite.WileyPLUS_Test_Suite@24569dba]" started-at="2023-03-17T15:37:49 IST" name="nameAfter" finished-at="2023-03-17T15:37:49 IST" duration-ms="0" status="PASS">
          <params>
            <param index="0">
              <value>
                <![CDATA[public void Test_Suite.WileyPLUS_Test_Suite.TC22_Merge_Cart_Functionality() throws java.io.IOException]]>
              </value>
            </param>
          </params>
          <reporter-output>
          </reporter-output>
        </test-method> <!-- nameAfter -->
        <test-method is-config="true" signature="CloseBrowser()[pri:0, instance:Test_Suite.WileyPLUS_Test_Suite@24569dba]" started-at="2023-03-17T15:37:49 IST" name="CloseBrowser" finished-at="2023-03-17T15:37:54 IST" duration-ms="4529" status="PASS">
          <reporter-output>
          </reporter-output>
        </test-method> <!-- CloseBrowser -->
      </class> <!-- Test_Suite.WileyPLUS_Test_Suite -->
    </test> <!-- Default test -->
  </suite> <!-- Default suite -->
</testng-results>
