<?xml version="1.0" encoding="UTF-8"?>
<testng-results ignored="18" total="19" passed="1" failed="0" skipped="0">
  <reporter-output>
  </reporter-output>
  <suite started-at="2023-01-11T18:12:43 IST" name="Default suite" finished-at="2023-01-11T18:14:01 IST" duration-ms="78506">
    <groups>
    </groups>
    <test started-at="2023-01-11T18:12:43 IST" name="Default test" finished-at="2023-01-11T18:14:01 IST" duration-ms="78506">
      <class name="Test_Suite.WileyPLUS_Test_Suite">
        <test-method is-config="true" signature="initiate(org.testng.ITestContext)[pri:0, instance:Test_Suite.WileyPLUS_Test_Suite@15043a2f]" started-at="2023-01-11T18:12:43 IST" name="initiate" finished-at="2023-01-11T18:12:51 IST" duration-ms="7967" status="PASS">
          <params>
            <param index="0">
              <value>
                <![CDATA[org.testng.TestRunner@6097fca9]]>
              </value>
            </param>
          </params>
          <reporter-output>
          </reporter-output>
        </test-method> <!-- initiate -->
        <test-method is-config="true" signature="launchBrowser()[pri:0, instance:Test_Suite.WileyPLUS_Test_Suite@15043a2f]" started-at="2023-01-11T18:12:51 IST" name="launchBrowser" finished-at="2023-01-11T18:12:51 IST" depends-on-methods="utilities.DriverModule.initiate" duration-ms="61" status="PASS">
          <reporter-output>
          </reporter-output>
        </test-method> <!-- launchBrowser -->
        <test-method signature="TC13_Global_Country_List_In_Shipping()[pri:0, instance:Test_Suite.WileyPLUS_Test_Suite@15043a2f]" started-at="2023-01-11T18:12:51 IST" name="TC13_Global_Country_List_In_Shipping" finished-at="2023-01-11T18:13:56 IST" duration-ms="65639" status="PASS">
          <reporter-output>
          </reporter-output>
        </test-method> <!-- TC13_Global_Country_List_In_Shipping -->
        <test-method is-config="true" signature="CloseBrowser()[pri:0, instance:Test_Suite.WileyPLUS_Test_Suite@15043a2f]" started-at="2023-01-11T18:13:56 IST" name="CloseBrowser" finished-at="2023-01-11T18:14:01 IST" duration-ms="4746" status="PASS">
          <reporter-output>
          </reporter-output>
        </test-method> <!-- CloseBrowser -->
      </class> <!-- Test_Suite.WileyPLUS_Test_Suite -->
    </test> <!-- Default test -->
  </suite> <!-- Default suite -->
</testng-results>
