<?xml version="1.0" encoding="UTF-8"?>
<testng-results ignored="0" total="38" passed="38" failed="0" skipped="0">
  <reporter-output>
  </reporter-output>
  <suite started-at="2023-03-17T11:25:12 IST" name="Default suite" finished-at="2023-03-17T11:42:38 IST" duration-ms="1045372">
    <groups>
    </groups>
    <test started-at="2023-03-17T11:25:12 IST" name="Default test" finished-at="2023-03-17T11:42:38 IST" duration-ms="1045372">
      <class name="Test_Suite.TestHarness_RegressionSuite">
        <test-method is-config="true" signature="initiate(org.testng.ITestContext)[pri:0, instance:Test_Suite.TestHarness_RegressionSuite@6e9a5ed8]" started-at="2023-03-17T11:25:12 IST" name="initiate" finished-at="2023-03-17T11:25:26 IST" duration-ms="13915" status="PASS">
          <params>
            <param index="0">
              <value>
                <![CDATA[org.testng.TestRunner@a6d0d8f]]>
              </value>
            </param>
          </params>
          <reporter-output>
          </reporter-output>
        </test-method> <!-- initiate -->
        <test-method is-config="true" signature="initializeRepo()[pri:0, instance:Test_Suite.TestHarness_RegressionSuite@6e9a5ed8]" started-at="2023-03-17T11:25:26 IST" name="initializeRepo" finished-at="2023-03-17T11:25:26 IST" depends-on-methods="utilities.DriverModule.initiate" duration-ms="165" status="PASS">
          <reporter-output>
          </reporter-output>
        </test-method> <!-- initializeRepo -->
        <test-method signature="TC01_HTTP_Probe()[pri:0, instance:Test_Suite.TestHarness_RegressionSuite@6e9a5ed8]" started-at="2023-03-17T11:25:26 IST" name="TC01_HTTP_Probe" finished-at="2023-03-17T11:25:33 IST" duration-ms="6661" status="PASS">
          <reporter-output>
          </reporter-output>
        </test-method> <!-- TC01_HTTP_Probe -->
        <test-method signature="TC02_HTTP_Tokenise_Request_Response()[pri:0, instance:Test_Suite.TestHarness_RegressionSuite@6e9a5ed8]" started-at="2023-03-17T11:25:33 IST" name="TC02_HTTP_Tokenise_Request_Response" finished-at="2023-03-17T11:26:12 IST" duration-ms="38878" status="PASS">
          <reporter-output>
          </reporter-output>
        </test-method> <!-- TC02_HTTP_Tokenise_Request_Response -->
        <test-method signature="TC03_HTTP_Tokenise_IFrame()[pri:0, instance:Test_Suite.TestHarness_RegressionSuite@6e9a5ed8]" started-at="2023-03-17T11:26:12 IST" name="TC03_HTTP_Tokenise_IFrame" finished-at="2023-03-17T11:26:25 IST" duration-ms="13347" status="PASS">
          <reporter-output>
          </reporter-output>
        </test-method> <!-- TC03_HTTP_Tokenise_IFrame -->
        <test-method signature="TC04_HTTP_Tokenise_ES_Stripe_Validation()[pri:0, instance:Test_Suite.TestHarness_RegressionSuite@6e9a5ed8]" started-at="2023-03-17T11:26:25 IST" name="TC04_HTTP_Tokenise_ES_Stripe_Validation" finished-at="2023-03-17T11:26:58 IST" duration-ms="32100" status="PASS">
          <reporter-output>
          </reporter-output>
        </test-method> <!-- TC04_HTTP_Tokenise_ES_Stripe_Validation -->
        <test-method signature="TC05_HTTP_Tokenise_Error_Message()[pri:0, instance:Test_Suite.TestHarness_RegressionSuite@6e9a5ed8]" started-at="2023-03-17T11:26:58 IST" name="TC05_HTTP_Tokenise_Error_Message" finished-at="2023-03-17T11:27:33 IST" duration-ms="35220" status="PASS">
          <reporter-output>
          </reporter-output>
        </test-method> <!-- TC05_HTTP_Tokenise_Error_Message -->
        <test-method signature="TC06_HTTP_Validate_Request_Response()[pri:0, instance:Test_Suite.TestHarness_RegressionSuite@6e9a5ed8]" started-at="2023-03-17T11:27:33 IST" name="TC06_HTTP_Validate_Request_Response" finished-at="2023-03-17T11:28:06 IST" duration-ms="33586" status="PASS">
          <reporter-output>
          </reporter-output>
        </test-method> <!-- TC06_HTTP_Validate_Request_Response -->
        <test-method signature="TC07_HTTP_Validate_IFrame()[pri:0, instance:Test_Suite.TestHarness_RegressionSuite@6e9a5ed8]" started-at="2023-03-17T11:28:06 IST" name="TC07_HTTP_Validate_IFrame" finished-at="2023-03-17T11:28:16 IST" duration-ms="10001" status="PASS">
          <reporter-output>
          </reporter-output>
        </test-method> <!-- TC07_HTTP_Validate_IFrame -->
        <test-method signature="TC08_HTTP_Validate_ES_Stripe_Validation()[pri:0, instance:Test_Suite.TestHarness_RegressionSuite@6e9a5ed8]" started-at="2023-03-17T11:28:16 IST" name="TC08_HTTP_Validate_ES_Stripe_Validation" finished-at="2023-03-17T11:28:42 IST" duration-ms="25944" status="PASS">
          <reporter-output>
          </reporter-output>
        </test-method> <!-- TC08_HTTP_Validate_ES_Stripe_Validation -->
        <test-method signature="TC09_HTTP_Validate_Error_Message()[pri:0, instance:Test_Suite.TestHarness_RegressionSuite@6e9a5ed8]" started-at="2023-03-17T11:28:42 IST" name="TC09_HTTP_Validate_Error_Message" finished-at="2023-03-17T11:29:11 IST" duration-ms="29089" status="PASS">
          <reporter-output>
          </reporter-output>
        </test-method> <!-- TC09_HTTP_Validate_Error_Message -->
        <test-method signature="TC10_HTTP_Authorise_ES_Stripe_Validation()[pri:0, instance:Test_Suite.TestHarness_RegressionSuite@6e9a5ed8]" started-at="2023-03-17T11:29:11 IST" name="TC10_HTTP_Authorise_ES_Stripe_Validation" finished-at="2023-03-17T11:29:49 IST" duration-ms="37604" status="PASS">
          <reporter-output>
          </reporter-output>
        </test-method> <!-- TC10_HTTP_Authorise_ES_Stripe_Validation -->
        <test-method signature="TC11_HTTP_Authorise_Error_Message()[pri:0, instance:Test_Suite.TestHarness_RegressionSuite@6e9a5ed8]" started-at="2023-03-17T11:29:49 IST" name="TC11_HTTP_Authorise_Error_Message" finished-at="2023-03-17T11:30:05 IST" duration-ms="16360" status="PASS">
          <reporter-output>
          </reporter-output>
        </test-method> <!-- TC11_HTTP_Authorise_Error_Message -->
        <test-method signature="TC12_HTTP_AuthSettle_ES_Stripe_Validation()[pri:0, instance:Test_Suite.TestHarness_RegressionSuite@6e9a5ed8]" started-at="2023-03-17T11:30:05 IST" name="TC12_HTTP_AuthSettle_ES_Stripe_Validation" finished-at="2023-03-17T11:30:42 IST" duration-ms="36696" status="PASS">
          <reporter-output>
          </reporter-output>
        </test-method> <!-- TC12_HTTP_AuthSettle_ES_Stripe_Validation -->
        <test-method signature="TC13_HTTP_AuthSettle_Error_Message()[pri:0, instance:Test_Suite.TestHarness_RegressionSuite@6e9a5ed8]" started-at="2023-03-17T11:30:42 IST" name="TC13_HTTP_AuthSettle_Error_Message" finished-at="2023-03-17T11:30:56 IST" duration-ms="13974" status="PASS">
          <reporter-output>
          </reporter-output>
        </test-method> <!-- TC13_HTTP_AuthSettle_Error_Message -->
        <test-method signature="TC14_HTTP_TokenAuth_ES_Stripe_Validation()[pri:0, instance:Test_Suite.TestHarness_RegressionSuite@6e9a5ed8]" started-at="2023-03-17T11:30:56 IST" name="TC14_HTTP_TokenAuth_ES_Stripe_Validation" finished-at="2023-03-17T11:31:18 IST" duration-ms="21544" status="PASS">
          <reporter-output>
          </reporter-output>
        </test-method> <!-- TC14_HTTP_TokenAuth_ES_Stripe_Validation -->
        <test-method signature="TC15_HTTP_Validate_for_Token_Auth_Error_Message()[pri:0, instance:Test_Suite.TestHarness_RegressionSuite@6e9a5ed8]" started-at="2023-03-17T11:31:18 IST" name="TC15_HTTP_Validate_for_Token_Auth_Error_Message" finished-at="2023-03-17T11:31:42 IST" duration-ms="24270" status="PASS">
          <reporter-output>
          </reporter-output>
        </test-method> <!-- TC15_HTTP_Validate_for_Token_Auth_Error_Message -->
        <test-method signature="TC16_HTTP_TokenSettle_ES_Stripe_Validation()[pri:0, instance:Test_Suite.TestHarness_RegressionSuite@6e9a5ed8]" started-at="2023-03-17T11:31:42 IST" name="TC16_HTTP_TokenSettle_ES_Stripe_Validation" finished-at="2023-03-17T11:32:04 IST" duration-ms="22541" status="PASS">
          <reporter-output>
          </reporter-output>
        </test-method> <!-- TC16_HTTP_TokenSettle_ES_Stripe_Validation -->
        <test-method signature="TC17_HTTP_Validate_for_Token_Settle_Error_Message()[pri:0, instance:Test_Suite.TestHarness_RegressionSuite@6e9a5ed8]" started-at="2023-03-17T11:32:04 IST" name="TC17_HTTP_Validate_for_Token_Settle_Error_Message" finished-at="2023-03-17T11:32:25 IST" duration-ms="21057" status="PASS">
          <reporter-output>
          </reporter-output>
        </test-method> <!-- TC17_HTTP_Validate_for_Token_Settle_Error_Message -->
        <test-method signature="TC18_HTTP_TokenAuthSettle_ES_Stripe_Validation()[pri:0, instance:Test_Suite.TestHarness_RegressionSuite@6e9a5ed8]" started-at="2023-03-17T11:32:25 IST" name="TC18_HTTP_TokenAuthSettle_ES_Stripe_Validation" finished-at="2023-03-17T11:32:46 IST" duration-ms="20027" status="PASS">
          <reporter-output>
          </reporter-output>
        </test-method> <!-- TC18_HTTP_TokenAuthSettle_ES_Stripe_Validation -->
        <test-method signature="TC19_HTTP_Validate_for_Token_Auth_Settle_Error_Message()[pri:0, instance:Test_Suite.TestHarness_RegressionSuite@6e9a5ed8]" started-at="2023-03-17T11:32:46 IST" name="TC19_HTTP_Validate_for_Token_Auth_Settle_Error_Message" finished-at="2023-03-17T11:33:05 IST" duration-ms="19928" status="PASS">
          <reporter-output>
          </reporter-output>
        </test-method> <!-- TC19_HTTP_Validate_for_Token_Auth_Settle_Error_Message -->
        <test-method signature="TC20_HTTP_VoidAuth_ES_Stripe_Validation()[pri:0, instance:Test_Suite.TestHarness_RegressionSuite@6e9a5ed8]" started-at="2023-03-17T11:33:05 IST" name="TC20_HTTP_VoidAuth_ES_Stripe_Validation" finished-at="2023-03-17T11:33:25 IST" duration-ms="19995" status="PASS">
          <reporter-output>
          </reporter-output>
        </test-method> <!-- TC20_HTTP_VoidAuth_ES_Stripe_Validation -->
        <test-method signature="TC21_HTTP_Validate_for_Void_Auth_Error_Message()[pri:0, instance:Test_Suite.TestHarness_RegressionSuite@6e9a5ed8]" started-at="2023-03-17T11:33:25 IST" name="TC21_HTTP_Validate_for_Void_Auth_Error_Message" finished-at="2023-03-17T11:33:45 IST" duration-ms="19615" status="PASS">
          <reporter-output>
          </reporter-output>
        </test-method> <!-- TC21_HTTP_Validate_for_Void_Auth_Error_Message -->
        <test-method signature="TC22_SOAP_Probe_ES_Stripe_Validation()[pri:0, instance:Test_Suite.TestHarness_RegressionSuite@6e9a5ed8]" started-at="2023-03-17T11:33:45 IST" name="TC22_SOAP_Probe_ES_Stripe_Validation" finished-at="2023-03-17T11:33:51 IST" duration-ms="6071" status="PASS">
          <reporter-output>
          </reporter-output>
        </test-method> <!-- TC22_SOAP_Probe_ES_Stripe_Validation -->
        <test-method signature="TC23_SOAP_Probe_Error_Message_Validation()[pri:0, instance:Test_Suite.TestHarness_RegressionSuite@6e9a5ed8]" started-at="2023-03-17T11:33:51 IST" name="TC23_SOAP_Probe_Error_Message_Validation" finished-at="2023-03-17T11:33:57 IST" duration-ms="6355" status="PASS">
          <reporter-output>
          </reporter-output>
        </test-method> <!-- TC23_SOAP_Probe_Error_Message_Validation -->
        <test-method signature="TC24_SOAP_TokenAuth_ES_Stripe_Validation()[pri:0, instance:Test_Suite.TestHarness_RegressionSuite@6e9a5ed8]" started-at="2023-03-17T11:33:57 IST" name="TC24_SOAP_TokenAuth_ES_Stripe_Validation" finished-at="2023-03-17T11:34:14 IST" duration-ms="16103" status="PASS">
          <reporter-output>
          </reporter-output>
        </test-method> <!-- TC24_SOAP_TokenAuth_ES_Stripe_Validation -->
        <test-method signature="TC25_SOAP_TokenAuth_Error_Message_Validation()[pri:0, instance:Test_Suite.TestHarness_RegressionSuite@6e9a5ed8]" started-at="2023-03-17T11:34:14 IST" name="TC25_SOAP_TokenAuth_Error_Message_Validation" finished-at="2023-03-17T11:34:30 IST" duration-ms="16792" status="PASS">
          <reporter-output>
          </reporter-output>
        </test-method> <!-- TC25_SOAP_TokenAuth_Error_Message_Validation -->
        <test-method signature="TC26_SOAP_TokenSettle_ES_Stripe_Validation()[pri:0, instance:Test_Suite.TestHarness_RegressionSuite@6e9a5ed8]" started-at="2023-03-17T11:34:30 IST" name="TC26_SOAP_TokenSettle_ES_Stripe_Validation" finished-at="2023-03-17T11:34:49 IST" duration-ms="18400" status="PASS">
          <reporter-output>
          </reporter-output>
        </test-method> <!-- TC26_SOAP_TokenSettle_ES_Stripe_Validation -->
        <test-method signature="TC27_SOAP_TokenSettle_Error_Message_Validation()[pri:0, instance:Test_Suite.TestHarness_RegressionSuite@6e9a5ed8]" started-at="2023-03-17T11:34:49 IST" name="TC27_SOAP_TokenSettle_Error_Message_Validation" finished-at="2023-03-17T11:35:07 IST" duration-ms="17882" status="PASS">
          <reporter-output>
          </reporter-output>
        </test-method> <!-- TC27_SOAP_TokenSettle_Error_Message_Validation -->
        <test-method signature="TC28_SOAP_TokenAuthSettle_ES_Stripe_Validation()[pri:0, instance:Test_Suite.TestHarness_RegressionSuite@6e9a5ed8]" started-at="2023-03-17T11:35:07 IST" name="TC28_SOAP_TokenAuthSettle_ES_Stripe_Validation" finished-at="2023-03-17T11:35:26 IST" duration-ms="19282" status="PASS">
          <reporter-output>
          </reporter-output>
        </test-method> <!-- TC28_SOAP_TokenAuthSettle_ES_Stripe_Validation -->
        <test-method signature="TC29_SOAP_TokenAuthSettle_Error_Message()[pri:0, instance:Test_Suite.TestHarness_RegressionSuite@6e9a5ed8]" started-at="2023-03-17T11:35:26 IST" name="TC29_SOAP_TokenAuthSettle_Error_Message" finished-at="2023-03-17T11:35:35 IST" duration-ms="9450" status="PASS">
          <reporter-output>
          </reporter-output>
        </test-method> <!-- TC29_SOAP_TokenAuthSettle_Error_Message -->
        <test-method signature="TC30_SOAP_TokenRefund_ES_Stripe_Validation()[pri:0, instance:Test_Suite.TestHarness_RegressionSuite@6e9a5ed8]" started-at="2023-03-17T11:35:35 IST" name="TC30_SOAP_TokenRefund_ES_Stripe_Validation" finished-at="2023-03-17T11:35:53 IST" duration-ms="18027" status="PASS">
          <reporter-output>
          </reporter-output>
        </test-method> <!-- TC30_SOAP_TokenRefund_ES_Stripe_Validation -->
        <test-method signature="TC31_SOAP_VoidAuth_ES_Stripe_Validation()[pri:0, instance:Test_Suite.TestHarness_RegressionSuite@6e9a5ed8]" started-at="2023-03-17T11:35:53 IST" name="TC31_SOAP_VoidAuth_ES_Stripe_Validation" finished-at="2023-03-17T11:36:42 IST" duration-ms="48840" status="PASS">
          <reporter-output>
          </reporter-output>
        </test-method> <!-- TC31_SOAP_VoidAuth_ES_Stripe_Validation -->
        <test-method signature="TC32_SOAP_VoidAuth_Error_Message()[pri:0, instance:Test_Suite.TestHarness_RegressionSuite@6e9a5ed8]" started-at="2023-03-17T11:36:42 IST" name="TC32_SOAP_VoidAuth_Error_Message" finished-at="2023-03-17T11:36:52 IST" duration-ms="10041" status="PASS">
          <reporter-output>
          </reporter-output>
        </test-method> <!-- TC32_SOAP_VoidAuth_Error_Message -->
        <test-method signature="TC33_HTTP_Embedded_Auth_ES_Stripe_Validation()[pri:0, instance:Test_Suite.TestHarness_RegressionSuite@6e9a5ed8]" started-at="2023-03-17T11:36:52 IST" name="TC33_HTTP_Embedded_Auth_ES_Stripe_Validation" finished-at="2023-03-17T11:37:29 IST" duration-ms="36956" status="PASS">
          <reporter-output>
          </reporter-output>
        </test-method> <!-- TC33_HTTP_Embedded_Auth_ES_Stripe_Validation -->
        <test-method signature="TC34_HTTP_Embedded_AuthCapture_ES_Stripe_Validation()[pri:0, instance:Test_Suite.TestHarness_RegressionSuite@6e9a5ed8]" started-at="2023-03-17T11:37:29 IST" name="TC34_HTTP_Embedded_AuthCapture_ES_Stripe_Validation" finished-at="2023-03-17T11:38:07 IST" duration-ms="37390" status="PASS">
          <reporter-output>
          </reporter-output>
        </test-method> <!-- TC34_HTTP_Embedded_AuthCapture_ES_Stripe_Validation -->
        <test-method signature="TC35_HTTP_Embedded_SaveCard_ES_Stripe_Validation()[pri:0, instance:Test_Suite.TestHarness_RegressionSuite@6e9a5ed8]" started-at="2023-03-17T11:38:07 IST" name="TC35_HTTP_Embedded_SaveCard_ES_Stripe_Validation" finished-at="2023-03-17T11:38:38 IST" duration-ms="31608" status="PASS">
          <reporter-output>
          </reporter-output>
        </test-method> <!-- TC35_HTTP_Embedded_SaveCard_ES_Stripe_Validation -->
        <test-method signature="TC36_HTTP_NonEmbedded_Auth_ES_Stripe_Validation()[pri:0, instance:Test_Suite.TestHarness_RegressionSuite@6e9a5ed8]" started-at="2023-03-17T11:38:38 IST" name="TC36_HTTP_NonEmbedded_Auth_ES_Stripe_Validation" finished-at="2023-03-17T11:40:23 IST" duration-ms="104792" status="PASS">
          <reporter-output>
          </reporter-output>
        </test-method> <!-- TC36_HTTP_NonEmbedded_Auth_ES_Stripe_Validation -->
        <test-method signature="TC37_HTTP_NonEmbedded_AuthCapture_ES_Stripe_Validation()[pri:0, instance:Test_Suite.TestHarness_RegressionSuite@6e9a5ed8]" started-at="2023-03-17T11:40:23 IST" name="TC37_HTTP_NonEmbedded_AuthCapture_ES_Stripe_Validation" finished-at="2023-03-17T11:40:51 IST" duration-ms="27970" status="PASS">
          <reporter-output>
          </reporter-output>
        </test-method> <!-- TC37_HTTP_NonEmbedded_AuthCapture_ES_Stripe_Validation -->
        <test-method signature="TC38_HTTP_NonEmbedded_SaveCard_ES_Stripe_Validation()[pri:0, instance:Test_Suite.TestHarness_RegressionSuite@6e9a5ed8]" started-at="2023-03-17T11:40:51 IST" name="TC38_HTTP_NonEmbedded_SaveCard_ES_Stripe_Validation" finished-at="2023-03-17T11:42:35 IST" duration-ms="103642" status="PASS">
          <reporter-output>
          </reporter-output>
        </test-method> <!-- TC38_HTTP_NonEmbedded_SaveCard_ES_Stripe_Validation -->
        <test-method is-config="true" signature="CloseBrowser()[pri:0, instance:Test_Suite.TestHarness_RegressionSuite@6e9a5ed8]" started-at="2023-03-17T11:42:35 IST" name="CloseBrowser" finished-at="2023-03-17T11:42:38 IST" duration-ms="2866" status="PASS">
          <reporter-output>
          </reporter-output>
        </test-method> <!-- CloseBrowser -->
      </class> <!-- Test_Suite.TestHarness_RegressionSuite -->
    </test> <!-- Default test -->
  </suite> <!-- Default suite -->
</testng-results>
