<?xml version="1.0" encoding="UTF-8"?>
<testng-results ignored="42" total="43" passed="1" failed="0" skipped="0">
  <reporter-output>
  </reporter-output>
  <suite started-at="2023-04-08T13:51:13 IST" name="Default suite" finished-at="2023-04-08T13:53:38 IST" duration-ms="144359">
    <groups>
    </groups>
    <test started-at="2023-04-08T13:51:13 IST" name="Default test" finished-at="2023-04-08T13:53:38 IST" duration-ms="144359">
      <class name="Test_Suite.Wiley_NA_Cart_Test_Suite">
        <test-method is-config="true" signature="initiate(org.testng.ITestContext,java.lang.String)[pri:0, instance:Test_Suite.Wiley_NA_Cart_Test_Suite@7188af83]" started-at="2023-04-08T13:51:13 IST" name="initiate" finished-at="2023-04-08T13:51:21 IST" duration-ms="7335" status="PASS">
          <params>
            <param index="0">
              <value>
                <![CDATA[org.testng.TestRunner@781dbe44]]>
              </value>
            </param>
            <param index="1">
              <value>
                <![CDATA[edge]]>
              </value>
            </param>
          </params>
          <reporter-output>
          </reporter-output>
        </test-method> <!-- initiate -->
        <test-method is-config="true" signature="launchBrowser()[pri:0, instance:Test_Suite.Wiley_NA_Cart_Test_Suite@7188af83]" started-at="2023-04-08T13:51:21 IST" name="launchBrowser" finished-at="2023-04-08T13:51:21 IST" depends-on-methods="utilities.DriverModule.initiate" duration-ms="82" status="PASS">
          <reporter-output>
          </reporter-output>
        </test-method> <!-- launchBrowser -->
        <test-method is-config="true" signature="nameBefore(java.lang.reflect.Method)[pri:0, instance:Test_Suite.Wiley_NA_Cart_Test_Suite@7188af83]" started-at="2023-04-08T13:51:21 IST" name="nameBefore" finished-at="2023-04-08T13:51:21 IST" duration-ms="0" status="PASS">
          <params>
            <param index="0">
              <value>
                <![CDATA[public void Test_Suite.Wiley_NA_Cart_Test_Suite.TC43_Forgot_Password_Page_Password_Criteria_Negative_Scenarios() throws java.io.IOException]]>
              </value>
            </param>
          </params>
          <reporter-output>
          </reporter-output>
        </test-method> <!-- nameBefore -->
        <test-method signature="TC43_Forgot_Password_Page_Password_Criteria_Negative_Scenarios()[pri:0, instance:Test_Suite.Wiley_NA_Cart_Test_Suite@7188af83]" started-at="2023-04-08T13:51:21 IST" name="TC43_Forgot_Password_Page_Password_Criteria_Negative_Scenarios" finished-at="2023-04-08T13:53:35 IST" duration-ms="133728" status="PASS">
          <reporter-output>
          </reporter-output>
        </test-method> <!-- TC43_Forgot_Password_Page_Password_Criteria_Negative_Scenarios -->
        <test-method is-config="true" signature="nameAfter(java.lang.reflect.Method)[pri:0, instance:Test_Suite.Wiley_NA_Cart_Test_Suite@7188af83]" started-at="2023-04-08T13:53:35 IST" name="nameAfter" finished-at="2023-04-08T13:53:35 IST" duration-ms="0" status="PASS">
          <params>
            <param index="0">
              <value>
                <![CDATA[public void Test_Suite.Wiley_NA_Cart_Test_Suite.TC43_Forgot_Password_Page_Password_Criteria_Negative_Scenarios() throws java.io.IOException]]>
              </value>
            </param>
          </params>
          <reporter-output>
          </reporter-output>
        </test-method> <!-- nameAfter -->
        <test-method is-config="true" signature="CloseBrowser()[pri:0, instance:Test_Suite.Wiley_NA_Cart_Test_Suite@7188af83]" started-at="2023-04-08T13:53:35 IST" name="CloseBrowser" finished-at="2023-04-08T13:53:38 IST" duration-ms="3101" status="PASS">
          <reporter-output>
          </reporter-output>
        </test-method> <!-- CloseBrowser -->
      </class> <!-- Test_Suite.Wiley_NA_Cart_Test_Suite -->
    </test> <!-- Default test -->
  </suite> <!-- Default suite -->
</testng-results>
