<?xml version="1.0" encoding="UTF-8"?>
<testng-results ignored="25" total="26" passed="1" failed="0" skipped="0">
  <reporter-output>
  </reporter-output>
  <suite started-at="2023-06-29T15:35:20 IST" name="Default suite" finished-at="2023-06-29T15:38:21 IST" duration-ms="180839">
    <groups>
    </groups>
    <test started-at="2023-06-29T15:35:20 IST" name="Default test" finished-at="2023-06-29T15:38:21 IST" duration-ms="180839">
      <class name="Test_Suite.ClientPortal_RegressionSuite">
        <test-method is-config="true" signature="initiate(org.testng.ITestContext,java.lang.String,java.lang.String)[pri:0, instance:Test_Suite.ClientPortal_RegressionSuite@5ef0d29e]" started-at="2023-06-29T15:35:20 IST" name="initiate" finished-at="2023-06-29T15:36:48 IST" duration-ms="87950" status="PASS">
          <params>
            <param index="0">
              <value>
                <![CDATA[org.testng.TestRunner@6a09484c]]>
              </value>
            </param>
            <param index="1">
              <value>
                <![CDATA[chrome]]>
              </value>
            </param>
            <param index="2">
              <value>
                <![CDATA[Desktop]]>
              </value>
            </param>
          </params>
          <reporter-output>
          </reporter-output>
        </test-method> <!-- initiate -->
        <test-method is-config="true" signature="initializeRepo()[pri:0, instance:Test_Suite.ClientPortal_RegressionSuite@5ef0d29e]" started-at="2023-06-29T15:36:48 IST" name="initializeRepo" finished-at="2023-06-29T15:36:49 IST" depends-on-methods="utilities.DriverModule.initiate" duration-ms="192" status="PASS">
          <reporter-output>
          </reporter-output>
        </test-method> <!-- initializeRepo -->
        <test-method is-config="true" signature="nameBefore(java.lang.reflect.Method)[pri:0, instance:Test_Suite.ClientPortal_RegressionSuite@5ef0d29e]" started-at="2023-06-29T15:36:49 IST" name="nameBefore" finished-at="2023-06-29T15:36:49 IST" duration-ms="1" status="PASS">
          <params>
            <param index="0">
              <value>
                <![CDATA[public void Test_Suite.ClientPortal_RegressionSuite.TC19_Login_ApplicationUser() throws java.io.IOException]]>
              </value>
            </param>
          </params>
          <reporter-output>
          </reporter-output>
        </test-method> <!-- nameBefore -->
        <test-method signature="TC19_Login_ApplicationUser()[pri:0, instance:Test_Suite.ClientPortal_RegressionSuite@5ef0d29e]" started-at="2023-06-29T15:36:49 IST" name="TC19_Login_ApplicationUser" finished-at="2023-06-29T15:37:45 IST" duration-ms="56439" status="PASS">
          <reporter-output>
          </reporter-output>
        </test-method> <!-- TC19_Login_ApplicationUser -->
        <test-method is-config="true" signature="nameAfter(java.lang.reflect.Method)[pri:0, instance:Test_Suite.ClientPortal_RegressionSuite@5ef0d29e]" started-at="2023-06-29T15:37:45 IST" name="nameAfter" finished-at="2023-06-29T15:37:45 IST" duration-ms="9" status="PASS">
          <params>
            <param index="0">
              <value>
                <![CDATA[public void Test_Suite.ClientPortal_RegressionSuite.TC19_Login_ApplicationUser() throws java.io.IOException]]>
              </value>
            </param>
          </params>
          <reporter-output>
          </reporter-output>
        </test-method> <!-- nameAfter -->
        <test-method is-config="true" signature="CloseBrowser()[pri:0, instance:Test_Suite.ClientPortal_RegressionSuite@5ef0d29e]" started-at="2023-06-29T15:37:45 IST" name="CloseBrowser" finished-at="2023-06-29T15:38:21 IST" duration-ms="36122" status="PASS">
          <reporter-output>
          </reporter-output>
        </test-method> <!-- CloseBrowser -->
      </class> <!-- Test_Suite.ClientPortal_RegressionSuite -->
    </test> <!-- Default test -->
  </suite> <!-- Default suite -->
</testng-results>
