<?xml version="1.0" encoding="UTF-8"?>
<testng-results ignored="44" total="45" passed="1" failed="0" skipped="0">
  <reporter-output>
  </reporter-output>
  <suite started-at="2023-05-14T21:44:57 IST" name="Default suite" finished-at="2023-05-14T21:47:44 IST" duration-ms="166878">
    <groups>
    </groups>
    <test started-at="2023-05-14T21:44:57 IST" name="Default test" finished-at="2023-05-14T21:47:44 IST" duration-ms="166878">
      <class name="Test_Suite.Wiley_NA_Cart_Test_Suite">
        <test-method is-config="true" signature="initiate(org.testng.ITestContext,java.lang.String)[pri:0, instance:Test_Suite.Wiley_NA_Cart_Test_Suite@7c37508a]" started-at="2023-05-14T21:44:57 IST" name="initiate" finished-at="2023-05-14T21:45:03 IST" duration-ms="5834" status="PASS">
          <params>
            <param index="0">
              <value>
                <![CDATA[org.testng.TestRunner@fabef2e]]>
              </value>
            </param>
            <param index="1">
              <value>
                <![CDATA[edge]]>
              </value>
            </param>
          </params>
          <reporter-output>
          </reporter-output>
        </test-method> <!-- initiate -->
        <test-method is-config="true" signature="launchBrowser()[pri:0, instance:Test_Suite.Wiley_NA_Cart_Test_Suite@7c37508a]" started-at="2023-05-14T21:45:03 IST" name="launchBrowser" finished-at="2023-05-14T21:45:03 IST" depends-on-methods="utilities.DriverModule.initiate" duration-ms="75" status="PASS">
          <reporter-output>
          </reporter-output>
        </test-method> <!-- launchBrowser -->
        <test-method is-config="true" signature="nameBefore(java.lang.reflect.Method)[pri:0, instance:Test_Suite.Wiley_NA_Cart_Test_Suite@7c37508a]" started-at="2023-05-14T21:45:03 IST" name="nameBefore" finished-at="2023-05-14T21:45:03 IST" duration-ms="1" status="PASS">
          <params>
            <param index="0">
              <value>
                <![CDATA[public void Test_Suite.Wiley_NA_Cart_Test_Suite.TC39_Riskified_Declined_Order_With_Last_Name_Decline() throws java.io.IOException]]>
              </value>
            </param>
          </params>
          <reporter-output>
          </reporter-output>
        </test-method> <!-- nameBefore -->
        <test-method signature="TC39_Riskified_Declined_Order_With_Last_Name_Decline()[pri:0, instance:Test_Suite.Wiley_NA_Cart_Test_Suite@7c37508a]" started-at="2023-05-14T21:45:03 IST" name="TC39_Riskified_Declined_Order_With_Last_Name_Decline" finished-at="2023-05-14T21:47:42 IST" duration-ms="158963" status="PASS">
          <reporter-output>
          </reporter-output>
        </test-method> <!-- TC39_Riskified_Declined_Order_With_Last_Name_Decline -->
        <test-method is-config="true" signature="nameAfter(java.lang.reflect.Method)[pri:0, instance:Test_Suite.Wiley_NA_Cart_Test_Suite@7c37508a]" started-at="2023-05-14T21:47:42 IST" name="nameAfter" finished-at="2023-05-14T21:47:42 IST" duration-ms="16" status="PASS">
          <params>
            <param index="0">
              <value>
                <![CDATA[public void Test_Suite.Wiley_NA_Cart_Test_Suite.TC39_Riskified_Declined_Order_With_Last_Name_Decline() throws java.io.IOException]]>
              </value>
            </param>
          </params>
          <reporter-output>
          </reporter-output>
        </test-method> <!-- nameAfter -->
        <test-method is-config="true" signature="CloseBrowser()[pri:0, instance:Test_Suite.Wiley_NA_Cart_Test_Suite@7c37508a]" started-at="2023-05-14T21:47:42 IST" name="CloseBrowser" finished-at="2023-05-14T21:47:44 IST" duration-ms="1924" status="PASS">
          <reporter-output>
          </reporter-output>
        </test-method> <!-- CloseBrowser -->
      </class> <!-- Test_Suite.Wiley_NA_Cart_Test_Suite -->
    </test> <!-- Default test -->
  </suite> <!-- Default suite -->
</testng-results>
