<?xml version="1.0" encoding="UTF-8"?>
<testng-results ignored="24" total="25" passed="1" failed="0" skipped="0">
  <reporter-output>
  </reporter-output>
  <suite started-at="2023-02-28T17:08:01 IST" name="Default suite" finished-at="2023-02-28T17:09:38 IST" duration-ms="97371">
    <groups>
    </groups>
    <test started-at="2023-02-28T17:08:01 IST" name="Default test" finished-at="2023-02-28T17:09:38 IST" duration-ms="97371">
      <class name="Test_Suite.ClientPortal_RegressionSuite">
        <test-method is-config="true" signature="initiate(org.testng.ITestContext)[pri:0, instance:Test_Suite.ClientPortal_RegressionSuite@5032714f]" started-at="2023-02-28T17:08:01 IST" name="initiate" finished-at="2023-02-28T17:08:11 IST" duration-ms="10375" status="PASS">
          <params>
            <param index="0">
              <value>
                <![CDATA[org.testng.TestRunner@547aaa32]]>
              </value>
            </param>
          </params>
          <reporter-output>
          </reporter-output>
        </test-method> <!-- initiate -->
        <test-method is-config="true" signature="initializeRepo()[pri:0, instance:Test_Suite.ClientPortal_RegressionSuite@5032714f]" started-at="2023-02-28T17:08:11 IST" name="initializeRepo" finished-at="2023-02-28T17:08:11 IST" depends-on-methods="utilities.DriverModule.initiate" duration-ms="85" status="PASS">
          <reporter-output>
          </reporter-output>
        </test-method> <!-- initializeRepo -->
        <test-method signature="TC04_DeclineNewApp_WPSAdmin()[pri:0, instance:Test_Suite.ClientPortal_RegressionSuite@5032714f]" started-at="2023-02-28T17:08:11 IST" name="TC04_DeclineNewApp_WPSAdmin" finished-at="2023-02-28T17:09:37 IST" duration-ms="85243" status="PASS">
          <reporter-output>
          </reporter-output>
        </test-method> <!-- TC04_DeclineNewApp_WPSAdmin -->
        <test-method is-config="true" signature="CloseBrowser()[pri:0, instance:Test_Suite.ClientPortal_RegressionSuite@5032714f]" started-at="2023-02-28T17:09:37 IST" name="CloseBrowser" finished-at="2023-02-28T17:09:38 IST" duration-ms="1604" status="PASS">
          <reporter-output>
          </reporter-output>
        </test-method> <!-- CloseBrowser -->
      </class> <!-- Test_Suite.ClientPortal_RegressionSuite -->
    </test> <!-- Default test -->
  </suite> <!-- Default suite -->
</testng-results>
