<?xml version="1.0" encoding="UTF-8"?>
<testng-results ignored="10" total="11" passed="1" failed="0" skipped="0">
  <reporter-output>
  </reporter-output>
  <suite started-at="2023-02-20T12:20:22 IST" name="Default suite" finished-at="2023-02-20T12:22:19 IST" duration-ms="117085">
    <groups>
    </groups>
    <test started-at="2023-02-20T12:20:22 IST" name="Default test" finished-at="2023-02-20T12:22:19 IST" duration-ms="117085">
      <class name="Test_Suite.ClientPortal_RegressionSuite">
        <test-method is-config="true" signature="initiate(org.testng.ITestContext)[pri:0, instance:Test_Suite.ClientPortal_RegressionSuite@413d1baf]" started-at="2023-02-20T12:20:22 IST" name="initiate" finished-at="2023-02-20T12:20:27 IST" duration-ms="4510" status="PASS">
          <params>
            <param index="0">
              <value>
                <![CDATA[org.testng.TestRunner@75d97e18]]>
              </value>
            </param>
          </params>
          <reporter-output>
          </reporter-output>
        </test-method> <!-- initiate -->
        <test-method is-config="true" signature="initializeRepo()[pri:0, instance:Test_Suite.ClientPortal_RegressionSuite@413d1baf]" started-at="2023-02-20T12:20:27 IST" name="initializeRepo" finished-at="2023-02-20T12:20:27 IST" depends-on-methods="utilities.DriverModule.initiate" duration-ms="48" status="PASS">
          <reporter-output>
          </reporter-output>
        </test-method> <!-- initializeRepo -->
        <test-method signature="TC35_RegisterNewClientApp_ClientAdmin()[pri:0, instance:Test_Suite.ClientPortal_RegressionSuite@413d1baf]" started-at="2023-02-20T12:20:27 IST" name="TC35_RegisterNewClientApp_ClientAdmin" finished-at="2023-02-20T12:22:18 IST" duration-ms="111068" status="PASS">
          <reporter-output>
          </reporter-output>
        </test-method> <!-- TC35_RegisterNewClientApp_ClientAdmin -->
        <test-method is-config="true" signature="CloseBrowser()[pri:0, instance:Test_Suite.ClientPortal_RegressionSuite@413d1baf]" started-at="2023-02-20T12:22:18 IST" name="CloseBrowser" finished-at="2023-02-20T12:22:19 IST" duration-ms="1409" status="PASS">
          <reporter-output>
          </reporter-output>
        </test-method> <!-- CloseBrowser -->
      </class> <!-- Test_Suite.ClientPortal_RegressionSuite -->
    </test> <!-- Default test -->
  </suite> <!-- Default suite -->
</testng-results>
