<?xml version="1.0" encoding="UTF-8"?>
<testng-results ignored="18" total="19" passed="1" failed="0" skipped="0">
  <reporter-output>
  </reporter-output>
  <suite started-at="2023-01-09T20:52:46 IST" name="Default suite" finished-at="2023-01-09T20:53:50 IST" duration-ms="63700">
    <groups>
    </groups>
    <test started-at="2023-01-09T20:52:46 IST" name="Default test" finished-at="2023-01-09T20:53:50 IST" duration-ms="63700">
      <class name="Test_Suite.WileyPLUS_Test_Suite">
        <test-method is-config="true" signature="initiate(org.testng.ITestContext)[pri:0, instance:Test_Suite.WileyPLUS_Test_Suite@2d901eb0]" started-at="2023-01-09T20:52:46 IST" name="initiate" finished-at="2023-01-09T20:52:51 IST" duration-ms="4392" status="PASS">
          <params>
            <param index="0">
              <value>
                <![CDATA[org.testng.TestRunner@73608eb0]]>
              </value>
            </param>
          </params>
          <reporter-output>
          </reporter-output>
        </test-method> <!-- initiate -->
        <test-method is-config="true" signature="launchBrowser()[pri:0, instance:Test_Suite.WileyPLUS_Test_Suite@2d901eb0]" started-at="2023-01-09T20:52:51 IST" name="launchBrowser" finished-at="2023-01-09T20:52:51 IST" depends-on-methods="utilities.DriverModule.initiate" duration-ms="49" status="PASS">
          <reporter-output>
          </reporter-output>
        </test-method> <!-- launchBrowser -->
        <test-method signature="TC07_Verify_Additional_UI_Adjustments_WileyPLUS_PDP()[pri:0, instance:Test_Suite.WileyPLUS_Test_Suite@2d901eb0]" started-at="2023-01-09T20:52:51 IST" name="TC07_Verify_Additional_UI_Adjustments_WileyPLUS_PDP" finished-at="2023-01-09T20:53:48 IST" duration-ms="56832" status="PASS">
          <reporter-output>
          </reporter-output>
        </test-method> <!-- TC07_Verify_Additional_UI_Adjustments_WileyPLUS_PDP -->
        <test-method is-config="true" signature="CloseBrowser()[pri:0, instance:Test_Suite.WileyPLUS_Test_Suite@2d901eb0]" started-at="2023-01-09T20:53:48 IST" name="CloseBrowser" finished-at="2023-01-09T20:53:50 IST" duration-ms="2341" status="PASS">
          <reporter-output>
          </reporter-output>
        </test-method> <!-- CloseBrowser -->
      </class> <!-- Test_Suite.WileyPLUS_Test_Suite -->
    </test> <!-- Default test -->
  </suite> <!-- Default suite -->
</testng-results>
