<?xml version="1.0" encoding="UTF-8"?>
<testng-results ignored="0" total="28" passed="28" failed="0" skipped="0">
  <reporter-output>
  </reporter-output>
  <suite started-at="2023-05-05T12:07:36 IST" name="Default suite" finished-at="2023-05-05T12:45:29 IST" duration-ms="2273611">
    <groups>
    </groups>
    <test started-at="2023-05-05T12:07:36 IST" name="Default test" finished-at="2023-05-05T12:45:29 IST" duration-ms="2273611">
      <class name="TestSuite.WEL_Prod_Test_Suite">
        <test-method is-config="true" signature="initiate(org.testng.ITestContext,java.lang.String)[pri:0, instance:TestSuite.WEL_Prod_Test_Suite@60dce7ea]" started-at="2023-05-05T12:07:36 IST" name="initiate" finished-at="2023-05-05T12:07:49 IST" duration-ms="12712" status="PASS">
          <params>
            <param index="0">
              <value>
                <![CDATA[org.testng.TestRunner@55f066b4]]>
              </value>
            </param>
            <param index="1">
              <value>
                <![CDATA[edge]]>
              </value>
            </param>
          </params>
          <reporter-output>
          </reporter-output>
        </test-method> <!-- initiate -->
        <test-method is-config="true" signature="initializeRepo()[pri:0, instance:TestSuite.WEL_Prod_Test_Suite@60dce7ea]" started-at="2023-05-05T12:07:49 IST" name="initializeRepo" finished-at="2023-05-05T12:07:49 IST" depends-on-methods="utilities.DriverModule.initiate" duration-ms="181" status="PASS">
          <reporter-output>
          </reporter-output>
        </test-method> <!-- initializeRepo -->
        <test-method is-config="true" signature="nameBefore(java.lang.reflect.Method)[pri:0, instance:TestSuite.WEL_Prod_Test_Suite@60dce7ea]" started-at="2023-05-05T12:07:49 IST" name="nameBefore" finished-at="2023-05-05T12:07:49 IST" duration-ms="1" status="PASS">
          <params>
            <param index="0">
              <value>
                <![CDATA[public void TestSuite.WEL_Prod_Test_Suite.TC01_Standalone_User_Registration() throws java.io.IOException]]>
              </value>
            </param>
          </params>
          <reporter-output>
          </reporter-output>
        </test-method> <!-- nameBefore -->
        <test-method signature="TC01_Standalone_User_Registration()[pri:0, instance:TestSuite.WEL_Prod_Test_Suite@60dce7ea]" started-at="2023-05-05T12:07:49 IST" name="TC01_Standalone_User_Registration" finished-at="2023-05-05T12:08:57 IST" duration-ms="68540" status="PASS">
          <reporter-output>
          </reporter-output>
        </test-method> <!-- TC01_Standalone_User_Registration -->
        <test-method is-config="true" signature="nameAfter(java.lang.reflect.Method)[pri:0, instance:TestSuite.WEL_Prod_Test_Suite@60dce7ea]" started-at="2023-05-05T12:08:57 IST" name="nameAfter" finished-at="2023-05-05T12:08:57 IST" duration-ms="1" status="PASS">
          <params>
            <param index="0">
              <value>
                <![CDATA[public void TestSuite.WEL_Prod_Test_Suite.TC01_Standalone_User_Registration() throws java.io.IOException]]>
              </value>
            </param>
          </params>
          <reporter-output>
          </reporter-output>
        </test-method> <!-- nameAfter -->
        <test-method is-config="true" signature="nameBefore(java.lang.reflect.Method)[pri:0, instance:TestSuite.WEL_Prod_Test_Suite@60dce7ea]" started-at="2023-05-05T12:08:57 IST" name="nameBefore" finished-at="2023-05-05T12:08:57 IST" duration-ms="0" status="PASS">
          <params>
            <param index="0">
              <value>
                <![CDATA[public void TestSuite.WEL_Prod_Test_Suite.TC02_Login_With_Newly_Registered_User() throws java.io.IOException]]>
              </value>
            </param>
          </params>
          <reporter-output>
          </reporter-output>
        </test-method> <!-- nameBefore -->
        <test-method signature="TC02_Login_With_Newly_Registered_User()[pri:0, instance:TestSuite.WEL_Prod_Test_Suite@60dce7ea]" started-at="2023-05-05T12:08:57 IST" name="TC02_Login_With_Newly_Registered_User" finished-at="2023-05-05T12:09:17 IST" duration-ms="20074" status="PASS">
          <reporter-output>
          </reporter-output>
        </test-method> <!-- TC02_Login_With_Newly_Registered_User -->
        <test-method is-config="true" signature="nameAfter(java.lang.reflect.Method)[pri:0, instance:TestSuite.WEL_Prod_Test_Suite@60dce7ea]" started-at="2023-05-05T12:09:17 IST" name="nameAfter" finished-at="2023-05-05T12:09:17 IST" duration-ms="1" status="PASS">
          <params>
            <param index="0">
              <value>
                <![CDATA[public void TestSuite.WEL_Prod_Test_Suite.TC02_Login_With_Newly_Registered_User() throws java.io.IOException]]>
              </value>
            </param>
          </params>
          <reporter-output>
          </reporter-output>
        </test-method> <!-- nameAfter -->
        <test-method is-config="true" signature="nameBefore(java.lang.reflect.Method)[pri:0, instance:TestSuite.WEL_Prod_Test_Suite@60dce7ea]" started-at="2023-05-05T12:09:17 IST" name="nameBefore" finished-at="2023-05-05T12:09:17 IST" duration-ms="1" status="PASS">
          <params>
            <param index="0">
              <value>
                <![CDATA[public void TestSuite.WEL_Prod_Test_Suite.TC03_User_Registration_During_Checkout_for_Physical_Cart() throws java.io.IOException]]>
              </value>
            </param>
          </params>
          <reporter-output>
          </reporter-output>
        </test-method> <!-- nameBefore -->
        <test-method signature="TC03_User_Registration_During_Checkout_for_Physical_Cart()[pri:0, instance:TestSuite.WEL_Prod_Test_Suite@60dce7ea]" started-at="2023-05-05T12:09:17 IST" name="TC03_User_Registration_During_Checkout_for_Physical_Cart" finished-at="2023-05-05T12:09:58 IST" duration-ms="40835" status="PASS">
          <reporter-output>
          </reporter-output>
        </test-method> <!-- TC03_User_Registration_During_Checkout_for_Physical_Cart -->
        <test-method is-config="true" signature="nameAfter(java.lang.reflect.Method)[pri:0, instance:TestSuite.WEL_Prod_Test_Suite@60dce7ea]" started-at="2023-05-05T12:09:58 IST" name="nameAfter" finished-at="2023-05-05T12:09:58 IST" duration-ms="1" status="PASS">
          <params>
            <param index="0">
              <value>
                <![CDATA[public void TestSuite.WEL_Prod_Test_Suite.TC03_User_Registration_During_Checkout_for_Physical_Cart() throws java.io.IOException]]>
              </value>
            </param>
          </params>
          <reporter-output>
          </reporter-output>
        </test-method> <!-- nameAfter -->
        <test-method is-config="true" signature="nameBefore(java.lang.reflect.Method)[pri:0, instance:TestSuite.WEL_Prod_Test_Suite@60dce7ea]" started-at="2023-05-05T12:09:58 IST" name="nameBefore" finished-at="2023-05-05T12:09:58 IST" duration-ms="1" status="PASS">
          <params>
            <param index="0">
              <value>
                <![CDATA[public void TestSuite.WEL_Prod_Test_Suite.TC04_User_Login_during_Checkout() throws java.io.IOException]]>
              </value>
            </param>
          </params>
          <reporter-output>
          </reporter-output>
        </test-method> <!-- nameBefore -->
        <test-method signature="TC04_User_Login_during_Checkout()[pri:0, instance:TestSuite.WEL_Prod_Test_Suite@60dce7ea]" started-at="2023-05-05T12:09:58 IST" name="TC04_User_Login_during_Checkout" finished-at="2023-05-05T12:11:15 IST" duration-ms="76212" status="PASS">
          <reporter-output>
          </reporter-output>
        </test-method> <!-- TC04_User_Login_during_Checkout -->
        <test-method is-config="true" signature="nameAfter(java.lang.reflect.Method)[pri:0, instance:TestSuite.WEL_Prod_Test_Suite@60dce7ea]" started-at="2023-05-05T12:11:15 IST" name="nameAfter" finished-at="2023-05-05T12:11:15 IST" duration-ms="2" status="PASS">
          <params>
            <param index="0">
              <value>
                <![CDATA[public void TestSuite.WEL_Prod_Test_Suite.TC04_User_Login_during_Checkout() throws java.io.IOException]]>
              </value>
            </param>
          </params>
          <reporter-output>
          </reporter-output>
        </test-method> <!-- nameAfter -->
        <test-method is-config="true" signature="nameBefore(java.lang.reflect.Method)[pri:0, instance:TestSuite.WEL_Prod_Test_Suite@60dce7ea]" started-at="2023-05-05T12:11:15 IST" name="nameBefore" finished-at="2023-05-05T12:11:15 IST" duration-ms="0" status="PASS">
          <params>
            <param index="0">
              <value>
                <![CDATA[public void TestSuite.WEL_Prod_Test_Suite.TC05_Forget_Password_during_Checkout() throws java.io.IOException]]>
              </value>
            </param>
          </params>
          <reporter-output>
          </reporter-output>
        </test-method> <!-- nameBefore -->
        <test-method signature="TC05_Forget_Password_during_Checkout()[pri:0, instance:TestSuite.WEL_Prod_Test_Suite@60dce7ea]" started-at="2023-05-05T12:11:15 IST" name="TC05_Forget_Password_during_Checkout" finished-at="2023-05-05T12:13:38 IST" duration-ms="143766" status="PASS">
          <reporter-output>
          </reporter-output>
        </test-method> <!-- TC05_Forget_Password_during_Checkout -->
        <test-method is-config="true" signature="nameAfter(java.lang.reflect.Method)[pri:0, instance:TestSuite.WEL_Prod_Test_Suite@60dce7ea]" started-at="2023-05-05T12:13:38 IST" name="nameAfter" finished-at="2023-05-05T12:13:38 IST" duration-ms="0" status="PASS">
          <params>
            <param index="0">
              <value>
                <![CDATA[public void TestSuite.WEL_Prod_Test_Suite.TC05_Forget_Password_during_Checkout() throws java.io.IOException]]>
              </value>
            </param>
          </params>
          <reporter-output>
          </reporter-output>
        </test-method> <!-- nameAfter -->
        <test-method signature="TC06_Add_Promo_In_Anonymous_Cart()[pri:0, instance:TestSuite.WEL_Prod_Test_Suite@60dce7ea]" started-at="2023-05-05T12:13:38 IST" name="TC06_Add_Promo_In_Anonymous_Cart" finished-at="2023-05-05T12:15:06 IST" duration-ms="87325" status="PASS">
          <reporter-output>
          </reporter-output>
        </test-method> <!-- TC06_Add_Promo_In_Anonymous_Cart -->
        <test-method is-config="true" signature="nameBefore(java.lang.reflect.Method)[pri:0, instance:TestSuite.WEL_Prod_Test_Suite@60dce7ea]" started-at="2023-05-05T12:13:38 IST" name="nameBefore" finished-at="2023-05-05T12:13:38 IST" duration-ms="0" status="PASS">
          <params>
            <param index="0">
              <value>
                <![CDATA[public void TestSuite.WEL_Prod_Test_Suite.TC06_Add_Promo_In_Anonymous_Cart() throws java.io.IOException]]>
              </value>
            </param>
          </params>
          <reporter-output>
          </reporter-output>
        </test-method> <!-- nameBefore -->
        <test-method is-config="true" signature="nameAfter(java.lang.reflect.Method)[pri:0, instance:TestSuite.WEL_Prod_Test_Suite@60dce7ea]" started-at="2023-05-05T12:15:06 IST" name="nameAfter" finished-at="2023-05-05T12:15:06 IST" duration-ms="2" status="PASS">
          <params>
            <param index="0">
              <value>
                <![CDATA[public void TestSuite.WEL_Prod_Test_Suite.TC06_Add_Promo_In_Anonymous_Cart() throws java.io.IOException]]>
              </value>
            </param>
          </params>
          <reporter-output>
          </reporter-output>
        </test-method> <!-- nameAfter -->
        <test-method is-config="true" signature="nameBefore(java.lang.reflect.Method)[pri:0, instance:TestSuite.WEL_Prod_Test_Suite@60dce7ea]" started-at="2023-05-05T12:15:06 IST" name="nameBefore" finished-at="2023-05-05T12:15:06 IST" duration-ms="5" status="PASS">
          <params>
            <param index="0">
              <value>
                <![CDATA[public void TestSuite.WEL_Prod_Test_Suite.TC07_Add_Student_Discount_In_Anonymous_Cart() throws java.io.IOException]]>
              </value>
            </param>
          </params>
          <reporter-output>
          </reporter-output>
        </test-method> <!-- nameBefore -->
        <test-method signature="TC07_Add_Student_Discount_In_Anonymous_Cart()[pri:0, instance:TestSuite.WEL_Prod_Test_Suite@60dce7ea]" started-at="2023-05-05T12:15:06 IST" name="TC07_Add_Student_Discount_In_Anonymous_Cart" finished-at="2023-05-05T12:16:05 IST" duration-ms="58963" status="PASS">
          <reporter-output>
          </reporter-output>
        </test-method> <!-- TC07_Add_Student_Discount_In_Anonymous_Cart -->
        <test-method is-config="true" signature="nameAfter(java.lang.reflect.Method)[pri:0, instance:TestSuite.WEL_Prod_Test_Suite@60dce7ea]" started-at="2023-05-05T12:16:05 IST" name="nameAfter" finished-at="2023-05-05T12:16:05 IST" duration-ms="0" status="PASS">
          <params>
            <param index="0">
              <value>
                <![CDATA[public void TestSuite.WEL_Prod_Test_Suite.TC07_Add_Student_Discount_In_Anonymous_Cart() throws java.io.IOException]]>
              </value>
            </param>
          </params>
          <reporter-output>
          </reporter-output>
        </test-method> <!-- nameAfter -->
        <test-method is-config="true" signature="nameBefore(java.lang.reflect.Method)[pri:0, instance:TestSuite.WEL_Prod_Test_Suite@60dce7ea]" started-at="2023-05-05T12:16:05 IST" name="nameBefore" finished-at="2023-05-05T12:16:05 IST" duration-ms="4" status="PASS">
          <params>
            <param index="0">
              <value>
                <![CDATA[public void TestSuite.WEL_Prod_Test_Suite.TC08_Add_to_cart_multiple_products_and_promotion_for_existing_user() throws java.io.IOException]]>
              </value>
            </param>
          </params>
          <reporter-output>
          </reporter-output>
        </test-method> <!-- nameBefore -->
        <test-method signature="TC08_Add_to_cart_multiple_products_and_promotion_for_existing_user()[pri:0, instance:TestSuite.WEL_Prod_Test_Suite@60dce7ea]" started-at="2023-05-05T12:16:05 IST" name="TC08_Add_to_cart_multiple_products_and_promotion_for_existing_user" finished-at="2023-05-05T12:17:21 IST" duration-ms="76250" status="PASS">
          <reporter-output>
          </reporter-output>
        </test-method> <!-- TC08_Add_to_cart_multiple_products_and_promotion_for_existing_user -->
        <test-method is-config="true" signature="nameAfter(java.lang.reflect.Method)[pri:0, instance:TestSuite.WEL_Prod_Test_Suite@60dce7ea]" started-at="2023-05-05T12:17:21 IST" name="nameAfter" finished-at="2023-05-05T12:17:21 IST" duration-ms="10" status="PASS">
          <params>
            <param index="0">
              <value>
                <![CDATA[public void TestSuite.WEL_Prod_Test_Suite.TC08_Add_to_cart_multiple_products_and_promotion_for_existing_user() throws java.io.IOException]]>
              </value>
            </param>
          </params>
          <reporter-output>
          </reporter-output>
        </test-method> <!-- nameAfter -->
        <test-method signature="TC09_Extra_discount_coupon_code_GOVT()[pri:0, instance:TestSuite.WEL_Prod_Test_Suite@60dce7ea]" started-at="2023-05-05T12:17:21 IST" name="TC09_Extra_discount_coupon_code_GOVT" finished-at="2023-05-05T12:18:28 IST" duration-ms="66585" status="PASS">
          <reporter-output>
          </reporter-output>
        </test-method> <!-- TC09_Extra_discount_coupon_code_GOVT -->
        <test-method is-config="true" signature="nameBefore(java.lang.reflect.Method)[pri:0, instance:TestSuite.WEL_Prod_Test_Suite@60dce7ea]" started-at="2023-05-05T12:17:21 IST" name="nameBefore" finished-at="2023-05-05T12:17:21 IST" duration-ms="0" status="PASS">
          <params>
            <param index="0">
              <value>
                <![CDATA[public void TestSuite.WEL_Prod_Test_Suite.TC09_Extra_discount_coupon_code_GOVT() throws java.io.IOException]]>
              </value>
            </param>
          </params>
          <reporter-output>
          </reporter-output>
        </test-method> <!-- nameBefore -->
        <test-method is-config="true" signature="nameAfter(java.lang.reflect.Method)[pri:0, instance:TestSuite.WEL_Prod_Test_Suite@60dce7ea]" started-at="2023-05-05T12:18:28 IST" name="nameAfter" finished-at="2023-05-05T12:18:28 IST" duration-ms="1" status="PASS">
          <params>
            <param index="0">
              <value>
                <![CDATA[public void TestSuite.WEL_Prod_Test_Suite.TC09_Extra_discount_coupon_code_GOVT() throws java.io.IOException]]>
              </value>
            </param>
          </params>
          <reporter-output>
          </reporter-output>
        </test-method> <!-- nameAfter -->
        <test-method is-config="true" signature="nameBefore(java.lang.reflect.Method)[pri:0, instance:TestSuite.WEL_Prod_Test_Suite@60dce7ea]" started-at="2023-05-05T12:18:28 IST" name="nameBefore" finished-at="2023-05-05T12:18:28 IST" duration-ms="1" status="PASS">
          <params>
            <param index="0">
              <value>
                <![CDATA[public void TestSuite.WEL_Prod_Test_Suite.TC10_PlaceOrder_CPA_CMA_CFA_Free_Trail_For_NewUser() throws java.io.IOException]]>
              </value>
            </param>
          </params>
          <reporter-output>
          </reporter-output>
        </test-method> <!-- nameBefore -->
        <test-method signature="TC10_PlaceOrder_CPA_CMA_CFA_Free_Trail_For_NewUser()[pri:0, instance:TestSuite.WEL_Prod_Test_Suite@60dce7ea]" started-at="2023-05-05T12:18:28 IST" name="TC10_PlaceOrder_CPA_CMA_CFA_Free_Trail_For_NewUser" finished-at="2023-05-05T12:21:28 IST" duration-ms="180914" status="PASS">
          <reporter-output>
          </reporter-output>
        </test-method> <!-- TC10_PlaceOrder_CPA_CMA_CFA_Free_Trail_For_NewUser -->
        <test-method is-config="true" signature="nameAfter(java.lang.reflect.Method)[pri:0, instance:TestSuite.WEL_Prod_Test_Suite@60dce7ea]" started-at="2023-05-05T12:21:28 IST" name="nameAfter" finished-at="2023-05-05T12:21:28 IST" duration-ms="3" status="PASS">
          <params>
            <param index="0">
              <value>
                <![CDATA[public void TestSuite.WEL_Prod_Test_Suite.TC10_PlaceOrder_CPA_CMA_CFA_Free_Trail_For_NewUser() throws java.io.IOException]]>
              </value>
            </param>
          </params>
          <reporter-output>
          </reporter-output>
        </test-method> <!-- nameAfter -->
        <test-method signature="TC11_Address_suggestionbyAddressDoctorinShippingpage()[pri:0, instance:TestSuite.WEL_Prod_Test_Suite@60dce7ea]" started-at="2023-05-05T12:21:28 IST" name="TC11_Address_suggestionbyAddressDoctorinShippingpage" finished-at="2023-05-05T12:22:47 IST" duration-ms="78848" status="PASS">
          <reporter-output>
          </reporter-output>
        </test-method> <!-- TC11_Address_suggestionbyAddressDoctorinShippingpage -->
        <test-method is-config="true" signature="nameBefore(java.lang.reflect.Method)[pri:0, instance:TestSuite.WEL_Prod_Test_Suite@60dce7ea]" started-at="2023-05-05T12:21:28 IST" name="nameBefore" finished-at="2023-05-05T12:21:28 IST" duration-ms="0" status="PASS">
          <params>
            <param index="0">
              <value>
                <![CDATA[public void TestSuite.WEL_Prod_Test_Suite.TC11_Address_suggestionbyAddressDoctorinShippingpage() throws java.io.IOException]]>
              </value>
            </param>
          </params>
          <reporter-output>
          </reporter-output>
        </test-method> <!-- nameBefore -->
        <test-method is-config="true" signature="nameAfter(java.lang.reflect.Method)[pri:0, instance:TestSuite.WEL_Prod_Test_Suite@60dce7ea]" started-at="2023-05-05T12:22:47 IST" name="nameAfter" finished-at="2023-05-05T12:22:47 IST" duration-ms="0" status="PASS">
          <params>
            <param index="0">
              <value>
                <![CDATA[public void TestSuite.WEL_Prod_Test_Suite.TC11_Address_suggestionbyAddressDoctorinShippingpage() throws java.io.IOException]]>
              </value>
            </param>
          </params>
          <reporter-output>
          </reporter-output>
        </test-method> <!-- nameAfter -->
        <test-method is-config="true" signature="nameBefore(java.lang.reflect.Method)[pri:0, instance:TestSuite.WEL_Prod_Test_Suite@60dce7ea]" started-at="2023-05-05T12:22:47 IST" name="nameBefore" finished-at="2023-05-05T12:22:47 IST" duration-ms="1" status="PASS">
          <params>
            <param index="0">
              <value>
                <![CDATA[public void TestSuite.WEL_Prod_Test_Suite.TC12_StudentVerification_ForphysicalCartof_USANDNonUS() throws java.io.IOException]]>
              </value>
            </param>
          </params>
          <reporter-output>
          </reporter-output>
        </test-method> <!-- nameBefore -->
        <test-method signature="TC12_StudentVerification_ForphysicalCartof_USANDNonUS()[pri:0, instance:TestSuite.WEL_Prod_Test_Suite@60dce7ea]" started-at="2023-05-05T12:22:47 IST" name="TC12_StudentVerification_ForphysicalCartof_USANDNonUS" finished-at="2023-05-05T12:24:03 IST" duration-ms="76164" status="PASS">
          <reporter-output>
          </reporter-output>
        </test-method> <!-- TC12_StudentVerification_ForphysicalCartof_USANDNonUS -->
        <test-method is-config="true" signature="nameAfter(java.lang.reflect.Method)[pri:0, instance:TestSuite.WEL_Prod_Test_Suite@60dce7ea]" started-at="2023-05-05T12:24:03 IST" name="nameAfter" finished-at="2023-05-05T12:24:03 IST" duration-ms="1" status="PASS">
          <params>
            <param index="0">
              <value>
                <![CDATA[public void TestSuite.WEL_Prod_Test_Suite.TC12_StudentVerification_ForphysicalCartof_USANDNonUS() throws java.io.IOException]]>
              </value>
            </param>
          </params>
          <reporter-output>
          </reporter-output>
        </test-method> <!-- nameAfter -->
        <test-method is-config="true" signature="nameBefore(java.lang.reflect.Method)[pri:0, instance:TestSuite.WEL_Prod_Test_Suite@60dce7ea]" started-at="2023-05-05T12:24:03 IST" name="nameBefore" finished-at="2023-05-05T12:24:03 IST" duration-ms="1" status="PASS">
          <params>
            <param index="0">
              <value>
                <![CDATA[public void TestSuite.WEL_Prod_Test_Suite.TC13_ShippingAndBillingAddress_DifferentForNewUser() throws java.io.IOException]]>
              </value>
            </param>
          </params>
          <reporter-output>
          </reporter-output>
        </test-method> <!-- nameBefore -->
        <test-method signature="TC13_ShippingAndBillingAddress_DifferentForNewUser()[pri:0, instance:TestSuite.WEL_Prod_Test_Suite@60dce7ea]" started-at="2023-05-05T12:24:03 IST" name="TC13_ShippingAndBillingAddress_DifferentForNewUser" finished-at="2023-05-05T12:25:30 IST" duration-ms="86793" status="PASS">
          <reporter-output>
          </reporter-output>
        </test-method> <!-- TC13_ShippingAndBillingAddress_DifferentForNewUser -->
        <test-method is-config="true" signature="nameAfter(java.lang.reflect.Method)[pri:0, instance:TestSuite.WEL_Prod_Test_Suite@60dce7ea]" started-at="2023-05-05T12:25:30 IST" name="nameAfter" finished-at="2023-05-05T12:25:30 IST" duration-ms="0" status="PASS">
          <params>
            <param index="0">
              <value>
                <![CDATA[public void TestSuite.WEL_Prod_Test_Suite.TC13_ShippingAndBillingAddress_DifferentForNewUser() throws java.io.IOException]]>
              </value>
            </param>
          </params>
          <reporter-output>
          </reporter-output>
        </test-method> <!-- nameAfter -->
        <test-method is-config="true" signature="nameBefore(java.lang.reflect.Method)[pri:0, instance:TestSuite.WEL_Prod_Test_Suite@60dce7ea]" started-at="2023-05-05T12:25:30 IST" name="nameBefore" finished-at="2023-05-05T12:25:30 IST" duration-ms="1" status="PASS">
          <params>
            <param index="0">
              <value>
                <![CDATA[public void TestSuite.WEL_Prod_Test_Suite.TC14_Address_suggestionbyAddressDoctorinBillingpage() throws java.io.IOException]]>
              </value>
            </param>
          </params>
          <reporter-output>
          </reporter-output>
        </test-method> <!-- nameBefore -->
        <test-method signature="TC14_Address_suggestionbyAddressDoctorinBillingpage()[pri:0, instance:TestSuite.WEL_Prod_Test_Suite@60dce7ea]" started-at="2023-05-05T12:25:30 IST" name="TC14_Address_suggestionbyAddressDoctorinBillingpage" finished-at="2023-05-05T12:26:51 IST" duration-ms="80895" status="PASS">
          <reporter-output>
          </reporter-output>
        </test-method> <!-- TC14_Address_suggestionbyAddressDoctorinBillingpage -->
        <test-method is-config="true" signature="nameAfter(java.lang.reflect.Method)[pri:0, instance:TestSuite.WEL_Prod_Test_Suite@60dce7ea]" started-at="2023-05-05T12:26:51 IST" name="nameAfter" finished-at="2023-05-05T12:26:51 IST" duration-ms="1" status="PASS">
          <params>
            <param index="0">
              <value>
                <![CDATA[public void TestSuite.WEL_Prod_Test_Suite.TC14_Address_suggestionbyAddressDoctorinBillingpage() throws java.io.IOException]]>
              </value>
            </param>
          </params>
          <reporter-output>
          </reporter-output>
        </test-method> <!-- nameAfter -->
        <test-method signature="TC15_Check_PaypalPayment_OptionForExistingUser()[pri:0, instance:TestSuite.WEL_Prod_Test_Suite@60dce7ea]" started-at="2023-05-05T12:26:51 IST" name="TC15_Check_PaypalPayment_OptionForExistingUser" finished-at="2023-05-05T12:28:11 IST" duration-ms="79744" status="PASS">
          <reporter-output>
          </reporter-output>
        </test-method> <!-- TC15_Check_PaypalPayment_OptionForExistingUser -->
        <test-method is-config="true" signature="nameBefore(java.lang.reflect.Method)[pri:0, instance:TestSuite.WEL_Prod_Test_Suite@60dce7ea]" started-at="2023-05-05T12:26:51 IST" name="nameBefore" finished-at="2023-05-05T12:26:51 IST" duration-ms="0" status="PASS">
          <params>
            <param index="0">
              <value>
                <![CDATA[public void TestSuite.WEL_Prod_Test_Suite.TC15_Check_PaypalPayment_OptionForExistingUser() throws java.io.IOException]]>
              </value>
            </param>
          </params>
          <reporter-output>
          </reporter-output>
        </test-method> <!-- nameBefore -->
        <test-method is-config="true" signature="nameAfter(java.lang.reflect.Method)[pri:0, instance:TestSuite.WEL_Prod_Test_Suite@60dce7ea]" started-at="2023-05-05T12:28:11 IST" name="nameAfter" finished-at="2023-05-05T12:28:11 IST" duration-ms="0" status="PASS">
          <params>
            <param index="0">
              <value>
                <![CDATA[public void TestSuite.WEL_Prod_Test_Suite.TC15_Check_PaypalPayment_OptionForExistingUser() throws java.io.IOException]]>
              </value>
            </param>
          </params>
          <reporter-output>
          </reporter-output>
        </test-method> <!-- nameAfter -->
        <test-method is-config="true" signature="nameBefore(java.lang.reflect.Method)[pri:0, instance:TestSuite.WEL_Prod_Test_Suite@60dce7ea]" started-at="2023-05-05T12:28:11 IST" name="nameBefore" finished-at="2023-05-05T12:28:11 IST" duration-ms="1" status="PASS">
          <params>
            <param index="0">
              <value>
                <![CDATA[public void TestSuite.WEL_Prod_Test_Suite.TC16_Check_PaypalCredit_OptionForNewUser() throws java.io.IOException]]>
              </value>
            </param>
          </params>
          <reporter-output>
          </reporter-output>
        </test-method> <!-- nameBefore -->
        <test-method signature="TC16_Check_PaypalCredit_OptionForNewUser()[pri:0, instance:TestSuite.WEL_Prod_Test_Suite@60dce7ea]" started-at="2023-05-05T12:28:11 IST" name="TC16_Check_PaypalCredit_OptionForNewUser" finished-at="2023-05-05T12:29:38 IST" duration-ms="87288" status="PASS">
          <reporter-output>
          </reporter-output>
        </test-method> <!-- TC16_Check_PaypalCredit_OptionForNewUser -->
        <test-method is-config="true" signature="nameAfter(java.lang.reflect.Method)[pri:0, instance:TestSuite.WEL_Prod_Test_Suite@60dce7ea]" started-at="2023-05-05T12:29:38 IST" name="nameAfter" finished-at="2023-05-05T12:29:38 IST" duration-ms="2" status="PASS">
          <params>
            <param index="0">
              <value>
                <![CDATA[public void TestSuite.WEL_Prod_Test_Suite.TC16_Check_PaypalCredit_OptionForNewUser() throws java.io.IOException]]>
              </value>
            </param>
          </params>
          <reporter-output>
          </reporter-output>
        </test-method> <!-- nameAfter -->
        <test-method is-config="true" signature="nameBefore(java.lang.reflect.Method)[pri:0, instance:TestSuite.WEL_Prod_Test_Suite@60dce7ea]" started-at="2023-05-05T12:29:38 IST" name="nameBefore" finished-at="2023-05-05T12:29:38 IST" duration-ms="1" status="PASS">
          <params>
            <param index="0">
              <value>
                <![CDATA[public void TestSuite.WEL_Prod_Test_Suite.TC17_AddPartnerproduct_Having100PrcentDiscountIntoCart() throws java.io.IOException]]>
              </value>
            </param>
          </params>
          <reporter-output>
          </reporter-output>
        </test-method> <!-- nameBefore -->
        <test-method signature="TC17_AddPartnerproduct_Having100PrcentDiscountIntoCart()[pri:0, instance:TestSuite.WEL_Prod_Test_Suite@60dce7ea]" started-at="2023-05-05T12:29:38 IST" name="TC17_AddPartnerproduct_Having100PrcentDiscountIntoCart" finished-at="2023-05-05T12:30:22 IST" duration-ms="43319" status="PASS">
          <reporter-output>
          </reporter-output>
        </test-method> <!-- TC17_AddPartnerproduct_Having100PrcentDiscountIntoCart -->
        <test-method is-config="true" signature="nameAfter(java.lang.reflect.Method)[pri:0, instance:TestSuite.WEL_Prod_Test_Suite@60dce7ea]" started-at="2023-05-05T12:30:22 IST" name="nameAfter" finished-at="2023-05-05T12:30:22 IST" duration-ms="5" status="PASS">
          <params>
            <param index="0">
              <value>
                <![CDATA[public void TestSuite.WEL_Prod_Test_Suite.TC17_AddPartnerproduct_Having100PrcentDiscountIntoCart() throws java.io.IOException]]>
              </value>
            </param>
          </params>
          <reporter-output>
          </reporter-output>
        </test-method> <!-- nameAfter -->
        <test-method signature="TC18_AddUniversiry_PartnerProduct()[pri:0, instance:TestSuite.WEL_Prod_Test_Suite@60dce7ea]" started-at="2023-05-05T12:30:22 IST" name="TC18_AddUniversiry_PartnerProduct" finished-at="2023-05-05T12:31:00 IST" duration-ms="38742" status="PASS">
          <reporter-output>
          </reporter-output>
        </test-method> <!-- TC18_AddUniversiry_PartnerProduct -->
        <test-method is-config="true" signature="nameBefore(java.lang.reflect.Method)[pri:0, instance:TestSuite.WEL_Prod_Test_Suite@60dce7ea]" started-at="2023-05-05T12:30:22 IST" name="nameBefore" finished-at="2023-05-05T12:30:22 IST" duration-ms="0" status="PASS">
          <params>
            <param index="0">
              <value>
                <![CDATA[public void TestSuite.WEL_Prod_Test_Suite.TC18_AddUniversiry_PartnerProduct() throws java.io.IOException]]>
              </value>
            </param>
          </params>
          <reporter-output>
          </reporter-output>
        </test-method> <!-- nameBefore -->
        <test-method is-config="true" signature="nameAfter(java.lang.reflect.Method)[pri:0, instance:TestSuite.WEL_Prod_Test_Suite@60dce7ea]" started-at="2023-05-05T12:31:00 IST" name="nameAfter" finished-at="2023-05-05T12:31:00 IST" duration-ms="6" status="PASS">
          <params>
            <param index="0">
              <value>
                <![CDATA[public void TestSuite.WEL_Prod_Test_Suite.TC18_AddUniversiry_PartnerProduct() throws java.io.IOException]]>
              </value>
            </param>
          </params>
          <reporter-output>
          </reporter-output>
        </test-method> <!-- nameAfter -->
        <test-method is-config="true" signature="nameBefore(java.lang.reflect.Method)[pri:0, instance:TestSuite.WEL_Prod_Test_Suite@60dce7ea]" started-at="2023-05-05T12:31:00 IST" name="nameBefore" finished-at="2023-05-05T12:31:00 IST" duration-ms="1" status="PASS">
          <params>
            <param index="0">
              <value>
                <![CDATA[public void TestSuite.WEL_Prod_Test_Suite.TC19_AddProducts_Some_Parts_New_User() throws java.io.IOException]]>
              </value>
            </param>
          </params>
          <reporter-output>
          </reporter-output>
        </test-method> <!-- nameBefore -->
        <test-method signature="TC19_AddProducts_Some_Parts_New_User()[pri:0, instance:TestSuite.WEL_Prod_Test_Suite@60dce7ea]" started-at="2023-05-05T12:31:00 IST" name="TC19_AddProducts_Some_Parts_New_User" finished-at="2023-05-05T12:32:06 IST" duration-ms="65267" status="PASS">
          <reporter-output>
          </reporter-output>
        </test-method> <!-- TC19_AddProducts_Some_Parts_New_User -->
        <test-method is-config="true" signature="nameAfter(java.lang.reflect.Method)[pri:0, instance:TestSuite.WEL_Prod_Test_Suite@60dce7ea]" started-at="2023-05-05T12:32:06 IST" name="nameAfter" finished-at="2023-05-05T12:32:06 IST" duration-ms="1" status="PASS">
          <params>
            <param index="0">
              <value>
                <![CDATA[public void TestSuite.WEL_Prod_Test_Suite.TC19_AddProducts_Some_Parts_New_User() throws java.io.IOException]]>
              </value>
            </param>
          </params>
          <reporter-output>
          </reporter-output>
        </test-method> <!-- nameAfter -->
        <test-method is-config="true" signature="nameBefore(java.lang.reflect.Method)[pri:0, instance:TestSuite.WEL_Prod_Test_Suite@60dce7ea]" started-at="2023-05-05T12:32:06 IST" name="nameBefore" finished-at="2023-05-05T12:32:06 IST" duration-ms="14" status="PASS">
          <params>
            <param index="0">
              <value>
                <![CDATA[public void TestSuite.WEL_Prod_Test_Suite.TC20_Shipping_Billing_ForIndiaAddress() throws java.io.IOException]]>
              </value>
            </param>
          </params>
          <reporter-output>
          </reporter-output>
        </test-method> <!-- nameBefore -->
        <test-method signature="TC20_Shipping_Billing_ForIndiaAddress()[pri:0, instance:TestSuite.WEL_Prod_Test_Suite@60dce7ea]" started-at="2023-05-05T12:32:06 IST" name="TC20_Shipping_Billing_ForIndiaAddress" finished-at="2023-05-05T12:33:37 IST" duration-ms="91457" status="PASS">
          <reporter-output>
          </reporter-output>
        </test-method> <!-- TC20_Shipping_Billing_ForIndiaAddress -->
        <test-method is-config="true" signature="nameAfter(java.lang.reflect.Method)[pri:0, instance:TestSuite.WEL_Prod_Test_Suite@60dce7ea]" started-at="2023-05-05T12:33:37 IST" name="nameAfter" finished-at="2023-05-05T12:33:37 IST" duration-ms="1" status="PASS">
          <params>
            <param index="0">
              <value>
                <![CDATA[public void TestSuite.WEL_Prod_Test_Suite.TC20_Shipping_Billing_ForIndiaAddress() throws java.io.IOException]]>
              </value>
            </param>
          </params>
          <reporter-output>
          </reporter-output>
        </test-method> <!-- nameAfter -->
        <test-method is-config="true" signature="nameBefore(java.lang.reflect.Method)[pri:0, instance:TestSuite.WEL_Prod_Test_Suite@60dce7ea]" started-at="2023-05-05T12:33:37 IST" name="nameBefore" finished-at="2023-05-05T12:33:37 IST" duration-ms="0" status="PASS">
          <params>
            <param index="0">
              <value>
                <![CDATA[public void TestSuite.WEL_Prod_Test_Suite.TC21_Shipping_Billing_ForChinaAddress() throws java.io.IOException]]>
              </value>
            </param>
          </params>
          <reporter-output>
          </reporter-output>
        </test-method> <!-- nameBefore -->
        <test-method signature="TC21_Shipping_Billing_ForChinaAddress()[pri:0, instance:TestSuite.WEL_Prod_Test_Suite@60dce7ea]" started-at="2023-05-05T12:33:37 IST" name="TC21_Shipping_Billing_ForChinaAddress" finished-at="2023-05-05T12:35:33 IST" duration-ms="116291" status="PASS">
          <reporter-output>
          </reporter-output>
        </test-method> <!-- TC21_Shipping_Billing_ForChinaAddress -->
        <test-method is-config="true" signature="nameAfter(java.lang.reflect.Method)[pri:0, instance:TestSuite.WEL_Prod_Test_Suite@60dce7ea]" started-at="2023-05-05T12:35:33 IST" name="nameAfter" finished-at="2023-05-05T12:35:33 IST" duration-ms="6" status="PASS">
          <params>
            <param index="0">
              <value>
                <![CDATA[public void TestSuite.WEL_Prod_Test_Suite.TC21_Shipping_Billing_ForChinaAddress() throws java.io.IOException]]>
              </value>
            </param>
          </params>
          <reporter-output>
          </reporter-output>
        </test-method> <!-- nameAfter -->
        <test-method is-config="true" signature="nameBefore(java.lang.reflect.Method)[pri:0, instance:TestSuite.WEL_Prod_Test_Suite@60dce7ea]" started-at="2023-05-05T12:35:33 IST" name="nameBefore" finished-at="2023-05-05T12:35:33 IST" duration-ms="1" status="PASS">
          <params>
            <param index="0">
              <value>
                <![CDATA[public void TestSuite.WEL_Prod_Test_Suite.TC22_Shipping_Billing_ForJapanAddress() throws java.io.IOException]]>
              </value>
            </param>
          </params>
          <reporter-output>
          </reporter-output>
        </test-method> <!-- nameBefore -->
        <test-method signature="TC22_Shipping_Billing_ForJapanAddress()[pri:0, instance:TestSuite.WEL_Prod_Test_Suite@60dce7ea]" started-at="2023-05-05T12:35:33 IST" name="TC22_Shipping_Billing_ForJapanAddress" finished-at="2023-05-05T12:37:06 IST" duration-ms="92949" status="PASS">
          <reporter-output>
          </reporter-output>
        </test-method> <!-- TC22_Shipping_Billing_ForJapanAddress -->
        <test-method is-config="true" signature="nameAfter(java.lang.reflect.Method)[pri:0, instance:TestSuite.WEL_Prod_Test_Suite@60dce7ea]" started-at="2023-05-05T12:37:06 IST" name="nameAfter" finished-at="2023-05-05T12:37:06 IST" duration-ms="1" status="PASS">
          <params>
            <param index="0">
              <value>
                <![CDATA[public void TestSuite.WEL_Prod_Test_Suite.TC22_Shipping_Billing_ForJapanAddress() throws java.io.IOException]]>
              </value>
            </param>
          </params>
          <reporter-output>
          </reporter-output>
        </test-method> <!-- nameAfter -->
        <test-method is-config="true" signature="nameBefore(java.lang.reflect.Method)[pri:0, instance:TestSuite.WEL_Prod_Test_Suite@60dce7ea]" started-at="2023-05-05T12:37:06 IST" name="nameBefore" finished-at="2023-05-05T12:37:06 IST" duration-ms="0" status="PASS">
          <params>
            <param index="0">
              <value>
                <![CDATA[public void TestSuite.WEL_Prod_Test_Suite.TC23_Messagethat_WedontShipToPOboxesOnShippingaddres_PricingImplementation() throws java.io.IOException]]>
              </value>
            </param>
          </params>
          <reporter-output>
          </reporter-output>
        </test-method> <!-- nameBefore -->
        <test-method signature="TC23_Messagethat_WedontShipToPOboxesOnShippingaddres_PricingImplementation()[pri:0, instance:TestSuite.WEL_Prod_Test_Suite@60dce7ea]" started-at="2023-05-05T12:37:06 IST" name="TC23_Messagethat_WedontShipToPOboxesOnShippingaddres_PricingImplementation" finished-at="2023-05-05T12:38:14 IST" duration-ms="67303" status="PASS">
          <reporter-output>
          </reporter-output>
        </test-method> <!-- TC23_Messagethat_WedontShipToPOboxesOnShippingaddres_PricingImplementation -->
        <test-method is-config="true" signature="nameAfter(java.lang.reflect.Method)[pri:0, instance:TestSuite.WEL_Prod_Test_Suite@60dce7ea]" started-at="2023-05-05T12:38:14 IST" name="nameAfter" finished-at="2023-05-05T12:38:14 IST" duration-ms="1" status="PASS">
          <params>
            <param index="0">
              <value>
                <![CDATA[public void TestSuite.WEL_Prod_Test_Suite.TC23_Messagethat_WedontShipToPOboxesOnShippingaddres_PricingImplementation() throws java.io.IOException]]>
              </value>
            </param>
          </params>
          <reporter-output>
          </reporter-output>
        </test-method> <!-- nameAfter -->
        <test-method is-config="true" signature="nameBefore(java.lang.reflect.Method)[pri:0, instance:TestSuite.WEL_Prod_Test_Suite@60dce7ea]" started-at="2023-05-05T12:38:14 IST" name="nameBefore" finished-at="2023-05-05T12:38:14 IST" duration-ms="1" status="PASS">
          <params>
            <param index="0">
              <value>
                <![CDATA[public void TestSuite.WEL_Prod_Test_Suite.TC24_AddProducts_CPACMACFA_ReviewCoursPhysicalproduct_FornewUserToCart_AndProceedTill_Paymentpage() throws java.io.IOException]]>
              </value>
            </param>
          </params>
          <reporter-output>
          </reporter-output>
        </test-method> <!-- nameBefore -->
        <test-method signature="TC24_AddProducts_CPACMACFA_ReviewCoursPhysicalproduct_FornewUserToCart_AndProceedTill_Paymentpage()[pri:0, instance:TestSuite.WEL_Prod_Test_Suite@60dce7ea]" started-at="2023-05-05T12:38:14 IST" name="TC24_AddProducts_CPACMACFA_ReviewCoursPhysicalproduct_FornewUserToCart_AndProceedTill_Paymentpage" finished-at="2023-05-05T12:39:02 IST" duration-ms="48274" status="PASS">
          <reporter-output>
          </reporter-output>
        </test-method> <!-- TC24_AddProducts_CPACMACFA_ReviewCoursPhysicalproduct_FornewUserToCart_AndProceedTill_Paymentpage -->
        <test-method is-config="true" signature="nameAfter(java.lang.reflect.Method)[pri:0, instance:TestSuite.WEL_Prod_Test_Suite@60dce7ea]" started-at="2023-05-05T12:39:02 IST" name="nameAfter" finished-at="2023-05-05T12:39:02 IST" duration-ms="1" status="PASS">
          <params>
            <param index="0">
              <value>
                <![CDATA[public void TestSuite.WEL_Prod_Test_Suite.TC24_AddProducts_CPACMACFA_ReviewCoursPhysicalproduct_FornewUserToCart_AndProceedTill_Paymentpage() throws java.io.IOException]]>
              </value>
            </param>
          </params>
          <reporter-output>
          </reporter-output>
        </test-method> <!-- nameAfter -->
        <test-method signature="TC25_CartPage_UIValidation()[pri:0, instance:TestSuite.WEL_Prod_Test_Suite@60dce7ea]" started-at="2023-05-05T12:39:02 IST" name="TC25_CartPage_UIValidation" finished-at="2023-05-05T12:40:07 IST" duration-ms="65251" status="PASS">
          <reporter-output>
          </reporter-output>
        </test-method> <!-- TC25_CartPage_UIValidation -->
        <test-method is-config="true" signature="nameBefore(java.lang.reflect.Method)[pri:0, instance:TestSuite.WEL_Prod_Test_Suite@60dce7ea]" started-at="2023-05-05T12:39:02 IST" name="nameBefore" finished-at="2023-05-05T12:39:02 IST" duration-ms="0" status="PASS">
          <params>
            <param index="0">
              <value>
                <![CDATA[public void TestSuite.WEL_Prod_Test_Suite.TC25_CartPage_UIValidation() throws java.io.IOException]]>
              </value>
            </param>
          </params>
          <reporter-output>
          </reporter-output>
        </test-method> <!-- nameBefore -->
        <test-method is-config="true" signature="nameAfter(java.lang.reflect.Method)[pri:0, instance:TestSuite.WEL_Prod_Test_Suite@60dce7ea]" started-at="2023-05-05T12:40:07 IST" name="nameAfter" finished-at="2023-05-05T12:40:07 IST" duration-ms="1" status="PASS">
          <params>
            <param index="0">
              <value>
                <![CDATA[public void TestSuite.WEL_Prod_Test_Suite.TC25_CartPage_UIValidation() throws java.io.IOException]]>
              </value>
            </param>
          </params>
          <reporter-output>
          </reporter-output>
        </test-method> <!-- nameAfter -->
        <test-method signature="TC26_Multiple_To_And_Fro_Navigation_Between_Shipping_And_Billing()[pri:0, instance:TestSuite.WEL_Prod_Test_Suite@60dce7ea]" started-at="2023-05-05T12:40:07 IST" name="TC26_Multiple_To_And_Fro_Navigation_Between_Shipping_And_Billing" finished-at="2023-05-05T12:42:58 IST" duration-ms="171062" status="PASS">
          <reporter-output>
          </reporter-output>
        </test-method> <!-- TC26_Multiple_To_And_Fro_Navigation_Between_Shipping_And_Billing -->
        <test-method is-config="true" signature="nameBefore(java.lang.reflect.Method)[pri:0, instance:TestSuite.WEL_Prod_Test_Suite@60dce7ea]" started-at="2023-05-05T12:40:07 IST" name="nameBefore" finished-at="2023-05-05T12:40:07 IST" duration-ms="0" status="PASS">
          <params>
            <param index="0">
              <value>
                <![CDATA[public void TestSuite.WEL_Prod_Test_Suite.TC26_Multiple_To_And_Fro_Navigation_Between_Shipping_And_Billing() throws java.io.IOException]]>
              </value>
            </param>
          </params>
          <reporter-output>
          </reporter-output>
        </test-method> <!-- nameBefore -->
        <test-method is-config="true" signature="nameAfter(java.lang.reflect.Method)[pri:0, instance:TestSuite.WEL_Prod_Test_Suite@60dce7ea]" started-at="2023-05-05T12:42:58 IST" name="nameAfter" finished-at="2023-05-05T12:42:58 IST" duration-ms="1" status="PASS">
          <params>
            <param index="0">
              <value>
                <![CDATA[public void TestSuite.WEL_Prod_Test_Suite.TC26_Multiple_To_And_Fro_Navigation_Between_Shipping_And_Billing() throws java.io.IOException]]>
              </value>
            </param>
          </params>
          <reporter-output>
          </reporter-output>
        </test-method> <!-- nameAfter -->
        <test-method signature="TC27_Shipping_Charge_For_Multiple_Quantity()[pri:0, instance:TestSuite.WEL_Prod_Test_Suite@60dce7ea]" started-at="2023-05-05T12:42:58 IST" name="TC27_Shipping_Charge_For_Multiple_Quantity" finished-at="2023-05-05T12:44:32 IST" duration-ms="93352" status="PASS">
          <reporter-output>
          </reporter-output>
        </test-method> <!-- TC27_Shipping_Charge_For_Multiple_Quantity -->
        <test-method is-config="true" signature="nameBefore(java.lang.reflect.Method)[pri:0, instance:TestSuite.WEL_Prod_Test_Suite@60dce7ea]" started-at="2023-05-05T12:42:58 IST" name="nameBefore" finished-at="2023-05-05T12:42:58 IST" duration-ms="0" status="PASS">
          <params>
            <param index="0">
              <value>
                <![CDATA[public void TestSuite.WEL_Prod_Test_Suite.TC27_Shipping_Charge_For_Multiple_Quantity() throws java.io.IOException]]>
              </value>
            </param>
          </params>
          <reporter-output>
          </reporter-output>
        </test-method> <!-- nameBefore -->
        <test-method is-config="true" signature="nameAfter(java.lang.reflect.Method)[pri:0, instance:TestSuite.WEL_Prod_Test_Suite@60dce7ea]" started-at="2023-05-05T12:44:32 IST" name="nameAfter" finished-at="2023-05-05T12:44:32 IST" duration-ms="0" status="PASS">
          <params>
            <param index="0">
              <value>
                <![CDATA[public void TestSuite.WEL_Prod_Test_Suite.TC27_Shipping_Charge_For_Multiple_Quantity() throws java.io.IOException]]>
              </value>
            </param>
          </params>
          <reporter-output>
          </reporter-output>
        </test-method> <!-- nameAfter -->
        <test-method is-config="true" signature="nameBefore(java.lang.reflect.Method)[pri:0, instance:TestSuite.WEL_Prod_Test_Suite@60dce7ea]" started-at="2023-05-05T12:44:32 IST" name="nameBefore" finished-at="2023-05-05T12:44:32 IST" duration-ms="1" status="PASS">
          <params>
            <param index="0">
              <value>
                <![CDATA[public void TestSuite.WEL_Prod_Test_Suite.TC28_Validate_the_Email_Id_Format_In_Checkout_Login_And_Registration_Page() throws java.io.IOException]]>
              </value>
            </param>
          </params>
          <reporter-output>
          </reporter-output>
        </test-method> <!-- nameBefore -->
        <test-method signature="TC28_Validate_the_Email_Id_Format_In_Checkout_Login_And_Registration_Page()[pri:0, instance:TestSuite.WEL_Prod_Test_Suite@60dce7ea]" started-at="2023-05-05T12:44:32 IST" name="TC28_Validate_the_Email_Id_Format_In_Checkout_Login_And_Registration_Page" finished-at="2023-05-05T12:45:26 IST" duration-ms="54775" status="PASS">
          <reporter-output>
          </reporter-output>
        </test-method> <!-- TC28_Validate_the_Email_Id_Format_In_Checkout_Login_And_Registration_Page -->
        <test-method is-config="true" signature="nameAfter(java.lang.reflect.Method)[pri:0, instance:TestSuite.WEL_Prod_Test_Suite@60dce7ea]" started-at="2023-05-05T12:45:26 IST" name="nameAfter" finished-at="2023-05-05T12:45:26 IST" duration-ms="2" status="PASS">
          <params>
            <param index="0">
              <value>
                <![CDATA[public void TestSuite.WEL_Prod_Test_Suite.TC28_Validate_the_Email_Id_Format_In_Checkout_Login_And_Registration_Page() throws java.io.IOException]]>
              </value>
            </param>
          </params>
          <reporter-output>
          </reporter-output>
        </test-method> <!-- nameAfter -->
        <test-method is-config="true" signature="CloseBrowser()[pri:0, instance:TestSuite.WEL_Prod_Test_Suite@60dce7ea]" started-at="2023-05-05T12:45:26 IST" name="CloseBrowser" finished-at="2023-05-05T12:45:29 IST" duration-ms="2934" status="PASS">
          <reporter-output>
          </reporter-output>
        </test-method> <!-- CloseBrowser -->
      </class> <!-- TestSuite.WEL_Prod_Test_Suite -->
    </test> <!-- Default test -->
  </suite> <!-- Default suite -->
</testng-results>
