<?xml version="1.0" encoding="UTF-8"?>
<testng-results ignored="5" total="6" passed="1" failed="0" skipped="0">
  <reporter-output>
  </reporter-output>
  <suite started-at="2023-04-10T19:48:47 IST" name="Default suite" finished-at="2023-04-10T19:50:20 IST" duration-ms="92247">
    <groups>
    </groups>
    <test started-at="2023-04-10T19:48:47 IST" name="Default test" finished-at="2023-04-10T19:50:20 IST" duration-ms="92247">
      <class name="TestSuite.WEL_Prod_Test_Suite">
        <test-method is-config="true" signature="initiate(org.testng.ITestContext,java.lang.String)[pri:0, instance:TestSuite.WEL_Prod_Test_Suite@75d0911a]" started-at="2023-04-10T19:48:47 IST" name="initiate" finished-at="2023-04-10T19:48:54 IST" duration-ms="7057" status="PASS">
          <params>
            <param index="0">
              <value>
                <![CDATA[org.testng.TestRunner@f245bdd]]>
              </value>
            </param>
            <param index="1">
              <value>
                <![CDATA[edge]]>
              </value>
            </param>
          </params>
          <reporter-output>
          </reporter-output>
        </test-method> <!-- initiate -->
        <test-method is-config="true" signature="initializeRepo()[pri:0, instance:TestSuite.WEL_Prod_Test_Suite@75d0911a]" started-at="2023-04-10T19:48:54 IST" name="initializeRepo" finished-at="2023-04-10T19:48:54 IST" depends-on-methods="utilities.DriverModule.initiate" duration-ms="58" status="PASS">
          <reporter-output>
          </reporter-output>
        </test-method> <!-- initializeRepo -->
        <test-method is-config="true" signature="nameBefore(java.lang.reflect.Method)[pri:0, instance:TestSuite.WEL_Prod_Test_Suite@75d0911a]" started-at="2023-04-10T19:48:54 IST" name="nameBefore" finished-at="2023-04-10T19:48:54 IST" duration-ms="2" status="PASS">
          <params>
            <param index="0">
              <value>
                <![CDATA[public void TestSuite.WEL_Prod_Test_Suite.TC06_Add_Promo_In_Anonymous_Cart() throws java.io.IOException]]>
              </value>
            </param>
          </params>
          <reporter-output>
          </reporter-output>
        </test-method> <!-- nameBefore -->
        <test-method signature="TC06_Add_Promo_In_Anonymous_Cart()[pri:0, instance:TestSuite.WEL_Prod_Test_Suite@75d0911a]" started-at="2023-04-10T19:48:54 IST" name="TC06_Add_Promo_In_Anonymous_Cart" finished-at="2023-04-10T19:50:17 IST" duration-ms="82772" status="PASS">
          <reporter-output>
          </reporter-output>
        </test-method> <!-- TC06_Add_Promo_In_Anonymous_Cart -->
        <test-method is-config="true" signature="nameAfter(java.lang.reflect.Method)[pri:0, instance:TestSuite.WEL_Prod_Test_Suite@75d0911a]" started-at="2023-04-10T19:50:17 IST" name="nameAfter" finished-at="2023-04-10T19:50:17 IST" duration-ms="1" status="PASS">
          <params>
            <param index="0">
              <value>
                <![CDATA[public void TestSuite.WEL_Prod_Test_Suite.TC06_Add_Promo_In_Anonymous_Cart() throws java.io.IOException]]>
              </value>
            </param>
          </params>
          <reporter-output>
          </reporter-output>
        </test-method> <!-- nameAfter -->
        <test-method is-config="true" signature="CloseBrowser()[pri:0, instance:TestSuite.WEL_Prod_Test_Suite@75d0911a]" started-at="2023-04-10T19:50:17 IST" name="CloseBrowser" finished-at="2023-04-10T19:50:20 IST" duration-ms="2288" status="PASS">
          <reporter-output>
          </reporter-output>
        </test-method> <!-- CloseBrowser -->
      </class> <!-- TestSuite.WEL_Prod_Test_Suite -->
    </test> <!-- Default test -->
  </suite> <!-- Default suite -->
</testng-results>
