<?xml version="1.0" encoding="UTF-8"?>
<testng-results ignored="17" total="18" passed="1" failed="0" skipped="0">
  <reporter-output>
  </reporter-output>
  <suite started-at="2023-01-18T19:18:40 IST" name="Default suite" finished-at="2023-01-18T19:22:43 IST" duration-ms="243029">
    <groups>
    </groups>
    <test started-at="2023-01-18T19:18:40 IST" name="Default test" finished-at="2023-01-18T19:22:43 IST" duration-ms="243029">
      <class name="Test_Suite.Vet_Test_Suite">
        <test-method is-config="true" signature="initiate(org.testng.ITestContext)[pri:0, instance:Test_Suite.Vet_Test_Suite@28261e8e]" started-at="2023-01-18T19:18:40 IST" name="initiate" finished-at="2023-01-18T19:18:48 IST" duration-ms="8114" status="PASS">
          <params>
            <param index="0">
              <value>
                <![CDATA[org.testng.TestRunner@7cfb0c4c]]>
              </value>
            </param>
          </params>
          <reporter-output>
          </reporter-output>
        </test-method> <!-- initiate -->
        <test-method is-config="true" signature="initializeRepo()[pri:0, instance:Test_Suite.Vet_Test_Suite@28261e8e]" started-at="2023-01-18T19:18:48 IST" name="initializeRepo" finished-at="2023-01-18T19:18:49 IST" depends-on-methods="utilities.DriverModule.initiate" duration-ms="422" status="PASS">
          <reporter-output>
          </reporter-output>
        </test-method> <!-- initializeRepo -->
        <test-method signature="TC04_Login_During_Checkout()[pri:0, instance:Test_Suite.Vet_Test_Suite@28261e8e]" started-at="2023-01-18T19:18:49 IST" name="TC04_Login_During_Checkout" finished-at="2023-01-18T19:22:42 IST" duration-ms="232819" status="PASS">
          <reporter-output>
          </reporter-output>
        </test-method> <!-- TC04_Login_During_Checkout -->
        <test-method is-config="true" signature="CloseBrowser()[pri:0, instance:Test_Suite.Vet_Test_Suite@28261e8e]" started-at="2023-01-18T19:22:42 IST" name="CloseBrowser" finished-at="2023-01-18T19:22:43 IST" duration-ms="1481" status="PASS">
          <reporter-output>
          </reporter-output>
        </test-method> <!-- CloseBrowser -->
      </class> <!-- Test_Suite.Vet_Test_Suite -->
    </test> <!-- Default test -->
  </suite> <!-- Default suite -->
</testng-results>
