<?xml version="1.0" encoding="UTF-8"?>
<testng-results ignored="2" total="3" passed="1" failed="0" skipped="0">
  <reporter-output>
  </reporter-output>
  <suite started-at="2023-02-03T19:13:47 IST" name="Default suite" finished-at="2023-02-03T19:14:00 IST" duration-ms="13359">
    <groups>
    </groups>
    <test started-at="2023-02-03T19:13:47 IST" name="Default test" finished-at="2023-02-03T19:14:00 IST" duration-ms="13359">
      <class name="Test_Suite.ClientPortal_RegressionSuite">
        <test-method is-config="true" signature="initiate(org.testng.ITestContext)[pri:0, instance:Test_Suite.ClientPortal_RegressionSuite@18271936]" started-at="2023-02-03T19:13:47 IST" name="initiate" finished-at="2023-02-03T19:13:53 IST" duration-ms="6206" status="PASS">
          <params>
            <param index="0">
              <value>
                <![CDATA[org.testng.TestRunner@42c12b3e]]>
              </value>
            </param>
          </params>
          <reporter-output>
          </reporter-output>
        </test-method> <!-- initiate -->
        <test-method is-config="true" signature="initializeRepo()[pri:0, instance:Test_Suite.ClientPortal_RegressionSuite@18271936]" started-at="2023-02-03T19:13:53 IST" name="initializeRepo" finished-at="2023-02-03T19:13:53 IST" depends-on-methods="utilities.DriverModule.initiate" duration-ms="72" status="PASS">
          <reporter-output>
          </reporter-output>
        </test-method> <!-- initializeRepo -->
        <test-method signature="TC04_RegisterNewUser_WPSAdmin()[pri:0, instance:Test_Suite.ClientPortal_RegressionSuite@18271936]" started-at="2023-02-03T19:13:53 IST" name="TC04_RegisterNewUser_WPSAdmin" finished-at="2023-02-03T19:13:58 IST" duration-ms="4916" status="PASS">
          <reporter-output>
          </reporter-output>
        </test-method> <!-- TC04_RegisterNewUser_WPSAdmin -->
        <test-method is-config="true" signature="CloseBrowser()[pri:0, instance:Test_Suite.ClientPortal_RegressionSuite@18271936]" started-at="2023-02-03T19:13:58 IST" name="CloseBrowser" finished-at="2023-02-03T19:14:00 IST" duration-ms="2102" status="PASS">
          <reporter-output>
          </reporter-output>
        </test-method> <!-- CloseBrowser -->
      </class> <!-- Test_Suite.ClientPortal_RegressionSuite -->
    </test> <!-- Default test -->
  </suite> <!-- Default suite -->
</testng-results>
