<?xml version="1.0" encoding="UTF-8"?>
<testng-results ignored="45" total="46" passed="1" failed="0" skipped="0">
  <reporter-output>
  </reporter-output>
  <suite started-at="2023-02-02T12:35:01 IST" name="Default suite" finished-at="2023-02-02T12:37:29 IST" duration-ms="147993">
    <groups>
    </groups>
    <test started-at="2023-02-02T12:35:01 IST" name="Default test" finished-at="2023-02-02T12:37:29 IST" duration-ms="147993">
      <class name="Test_Suite.WEL_Test_Suite">
        <test-method is-config="true" signature="initiate(org.testng.ITestContext)[pri:0, instance:Test_Suite.WEL_Test_Suite@7c137fd5]" started-at="2023-02-02T12:35:01 IST" name="initiate" finished-at="2023-02-02T12:35:09 IST" duration-ms="8445" status="PASS">
          <params>
            <param index="0">
              <value>
                <![CDATA[org.testng.TestRunner@30036a18]]>
              </value>
            </param>
          </params>
          <reporter-output>
          </reporter-output>
        </test-method> <!-- initiate -->
        <test-method is-config="true" signature="initializeRepo()[pri:0, instance:Test_Suite.WEL_Test_Suite@7c137fd5]" started-at="2023-02-02T12:35:09 IST" name="initializeRepo" finished-at="2023-02-02T12:35:09 IST" depends-on-methods="utilities.DriverModule.initiate" duration-ms="80" status="PASS">
          <reporter-output>
          </reporter-output>
        </test-method> <!-- initializeRepo -->
        <test-method signature="TC49_Place_Order_With_Some_Parts_New_User()[pri:0, instance:Test_Suite.WEL_Test_Suite@7c137fd5]" started-at="2023-02-02T12:35:09 IST" name="TC49_Place_Order_With_Some_Parts_New_User" finished-at="2023-02-02T12:37:27 IST" duration-ms="137378" status="PASS">
          <reporter-output>
          </reporter-output>
        </test-method> <!-- TC49_Place_Order_With_Some_Parts_New_User -->
        <test-method is-config="true" signature="CloseBrowser()[pri:0, instance:Test_Suite.WEL_Test_Suite@7c137fd5]" started-at="2023-02-02T12:37:27 IST" name="CloseBrowser" finished-at="2023-02-02T12:37:29 IST" duration-ms="2009" status="PASS">
          <reporter-output>
          </reporter-output>
        </test-method> <!-- CloseBrowser -->
      </class> <!-- Test_Suite.WEL_Test_Suite -->
    </test> <!-- Default test -->
  </suite> <!-- Default suite -->
</testng-results>
