<?xml version="1.0" encoding="UTF-8"?>
<testng-results ignored="45" total="46" passed="1" failed="0" skipped="0">
  <reporter-output>
  </reporter-output>
  <suite started-at="2023-02-01T17:50:36 IST" name="Default suite" finished-at="2023-02-01T17:54:09 IST" duration-ms="213036">
    <groups>
    </groups>
    <test started-at="2023-02-01T17:50:36 IST" name="Default test" finished-at="2023-02-01T17:54:09 IST" duration-ms="213036">
      <class name="Test_Suite.WEL_Test_Suite">
        <test-method is-config="true" signature="initiate(org.testng.ITestContext)[pri:0, instance:Test_Suite.WEL_Test_Suite@7c137fd5]" started-at="2023-02-01T17:50:36 IST" name="initiate" finished-at="2023-02-01T17:50:41 IST" duration-ms="4790" status="PASS">
          <params>
            <param index="0">
              <value>
                <![CDATA[org.testng.TestRunner@65af05b2]]>
              </value>
            </param>
          </params>
          <reporter-output>
          </reporter-output>
        </test-method> <!-- initiate -->
        <test-method is-config="true" signature="initializeRepo()[pri:0, instance:Test_Suite.WEL_Test_Suite@7c137fd5]" started-at="2023-02-01T17:50:41 IST" name="initializeRepo" finished-at="2023-02-01T17:50:41 IST" depends-on-methods="utilities.DriverModule.initiate" duration-ms="70" status="PASS">
          <reporter-output>
          </reporter-output>
        </test-method> <!-- initializeRepo -->
        <test-method signature="TC38_Multiple_To_And_Fro_Navigation_Between_Shipping_And_Billing()[pri:0, instance:Test_Suite.WEL_Test_Suite@7c137fd5]" started-at="2023-02-01T17:50:41 IST" name="TC38_Multiple_To_And_Fro_Navigation_Between_Shipping_And_Billing" finished-at="2023-02-01T17:54:06 IST" duration-ms="204320" status="PASS">
          <reporter-output>
          </reporter-output>
        </test-method> <!-- TC38_Multiple_To_And_Fro_Navigation_Between_Shipping_And_Billing -->
        <test-method is-config="true" signature="CloseBrowser()[pri:0, instance:Test_Suite.WEL_Test_Suite@7c137fd5]" started-at="2023-02-01T17:54:06 IST" name="CloseBrowser" finished-at="2023-02-01T17:54:09 IST" duration-ms="3785" status="PASS">
          <reporter-output>
          </reporter-output>
        </test-method> <!-- CloseBrowser -->
      </class> <!-- Test_Suite.WEL_Test_Suite -->
    </test> <!-- Default test -->
  </suite> <!-- Default suite -->
</testng-results>
