<?xml version="1.0" encoding="UTF-8"?>
<testng-results ignored="25" total="26" passed="1" failed="0" skipped="0">
  <reporter-output>
  </reporter-output>
  <suite started-at="2023-03-17T12:24:02 IST" name="Default suite" finished-at="2023-03-17T12:26:47 IST" duration-ms="164802">
    <groups>
    </groups>
    <test started-at="2023-03-17T12:24:02 IST" name="Default test" finished-at="2023-03-17T12:26:47 IST" duration-ms="164802">
      <class name="Test_Suite.ClientPortal_RegressionSuite">
        <test-method is-config="true" signature="initiate(org.testng.ITestContext)[pri:0, instance:Test_Suite.ClientPortal_RegressionSuite@710c2b53]" started-at="2023-03-17T12:24:02 IST" name="initiate" finished-at="2023-03-17T12:24:11 IST" duration-ms="9058" status="PASS">
          <params>
            <param index="0">
              <value>
                <![CDATA[org.testng.TestRunner@4d20616a]]>
              </value>
            </param>
          </params>
          <reporter-output>
          </reporter-output>
        </test-method> <!-- initiate -->
        <test-method is-config="true" signature="initializeRepo()[pri:0, instance:Test_Suite.ClientPortal_RegressionSuite@710c2b53]" started-at="2023-03-17T12:24:11 IST" name="initializeRepo" finished-at="2023-03-17T12:24:11 IST" depends-on-methods="utilities.DriverModule.initiate" duration-ms="160" status="PASS">
          <reporter-output>
          </reporter-output>
        </test-method> <!-- initializeRepo -->
        <test-method signature="TC04_DeclineNewApp_WPSAdmin()[pri:0, instance:Test_Suite.ClientPortal_RegressionSuite@710c2b53]" started-at="2023-03-17T12:24:11 IST" name="TC04_DeclineNewApp_WPSAdmin" finished-at="2023-03-17T12:26:45 IST" duration-ms="153899" status="PASS">
          <reporter-output>
          </reporter-output>
        </test-method> <!-- TC04_DeclineNewApp_WPSAdmin -->
        <test-method is-config="true" signature="CloseBrowser()[pri:0, instance:Test_Suite.ClientPortal_RegressionSuite@710c2b53]" started-at="2023-03-17T12:26:45 IST" name="CloseBrowser" finished-at="2023-03-17T12:26:47 IST" duration-ms="1532" status="PASS">
          <reporter-output>
          </reporter-output>
        </test-method> <!-- CloseBrowser -->
      </class> <!-- Test_Suite.ClientPortal_RegressionSuite -->
    </test> <!-- Default test -->
  </suite> <!-- Default suite -->
</testng-results>
