<?xml version="1.0" encoding="UTF-8"?>
<testng-results ignored="25" total="26" passed="1" failed="0" skipped="0">
  <reporter-output>
  </reporter-output>
  <suite started-at="2023-03-03T17:26:21 IST" name="Default suite" finished-at="2023-03-03T17:26:43 IST" duration-ms="21574">
    <groups>
    </groups>
    <test started-at="2023-03-03T17:26:21 IST" name="Default test" finished-at="2023-03-03T17:26:43 IST" duration-ms="21574">
      <class name="Test_Suite.ClientPortal_RegressionSuite">
        <test-method is-config="true" signature="initiate(org.testng.ITestContext)[pri:0, instance:Test_Suite.ClientPortal_RegressionSuite@4a83a74a]" started-at="2023-03-03T17:26:21 IST" name="initiate" finished-at="2023-03-03T17:26:27 IST" duration-ms="5655" status="PASS">
          <params>
            <param index="0">
              <value>
                <![CDATA[org.testng.TestRunner@5d508d22]]>
              </value>
            </param>
          </params>
          <reporter-output>
          </reporter-output>
        </test-method> <!-- initiate -->
        <test-method is-config="true" signature="initializeRepo()[pri:0, instance:Test_Suite.ClientPortal_RegressionSuite@4a83a74a]" started-at="2023-03-03T17:26:27 IST" name="initializeRepo" finished-at="2023-03-03T17:26:27 IST" depends-on-methods="utilities.DriverModule.initiate" duration-ms="77" status="PASS">
          <reporter-output>
          </reporter-output>
        </test-method> <!-- initializeRepo -->
        <test-method signature="TC01_Login_WPSAdmin()[pri:0, instance:Test_Suite.ClientPortal_RegressionSuite@4a83a74a]" started-at="2023-03-03T17:26:27 IST" name="TC01_Login_WPSAdmin" finished-at="2023-03-03T17:26:42 IST" duration-ms="14580" status="PASS">
          <reporter-output>
          </reporter-output>
        </test-method> <!-- TC01_Login_WPSAdmin -->
        <test-method is-config="true" signature="CloseBrowser()[pri:0, instance:Test_Suite.ClientPortal_RegressionSuite@4a83a74a]" started-at="2023-03-03T17:26:42 IST" name="CloseBrowser" finished-at="2023-03-03T17:26:43 IST" duration-ms="1208" status="PASS">
          <reporter-output>
          </reporter-output>
        </test-method> <!-- CloseBrowser -->
      </class> <!-- Test_Suite.ClientPortal_RegressionSuite -->
    </test> <!-- Default test -->
  </suite> <!-- Default suite -->
</testng-results>
