<?xml version="1.0" encoding="UTF-8"?>
<testng-results ignored="22" total="23" passed="1" failed="0" skipped="0">
  <reporter-output>
  </reporter-output>
  <suite started-at="2023-02-27T13:03:40 IST" name="Default suite" finished-at="2023-02-27T13:05:43 IST" duration-ms="123083">
    <groups>
    </groups>
    <test started-at="2023-02-27T13:03:40 IST" name="Default test" finished-at="2023-02-27T13:05:43 IST" duration-ms="123083">
      <class name="Test_Suite.ClientPortal_RegressionSuite">
        <test-method is-config="true" signature="initiate(org.testng.ITestContext)[pri:0, instance:Test_Suite.ClientPortal_RegressionSuite@6fa51cd4]" started-at="2023-02-27T13:03:40 IST" name="initiate" finished-at="2023-02-27T13:03:45 IST" duration-ms="4702" status="PASS">
          <params>
            <param index="0">
              <value>
                <![CDATA[org.testng.TestRunner@45eab322]]>
              </value>
            </param>
          </params>
          <reporter-output>
          </reporter-output>
        </test-method> <!-- initiate -->
        <test-method is-config="true" signature="initializeRepo()[pri:0, instance:Test_Suite.ClientPortal_RegressionSuite@6fa51cd4]" started-at="2023-02-27T13:03:45 IST" name="initializeRepo" finished-at="2023-02-27T13:03:45 IST" depends-on-methods="utilities.DriverModule.initiate" duration-ms="55" status="PASS">
          <reporter-output>
          </reporter-output>
        </test-method> <!-- initializeRepo -->
        <test-method signature="TC10_ViewNewClientApp_WPSSupport()[pri:0, instance:Test_Suite.ClientPortal_RegressionSuite@6fa51cd4]" started-at="2023-02-27T13:03:45 IST" name="TC10_ViewNewClientApp_WPSSupport" finished-at="2023-02-27T13:05:42 IST" duration-ms="116868" status="PASS">
          <reporter-output>
          </reporter-output>
        </test-method> <!-- TC10_ViewNewClientApp_WPSSupport -->
        <test-method is-config="true" signature="CloseBrowser()[pri:0, instance:Test_Suite.ClientPortal_RegressionSuite@6fa51cd4]" started-at="2023-02-27T13:05:42 IST" name="CloseBrowser" finished-at="2023-02-27T13:05:43 IST" duration-ms="1402" status="PASS">
          <reporter-output>
          </reporter-output>
        </test-method> <!-- CloseBrowser -->
      </class> <!-- Test_Suite.ClientPortal_RegressionSuite -->
    </test> <!-- Default test -->
  </suite> <!-- Default suite -->
</testng-results>
