<?xml version="1.0" encoding="UTF-8"?>
<testng-results ignored="13" total="14" passed="1" failed="0" skipped="0">
  <reporter-output>
  </reporter-output>
  <suite started-at="2023-02-20T18:58:07 IST" name="Default suite" finished-at="2023-02-20T18:59:39 IST" duration-ms="91693">
    <groups>
    </groups>
    <test started-at="2023-02-20T18:58:07 IST" name="Default test" finished-at="2023-02-20T18:59:39 IST" duration-ms="91693">
      <class name="Test_Suite.ClientPortal_RegressionSuite">
        <test-method is-config="true" signature="initiate(org.testng.ITestContext)[pri:0, instance:Test_Suite.ClientPortal_RegressionSuite@273444fe]" started-at="2023-02-20T18:58:07 IST" name="initiate" finished-at="2023-02-20T18:58:14 IST" duration-ms="6760" status="PASS">
          <params>
            <param index="0">
              <value>
                <![CDATA[org.testng.TestRunner@7608a838]]>
              </value>
            </param>
          </params>
          <reporter-output>
          </reporter-output>
        </test-method> <!-- initiate -->
        <test-method is-config="true" signature="initializeRepo()[pri:0, instance:Test_Suite.ClientPortal_RegressionSuite@273444fe]" started-at="2023-02-20T18:58:14 IST" name="initializeRepo" finished-at="2023-02-20T18:58:14 IST" depends-on-methods="utilities.DriverModule.initiate" duration-ms="56" status="PASS">
          <reporter-output>
          </reporter-output>
        </test-method> <!-- initializeRepo -->
        <test-method signature="TC04_DeclineNewApp_WPSAdmin()[pri:0, instance:Test_Suite.ClientPortal_RegressionSuite@273444fe]" started-at="2023-02-20T18:58:14 IST" name="TC04_DeclineNewApp_WPSAdmin" finished-at="2023-02-20T18:59:38 IST" duration-ms="83272" status="PASS">
          <reporter-output>
          </reporter-output>
        </test-method> <!-- TC04_DeclineNewApp_WPSAdmin -->
        <test-method is-config="true" signature="CloseBrowser()[pri:0, instance:Test_Suite.ClientPortal_RegressionSuite@273444fe]" started-at="2023-02-20T18:59:38 IST" name="CloseBrowser" finished-at="2023-02-20T18:59:39 IST" duration-ms="1503" status="PASS">
          <reporter-output>
          </reporter-output>
        </test-method> <!-- CloseBrowser -->
      </class> <!-- Test_Suite.ClientPortal_RegressionSuite -->
    </test> <!-- Default test -->
  </suite> <!-- Default suite -->
</testng-results>
