<?xml version="1.0" encoding="UTF-8"?>
<testng-results ignored="17" total="18" passed="1" failed="0" skipped="0">
  <reporter-output>
  </reporter-output>
  <suite started-at="2023-02-22T12:43:06 IST" name="Default suite" finished-at="2023-02-22T12:43:41 IST" duration-ms="35136">
    <groups>
    </groups>
    <test started-at="2023-02-22T12:43:06 IST" name="Default test" finished-at="2023-02-22T12:43:41 IST" duration-ms="35136">
      <class name="Test_Suite.ClientPortal_RegressionSuite">
        <test-method is-config="true" signature="initiate(org.testng.ITestContext)[pri:0, instance:Test_Suite.ClientPortal_RegressionSuite@48bb62]" started-at="2023-02-22T12:43:06 IST" name="initiate" finished-at="2023-02-22T12:43:11 IST" duration-ms="4433" status="PASS">
          <params>
            <param index="0">
              <value>
                <![CDATA[org.testng.TestRunner@29962b2f]]>
              </value>
            </param>
          </params>
          <reporter-output>
          </reporter-output>
        </test-method> <!-- initiate -->
        <test-method is-config="true" signature="initializeRepo()[pri:0, instance:Test_Suite.ClientPortal_RegressionSuite@48bb62]" started-at="2023-02-22T12:43:11 IST" name="initializeRepo" finished-at="2023-02-22T12:43:11 IST" depends-on-methods="utilities.DriverModule.initiate" duration-ms="57" status="PASS">
          <reporter-output>
          </reporter-output>
        </test-method> <!-- initializeRepo -->
        <test-method signature="TC27_RegisterNewClientApp_Negative_Scenarios_ClientAdmin()[pri:0, instance:Test_Suite.ClientPortal_RegressionSuite@48bb62]" started-at="2023-02-22T12:43:11 IST" name="TC27_RegisterNewClientApp_Negative_Scenarios_ClientAdmin" finished-at="2023-02-22T12:43:40 IST" duration-ms="29571" status="PASS">
          <reporter-output>
          </reporter-output>
        </test-method> <!-- TC27_RegisterNewClientApp_Negative_Scenarios_ClientAdmin -->
        <test-method is-config="true" signature="CloseBrowser()[pri:0, instance:Test_Suite.ClientPortal_RegressionSuite@48bb62]" started-at="2023-02-22T12:43:40 IST" name="CloseBrowser" finished-at="2023-02-22T12:43:41 IST" duration-ms="1008" status="PASS">
          <reporter-output>
          </reporter-output>
        </test-method> <!-- CloseBrowser -->
      </class> <!-- Test_Suite.ClientPortal_RegressionSuite -->
    </test> <!-- Default test -->
  </suite> <!-- Default suite -->
</testng-results>
