<?xml version="1.0" encoding="UTF-8"?>
<testng-results ignored="15" total="16" passed="1" failed="0" skipped="0">
  <reporter-output>
  </reporter-output>
  <suite started-at="2023-06-10T19:28:12 IST" name="Default suite" finished-at="2023-06-10T19:34:15 IST" duration-ms="362657">
    <groups>
    </groups>
    <test started-at="2023-06-10T19:28:12 IST" name="Default test" finished-at="2023-06-10T19:34:15 IST" duration-ms="362657">
      <class name="Test_Suite.AGS_Test_Suite">
        <test-method is-config="true" signature="initiate(org.testng.ITestContext,java.lang.String)[pri:0, instance:Test_Suite.AGS_Test_Suite@295eaa7c]" started-at="2023-06-10T19:28:12 IST" name="initiate" finished-at="2023-06-10T19:28:51 IST" duration-ms="38966" status="PASS">
          <params>
            <param index="0">
              <value>
                <![CDATA[org.testng.TestRunner@6bb4cc0e]]>
              </value>
            </param>
            <param index="1">
              <value>
                <![CDATA[chrome]]>
              </value>
            </param>
          </params>
          <reporter-output>
          </reporter-output>
        </test-method> <!-- initiate -->
        <test-method is-config="true" signature="initializeRepo()[pri:0, instance:Test_Suite.AGS_Test_Suite@295eaa7c]" started-at="2023-06-10T19:28:51 IST" name="initializeRepo" finished-at="2023-06-10T19:28:52 IST" depends-on-methods="utilities.DriverModule.initiate" duration-ms="410" status="PASS">
          <reporter-output>
          </reporter-output>
        </test-method> <!-- initializeRepo -->
        <test-method is-config="true" signature="nameBefore(java.lang.reflect.Method)[pri:0, instance:Test_Suite.AGS_Test_Suite@295eaa7c]" started-at="2023-06-10T19:28:52 IST" name="nameBefore" finished-at="2023-06-10T19:28:53 IST" duration-ms="4" status="PASS">
          <params>
            <param index="0">
              <value>
                <![CDATA[public void Test_Suite.AGS_Test_Suite.TC01_Anonymous_User_Registration() throws java.io.IOException]]>
              </value>
            </param>
          </params>
          <reporter-output>
          </reporter-output>
        </test-method> <!-- nameBefore -->
        <test-method signature="TC01_Anonymous_User_Registration()[pri:0, instance:Test_Suite.AGS_Test_Suite@295eaa7c]" started-at="2023-06-10T19:28:53 IST" name="TC01_Anonymous_User_Registration" finished-at="2023-06-10T19:34:02 IST" duration-ms="309448" status="PASS">
          <reporter-output>
          </reporter-output>
        </test-method> <!-- TC01_Anonymous_User_Registration -->
        <test-method is-config="true" signature="nameAfter(java.lang.reflect.Method)[pri:0, instance:Test_Suite.AGS_Test_Suite@295eaa7c]" started-at="2023-06-10T19:34:02 IST" name="nameAfter" finished-at="2023-06-10T19:34:02 IST" duration-ms="10" status="PASS">
          <params>
            <param index="0">
              <value>
                <![CDATA[public void Test_Suite.AGS_Test_Suite.TC01_Anonymous_User_Registration() throws java.io.IOException]]>
              </value>
            </param>
          </params>
          <reporter-output>
          </reporter-output>
        </test-method> <!-- nameAfter -->
        <test-method is-config="true" signature="CloseBrowser()[pri:0, instance:Test_Suite.AGS_Test_Suite@295eaa7c]" started-at="2023-06-10T19:34:02 IST" name="CloseBrowser" finished-at="2023-06-10T19:34:15 IST" duration-ms="13016" status="PASS">
          <reporter-output>
          </reporter-output>
        </test-method> <!-- CloseBrowser -->
      </class> <!-- Test_Suite.AGS_Test_Suite -->
    </test> <!-- Default test -->
  </suite> <!-- Default suite -->
</testng-results>
