<?xml version="1.0" encoding="UTF-8"?>
<testng-results ignored="7" total="8" passed="1" failed="0" skipped="0">
  <reporter-output>
  </reporter-output>
  <suite started-at="2023-02-09T16:05:54 IST" name="Default suite" finished-at="2023-02-09T16:06:18 IST" duration-ms="24273">
    <groups>
    </groups>
    <test started-at="2023-02-09T16:05:54 IST" name="Default test" finished-at="2023-02-09T16:06:18 IST" duration-ms="24273">
      <class name="Test_Suite.ClientPortal_RegressionSuite">
        <test-method is-config="true" signature="initiate(org.testng.ITestContext)[pri:0, instance:Test_Suite.ClientPortal_RegressionSuite@6bbe85a8]" started-at="2023-02-09T16:05:54 IST" name="initiate" finished-at="2023-02-09T16:06:01 IST" duration-ms="6831" status="PASS">
          <params>
            <param index="0">
              <value>
                <![CDATA[org.testng.TestRunner@184823ed]]>
              </value>
            </param>
          </params>
          <reporter-output>
          </reporter-output>
        </test-method> <!-- initiate -->
        <test-method is-config="true" signature="initializeRepo()[pri:0, instance:Test_Suite.ClientPortal_RegressionSuite@6bbe85a8]" started-at="2023-02-09T16:06:01 IST" name="initializeRepo" finished-at="2023-02-09T16:06:01 IST" depends-on-methods="utilities.DriverModule.initiate" duration-ms="46" status="PASS">
          <reporter-output>
          </reporter-output>
        </test-method> <!-- initializeRepo -->
        <test-method signature="TC01_Login_WPSAdmin()[pri:0, instance:Test_Suite.ClientPortal_RegressionSuite@6bbe85a8]" started-at="2023-02-09T16:06:01 IST" name="TC01_Login_WPSAdmin" finished-at="2023-02-09T16:06:16 IST" duration-ms="15646" status="PASS">
          <reporter-output>
          </reporter-output>
        </test-method> <!-- TC01_Login_WPSAdmin -->
        <test-method is-config="true" signature="CloseBrowser()[pri:0, instance:Test_Suite.ClientPortal_RegressionSuite@6bbe85a8]" started-at="2023-02-09T16:06:16 IST" name="CloseBrowser" finished-at="2023-02-09T16:06:18 IST" duration-ms="1693" status="PASS">
          <reporter-output>
          </reporter-output>
        </test-method> <!-- CloseBrowser -->
      </class> <!-- Test_Suite.ClientPortal_RegressionSuite -->
    </test> <!-- Default test -->
  </suite> <!-- Default suite -->
</testng-results>
