<?xml version="1.0" encoding="UTF-8"?>
<testng-results ignored="11" total="12" passed="1" failed="0" skipped="0">
  <reporter-output>
  </reporter-output>
  <suite started-at="2023-02-20T16:17:36 IST" name="Default suite" finished-at="2023-02-20T16:18:09 IST" duration-ms="32805">
    <groups>
    </groups>
    <test started-at="2023-02-20T16:17:36 IST" name="Default test" finished-at="2023-02-20T16:18:09 IST" duration-ms="32805">
      <class name="Test_Suite.ClientPortal_RegressionSuite">
        <test-method is-config="true" signature="initiate(org.testng.ITestContext)[pri:0, instance:Test_Suite.ClientPortal_RegressionSuite@7a35b0f5]" started-at="2023-02-20T16:17:36 IST" name="initiate" finished-at="2023-02-20T16:17:46 IST" duration-ms="9142" status="PASS">
          <params>
            <param index="0">
              <value>
                <![CDATA[org.testng.TestRunner@3a109ff7]]>
              </value>
            </param>
          </params>
          <reporter-output>
          </reporter-output>
        </test-method> <!-- initiate -->
        <test-method is-config="true" signature="initializeRepo()[pri:0, instance:Test_Suite.ClientPortal_RegressionSuite@7a35b0f5]" started-at="2023-02-20T16:17:46 IST" name="initializeRepo" finished-at="2023-02-20T16:17:46 IST" depends-on-methods="utilities.DriverModule.initiate" duration-ms="184" status="PASS">
          <reporter-output>
          </reporter-output>
        </test-method> <!-- initializeRepo -->
        <test-method signature="TC16_RegisterNewUser_WPSASupport()[pri:0, instance:Test_Suite.ClientPortal_RegressionSuite@7a35b0f5]" started-at="2023-02-20T16:17:46 IST" name="TC16_RegisterNewUser_WPSASupport" finished-at="2023-02-20T16:18:08 IST" duration-ms="22208" status="PASS">
          <reporter-output>
          </reporter-output>
        </test-method> <!-- TC16_RegisterNewUser_WPSASupport -->
        <test-method is-config="true" signature="CloseBrowser()[pri:0, instance:Test_Suite.ClientPortal_RegressionSuite@7a35b0f5]" started-at="2023-02-20T16:18:08 IST" name="CloseBrowser" finished-at="2023-02-20T16:18:09 IST" duration-ms="1188" status="PASS">
          <reporter-output>
          </reporter-output>
        </test-method> <!-- CloseBrowser -->
      </class> <!-- Test_Suite.ClientPortal_RegressionSuite -->
    </test> <!-- Default test -->
  </suite> <!-- Default suite -->
</testng-results>
