<?xml version="1.0" encoding="UTF-8"?>
<testng-results ignored="60" total="61" passed="1" failed="0" skipped="0">
  <reporter-output>
  </reporter-output>
  <suite started-at="2023-02-21T18:55:46 IST" name="Default suite" finished-at="2023-02-21T18:56:20 IST" duration-ms="34079">
    <groups>
    </groups>
    <test started-at="2023-02-21T18:55:46 IST" name="Default test" finished-at="2023-02-21T18:56:20 IST" duration-ms="34079">
      <class name="Test_Suite.WEL_Test_Suite">
        <test-method is-config="true" signature="initiate(org.testng.ITestContext)[pri:0, instance:Test_Suite.WEL_Test_Suite@533bda92]" started-at="2023-02-21T18:55:46 IST" name="initiate" finished-at="2023-02-21T18:55:54 IST" duration-ms="7812" status="PASS">
          <params>
            <param index="0">
              <value>
                <![CDATA[org.testng.TestRunner@7f977fba]]>
              </value>
            </param>
          </params>
          <reporter-output>
          </reporter-output>
        </test-method> <!-- initiate -->
        <test-method is-config="true" signature="initializeRepo()[pri:0, instance:Test_Suite.WEL_Test_Suite@533bda92]" started-at="2023-02-21T18:55:54 IST" name="initializeRepo" finished-at="2023-02-21T18:55:54 IST" depends-on-methods="utilities.DriverModule.initiate" duration-ms="301" status="PASS">
          <reporter-output>
          </reporter-output>
        </test-method> <!-- initializeRepo -->
        <test-method signature="TC77_Verify_TheFreeTrail_FormForCMACPACFAProducts()[pri:0, instance:Test_Suite.WEL_Test_Suite@533bda92]" started-at="2023-02-21T18:55:54 IST" name="TC77_Verify_TheFreeTrail_FormForCMACPACFAProducts" finished-at="2023-02-21T18:56:18 IST" duration-ms="23700" status="PASS">
          <reporter-output>
          </reporter-output>
        </test-method> <!-- TC77_Verify_TheFreeTrail_FormForCMACPACFAProducts -->
        <test-method is-config="true" signature="CloseBrowser()[pri:0, instance:Test_Suite.WEL_Test_Suite@533bda92]" started-at="2023-02-21T18:56:18 IST" name="CloseBrowser" finished-at="2023-02-21T18:56:20 IST" duration-ms="2124" status="PASS">
          <reporter-output>
          </reporter-output>
        </test-method> <!-- CloseBrowser -->
      </class> <!-- Test_Suite.WEL_Test_Suite -->
    </test> <!-- Default test -->
  </suite> <!-- Default suite -->
</testng-results>
