<?xml version="1.0" encoding="UTF-8"?>
<testng-results ignored="40" total="45" passed="5" failed="0" skipped="0">
  <reporter-output>
  </reporter-output>
  <suite started-at="2023-05-08T13:48:21 IST" name="PPE_Regression" finished-at="2023-05-08T14:05:49 IST" duration-ms="1047874">
    <groups>
    </groups>
    <test started-at="2023-05-08T13:48:21 IST" name="Wiley_Test_Suite" finished-at="2023-05-08T14:05:49 IST" duration-ms="1047874">
      <class name="Test_Suite.Wiley_NA_Cart_Test_Suite">
        <test-method is-config="true" signature="initiate(org.testng.ITestContext,java.lang.String)[pri:0, instance:Test_Suite.Wiley_NA_Cart_Test_Suite@6be968ce]" started-at="2023-05-08T13:48:21 IST" name="initiate" finished-at="2023-05-08T13:48:28 IST" duration-ms="6798" status="PASS">
          <params>
            <param index="0">
              <value>
                <![CDATA[org.testng.TestRunner@2b68c59b]]>
              </value>
            </param>
            <param index="1">
              <value>
                <![CDATA[edge]]>
              </value>
            </param>
          </params>
          <reporter-output>
          </reporter-output>
        </test-method> <!-- initiate -->
        <test-method is-config="true" signature="launchBrowser()[pri:0, instance:Test_Suite.Wiley_NA_Cart_Test_Suite@6be968ce]" started-at="2023-05-08T13:48:28 IST" name="launchBrowser" finished-at="2023-05-08T13:48:28 IST" depends-on-methods="utilities.DriverModule.initiate" duration-ms="161" status="PASS">
          <reporter-output>
          </reporter-output>
        </test-method> <!-- launchBrowser -->
        <test-method is-config="true" signature="nameBefore(java.lang.reflect.Method)[pri:0, instance:Test_Suite.Wiley_NA_Cart_Test_Suite@6be968ce]" started-at="2023-05-08T13:48:28 IST" name="nameBefore" finished-at="2023-05-08T13:48:28 IST" duration-ms="1" status="PASS">
          <params>
            <param index="0">
              <value>
                <![CDATA[public void Test_Suite.Wiley_NA_Cart_Test_Suite.TC12_Product_having_ADD_Promotion() throws java.io.IOException]]>
              </value>
            </param>
          </params>
          <reporter-output>
          </reporter-output>
        </test-method> <!-- nameBefore -->
        <test-method signature="TC12_Product_having_ADD_Promotion()[pri:0, instance:Test_Suite.Wiley_NA_Cart_Test_Suite@6be968ce]" started-at="2023-05-08T13:48:28 IST" name="TC12_Product_having_ADD_Promotion" finished-at="2023-05-08T13:51:56 IST" duration-ms="207978" status="PASS">
          <reporter-output>
          </reporter-output>
        </test-method> <!-- TC12_Product_having_ADD_Promotion -->
        <test-method is-config="true" signature="nameAfter(java.lang.reflect.Method)[pri:0, instance:Test_Suite.Wiley_NA_Cart_Test_Suite@6be968ce]" started-at="2023-05-08T13:51:56 IST" name="nameAfter" finished-at="2023-05-08T13:51:56 IST" duration-ms="2" status="PASS">
          <params>
            <param index="0">
              <value>
                <![CDATA[public void Test_Suite.Wiley_NA_Cart_Test_Suite.TC12_Product_having_ADD_Promotion() throws java.io.IOException]]>
              </value>
            </param>
          </params>
          <reporter-output>
          </reporter-output>
        </test-method> <!-- nameAfter -->
        <test-method is-config="true" signature="nameBefore(java.lang.reflect.Method)[pri:0, instance:Test_Suite.Wiley_NA_Cart_Test_Suite@6be968ce]" started-at="2023-05-08T13:51:56 IST" name="nameBefore" finished-at="2023-05-08T13:51:56 IST" duration-ms="1" status="PASS">
          <params>
            <param index="0">
              <value>
                <![CDATA[public void Test_Suite.Wiley_NA_Cart_Test_Suite.TC15_eBundle_product_purchase() throws java.io.IOException]]>
              </value>
            </param>
          </params>
          <reporter-output>
          </reporter-output>
        </test-method> <!-- nameBefore -->
        <test-method signature="TC15_eBundle_product_purchase()[pri:0, instance:Test_Suite.Wiley_NA_Cart_Test_Suite@6be968ce]" started-at="2023-05-08T13:51:56 IST" name="TC15_eBundle_product_purchase" finished-at="2023-05-08T13:55:39 IST" duration-ms="222977" status="PASS">
          <reporter-output>
          </reporter-output>
        </test-method> <!-- TC15_eBundle_product_purchase -->
        <test-method is-config="true" signature="nameAfter(java.lang.reflect.Method)[pri:0, instance:Test_Suite.Wiley_NA_Cart_Test_Suite@6be968ce]" started-at="2023-05-08T13:55:39 IST" name="nameAfter" finished-at="2023-05-08T13:55:39 IST" duration-ms="1" status="PASS">
          <params>
            <param index="0">
              <value>
                <![CDATA[public void Test_Suite.Wiley_NA_Cart_Test_Suite.TC15_eBundle_product_purchase() throws java.io.IOException]]>
              </value>
            </param>
          </params>
          <reporter-output>
          </reporter-output>
        </test-method> <!-- nameAfter -->
        <test-method is-config="true" signature="nameBefore(java.lang.reflect.Method)[pri:0, instance:Test_Suite.Wiley_NA_Cart_Test_Suite@6be968ce]" started-at="2023-05-08T13:55:39 IST" name="nameBefore" finished-at="2023-05-08T13:55:39 IST" duration-ms="0" status="PASS">
          <params>
            <param index="0">
              <value>
                <![CDATA[public void Test_Suite.Wiley_NA_Cart_Test_Suite.TC22_New_User_Tax_for_Digital_product() throws java.io.IOException]]>
              </value>
            </param>
          </params>
          <reporter-output>
          </reporter-output>
        </test-method> <!-- nameBefore -->
        <test-method signature="TC22_New_User_Tax_for_Digital_product()[pri:0, instance:Test_Suite.Wiley_NA_Cart_Test_Suite@6be968ce]" started-at="2023-05-08T13:55:39 IST" name="TC22_New_User_Tax_for_Digital_product" finished-at="2023-05-08T13:59:04 IST" duration-ms="204383" status="PASS">
          <reporter-output>
          </reporter-output>
        </test-method> <!-- TC22_New_User_Tax_for_Digital_product -->
        <test-method is-config="true" signature="nameAfter(java.lang.reflect.Method)[pri:0, instance:Test_Suite.Wiley_NA_Cart_Test_Suite@6be968ce]" started-at="2023-05-08T13:59:04 IST" name="nameAfter" finished-at="2023-05-08T13:59:04 IST" duration-ms="10" status="PASS">
          <params>
            <param index="0">
              <value>
                <![CDATA[public void Test_Suite.Wiley_NA_Cart_Test_Suite.TC22_New_User_Tax_for_Digital_product() throws java.io.IOException]]>
              </value>
            </param>
          </params>
          <reporter-output>
          </reporter-output>
        </test-method> <!-- nameAfter -->
        <test-method is-config="true" signature="nameBefore(java.lang.reflect.Method)[pri:0, instance:Test_Suite.Wiley_NA_Cart_Test_Suite@6be968ce]" started-at="2023-05-08T13:59:04 IST" name="nameBefore" finished-at="2023-05-08T13:59:04 IST" duration-ms="1" status="PASS">
          <params>
            <param index="0">
              <value>
                <![CDATA[public void Test_Suite.Wiley_NA_Cart_Test_Suite.TC24_Verify_Shipping_Methods_for_POD_Products() throws java.io.IOException]]>
              </value>
            </param>
          </params>
          <reporter-output>
          </reporter-output>
        </test-method> <!-- nameBefore -->
        <test-method signature="TC24_Verify_Shipping_Methods_for_POD_Products()[pri:0, instance:Test_Suite.Wiley_NA_Cart_Test_Suite@6be968ce]" started-at="2023-05-08T13:59:04 IST" name="TC24_Verify_Shipping_Methods_for_POD_Products" finished-at="2023-05-08T14:02:55 IST" duration-ms="230712" status="PASS">
          <reporter-output>
          </reporter-output>
        </test-method> <!-- TC24_Verify_Shipping_Methods_for_POD_Products -->
        <test-method is-config="true" signature="nameAfter(java.lang.reflect.Method)[pri:0, instance:Test_Suite.Wiley_NA_Cart_Test_Suite@6be968ce]" started-at="2023-05-08T14:02:55 IST" name="nameAfter" finished-at="2023-05-08T14:02:55 IST" duration-ms="2" status="PASS">
          <params>
            <param index="0">
              <value>
                <![CDATA[public void Test_Suite.Wiley_NA_Cart_Test_Suite.TC24_Verify_Shipping_Methods_for_POD_Products() throws java.io.IOException]]>
              </value>
            </param>
          </params>
          <reporter-output>
          </reporter-output>
        </test-method> <!-- nameAfter -->
        <test-method is-config="true" signature="nameBefore(java.lang.reflect.Method)[pri:0, instance:Test_Suite.Wiley_NA_Cart_Test_Suite@6be968ce]" started-at="2023-05-08T14:02:55 IST" name="nameBefore" finished-at="2023-05-08T14:02:55 IST" duration-ms="1" status="PASS">
          <params>
            <param index="0">
              <value>
                <![CDATA[public void Test_Suite.Wiley_NA_Cart_Test_Suite.TC39_Riskified_Declined_Order_With_Last_Name_Decline() throws java.io.IOException]]>
              </value>
            </param>
          </params>
          <reporter-output>
          </reporter-output>
        </test-method> <!-- nameBefore -->
        <test-method signature="TC39_Riskified_Declined_Order_With_Last_Name_Decline()[pri:0, instance:Test_Suite.Wiley_NA_Cart_Test_Suite@6be968ce]" started-at="2023-05-08T14:02:55 IST" name="TC39_Riskified_Declined_Order_With_Last_Name_Decline" finished-at="2023-05-08T14:05:45 IST" duration-ms="170587" status="PASS">
          <reporter-output>
          </reporter-output>
        </test-method> <!-- TC39_Riskified_Declined_Order_With_Last_Name_Decline -->
        <test-method is-config="true" signature="nameAfter(java.lang.reflect.Method)[pri:0, instance:Test_Suite.Wiley_NA_Cart_Test_Suite@6be968ce]" started-at="2023-05-08T14:05:45 IST" name="nameAfter" finished-at="2023-05-08T14:05:45 IST" duration-ms="0" status="PASS">
          <params>
            <param index="0">
              <value>
                <![CDATA[public void Test_Suite.Wiley_NA_Cart_Test_Suite.TC39_Riskified_Declined_Order_With_Last_Name_Decline() throws java.io.IOException]]>
              </value>
            </param>
          </params>
          <reporter-output>
          </reporter-output>
        </test-method> <!-- nameAfter -->
        <test-method is-config="true" signature="CloseBrowser()[pri:0, instance:Test_Suite.Wiley_NA_Cart_Test_Suite@6be968ce]" started-at="2023-05-08T14:05:45 IST" name="CloseBrowser" finished-at="2023-05-08T14:05:49 IST" duration-ms="4130" status="PASS">
          <reporter-output>
          </reporter-output>
        </test-method> <!-- CloseBrowser -->
      </class> <!-- Test_Suite.Wiley_NA_Cart_Test_Suite -->
    </test> <!-- Wiley_Test_Suite -->
  </suite> <!-- PPE_Regression -->
</testng-results>
