<?xml version="1.0" encoding="UTF-8"?>
<testng-results ignored="16" total="17" passed="1" failed="0" skipped="0">
  <reporter-output>
  </reporter-output>
  <suite started-at="2023-02-21T17:43:44 IST" name="Default suite" finished-at="2023-02-21T17:44:24 IST" duration-ms="40605">
    <groups>
    </groups>
    <test started-at="2023-02-21T17:43:44 IST" name="Default test" finished-at="2023-02-21T17:44:24 IST" duration-ms="40605">
      <class name="Test_Suite.ClientPortal_RegressionSuite">
        <test-method is-config="true" signature="initiate(org.testng.ITestContext)[pri:0, instance:Test_Suite.ClientPortal_RegressionSuite@5032714f]" started-at="2023-02-21T17:43:44 IST" name="initiate" finished-at="2023-02-21T17:43:50 IST" duration-ms="5977" status="PASS">
          <params>
            <param index="0">
              <value>
                <![CDATA[org.testng.TestRunner@2db15f70]]>
              </value>
            </param>
          </params>
          <reporter-output>
          </reporter-output>
        </test-method> <!-- initiate -->
        <test-method is-config="true" signature="initializeRepo()[pri:0, instance:Test_Suite.ClientPortal_RegressionSuite@5032714f]" started-at="2023-02-21T17:43:50 IST" name="initializeRepo" finished-at="2023-02-21T17:43:50 IST" depends-on-methods="utilities.DriverModule.initiate" duration-ms="96" status="PASS">
          <reporter-output>
          </reporter-output>
        </test-method> <!-- initializeRepo -->
        <test-method signature="TC29_Login_ServiceDeskUser()[pri:0, instance:Test_Suite.ClientPortal_RegressionSuite@5032714f]" started-at="2023-02-21T17:43:50 IST" name="TC29_Login_ServiceDeskUser" finished-at="2023-02-21T17:44:23 IST" duration-ms="33055" status="PASS">
          <reporter-output>
          </reporter-output>
        </test-method> <!-- TC29_Login_ServiceDeskUser -->
        <test-method is-config="true" signature="CloseBrowser()[pri:0, instance:Test_Suite.ClientPortal_RegressionSuite@5032714f]" started-at="2023-02-21T17:44:23 IST" name="CloseBrowser" finished-at="2023-02-21T17:44:24 IST" duration-ms="1412" status="PASS">
          <reporter-output>
          </reporter-output>
        </test-method> <!-- CloseBrowser -->
      </class> <!-- Test_Suite.ClientPortal_RegressionSuite -->
    </test> <!-- Default test -->
  </suite> <!-- Default suite -->
</testng-results>
