<?xml version="1.0" encoding="UTF-8"?>
<testng-results ignored="14" total="15" passed="1" failed="0" skipped="0">
  <reporter-output>
  </reporter-output>
  <suite started-at="2023-03-13T10:11:18 IST" name="Default suite" finished-at="2023-03-13T10:14:38 IST" duration-ms="200190">
    <groups>
    </groups>
    <test started-at="2023-03-13T10:11:18 IST" name="Default test" finished-at="2023-03-13T10:14:38 IST" duration-ms="200190">
      <class name="Test_Suite.AGS_Test_Suite">
        <test-method is-config="true" signature="initiate(org.testng.ITestContext)[pri:0, instance:Test_Suite.AGS_Test_Suite@4d1c005e]" started-at="2023-03-13T10:11:18 IST" name="initiate" finished-at="2023-03-13T10:11:23 IST" duration-ms="4846" status="PASS">
          <params>
            <param index="0">
              <value>
                <![CDATA[org.testng.TestRunner@7e2bd5e6]]>
              </value>
            </param>
          </params>
          <reporter-output>
          </reporter-output>
        </test-method> <!-- initiate -->
        <test-method is-config="true" signature="initializeRepo()[pri:0, instance:Test_Suite.AGS_Test_Suite@4d1c005e]" started-at="2023-03-13T10:11:23 IST" name="initializeRepo" finished-at="2023-03-13T10:11:23 IST" depends-on-methods="utilities.DriverModule.initiate" duration-ms="53" status="PASS">
          <reporter-output>
          </reporter-output>
        </test-method> <!-- initializeRepo -->
        <test-method is-config="true" signature="nameBefore(java.lang.reflect.Method)[pri:0, instance:Test_Suite.AGS_Test_Suite@4d1c005e]" started-at="2023-03-13T10:11:23 IST" name="nameBefore" finished-at="2023-03-13T10:11:23 IST" duration-ms="0" status="PASS">
          <params>
            <param index="0">
              <value>
                <![CDATA[public void Test_Suite.AGS_Test_Suite.TC07_Verify_tax_Non_US_Address() throws java.io.IOException]]>
              </value>
            </param>
          </params>
          <reporter-output>
          </reporter-output>
        </test-method> <!-- nameBefore -->
        <test-method signature="TC07_Verify_tax_Non_US_Address()[pri:0, instance:Test_Suite.AGS_Test_Suite@4d1c005e]" started-at="2023-03-13T10:11:23 IST" name="TC07_Verify_tax_Non_US_Address" finished-at="2023-03-13T10:14:37 IST" duration-ms="193802" status="PASS">
          <reporter-output>
          </reporter-output>
        </test-method> <!-- TC07_Verify_tax_Non_US_Address -->
        <test-method is-config="true" signature="nameAfter(java.lang.reflect.Method)[pri:0, instance:Test_Suite.AGS_Test_Suite@4d1c005e]" started-at="2023-03-13T10:14:37 IST" name="nameAfter" finished-at="2023-03-13T10:14:37 IST" duration-ms="1" status="PASS">
          <params>
            <param index="0">
              <value>
                <![CDATA[public void Test_Suite.AGS_Test_Suite.TC07_Verify_tax_Non_US_Address() throws java.io.IOException]]>
              </value>
            </param>
          </params>
          <reporter-output>
          </reporter-output>
        </test-method> <!-- nameAfter -->
        <test-method is-config="true" signature="CloseBrowser()[pri:0, instance:Test_Suite.AGS_Test_Suite@4d1c005e]" started-at="2023-03-13T10:14:37 IST" name="CloseBrowser" finished-at="2023-03-13T10:14:38 IST" duration-ms="1429" status="PASS">
          <reporter-output>
          </reporter-output>
        </test-method> <!-- CloseBrowser -->
      </class> <!-- Test_Suite.AGS_Test_Suite -->
    </test> <!-- Default test -->
  </suite> <!-- Default suite -->
</testng-results>
