<?xml version="1.0" encoding="UTF-8"?>
<testng-results ignored="36" total="41" passed="5" failed="0" skipped="0">
  <reporter-output>
  </reporter-output>
  <suite started-at="2023-03-27T10:58:14 IST" name="PPE_Regression" finished-at="2023-03-27T11:07:33 IST" duration-ms="559027">
    <groups>
    </groups>
    <test started-at="2023-03-27T10:58:14 IST" name="Wiley_Test_Suite" finished-at="2023-03-27T11:07:33 IST" duration-ms="559027">
      <class name="Test_Suite.Wiley_NA_Cart_Test_Suite">
        <test-method is-config="true" signature="initiate(org.testng.ITestContext,java.lang.String)[pri:0, instance:Test_Suite.Wiley_NA_Cart_Test_Suite@7188af83]" started-at="2023-03-27T10:58:14 IST" name="initiate" finished-at="2023-03-27T10:58:20 IST" duration-ms="5649" status="PASS">
          <params>
            <param index="0">
              <value>
                <![CDATA[org.testng.TestRunner@4a3bf37c]]>
              </value>
            </param>
            <param index="1">
              <value>
                <![CDATA[edge]]>
              </value>
            </param>
          </params>
          <reporter-output>
          </reporter-output>
        </test-method> <!-- initiate -->
        <test-method is-config="true" signature="launchBrowser()[pri:0, instance:Test_Suite.Wiley_NA_Cart_Test_Suite@7188af83]" started-at="2023-03-27T10:58:20 IST" name="launchBrowser" finished-at="2023-03-27T10:58:20 IST" depends-on-methods="utilities.DriverModule.initiate" duration-ms="87" status="PASS">
          <reporter-output>
          </reporter-output>
        </test-method> <!-- launchBrowser -->
        <test-method is-config="true" signature="nameBefore(java.lang.reflect.Method)[pri:0, instance:Test_Suite.Wiley_NA_Cart_Test_Suite@7188af83]" started-at="2023-03-27T10:58:20 IST" name="nameBefore" finished-at="2023-03-27T10:58:20 IST" duration-ms="1" status="PASS">
          <params>
            <param index="0">
              <value>
                <![CDATA[public void Test_Suite.Wiley_NA_Cart_Test_Suite.TC07_Mixed_Product_Some_Stock_New_User() throws java.io.IOException]]>
              </value>
            </param>
          </params>
          <reporter-output>
          </reporter-output>
        </test-method> <!-- nameBefore -->
        <test-method signature="TC07_Mixed_Product_Some_Stock_New_User()[pri:0, instance:Test_Suite.Wiley_NA_Cart_Test_Suite@7188af83]" started-at="2023-03-27T10:58:20 IST" name="TC07_Mixed_Product_Some_Stock_New_User" finished-at="2023-03-27T11:01:44 IST" duration-ms="203565" status="PASS">
          <reporter-output>
          </reporter-output>
        </test-method> <!-- TC07_Mixed_Product_Some_Stock_New_User -->
        <test-method is-config="true" signature="nameAfter(java.lang.reflect.Method)[pri:0, instance:Test_Suite.Wiley_NA_Cart_Test_Suite@7188af83]" started-at="2023-03-27T11:01:44 IST" name="nameAfter" finished-at="2023-03-27T11:01:44 IST" duration-ms="1" status="PASS">
          <params>
            <param index="0">
              <value>
                <![CDATA[public void Test_Suite.Wiley_NA_Cart_Test_Suite.TC07_Mixed_Product_Some_Stock_New_User() throws java.io.IOException]]>
              </value>
            </param>
          </params>
          <reporter-output>
          </reporter-output>
        </test-method> <!-- nameAfter -->
        <test-method is-config="true" signature="nameBefore(java.lang.reflect.Method)[pri:0, instance:Test_Suite.Wiley_NA_Cart_Test_Suite@7188af83]" started-at="2023-03-27T11:01:44 IST" name="nameBefore" finished-at="2023-03-27T11:01:44 IST" duration-ms="1" status="PASS">
          <params>
            <param index="0">
              <value>
                <![CDATA[public void Test_Suite.Wiley_NA_Cart_Test_Suite.TC24_Verify_Shipping_Methods_for_POD_Products() throws java.io.IOException]]>
              </value>
            </param>
          </params>
          <reporter-output>
          </reporter-output>
        </test-method> <!-- nameBefore -->
        <test-method signature="TC24_Verify_Shipping_Methods_for_POD_Products()[pri:0, instance:Test_Suite.Wiley_NA_Cart_Test_Suite@7188af83]" started-at="2023-03-27T11:01:44 IST" name="TC24_Verify_Shipping_Methods_for_POD_Products" finished-at="2023-03-27T11:02:39 IST" duration-ms="55130" status="PASS">
          <reporter-output>
          </reporter-output>
        </test-method> <!-- TC24_Verify_Shipping_Methods_for_POD_Products -->
        <test-method is-config="true" signature="nameAfter(java.lang.reflect.Method)[pri:0, instance:Test_Suite.Wiley_NA_Cart_Test_Suite@7188af83]" started-at="2023-03-27T11:02:39 IST" name="nameAfter" finished-at="2023-03-27T11:02:39 IST" duration-ms="1" status="PASS">
          <params>
            <param index="0">
              <value>
                <![CDATA[public void Test_Suite.Wiley_NA_Cart_Test_Suite.TC24_Verify_Shipping_Methods_for_POD_Products() throws java.io.IOException]]>
              </value>
            </param>
          </params>
          <reporter-output>
          </reporter-output>
        </test-method> <!-- nameAfter -->
        <test-method is-config="true" signature="nameBefore(java.lang.reflect.Method)[pri:0, instance:Test_Suite.Wiley_NA_Cart_Test_Suite@7188af83]" started-at="2023-03-27T11:02:39 IST" name="nameBefore" finished-at="2023-03-27T11:02:39 IST" duration-ms="3" status="PASS">
          <params>
            <param index="0">
              <value>
                <![CDATA[public void Test_Suite.Wiley_NA_Cart_Test_Suite.TC26_Login_Page_Validation() throws java.io.IOException]]>
              </value>
            </param>
          </params>
          <reporter-output>
          </reporter-output>
        </test-method> <!-- nameBefore -->
        <test-method signature="TC26_Login_Page_Validation()[pri:0, instance:Test_Suite.Wiley_NA_Cart_Test_Suite@7188af83]" started-at="2023-03-27T11:02:39 IST" name="TC26_Login_Page_Validation" finished-at="2023-03-27T11:04:07 IST" duration-ms="87814" status="PASS">
          <reporter-output>
          </reporter-output>
        </test-method> <!-- TC26_Login_Page_Validation -->
        <test-method is-config="true" signature="nameAfter(java.lang.reflect.Method)[pri:0, instance:Test_Suite.Wiley_NA_Cart_Test_Suite@7188af83]" started-at="2023-03-27T11:04:07 IST" name="nameAfter" finished-at="2023-03-27T11:04:07 IST" duration-ms="4" status="PASS">
          <params>
            <param index="0">
              <value>
                <![CDATA[public void Test_Suite.Wiley_NA_Cart_Test_Suite.TC26_Login_Page_Validation() throws java.io.IOException]]>
              </value>
            </param>
          </params>
          <reporter-output>
          </reporter-output>
        </test-method> <!-- nameAfter -->
        <test-method signature="TC28_Cart_Update_from_Digital_to_Phygital()[pri:0, instance:Test_Suite.Wiley_NA_Cart_Test_Suite@7188af83]" started-at="2023-03-27T11:04:07 IST" name="TC28_Cart_Update_from_Digital_to_Phygital" finished-at="2023-03-27T11:05:56 IST" duration-ms="109583" status="PASS">
          <reporter-output>
          </reporter-output>
        </test-method> <!-- TC28_Cart_Update_from_Digital_to_Phygital -->
        <test-method is-config="true" signature="nameBefore(java.lang.reflect.Method)[pri:0, instance:Test_Suite.Wiley_NA_Cart_Test_Suite@7188af83]" started-at="2023-03-27T11:04:07 IST" name="nameBefore" finished-at="2023-03-27T11:04:07 IST" duration-ms="0" status="PASS">
          <params>
            <param index="0">
              <value>
                <![CDATA[public void Test_Suite.Wiley_NA_Cart_Test_Suite.TC28_Cart_Update_from_Digital_to_Phygital() throws java.io.IOException]]>
              </value>
            </param>
          </params>
          <reporter-output>
          </reporter-output>
        </test-method> <!-- nameBefore -->
        <test-method is-config="true" signature="nameAfter(java.lang.reflect.Method)[pri:0, instance:Test_Suite.Wiley_NA_Cart_Test_Suite@7188af83]" started-at="2023-03-27T11:05:56 IST" name="nameAfter" finished-at="2023-03-27T11:05:56 IST" duration-ms="20" status="PASS">
          <params>
            <param index="0">
              <value>
                <![CDATA[public void Test_Suite.Wiley_NA_Cart_Test_Suite.TC28_Cart_Update_from_Digital_to_Phygital() throws java.io.IOException]]>
              </value>
            </param>
          </params>
          <reporter-output>
          </reporter-output>
        </test-method> <!-- nameAfter -->
        <test-method is-config="true" signature="nameBefore(java.lang.reflect.Method)[pri:0, instance:Test_Suite.Wiley_NA_Cart_Test_Suite@7188af83]" started-at="2023-03-27T11:05:56 IST" name="nameBefore" finished-at="2023-03-27T11:05:56 IST" duration-ms="2" status="PASS">
          <params>
            <param index="0">
              <value>
                <![CDATA[public void Test_Suite.Wiley_NA_Cart_Test_Suite.TC30_Cart_Merge_Functionality() throws java.io.IOException]]>
              </value>
            </param>
          </params>
          <reporter-output>
          </reporter-output>
        </test-method> <!-- nameBefore -->
        <test-method signature="TC30_Cart_Merge_Functionality()[pri:0, instance:Test_Suite.Wiley_NA_Cart_Test_Suite@7188af83]" started-at="2023-03-27T11:05:56 IST" name="TC30_Cart_Merge_Functionality" finished-at="2023-03-27T11:07:31 IST" duration-ms="94893" status="PASS">
          <reporter-output>
          </reporter-output>
        </test-method> <!-- TC30_Cart_Merge_Functionality -->
        <test-method is-config="true" signature="nameAfter(java.lang.reflect.Method)[pri:0, instance:Test_Suite.Wiley_NA_Cart_Test_Suite@7188af83]" started-at="2023-03-27T11:07:31 IST" name="nameAfter" finished-at="2023-03-27T11:07:31 IST" duration-ms="1" status="PASS">
          <params>
            <param index="0">
              <value>
                <![CDATA[public void Test_Suite.Wiley_NA_Cart_Test_Suite.TC30_Cart_Merge_Functionality() throws java.io.IOException]]>
              </value>
            </param>
          </params>
          <reporter-output>
          </reporter-output>
        </test-method> <!-- nameAfter -->
        <test-method is-config="true" signature="CloseBrowser()[pri:0, instance:Test_Suite.Wiley_NA_Cart_Test_Suite@7188af83]" started-at="2023-03-27T11:07:31 IST" name="CloseBrowser" finished-at="2023-03-27T11:07:33 IST" duration-ms="2103" status="PASS">
          <reporter-output>
          </reporter-output>
        </test-method> <!-- CloseBrowser -->
      </class> <!-- Test_Suite.Wiley_NA_Cart_Test_Suite -->
    </test> <!-- Wiley_Test_Suite -->
  </suite> <!-- PPE_Regression -->
</testng-results>
