<?xml version="1.0" encoding="UTF-8"?>
<testng-results ignored="74" total="78" passed="4" failed="0" skipped="0">
  <reporter-output>
  </reporter-output>
  <suite started-at="2023-06-16T12:43:58 IST" name="WPS_Regression" finished-at="2023-06-16T12:47:10 IST" duration-ms="191399">
    <groups>
    </groups>
    <test started-at="2023-06-16T12:43:58 IST" name="TestHarness Portal_Test_Suite _Edge" finished-at="2023-06-16T12:46:00 IST" duration-ms="121438">
      <class name="Test_Suite.TestHarness_RegressionSuite">
        <test-method is-config="true" signature="initiate(org.testng.ITestContext,java.lang.String,java.lang.String)[pri:0, instance:Test_Suite.TestHarness_RegressionSuite@6d304f9d]" started-at="2023-06-16T12:43:58 IST" name="initiate" finished-at="2023-06-16T12:44:25 IST" duration-ms="27039" status="PASS">
          <params>
            <param index="0">
              <value>
                <![CDATA[org.testng.TestRunner@1c05097c]]>
              </value>
            </param>
            <param index="1">
              <value>
                <![CDATA[Edge]]>
              </value>
            </param>
            <param index="2">
              <value>
                <![CDATA[Desktop]]>
              </value>
            </param>
          </params>
          <reporter-output>
          </reporter-output>
        </test-method> <!-- initiate -->
        <test-method is-config="true" signature="initializeRepo()[pri:0, instance:Test_Suite.TestHarness_RegressionSuite@6d304f9d]" started-at="2023-06-16T12:44:25 IST" name="initializeRepo" finished-at="2023-06-16T12:44:26 IST" depends-on-methods="utilities.DriverModule.initiate" duration-ms="106" status="PASS">
          <reporter-output>
          </reporter-output>
        </test-method> <!-- initializeRepo -->
        <test-method is-config="true" signature="nameBefore(java.lang.reflect.Method)[pri:0, instance:Test_Suite.TestHarness_RegressionSuite@6d304f9d]" started-at="2023-06-16T12:44:26 IST" name="nameBefore" finished-at="2023-06-16T12:44:26 IST" duration-ms="3" status="PASS">
          <params>
            <param index="0">
              <value>
                <![CDATA[public void Test_Suite.TestHarness_RegressionSuite.TC01_HTTP_Probe() throws java.io.IOException]]>
              </value>
            </param>
          </params>
          <reporter-output>
          </reporter-output>
        </test-method> <!-- nameBefore -->
        <test-method signature="TC01_HTTP_Probe()[pri:0, instance:Test_Suite.TestHarness_RegressionSuite@6d304f9d]" started-at="2023-06-16T12:44:26 IST" name="TC01_HTTP_Probe" finished-at="2023-06-16T12:44:31 IST" duration-ms="5853" status="PASS">
          <reporter-output>
          </reporter-output>
        </test-method> <!-- TC01_HTTP_Probe -->
        <test-method is-config="true" signature="nameBefore(java.lang.reflect.Method)[pri:0, instance:Test_Suite.TestHarness_RegressionSuite@6d304f9d]" started-at="2023-06-16T12:44:31 IST" name="nameBefore" finished-at="2023-06-16T12:44:31 IST" duration-ms="20" status="PASS">
          <params>
            <param index="0">
              <value>
                <![CDATA[public void Test_Suite.TestHarness_RegressionSuite.TC02_HTTP_Tokenise_Request_Response() throws java.io.IOException]]>
              </value>
            </param>
          </params>
          <reporter-output>
          </reporter-output>
        </test-method> <!-- nameBefore -->
        <test-method is-config="true" signature="nameAfter(java.lang.reflect.Method)[pri:0, instance:Test_Suite.TestHarness_RegressionSuite@6d304f9d]" started-at="2023-06-16T12:44:31 IST" name="nameAfter" finished-at="2023-06-16T12:44:31 IST" duration-ms="0" status="PASS">
          <params>
            <param index="0">
              <value>
                <![CDATA[public void Test_Suite.TestHarness_RegressionSuite.TC01_HTTP_Probe() throws java.io.IOException]]>
              </value>
            </param>
          </params>
          <reporter-output>
          </reporter-output>
        </test-method> <!-- nameAfter -->
        <test-method signature="TC02_HTTP_Tokenise_Request_Response()[pri:0, instance:Test_Suite.TestHarness_RegressionSuite@6d304f9d]" started-at="2023-06-16T12:44:31 IST" name="TC02_HTTP_Tokenise_Request_Response" finished-at="2023-06-16T12:45:55 IST" duration-ms="83707" status="PASS">
          <reporter-output>
          </reporter-output>
        </test-method> <!-- TC02_HTTP_Tokenise_Request_Response -->
        <test-method is-config="true" signature="nameAfter(java.lang.reflect.Method)[pri:0, instance:Test_Suite.TestHarness_RegressionSuite@6d304f9d]" started-at="2023-06-16T12:45:55 IST" name="nameAfter" finished-at="2023-06-16T12:45:55 IST" duration-ms="0" status="PASS">
          <params>
            <param index="0">
              <value>
                <![CDATA[public void Test_Suite.TestHarness_RegressionSuite.TC02_HTTP_Tokenise_Request_Response() throws java.io.IOException]]>
              </value>
            </param>
          </params>
          <reporter-output>
          </reporter-output>
        </test-method> <!-- nameAfter -->
        <test-method is-config="true" signature="CloseBrowser()[pri:0, instance:Test_Suite.TestHarness_RegressionSuite@6d304f9d]" started-at="2023-06-16T12:45:55 IST" name="CloseBrowser" finished-at="2023-06-16T12:46:00 IST" duration-ms="4538" status="PASS">
          <reporter-output>
          </reporter-output>
        </test-method> <!-- CloseBrowser -->
      </class> <!-- Test_Suite.TestHarness_RegressionSuite -->
    </test> <!-- TestHarness Portal_Test_Suite _Edge -->
    <test started-at="2023-06-16T12:46:00 IST" name="TestHarness Portal_Test_Suite_Chrome" finished-at="2023-06-16T12:47:10 IST" duration-ms="69757">
      <class name="Test_Suite.TestHarness_RegressionSuite">
        <test-method is-config="true" signature="initiate(org.testng.ITestContext,java.lang.String,java.lang.String)[pri:0, instance:Test_Suite.TestHarness_RegressionSuite@12dae582]" started-at="2023-06-16T12:46:00 IST" name="initiate" finished-at="2023-06-16T12:46:20 IST" duration-ms="20357" status="PASS">
          <params>
            <param index="0">
              <value>
                <![CDATA[org.testng.TestRunner@562f6681]]>
              </value>
            </param>
            <param index="1">
              <value>
                <![CDATA[chrome]]>
              </value>
            </param>
            <param index="2">
              <value>
                <![CDATA[Mobile]]>
              </value>
            </param>
          </params>
          <reporter-output>
          </reporter-output>
        </test-method> <!-- initiate -->
        <test-method is-config="true" signature="initializeRepo()[pri:0, instance:Test_Suite.TestHarness_RegressionSuite@12dae582]" started-at="2023-06-16T12:46:20 IST" name="initializeRepo" finished-at="2023-06-16T12:46:20 IST" depends-on-methods="utilities.DriverModule.initiate" duration-ms="39" status="PASS">
          <reporter-output>
          </reporter-output>
        </test-method> <!-- initializeRepo -->
        <test-method is-config="true" signature="nameBefore(java.lang.reflect.Method)[pri:0, instance:Test_Suite.TestHarness_RegressionSuite@12dae582]" started-at="2023-06-16T12:46:20 IST" name="nameBefore" finished-at="2023-06-16T12:46:20 IST" duration-ms="1" status="PASS">
          <params>
            <param index="0">
              <value>
                <![CDATA[public void Test_Suite.TestHarness_RegressionSuite.TC01_HTTP_Probe() throws java.io.IOException]]>
              </value>
            </param>
          </params>
          <reporter-output>
          </reporter-output>
        </test-method> <!-- nameBefore -->
        <test-method signature="TC01_HTTP_Probe()[pri:0, instance:Test_Suite.TestHarness_RegressionSuite@12dae582]" started-at="2023-06-16T12:46:20 IST" name="TC01_HTTP_Probe" finished-at="2023-06-16T12:46:30 IST" duration-ms="9133" status="PASS">
          <reporter-output>
          </reporter-output>
        </test-method> <!-- TC01_HTTP_Probe -->
        <test-method is-config="true" signature="nameAfter(java.lang.reflect.Method)[pri:0, instance:Test_Suite.TestHarness_RegressionSuite@12dae582]" started-at="2023-06-16T12:46:30 IST" name="nameAfter" finished-at="2023-06-16T12:46:30 IST" duration-ms="4" status="PASS">
          <params>
            <param index="0">
              <value>
                <![CDATA[public void Test_Suite.TestHarness_RegressionSuite.TC01_HTTP_Probe() throws java.io.IOException]]>
              </value>
            </param>
          </params>
          <reporter-output>
          </reporter-output>
        </test-method> <!-- nameAfter -->
        <test-method signature="TC02_HTTP_Tokenise_Request_Response()[pri:0, instance:Test_Suite.TestHarness_RegressionSuite@12dae582]" started-at="2023-06-16T12:46:30 IST" name="TC02_HTTP_Tokenise_Request_Response" finished-at="2023-06-16T12:47:06 IST" duration-ms="36117" status="PASS">
          <reporter-output>
          </reporter-output>
        </test-method> <!-- TC02_HTTP_Tokenise_Request_Response -->
        <test-method is-config="true" signature="nameBefore(java.lang.reflect.Method)[pri:0, instance:Test_Suite.TestHarness_RegressionSuite@12dae582]" started-at="2023-06-16T12:46:30 IST" name="nameBefore" finished-at="2023-06-16T12:46:30 IST" duration-ms="0" status="PASS">
          <params>
            <param index="0">
              <value>
                <![CDATA[public void Test_Suite.TestHarness_RegressionSuite.TC02_HTTP_Tokenise_Request_Response() throws java.io.IOException]]>
              </value>
            </param>
          </params>
          <reporter-output>
          </reporter-output>
        </test-method> <!-- nameBefore -->
        <test-method is-config="true" signature="nameAfter(java.lang.reflect.Method)[pri:0, instance:Test_Suite.TestHarness_RegressionSuite@12dae582]" started-at="2023-06-16T12:47:06 IST" name="nameAfter" finished-at="2023-06-16T12:47:06 IST" duration-ms="101" status="PASS">
          <params>
            <param index="0">
              <value>
                <![CDATA[public void Test_Suite.TestHarness_RegressionSuite.TC02_HTTP_Tokenise_Request_Response() throws java.io.IOException]]>
              </value>
            </param>
          </params>
          <reporter-output>
          </reporter-output>
        </test-method> <!-- nameAfter -->
        <test-method is-config="true" signature="CloseBrowser()[pri:0, instance:Test_Suite.TestHarness_RegressionSuite@12dae582]" started-at="2023-06-16T12:47:06 IST" name="CloseBrowser" finished-at="2023-06-16T12:47:10 IST" duration-ms="3949" status="PASS">
          <reporter-output>
          </reporter-output>
        </test-method> <!-- CloseBrowser -->
      </class> <!-- Test_Suite.TestHarness_RegressionSuite -->
    </test> <!-- TestHarness Portal_Test_Suite_Chrome -->
  </suite> <!-- WPS_Regression -->
</testng-results>
