<?xml version="1.0" encoding="UTF-8"?>
<testng-results ignored="60" total="61" passed="1" failed="0" skipped="0">
  <reporter-output>
  </reporter-output>
  <suite started-at="2023-02-21T18:48:00 IST" name="Default suite" finished-at="2023-02-21T18:48:38 IST" duration-ms="38267">
    <groups>
    </groups>
    <test started-at="2023-02-21T18:48:00 IST" name="Default test" finished-at="2023-02-21T18:48:38 IST" duration-ms="38267">
      <class name="Test_Suite.WEL_Test_Suite">
        <test-method is-config="true" signature="initiate(org.testng.ITestContext)[pri:0, instance:Test_Suite.WEL_Test_Suite@533bda92]" started-at="2023-02-21T18:48:00 IST" name="initiate" finished-at="2023-02-21T18:48:11 IST" duration-ms="11610" status="PASS">
          <params>
            <param index="0">
              <value>
                <![CDATA[org.testng.TestRunner@4f820f42]]>
              </value>
            </param>
          </params>
          <reporter-output>
          </reporter-output>
        </test-method> <!-- initiate -->
        <test-method is-config="true" signature="initializeRepo()[pri:0, instance:Test_Suite.WEL_Test_Suite@533bda92]" started-at="2023-02-21T18:48:11 IST" name="initializeRepo" finished-at="2023-02-21T18:48:12 IST" depends-on-methods="utilities.DriverModule.initiate" duration-ms="583" status="PASS">
          <reporter-output>
          </reporter-output>
        </test-method> <!-- initializeRepo -->
        <test-method signature="TC77_Verify_TheFreeTrail_FormForCMACPACFAProducts()[pri:0, instance:Test_Suite.WEL_Test_Suite@533bda92]" started-at="2023-02-21T18:48:12 IST" name="TC77_Verify_TheFreeTrail_FormForCMACPACFAProducts" finished-at="2023-02-21T18:48:36 IST" duration-ms="23881" status="PASS">
          <reporter-output>
          </reporter-output>
        </test-method> <!-- TC77_Verify_TheFreeTrail_FormForCMACPACFAProducts -->
        <test-method is-config="true" signature="CloseBrowser()[pri:0, instance:Test_Suite.WEL_Test_Suite@533bda92]" started-at="2023-02-21T18:48:36 IST" name="CloseBrowser" finished-at="2023-02-21T18:48:38 IST" duration-ms="1990" status="PASS">
          <reporter-output>
          </reporter-output>
        </test-method> <!-- CloseBrowser -->
      </class> <!-- Test_Suite.WEL_Test_Suite -->
    </test> <!-- Default test -->
  </suite> <!-- Default suite -->
</testng-results>
