<?xml version="1.0" encoding="UTF-8"?>
<testng-results ignored="0" total="28" passed="28" failed="0" skipped="0">
  <reporter-output>
  </reporter-output>
  <suite started-at="2023-05-11T08:45:02 IST" name="Default suite" finished-at="2023-05-11T09:22:14 IST" duration-ms="2231852">
    <groups>
    </groups>
    <test started-at="2023-05-11T08:45:02 IST" name="Default test" finished-at="2023-05-11T09:22:14 IST" duration-ms="2231852">
      <class name="TestSuite.WEL_Prod_Test_Suite">
        <test-method is-config="true" signature="initiate(org.testng.ITestContext,java.lang.String)[pri:0, instance:TestSuite.WEL_Prod_Test_Suite@fd8294b]" started-at="2023-05-11T08:45:02 IST" name="initiate" finished-at="2023-05-11T08:45:12 IST" duration-ms="9788" status="PASS">
          <params>
            <param index="0">
              <value>
                <![CDATA[org.testng.TestRunner@66132947]]>
              </value>
            </param>
            <param index="1">
              <value>
                <![CDATA[edge]]>
              </value>
            </param>
          </params>
          <reporter-output>
          </reporter-output>
        </test-method> <!-- initiate -->
        <test-method is-config="true" signature="initializeRepo()[pri:0, instance:TestSuite.WEL_Prod_Test_Suite@fd8294b]" started-at="2023-05-11T08:45:12 IST" name="initializeRepo" finished-at="2023-05-11T08:45:12 IST" depends-on-methods="utilities.DriverModule.initiate" duration-ms="79" status="PASS">
          <reporter-output>
          </reporter-output>
        </test-method> <!-- initializeRepo -->
        <test-method is-config="true" signature="nameBefore(java.lang.reflect.Method)[pri:0, instance:TestSuite.WEL_Prod_Test_Suite@fd8294b]" started-at="2023-05-11T08:45:12 IST" name="nameBefore" finished-at="2023-05-11T08:45:12 IST" duration-ms="2" status="PASS">
          <params>
            <param index="0">
              <value>
                <![CDATA[public void TestSuite.WEL_Prod_Test_Suite.TC01_Standalone_User_Registration() throws java.io.IOException]]>
              </value>
            </param>
          </params>
          <reporter-output>
          </reporter-output>
        </test-method> <!-- nameBefore -->
        <test-method signature="TC01_Standalone_User_Registration()[pri:0, instance:TestSuite.WEL_Prod_Test_Suite@fd8294b]" started-at="2023-05-11T08:45:12 IST" name="TC01_Standalone_User_Registration" finished-at="2023-05-11T08:46:22 IST" duration-ms="69621" status="PASS">
          <reporter-output>
          </reporter-output>
        </test-method> <!-- TC01_Standalone_User_Registration -->
        <test-method is-config="true" signature="nameAfter(java.lang.reflect.Method)[pri:0, instance:TestSuite.WEL_Prod_Test_Suite@fd8294b]" started-at="2023-05-11T08:46:22 IST" name="nameAfter" finished-at="2023-05-11T08:46:22 IST" duration-ms="1" status="PASS">
          <params>
            <param index="0">
              <value>
                <![CDATA[public void TestSuite.WEL_Prod_Test_Suite.TC01_Standalone_User_Registration() throws java.io.IOException]]>
              </value>
            </param>
          </params>
          <reporter-output>
          </reporter-output>
        </test-method> <!-- nameAfter -->
        <test-method is-config="true" signature="nameBefore(java.lang.reflect.Method)[pri:0, instance:TestSuite.WEL_Prod_Test_Suite@fd8294b]" started-at="2023-05-11T08:46:22 IST" name="nameBefore" finished-at="2023-05-11T08:46:22 IST" duration-ms="0" status="PASS">
          <params>
            <param index="0">
              <value>
                <![CDATA[public void TestSuite.WEL_Prod_Test_Suite.TC02_Login_With_Newly_Registered_User() throws java.io.IOException]]>
              </value>
            </param>
          </params>
          <reporter-output>
          </reporter-output>
        </test-method> <!-- nameBefore -->
        <test-method signature="TC02_Login_With_Newly_Registered_User()[pri:0, instance:TestSuite.WEL_Prod_Test_Suite@fd8294b]" started-at="2023-05-11T08:46:22 IST" name="TC02_Login_With_Newly_Registered_User" finished-at="2023-05-11T08:46:44 IST" duration-ms="22364" status="PASS">
          <reporter-output>
          </reporter-output>
        </test-method> <!-- TC02_Login_With_Newly_Registered_User -->
        <test-method is-config="true" signature="nameAfter(java.lang.reflect.Method)[pri:0, instance:TestSuite.WEL_Prod_Test_Suite@fd8294b]" started-at="2023-05-11T08:46:44 IST" name="nameAfter" finished-at="2023-05-11T08:46:44 IST" duration-ms="0" status="PASS">
          <params>
            <param index="0">
              <value>
                <![CDATA[public void TestSuite.WEL_Prod_Test_Suite.TC02_Login_With_Newly_Registered_User() throws java.io.IOException]]>
              </value>
            </param>
          </params>
          <reporter-output>
          </reporter-output>
        </test-method> <!-- nameAfter -->
        <test-method signature="TC03_User_Registration_During_Checkout_for_Physical_Cart()[pri:0, instance:TestSuite.WEL_Prod_Test_Suite@fd8294b]" started-at="2023-05-11T08:46:44 IST" name="TC03_User_Registration_During_Checkout_for_Physical_Cart" finished-at="2023-05-11T08:48:12 IST" duration-ms="88496" status="PASS">
          <reporter-output>
          </reporter-output>
        </test-method> <!-- TC03_User_Registration_During_Checkout_for_Physical_Cart -->
        <test-method is-config="true" signature="nameBefore(java.lang.reflect.Method)[pri:0, instance:TestSuite.WEL_Prod_Test_Suite@fd8294b]" started-at="2023-05-11T08:46:44 IST" name="nameBefore" finished-at="2023-05-11T08:46:44 IST" duration-ms="0" status="PASS">
          <params>
            <param index="0">
              <value>
                <![CDATA[public void TestSuite.WEL_Prod_Test_Suite.TC03_User_Registration_During_Checkout_for_Physical_Cart() throws java.io.IOException]]>
              </value>
            </param>
          </params>
          <reporter-output>
          </reporter-output>
        </test-method> <!-- nameBefore -->
        <test-method is-config="true" signature="nameAfter(java.lang.reflect.Method)[pri:0, instance:TestSuite.WEL_Prod_Test_Suite@fd8294b]" started-at="2023-05-11T08:48:13 IST" name="nameAfter" finished-at="2023-05-11T08:48:13 IST" duration-ms="1" status="PASS">
          <params>
            <param index="0">
              <value>
                <![CDATA[public void TestSuite.WEL_Prod_Test_Suite.TC03_User_Registration_During_Checkout_for_Physical_Cart() throws java.io.IOException]]>
              </value>
            </param>
          </params>
          <reporter-output>
          </reporter-output>
        </test-method> <!-- nameAfter -->
        <test-method signature="TC04_User_Login_during_Checkout()[pri:0, instance:TestSuite.WEL_Prod_Test_Suite@fd8294b]" started-at="2023-05-11T08:48:13 IST" name="TC04_User_Login_during_Checkout" finished-at="2023-05-11T08:49:15 IST" duration-ms="62316" status="PASS">
          <reporter-output>
          </reporter-output>
        </test-method> <!-- TC04_User_Login_during_Checkout -->
        <test-method is-config="true" signature="nameBefore(java.lang.reflect.Method)[pri:0, instance:TestSuite.WEL_Prod_Test_Suite@fd8294b]" started-at="2023-05-11T08:48:13 IST" name="nameBefore" finished-at="2023-05-11T08:48:13 IST" duration-ms="0" status="PASS">
          <params>
            <param index="0">
              <value>
                <![CDATA[public void TestSuite.WEL_Prod_Test_Suite.TC04_User_Login_during_Checkout() throws java.io.IOException]]>
              </value>
            </param>
          </params>
          <reporter-output>
          </reporter-output>
        </test-method> <!-- nameBefore -->
        <test-method is-config="true" signature="nameAfter(java.lang.reflect.Method)[pri:0, instance:TestSuite.WEL_Prod_Test_Suite@fd8294b]" started-at="2023-05-11T08:49:15 IST" name="nameAfter" finished-at="2023-05-11T08:49:15 IST" duration-ms="6" status="PASS">
          <params>
            <param index="0">
              <value>
                <![CDATA[public void TestSuite.WEL_Prod_Test_Suite.TC04_User_Login_during_Checkout() throws java.io.IOException]]>
              </value>
            </param>
          </params>
          <reporter-output>
          </reporter-output>
        </test-method> <!-- nameAfter -->
        <test-method is-config="true" signature="nameBefore(java.lang.reflect.Method)[pri:0, instance:TestSuite.WEL_Prod_Test_Suite@fd8294b]" started-at="2023-05-11T08:49:15 IST" name="nameBefore" finished-at="2023-05-11T08:49:15 IST" duration-ms="2" status="PASS">
          <params>
            <param index="0">
              <value>
                <![CDATA[public void TestSuite.WEL_Prod_Test_Suite.TC05_Forget_Password_during_Checkout() throws java.io.IOException]]>
              </value>
            </param>
          </params>
          <reporter-output>
          </reporter-output>
        </test-method> <!-- nameBefore -->
        <test-method signature="TC05_Forget_Password_during_Checkout()[pri:0, instance:TestSuite.WEL_Prod_Test_Suite@fd8294b]" started-at="2023-05-11T08:49:15 IST" name="TC05_Forget_Password_during_Checkout" finished-at="2023-05-11T08:51:10 IST" duration-ms="115479" status="PASS">
          <reporter-output>
          </reporter-output>
        </test-method> <!-- TC05_Forget_Password_during_Checkout -->
        <test-method is-config="true" signature="nameAfter(java.lang.reflect.Method)[pri:0, instance:TestSuite.WEL_Prod_Test_Suite@fd8294b]" started-at="2023-05-11T08:51:10 IST" name="nameAfter" finished-at="2023-05-11T08:51:10 IST" duration-ms="0" status="PASS">
          <params>
            <param index="0">
              <value>
                <![CDATA[public void TestSuite.WEL_Prod_Test_Suite.TC05_Forget_Password_during_Checkout() throws java.io.IOException]]>
              </value>
            </param>
          </params>
          <reporter-output>
          </reporter-output>
        </test-method> <!-- nameAfter -->
        <test-method is-config="true" signature="nameBefore(java.lang.reflect.Method)[pri:0, instance:TestSuite.WEL_Prod_Test_Suite@fd8294b]" started-at="2023-05-11T08:51:10 IST" name="nameBefore" finished-at="2023-05-11T08:51:10 IST" duration-ms="1" status="PASS">
          <params>
            <param index="0">
              <value>
                <![CDATA[public void TestSuite.WEL_Prod_Test_Suite.TC06_Add_Promo_In_Anonymous_Cart() throws java.io.IOException]]>
              </value>
            </param>
          </params>
          <reporter-output>
          </reporter-output>
        </test-method> <!-- nameBefore -->
        <test-method signature="TC06_Add_Promo_In_Anonymous_Cart()[pri:0, instance:TestSuite.WEL_Prod_Test_Suite@fd8294b]" started-at="2023-05-11T08:51:10 IST" name="TC06_Add_Promo_In_Anonymous_Cart" finished-at="2023-05-11T08:52:15 IST" duration-ms="64891" status="PASS">
          <reporter-output>
          </reporter-output>
        </test-method> <!-- TC06_Add_Promo_In_Anonymous_Cart -->
        <test-method is-config="true" signature="nameAfter(java.lang.reflect.Method)[pri:0, instance:TestSuite.WEL_Prod_Test_Suite@fd8294b]" started-at="2023-05-11T08:52:15 IST" name="nameAfter" finished-at="2023-05-11T08:52:15 IST" duration-ms="1" status="PASS">
          <params>
            <param index="0">
              <value>
                <![CDATA[public void TestSuite.WEL_Prod_Test_Suite.TC06_Add_Promo_In_Anonymous_Cart() throws java.io.IOException]]>
              </value>
            </param>
          </params>
          <reporter-output>
          </reporter-output>
        </test-method> <!-- nameAfter -->
        <test-method signature="TC07_Add_Student_Discount_In_Anonymous_Cart()[pri:0, instance:TestSuite.WEL_Prod_Test_Suite@fd8294b]" started-at="2023-05-11T08:52:15 IST" name="TC07_Add_Student_Discount_In_Anonymous_Cart" finished-at="2023-05-11T08:52:50 IST" duration-ms="34588" status="PASS">
          <reporter-output>
          </reporter-output>
        </test-method> <!-- TC07_Add_Student_Discount_In_Anonymous_Cart -->
        <test-method is-config="true" signature="nameBefore(java.lang.reflect.Method)[pri:0, instance:TestSuite.WEL_Prod_Test_Suite@fd8294b]" started-at="2023-05-11T08:52:15 IST" name="nameBefore" finished-at="2023-05-11T08:52:15 IST" duration-ms="0" status="PASS">
          <params>
            <param index="0">
              <value>
                <![CDATA[public void TestSuite.WEL_Prod_Test_Suite.TC07_Add_Student_Discount_In_Anonymous_Cart() throws java.io.IOException]]>
              </value>
            </param>
          </params>
          <reporter-output>
          </reporter-output>
        </test-method> <!-- nameBefore -->
        <test-method is-config="true" signature="nameAfter(java.lang.reflect.Method)[pri:0, instance:TestSuite.WEL_Prod_Test_Suite@fd8294b]" started-at="2023-05-11T08:52:50 IST" name="nameAfter" finished-at="2023-05-11T08:52:50 IST" duration-ms="1" status="PASS">
          <params>
            <param index="0">
              <value>
                <![CDATA[public void TestSuite.WEL_Prod_Test_Suite.TC07_Add_Student_Discount_In_Anonymous_Cart() throws java.io.IOException]]>
              </value>
            </param>
          </params>
          <reporter-output>
          </reporter-output>
        </test-method> <!-- nameAfter -->
        <test-method signature="TC08_Add_to_cart_multiple_products_and_promotion_for_existing_user()[pri:0, instance:TestSuite.WEL_Prod_Test_Suite@fd8294b]" started-at="2023-05-11T08:52:50 IST" name="TC08_Add_to_cart_multiple_products_and_promotion_for_existing_user" finished-at="2023-05-11T08:54:24 IST" duration-ms="94232" status="PASS">
          <reporter-output>
          </reporter-output>
        </test-method> <!-- TC08_Add_to_cart_multiple_products_and_promotion_for_existing_user -->
        <test-method is-config="true" signature="nameBefore(java.lang.reflect.Method)[pri:0, instance:TestSuite.WEL_Prod_Test_Suite@fd8294b]" started-at="2023-05-11T08:52:50 IST" name="nameBefore" finished-at="2023-05-11T08:52:50 IST" duration-ms="0" status="PASS">
          <params>
            <param index="0">
              <value>
                <![CDATA[public void TestSuite.WEL_Prod_Test_Suite.TC08_Add_to_cart_multiple_products_and_promotion_for_existing_user() throws java.io.IOException]]>
              </value>
            </param>
          </params>
          <reporter-output>
          </reporter-output>
        </test-method> <!-- nameBefore -->
        <test-method is-config="true" signature="nameAfter(java.lang.reflect.Method)[pri:0, instance:TestSuite.WEL_Prod_Test_Suite@fd8294b]" started-at="2023-05-11T08:54:24 IST" name="nameAfter" finished-at="2023-05-11T08:54:24 IST" duration-ms="10" status="PASS">
          <params>
            <param index="0">
              <value>
                <![CDATA[public void TestSuite.WEL_Prod_Test_Suite.TC08_Add_to_cart_multiple_products_and_promotion_for_existing_user() throws java.io.IOException]]>
              </value>
            </param>
          </params>
          <reporter-output>
          </reporter-output>
        </test-method> <!-- nameAfter -->
        <test-method is-config="true" signature="nameBefore(java.lang.reflect.Method)[pri:0, instance:TestSuite.WEL_Prod_Test_Suite@fd8294b]" started-at="2023-05-11T08:54:24 IST" name="nameBefore" finished-at="2023-05-11T08:54:24 IST" duration-ms="1" status="PASS">
          <params>
            <param index="0">
              <value>
                <![CDATA[public void TestSuite.WEL_Prod_Test_Suite.TC09_Extra_discount_coupon_code_GOVT() throws java.io.IOException]]>
              </value>
            </param>
          </params>
          <reporter-output>
          </reporter-output>
        </test-method> <!-- nameBefore -->
        <test-method signature="TC09_Extra_discount_coupon_code_GOVT()[pri:0, instance:TestSuite.WEL_Prod_Test_Suite@fd8294b]" started-at="2023-05-11T08:54:24 IST" name="TC09_Extra_discount_coupon_code_GOVT" finished-at="2023-05-11T08:55:26 IST" duration-ms="62064" status="PASS">
          <reporter-output>
          </reporter-output>
        </test-method> <!-- TC09_Extra_discount_coupon_code_GOVT -->
        <test-method is-config="true" signature="nameAfter(java.lang.reflect.Method)[pri:0, instance:TestSuite.WEL_Prod_Test_Suite@fd8294b]" started-at="2023-05-11T08:55:26 IST" name="nameAfter" finished-at="2023-05-11T08:55:26 IST" duration-ms="4" status="PASS">
          <params>
            <param index="0">
              <value>
                <![CDATA[public void TestSuite.WEL_Prod_Test_Suite.TC09_Extra_discount_coupon_code_GOVT() throws java.io.IOException]]>
              </value>
            </param>
          </params>
          <reporter-output>
          </reporter-output>
        </test-method> <!-- nameAfter -->
        <test-method signature="TC10_PlaceOrder_CPA_CMA_CFA_Free_Trail_For_NewUser()[pri:0, instance:TestSuite.WEL_Prod_Test_Suite@fd8294b]" started-at="2023-05-11T08:55:26 IST" name="TC10_PlaceOrder_CPA_CMA_CFA_Free_Trail_For_NewUser" finished-at="2023-05-11T08:56:45 IST" duration-ms="78442" status="PASS">
          <reporter-output>
          </reporter-output>
        </test-method> <!-- TC10_PlaceOrder_CPA_CMA_CFA_Free_Trail_For_NewUser -->
        <test-method is-config="true" signature="nameBefore(java.lang.reflect.Method)[pri:0, instance:TestSuite.WEL_Prod_Test_Suite@fd8294b]" started-at="2023-05-11T08:55:26 IST" name="nameBefore" finished-at="2023-05-11T08:55:26 IST" duration-ms="0" status="PASS">
          <params>
            <param index="0">
              <value>
                <![CDATA[public void TestSuite.WEL_Prod_Test_Suite.TC10_PlaceOrder_CPA_CMA_CFA_Free_Trail_For_NewUser() throws java.io.IOException]]>
              </value>
            </param>
          </params>
          <reporter-output>
          </reporter-output>
        </test-method> <!-- nameBefore -->
        <test-method is-config="true" signature="nameAfter(java.lang.reflect.Method)[pri:0, instance:TestSuite.WEL_Prod_Test_Suite@fd8294b]" started-at="2023-05-11T08:56:45 IST" name="nameAfter" finished-at="2023-05-11T08:56:45 IST" duration-ms="1" status="PASS">
          <params>
            <param index="0">
              <value>
                <![CDATA[public void TestSuite.WEL_Prod_Test_Suite.TC10_PlaceOrder_CPA_CMA_CFA_Free_Trail_For_NewUser() throws java.io.IOException]]>
              </value>
            </param>
          </params>
          <reporter-output>
          </reporter-output>
        </test-method> <!-- nameAfter -->
        <test-method is-config="true" signature="nameBefore(java.lang.reflect.Method)[pri:0, instance:TestSuite.WEL_Prod_Test_Suite@fd8294b]" started-at="2023-05-11T08:56:45 IST" name="nameBefore" finished-at="2023-05-11T08:56:45 IST" duration-ms="1" status="PASS">
          <params>
            <param index="0">
              <value>
                <![CDATA[public void TestSuite.WEL_Prod_Test_Suite.TC11_Address_suggestionbyAddressDoctorinShippingpage() throws java.io.IOException]]>
              </value>
            </param>
          </params>
          <reporter-output>
          </reporter-output>
        </test-method> <!-- nameBefore -->
        <test-method signature="TC11_Address_suggestionbyAddressDoctorinShippingpage()[pri:0, instance:TestSuite.WEL_Prod_Test_Suite@fd8294b]" started-at="2023-05-11T08:56:45 IST" name="TC11_Address_suggestionbyAddressDoctorinShippingpage" finished-at="2023-05-11T08:58:05 IST" duration-ms="80623" status="PASS">
          <reporter-output>
          </reporter-output>
        </test-method> <!-- TC11_Address_suggestionbyAddressDoctorinShippingpage -->
        <test-method is-config="true" signature="nameAfter(java.lang.reflect.Method)[pri:0, instance:TestSuite.WEL_Prod_Test_Suite@fd8294b]" started-at="2023-05-11T08:58:05 IST" name="nameAfter" finished-at="2023-05-11T08:58:05 IST" duration-ms="1" status="PASS">
          <params>
            <param index="0">
              <value>
                <![CDATA[public void TestSuite.WEL_Prod_Test_Suite.TC11_Address_suggestionbyAddressDoctorinShippingpage() throws java.io.IOException]]>
              </value>
            </param>
          </params>
          <reporter-output>
          </reporter-output>
        </test-method> <!-- nameAfter -->
        <test-method signature="TC12_StudentVerification_ForphysicalCartof_USANDNonUS()[pri:0, instance:TestSuite.WEL_Prod_Test_Suite@fd8294b]" started-at="2023-05-11T08:58:05 IST" name="TC12_StudentVerification_ForphysicalCartof_USANDNonUS" finished-at="2023-05-11T09:00:08 IST" duration-ms="123082" status="PASS">
          <reporter-output>
          </reporter-output>
        </test-method> <!-- TC12_StudentVerification_ForphysicalCartof_USANDNonUS -->
        <test-method is-config="true" signature="nameBefore(java.lang.reflect.Method)[pri:0, instance:TestSuite.WEL_Prod_Test_Suite@fd8294b]" started-at="2023-05-11T08:58:05 IST" name="nameBefore" finished-at="2023-05-11T08:58:05 IST" duration-ms="0" status="PASS">
          <params>
            <param index="0">
              <value>
                <![CDATA[public void TestSuite.WEL_Prod_Test_Suite.TC12_StudentVerification_ForphysicalCartof_USANDNonUS() throws java.io.IOException]]>
              </value>
            </param>
          </params>
          <reporter-output>
          </reporter-output>
        </test-method> <!-- nameBefore -->
        <test-method is-config="true" signature="nameAfter(java.lang.reflect.Method)[pri:0, instance:TestSuite.WEL_Prod_Test_Suite@fd8294b]" started-at="2023-05-11T09:00:08 IST" name="nameAfter" finished-at="2023-05-11T09:00:08 IST" duration-ms="1" status="PASS">
          <params>
            <param index="0">
              <value>
                <![CDATA[public void TestSuite.WEL_Prod_Test_Suite.TC12_StudentVerification_ForphysicalCartof_USANDNonUS() throws java.io.IOException]]>
              </value>
            </param>
          </params>
          <reporter-output>
          </reporter-output>
        </test-method> <!-- nameAfter -->
        <test-method is-config="true" signature="nameBefore(java.lang.reflect.Method)[pri:0, instance:TestSuite.WEL_Prod_Test_Suite@fd8294b]" started-at="2023-05-11T09:00:08 IST" name="nameBefore" finished-at="2023-05-11T09:00:08 IST" duration-ms="2" status="PASS">
          <params>
            <param index="0">
              <value>
                <![CDATA[public void TestSuite.WEL_Prod_Test_Suite.TC13_ShippingAndBillingAddress_DifferentForNewUser() throws java.io.IOException]]>
              </value>
            </param>
          </params>
          <reporter-output>
          </reporter-output>
        </test-method> <!-- nameBefore -->
        <test-method signature="TC13_ShippingAndBillingAddress_DifferentForNewUser()[pri:0, instance:TestSuite.WEL_Prod_Test_Suite@fd8294b]" started-at="2023-05-11T09:00:08 IST" name="TC13_ShippingAndBillingAddress_DifferentForNewUser" finished-at="2023-05-11T09:01:37 IST" duration-ms="88651" status="PASS">
          <reporter-output>
          </reporter-output>
        </test-method> <!-- TC13_ShippingAndBillingAddress_DifferentForNewUser -->
        <test-method is-config="true" signature="nameAfter(java.lang.reflect.Method)[pri:0, instance:TestSuite.WEL_Prod_Test_Suite@fd8294b]" started-at="2023-05-11T09:01:37 IST" name="nameAfter" finished-at="2023-05-11T09:01:37 IST" duration-ms="1" status="PASS">
          <params>
            <param index="0">
              <value>
                <![CDATA[public void TestSuite.WEL_Prod_Test_Suite.TC13_ShippingAndBillingAddress_DifferentForNewUser() throws java.io.IOException]]>
              </value>
            </param>
          </params>
          <reporter-output>
          </reporter-output>
        </test-method> <!-- nameAfter -->
        <test-method is-config="true" signature="nameBefore(java.lang.reflect.Method)[pri:0, instance:TestSuite.WEL_Prod_Test_Suite@fd8294b]" started-at="2023-05-11T09:01:37 IST" name="nameBefore" finished-at="2023-05-11T09:01:37 IST" duration-ms="1" status="PASS">
          <params>
            <param index="0">
              <value>
                <![CDATA[public void TestSuite.WEL_Prod_Test_Suite.TC14_Address_suggestionbyAddressDoctorinBillingpage() throws java.io.IOException]]>
              </value>
            </param>
          </params>
          <reporter-output>
          </reporter-output>
        </test-method> <!-- nameBefore -->
        <test-method signature="TC14_Address_suggestionbyAddressDoctorinBillingpage()[pri:0, instance:TestSuite.WEL_Prod_Test_Suite@fd8294b]" started-at="2023-05-11T09:01:37 IST" name="TC14_Address_suggestionbyAddressDoctorinBillingpage" finished-at="2023-05-11T09:03:09 IST" duration-ms="91849" status="PASS">
          <reporter-output>
          </reporter-output>
        </test-method> <!-- TC14_Address_suggestionbyAddressDoctorinBillingpage -->
        <test-method is-config="true" signature="nameAfter(java.lang.reflect.Method)[pri:0, instance:TestSuite.WEL_Prod_Test_Suite@fd8294b]" started-at="2023-05-11T09:03:09 IST" name="nameAfter" finished-at="2023-05-11T09:03:09 IST" duration-ms="1" status="PASS">
          <params>
            <param index="0">
              <value>
                <![CDATA[public void TestSuite.WEL_Prod_Test_Suite.TC14_Address_suggestionbyAddressDoctorinBillingpage() throws java.io.IOException]]>
              </value>
            </param>
          </params>
          <reporter-output>
          </reporter-output>
        </test-method> <!-- nameAfter -->
        <test-method signature="TC15_Check_PaypalPayment_OptionForExistingUser()[pri:0, instance:TestSuite.WEL_Prod_Test_Suite@fd8294b]" started-at="2023-05-11T09:03:09 IST" name="TC15_Check_PaypalPayment_OptionForExistingUser" finished-at="2023-05-11T09:04:19 IST" duration-ms="70549" status="PASS">
          <reporter-output>
          </reporter-output>
        </test-method> <!-- TC15_Check_PaypalPayment_OptionForExistingUser -->
        <test-method is-config="true" signature="nameBefore(java.lang.reflect.Method)[pri:0, instance:TestSuite.WEL_Prod_Test_Suite@fd8294b]" started-at="2023-05-11T09:03:09 IST" name="nameBefore" finished-at="2023-05-11T09:03:09 IST" duration-ms="0" status="PASS">
          <params>
            <param index="0">
              <value>
                <![CDATA[public void TestSuite.WEL_Prod_Test_Suite.TC15_Check_PaypalPayment_OptionForExistingUser() throws java.io.IOException]]>
              </value>
            </param>
          </params>
          <reporter-output>
          </reporter-output>
        </test-method> <!-- nameBefore -->
        <test-method is-config="true" signature="nameAfter(java.lang.reflect.Method)[pri:0, instance:TestSuite.WEL_Prod_Test_Suite@fd8294b]" started-at="2023-05-11T09:04:19 IST" name="nameAfter" finished-at="2023-05-11T09:04:19 IST" duration-ms="5" status="PASS">
          <params>
            <param index="0">
              <value>
                <![CDATA[public void TestSuite.WEL_Prod_Test_Suite.TC15_Check_PaypalPayment_OptionForExistingUser() throws java.io.IOException]]>
              </value>
            </param>
          </params>
          <reporter-output>
          </reporter-output>
        </test-method> <!-- nameAfter -->
        <test-method is-config="true" signature="nameBefore(java.lang.reflect.Method)[pri:0, instance:TestSuite.WEL_Prod_Test_Suite@fd8294b]" started-at="2023-05-11T09:04:19 IST" name="nameBefore" finished-at="2023-05-11T09:04:19 IST" duration-ms="1" status="PASS">
          <params>
            <param index="0">
              <value>
                <![CDATA[public void TestSuite.WEL_Prod_Test_Suite.TC16_Check_PaypalCredit_OptionForNewUser() throws java.io.IOException]]>
              </value>
            </param>
          </params>
          <reporter-output>
          </reporter-output>
        </test-method> <!-- nameBefore -->
        <test-method signature="TC16_Check_PaypalCredit_OptionForNewUser()[pri:0, instance:TestSuite.WEL_Prod_Test_Suite@fd8294b]" started-at="2023-05-11T09:04:19 IST" name="TC16_Check_PaypalCredit_OptionForNewUser" finished-at="2023-05-11T09:05:36 IST" duration-ms="76260" status="PASS">
          <reporter-output>
          </reporter-output>
        </test-method> <!-- TC16_Check_PaypalCredit_OptionForNewUser -->
        <test-method is-config="true" signature="nameAfter(java.lang.reflect.Method)[pri:0, instance:TestSuite.WEL_Prod_Test_Suite@fd8294b]" started-at="2023-05-11T09:05:36 IST" name="nameAfter" finished-at="2023-05-11T09:05:36 IST" duration-ms="1" status="PASS">
          <params>
            <param index="0">
              <value>
                <![CDATA[public void TestSuite.WEL_Prod_Test_Suite.TC16_Check_PaypalCredit_OptionForNewUser() throws java.io.IOException]]>
              </value>
            </param>
          </params>
          <reporter-output>
          </reporter-output>
        </test-method> <!-- nameAfter -->
        <test-method signature="TC17_AddPartnerproduct_Having100PrcentDiscountIntoCart()[pri:0, instance:TestSuite.WEL_Prod_Test_Suite@fd8294b]" started-at="2023-05-11T09:05:36 IST" name="TC17_AddPartnerproduct_Having100PrcentDiscountIntoCart" finished-at="2023-05-11T09:06:08 IST" duration-ms="32722" status="PASS">
          <reporter-output>
          </reporter-output>
        </test-method> <!-- TC17_AddPartnerproduct_Having100PrcentDiscountIntoCart -->
        <test-method is-config="true" signature="nameBefore(java.lang.reflect.Method)[pri:0, instance:TestSuite.WEL_Prod_Test_Suite@fd8294b]" started-at="2023-05-11T09:05:36 IST" name="nameBefore" finished-at="2023-05-11T09:05:36 IST" duration-ms="0" status="PASS">
          <params>
            <param index="0">
              <value>
                <![CDATA[public void TestSuite.WEL_Prod_Test_Suite.TC17_AddPartnerproduct_Having100PrcentDiscountIntoCart() throws java.io.IOException]]>
              </value>
            </param>
          </params>
          <reporter-output>
          </reporter-output>
        </test-method> <!-- nameBefore -->
        <test-method is-config="true" signature="nameAfter(java.lang.reflect.Method)[pri:0, instance:TestSuite.WEL_Prod_Test_Suite@fd8294b]" started-at="2023-05-11T09:06:08 IST" name="nameAfter" finished-at="2023-05-11T09:06:08 IST" duration-ms="4" status="PASS">
          <params>
            <param index="0">
              <value>
                <![CDATA[public void TestSuite.WEL_Prod_Test_Suite.TC17_AddPartnerproduct_Having100PrcentDiscountIntoCart() throws java.io.IOException]]>
              </value>
            </param>
          </params>
          <reporter-output>
          </reporter-output>
        </test-method> <!-- nameAfter -->
        <test-method signature="TC18_AddUniversiry_PartnerProduct()[pri:0, instance:TestSuite.WEL_Prod_Test_Suite@fd8294b]" started-at="2023-05-11T09:06:08 IST" name="TC18_AddUniversiry_PartnerProduct" finished-at="2023-05-11T09:06:42 IST" duration-ms="33298" status="PASS">
          <reporter-output>
          </reporter-output>
        </test-method> <!-- TC18_AddUniversiry_PartnerProduct -->
        <test-method is-config="true" signature="nameBefore(java.lang.reflect.Method)[pri:0, instance:TestSuite.WEL_Prod_Test_Suite@fd8294b]" started-at="2023-05-11T09:06:08 IST" name="nameBefore" finished-at="2023-05-11T09:06:08 IST" duration-ms="0" status="PASS">
          <params>
            <param index="0">
              <value>
                <![CDATA[public void TestSuite.WEL_Prod_Test_Suite.TC18_AddUniversiry_PartnerProduct() throws java.io.IOException]]>
              </value>
            </param>
          </params>
          <reporter-output>
          </reporter-output>
        </test-method> <!-- nameBefore -->
        <test-method is-config="true" signature="nameAfter(java.lang.reflect.Method)[pri:0, instance:TestSuite.WEL_Prod_Test_Suite@fd8294b]" started-at="2023-05-11T09:06:42 IST" name="nameAfter" finished-at="2023-05-11T09:06:42 IST" duration-ms="8" status="PASS">
          <params>
            <param index="0">
              <value>
                <![CDATA[public void TestSuite.WEL_Prod_Test_Suite.TC18_AddUniversiry_PartnerProduct() throws java.io.IOException]]>
              </value>
            </param>
          </params>
          <reporter-output>
          </reporter-output>
        </test-method> <!-- nameAfter -->
        <test-method signature="TC19_AddProducts_Some_Parts_New_User()[pri:0, instance:TestSuite.WEL_Prod_Test_Suite@fd8294b]" started-at="2023-05-11T09:06:42 IST" name="TC19_AddProducts_Some_Parts_New_User" finished-at="2023-05-11T09:07:36 IST" duration-ms="54370" status="PASS">
          <reporter-output>
          </reporter-output>
        </test-method> <!-- TC19_AddProducts_Some_Parts_New_User -->
        <test-method is-config="true" signature="nameBefore(java.lang.reflect.Method)[pri:0, instance:TestSuite.WEL_Prod_Test_Suite@fd8294b]" started-at="2023-05-11T09:06:42 IST" name="nameBefore" finished-at="2023-05-11T09:06:42 IST" duration-ms="0" status="PASS">
          <params>
            <param index="0">
              <value>
                <![CDATA[public void TestSuite.WEL_Prod_Test_Suite.TC19_AddProducts_Some_Parts_New_User() throws java.io.IOException]]>
              </value>
            </param>
          </params>
          <reporter-output>
          </reporter-output>
        </test-method> <!-- nameBefore -->
        <test-method is-config="true" signature="nameAfter(java.lang.reflect.Method)[pri:0, instance:TestSuite.WEL_Prod_Test_Suite@fd8294b]" started-at="2023-05-11T09:07:36 IST" name="nameAfter" finished-at="2023-05-11T09:07:36 IST" duration-ms="1" status="PASS">
          <params>
            <param index="0">
              <value>
                <![CDATA[public void TestSuite.WEL_Prod_Test_Suite.TC19_AddProducts_Some_Parts_New_User() throws java.io.IOException]]>
              </value>
            </param>
          </params>
          <reporter-output>
          </reporter-output>
        </test-method> <!-- nameAfter -->
        <test-method is-config="true" signature="nameBefore(java.lang.reflect.Method)[pri:0, instance:TestSuite.WEL_Prod_Test_Suite@fd8294b]" started-at="2023-05-11T09:07:36 IST" name="nameBefore" finished-at="2023-05-11T09:07:36 IST" duration-ms="4" status="PASS">
          <params>
            <param index="0">
              <value>
                <![CDATA[public void TestSuite.WEL_Prod_Test_Suite.TC20_Shipping_Billing_ForIndiaAddress() throws java.io.IOException]]>
              </value>
            </param>
          </params>
          <reporter-output>
          </reporter-output>
        </test-method> <!-- nameBefore -->
        <test-method signature="TC20_Shipping_Billing_ForIndiaAddress()[pri:0, instance:TestSuite.WEL_Prod_Test_Suite@fd8294b]" started-at="2023-05-11T09:07:36 IST" name="TC20_Shipping_Billing_ForIndiaAddress" finished-at="2023-05-11T09:08:53 IST" duration-ms="76781" status="PASS">
          <reporter-output>
          </reporter-output>
        </test-method> <!-- TC20_Shipping_Billing_ForIndiaAddress -->
        <test-method is-config="true" signature="nameAfter(java.lang.reflect.Method)[pri:0, instance:TestSuite.WEL_Prod_Test_Suite@fd8294b]" started-at="2023-05-11T09:08:53 IST" name="nameAfter" finished-at="2023-05-11T09:08:53 IST" duration-ms="1" status="PASS">
          <params>
            <param index="0">
              <value>
                <![CDATA[public void TestSuite.WEL_Prod_Test_Suite.TC20_Shipping_Billing_ForIndiaAddress() throws java.io.IOException]]>
              </value>
            </param>
          </params>
          <reporter-output>
          </reporter-output>
        </test-method> <!-- nameAfter -->
        <test-method is-config="true" signature="nameBefore(java.lang.reflect.Method)[pri:0, instance:TestSuite.WEL_Prod_Test_Suite@fd8294b]" started-at="2023-05-11T09:08:53 IST" name="nameBefore" finished-at="2023-05-11T09:08:53 IST" duration-ms="1" status="PASS">
          <params>
            <param index="0">
              <value>
                <![CDATA[public void TestSuite.WEL_Prod_Test_Suite.TC21_Shipping_Billing_ForChinaAddress() throws java.io.IOException]]>
              </value>
            </param>
          </params>
          <reporter-output>
          </reporter-output>
        </test-method> <!-- nameBefore -->
        <test-method signature="TC21_Shipping_Billing_ForChinaAddress()[pri:0, instance:TestSuite.WEL_Prod_Test_Suite@fd8294b]" started-at="2023-05-11T09:08:53 IST" name="TC21_Shipping_Billing_ForChinaAddress" finished-at="2023-05-11T09:10:16 IST" duration-ms="83129" status="PASS">
          <reporter-output>
          </reporter-output>
        </test-method> <!-- TC21_Shipping_Billing_ForChinaAddress -->
        <test-method is-config="true" signature="nameAfter(java.lang.reflect.Method)[pri:0, instance:TestSuite.WEL_Prod_Test_Suite@fd8294b]" started-at="2023-05-11T09:10:16 IST" name="nameAfter" finished-at="2023-05-11T09:10:16 IST" duration-ms="37" status="PASS">
          <params>
            <param index="0">
              <value>
                <![CDATA[public void TestSuite.WEL_Prod_Test_Suite.TC21_Shipping_Billing_ForChinaAddress() throws java.io.IOException]]>
              </value>
            </param>
          </params>
          <reporter-output>
          </reporter-output>
        </test-method> <!-- nameAfter -->
        <test-method is-config="true" signature="nameBefore(java.lang.reflect.Method)[pri:0, instance:TestSuite.WEL_Prod_Test_Suite@fd8294b]" started-at="2023-05-11T09:10:16 IST" name="nameBefore" finished-at="2023-05-11T09:10:16 IST" duration-ms="4" status="PASS">
          <params>
            <param index="0">
              <value>
                <![CDATA[public void TestSuite.WEL_Prod_Test_Suite.TC22_Shipping_Billing_ForJapanAddress() throws java.io.IOException]]>
              </value>
            </param>
          </params>
          <reporter-output>
          </reporter-output>
        </test-method> <!-- nameBefore -->
        <test-method signature="TC22_Shipping_Billing_ForJapanAddress()[pri:0, instance:TestSuite.WEL_Prod_Test_Suite@fd8294b]" started-at="2023-05-11T09:10:16 IST" name="TC22_Shipping_Billing_ForJapanAddress" finished-at="2023-05-11T09:11:39 IST" duration-ms="83134" status="PASS">
          <reporter-output>
          </reporter-output>
        </test-method> <!-- TC22_Shipping_Billing_ForJapanAddress -->
        <test-method is-config="true" signature="nameAfter(java.lang.reflect.Method)[pri:0, instance:TestSuite.WEL_Prod_Test_Suite@fd8294b]" started-at="2023-05-11T09:11:39 IST" name="nameAfter" finished-at="2023-05-11T09:11:39 IST" duration-ms="1" status="PASS">
          <params>
            <param index="0">
              <value>
                <![CDATA[public void TestSuite.WEL_Prod_Test_Suite.TC22_Shipping_Billing_ForJapanAddress() throws java.io.IOException]]>
              </value>
            </param>
          </params>
          <reporter-output>
          </reporter-output>
        </test-method> <!-- nameAfter -->
        <test-method is-config="true" signature="nameBefore(java.lang.reflect.Method)[pri:0, instance:TestSuite.WEL_Prod_Test_Suite@fd8294b]" started-at="2023-05-11T09:11:39 IST" name="nameBefore" finished-at="2023-05-11T09:11:39 IST" duration-ms="4" status="PASS">
          <params>
            <param index="0">
              <value>
                <![CDATA[public void TestSuite.WEL_Prod_Test_Suite.TC23_Messagethat_WedontShipToPOboxesOnShippingaddres_PricingImplementation() throws java.io.IOException]]>
              </value>
            </param>
          </params>
          <reporter-output>
          </reporter-output>
        </test-method> <!-- nameBefore -->
        <test-method signature="TC23_Messagethat_WedontShipToPOboxesOnShippingaddres_PricingImplementation()[pri:0, instance:TestSuite.WEL_Prod_Test_Suite@fd8294b]" started-at="2023-05-11T09:11:39 IST" name="TC23_Messagethat_WedontShipToPOboxesOnShippingaddres_PricingImplementation" finished-at="2023-05-11T09:12:33 IST" duration-ms="53548" status="PASS">
          <reporter-output>
          </reporter-output>
        </test-method> <!-- TC23_Messagethat_WedontShipToPOboxesOnShippingaddres_PricingImplementation -->
        <test-method is-config="true" signature="nameAfter(java.lang.reflect.Method)[pri:0, instance:TestSuite.WEL_Prod_Test_Suite@fd8294b]" started-at="2023-05-11T09:12:33 IST" name="nameAfter" finished-at="2023-05-11T09:12:33 IST" duration-ms="0" status="PASS">
          <params>
            <param index="0">
              <value>
                <![CDATA[public void TestSuite.WEL_Prod_Test_Suite.TC23_Messagethat_WedontShipToPOboxesOnShippingaddres_PricingImplementation() throws java.io.IOException]]>
              </value>
            </param>
          </params>
          <reporter-output>
          </reporter-output>
        </test-method> <!-- nameAfter -->
        <test-method signature="TC24_AddProducts_CPACMACFA_ReviewCoursPhysicalproduct_FornewUserToCart_AndProceedTill_Paymentpage()[pri:0, instance:TestSuite.WEL_Prod_Test_Suite@fd8294b]" started-at="2023-05-11T09:12:33 IST" name="TC24_AddProducts_CPACMACFA_ReviewCoursPhysicalproduct_FornewUserToCart_AndProceedTill_Paymentpage" finished-at="2023-05-11T09:14:47 IST" duration-ms="134596" status="PASS">
          <reporter-output>
          </reporter-output>
        </test-method> <!-- TC24_AddProducts_CPACMACFA_ReviewCoursPhysicalproduct_FornewUserToCart_AndProceedTill_Paymentpage -->
        <test-method is-config="true" signature="nameBefore(java.lang.reflect.Method)[pri:0, instance:TestSuite.WEL_Prod_Test_Suite@fd8294b]" started-at="2023-05-11T09:12:33 IST" name="nameBefore" finished-at="2023-05-11T09:12:33 IST" duration-ms="0" status="PASS">
          <params>
            <param index="0">
              <value>
                <![CDATA[public void TestSuite.WEL_Prod_Test_Suite.TC24_AddProducts_CPACMACFA_ReviewCoursPhysicalproduct_FornewUserToCart_AndProceedTill_Paymentpage() throws java.io.IOException]]>
              </value>
            </param>
          </params>
          <reporter-output>
          </reporter-output>
        </test-method> <!-- nameBefore -->
        <test-method is-config="true" signature="nameAfter(java.lang.reflect.Method)[pri:0, instance:TestSuite.WEL_Prod_Test_Suite@fd8294b]" started-at="2023-05-11T09:14:47 IST" name="nameAfter" finished-at="2023-05-11T09:14:47 IST" duration-ms="1" status="PASS">
          <params>
            <param index="0">
              <value>
                <![CDATA[public void TestSuite.WEL_Prod_Test_Suite.TC24_AddProducts_CPACMACFA_ReviewCoursPhysicalproduct_FornewUserToCart_AndProceedTill_Paymentpage() throws java.io.IOException]]>
              </value>
            </param>
          </params>
          <reporter-output>
          </reporter-output>
        </test-method> <!-- nameAfter -->
        <test-method is-config="true" signature="nameBefore(java.lang.reflect.Method)[pri:0, instance:TestSuite.WEL_Prod_Test_Suite@fd8294b]" started-at="2023-05-11T09:14:47 IST" name="nameBefore" finished-at="2023-05-11T09:14:47 IST" duration-ms="1" status="PASS">
          <params>
            <param index="0">
              <value>
                <![CDATA[public void TestSuite.WEL_Prod_Test_Suite.TC25_CartPage_UIValidation() throws java.io.IOException]]>
              </value>
            </param>
          </params>
          <reporter-output>
          </reporter-output>
        </test-method> <!-- nameBefore -->
        <test-method signature="TC25_CartPage_UIValidation()[pri:0, instance:TestSuite.WEL_Prod_Test_Suite@fd8294b]" started-at="2023-05-11T09:14:47 IST" name="TC25_CartPage_UIValidation" finished-at="2023-05-11T09:16:07 IST" duration-ms="79593" status="PASS">
          <reporter-output>
          </reporter-output>
        </test-method> <!-- TC25_CartPage_UIValidation -->
        <test-method is-config="true" signature="nameAfter(java.lang.reflect.Method)[pri:0, instance:TestSuite.WEL_Prod_Test_Suite@fd8294b]" started-at="2023-05-11T09:16:07 IST" name="nameAfter" finished-at="2023-05-11T09:16:07 IST" duration-ms="1" status="PASS">
          <params>
            <param index="0">
              <value>
                <![CDATA[public void TestSuite.WEL_Prod_Test_Suite.TC25_CartPage_UIValidation() throws java.io.IOException]]>
              </value>
            </param>
          </params>
          <reporter-output>
          </reporter-output>
        </test-method> <!-- nameAfter -->
        <test-method signature="TC26_Multiple_To_And_Fro_Navigation_Between_Shipping_And_Billing()[pri:0, instance:TestSuite.WEL_Prod_Test_Suite@fd8294b]" started-at="2023-05-11T09:16:07 IST" name="TC26_Multiple_To_And_Fro_Navigation_Between_Shipping_And_Billing" finished-at="2023-05-11T09:18:56 IST" duration-ms="169052" status="PASS">
          <reporter-output>
          </reporter-output>
        </test-method> <!-- TC26_Multiple_To_And_Fro_Navigation_Between_Shipping_And_Billing -->
        <test-method is-config="true" signature="nameBefore(java.lang.reflect.Method)[pri:0, instance:TestSuite.WEL_Prod_Test_Suite@fd8294b]" started-at="2023-05-11T09:16:07 IST" name="nameBefore" finished-at="2023-05-11T09:16:07 IST" duration-ms="0" status="PASS">
          <params>
            <param index="0">
              <value>
                <![CDATA[public void TestSuite.WEL_Prod_Test_Suite.TC26_Multiple_To_And_Fro_Navigation_Between_Shipping_And_Billing() throws java.io.IOException]]>
              </value>
            </param>
          </params>
          <reporter-output>
          </reporter-output>
        </test-method> <!-- nameBefore -->
        <test-method is-config="true" signature="nameAfter(java.lang.reflect.Method)[pri:0, instance:TestSuite.WEL_Prod_Test_Suite@fd8294b]" started-at="2023-05-11T09:18:56 IST" name="nameAfter" finished-at="2023-05-11T09:18:56 IST" duration-ms="2" status="PASS">
          <params>
            <param index="0">
              <value>
                <![CDATA[public void TestSuite.WEL_Prod_Test_Suite.TC26_Multiple_To_And_Fro_Navigation_Between_Shipping_And_Billing() throws java.io.IOException]]>
              </value>
            </param>
          </params>
          <reporter-output>
          </reporter-output>
        </test-method> <!-- nameAfter -->
        <test-method is-config="true" signature="nameBefore(java.lang.reflect.Method)[pri:0, instance:TestSuite.WEL_Prod_Test_Suite@fd8294b]" started-at="2023-05-11T09:18:56 IST" name="nameBefore" finished-at="2023-05-11T09:18:56 IST" duration-ms="1" status="PASS">
          <params>
            <param index="0">
              <value>
                <![CDATA[public void TestSuite.WEL_Prod_Test_Suite.TC27_Shipping_Charge_For_Multiple_Quantity() throws java.io.IOException]]>
              </value>
            </param>
          </params>
          <reporter-output>
          </reporter-output>
        </test-method> <!-- nameBefore -->
        <test-method signature="TC27_Shipping_Charge_For_Multiple_Quantity()[pri:0, instance:TestSuite.WEL_Prod_Test_Suite@fd8294b]" started-at="2023-05-11T09:18:56 IST" name="TC27_Shipping_Charge_For_Multiple_Quantity" finished-at="2023-05-11T09:21:13 IST" duration-ms="137335" status="PASS">
          <reporter-output>
          </reporter-output>
        </test-method> <!-- TC27_Shipping_Charge_For_Multiple_Quantity -->
        <test-method is-config="true" signature="nameAfter(java.lang.reflect.Method)[pri:0, instance:TestSuite.WEL_Prod_Test_Suite@fd8294b]" started-at="2023-05-11T09:21:13 IST" name="nameAfter" finished-at="2023-05-11T09:21:13 IST" duration-ms="0" status="PASS">
          <params>
            <param index="0">
              <value>
                <![CDATA[public void TestSuite.WEL_Prod_Test_Suite.TC27_Shipping_Charge_For_Multiple_Quantity() throws java.io.IOException]]>
              </value>
            </param>
          </params>
          <reporter-output>
          </reporter-output>
        </test-method> <!-- nameAfter -->
        <test-method is-config="true" signature="nameBefore(java.lang.reflect.Method)[pri:0, instance:TestSuite.WEL_Prod_Test_Suite@fd8294b]" started-at="2023-05-11T09:21:13 IST" name="nameBefore" finished-at="2023-05-11T09:21:13 IST" duration-ms="1" status="PASS">
          <params>
            <param index="0">
              <value>
                <![CDATA[public void TestSuite.WEL_Prod_Test_Suite.TC28_Validate_the_Email_Id_Format_In_Checkout_Login_And_Registration_Page() throws java.io.IOException]]>
              </value>
            </param>
          </params>
          <reporter-output>
          </reporter-output>
        </test-method> <!-- nameBefore -->
        <test-method signature="TC28_Validate_the_Email_Id_Format_In_Checkout_Login_And_Registration_Page()[pri:0, instance:TestSuite.WEL_Prod_Test_Suite@fd8294b]" started-at="2023-05-11T09:21:13 IST" name="TC28_Validate_the_Email_Id_Format_In_Checkout_Login_And_Registration_Page" finished-at="2023-05-11T09:22:12 IST" duration-ms="58240" status="PASS">
          <reporter-output>
          </reporter-output>
        </test-method> <!-- TC28_Validate_the_Email_Id_Format_In_Checkout_Login_And_Registration_Page -->
        <test-method is-config="true" signature="nameAfter(java.lang.reflect.Method)[pri:0, instance:TestSuite.WEL_Prod_Test_Suite@fd8294b]" started-at="2023-05-11T09:22:12 IST" name="nameAfter" finished-at="2023-05-11T09:22:12 IST" duration-ms="0" status="PASS">
          <params>
            <param index="0">
              <value>
                <![CDATA[public void TestSuite.WEL_Prod_Test_Suite.TC28_Validate_the_Email_Id_Format_In_Checkout_Login_And_Registration_Page() throws java.io.IOException]]>
              </value>
            </param>
          </params>
          <reporter-output>
          </reporter-output>
        </test-method> <!-- nameAfter -->
        <test-method is-config="true" signature="CloseBrowser()[pri:0, instance:TestSuite.WEL_Prod_Test_Suite@fd8294b]" started-at="2023-05-11T09:22:12 IST" name="CloseBrowser" finished-at="2023-05-11T09:22:14 IST" duration-ms="2236" status="PASS">
          <reporter-output>
          </reporter-output>
        </test-method> <!-- CloseBrowser -->
      </class> <!-- TestSuite.WEL_Prod_Test_Suite -->
    </test> <!-- Default test -->
  </suite> <!-- Default suite -->
</testng-results>
