<?xml version="1.0" encoding="UTF-8"?>
<testng-results ignored="25" total="26" passed="1" failed="0" skipped="0">
  <reporter-output>
  </reporter-output>
  <suite started-at="2023-03-24T15:01:52 IST" name="Default suite" finished-at="2023-03-24T15:03:01 IST" duration-ms="69598">
    <groups>
    </groups>
    <test started-at="2023-03-24T15:01:52 IST" name="Default test" finished-at="2023-03-24T15:03:01 IST" duration-ms="69598">
      <class name="Test_Suite.ClientPortal_RegressionSuite">
        <test-method is-config="true" signature="initiate(org.testng.ITestContext)[pri:0, instance:Test_Suite.ClientPortal_RegressionSuite@710c2b53]" started-at="2023-03-24T15:01:52 IST" name="initiate" finished-at="2023-03-24T15:02:00 IST" duration-ms="8245" status="PASS">
          <params>
            <param index="0">
              <value>
                <![CDATA[org.testng.TestRunner@22cb3d59]]>
              </value>
            </param>
          </params>
          <reporter-output>
          </reporter-output>
        </test-method> <!-- initiate -->
        <test-method is-config="true" signature="initializeRepo()[pri:0, instance:Test_Suite.ClientPortal_RegressionSuite@710c2b53]" started-at="2023-03-24T15:02:00 IST" name="initializeRepo" finished-at="2023-03-24T15:02:00 IST" depends-on-methods="utilities.DriverModule.initiate" duration-ms="84" status="PASS">
          <reporter-output>
          </reporter-output>
        </test-method> <!-- initializeRepo -->
        <test-method signature="TC12_RegisterNewClientApp_Negative_Scenarios_WPSSupport()[pri:0, instance:Test_Suite.ClientPortal_RegressionSuite@710c2b53]" started-at="2023-03-24T15:02:00 IST" name="TC12_RegisterNewClientApp_Negative_Scenarios_WPSSupport" finished-at="2023-03-24T15:02:59 IST" duration-ms="59184" status="PASS">
          <reporter-output>
          </reporter-output>
        </test-method> <!-- TC12_RegisterNewClientApp_Negative_Scenarios_WPSSupport -->
        <test-method is-config="true" signature="CloseBrowser()[pri:0, instance:Test_Suite.ClientPortal_RegressionSuite@710c2b53]" started-at="2023-03-24T15:02:59 IST" name="CloseBrowser" finished-at="2023-03-24T15:03:01 IST" duration-ms="2016" status="PASS">
          <reporter-output>
          </reporter-output>
        </test-method> <!-- CloseBrowser -->
      </class> <!-- Test_Suite.ClientPortal_RegressionSuite -->
    </test> <!-- Default test -->
  </suite> <!-- Default suite -->
</testng-results>
