<?xml version="1.0" encoding="UTF-8"?>
<testng-results ignored="17" total="18" passed="1" failed="0" skipped="0">
  <reporter-output>
  </reporter-output>
  <suite started-at="2023-02-21T17:58:54 IST" name="Default suite" finished-at="2023-02-21T17:59:22 IST" duration-ms="27844">
    <groups>
    </groups>
    <test started-at="2023-02-21T17:58:54 IST" name="Default test" finished-at="2023-02-21T17:59:22 IST" duration-ms="27844">
      <class name="Test_Suite.ClientPortal_RegressionSuite">
        <test-method is-config="true" signature="initiate(org.testng.ITestContext)[pri:0, instance:Test_Suite.ClientPortal_RegressionSuite@5032714f]" started-at="2023-02-21T17:58:54 IST" name="initiate" finished-at="2023-02-21T17:59:00 IST" duration-ms="5800" status="PASS">
          <params>
            <param index="0">
              <value>
                <![CDATA[org.testng.TestRunner@2a5abd3c]]>
              </value>
            </param>
          </params>
          <reporter-output>
          </reporter-output>
        </test-method> <!-- initiate -->
        <test-method is-config="true" signature="initializeRepo()[pri:0, instance:Test_Suite.ClientPortal_RegressionSuite@5032714f]" started-at="2023-02-21T17:59:00 IST" name="initializeRepo" finished-at="2023-02-21T17:59:00 IST" depends-on-methods="utilities.DriverModule.initiate" duration-ms="120" status="PASS">
          <reporter-output>
          </reporter-output>
        </test-method> <!-- initializeRepo -->
        <test-method signature="TC31_RegisterNewUser_SDUser()[pri:0, instance:Test_Suite.ClientPortal_RegressionSuite@5032714f]" started-at="2023-02-21T17:59:00 IST" name="TC31_RegisterNewUser_SDUser" finished-at="2023-02-21T17:59:20 IST" duration-ms="19993" status="PASS">
          <reporter-output>
          </reporter-output>
        </test-method> <!-- TC31_RegisterNewUser_SDUser -->
        <test-method is-config="true" signature="CloseBrowser()[pri:0, instance:Test_Suite.ClientPortal_RegressionSuite@5032714f]" started-at="2023-02-21T17:59:20 IST" name="CloseBrowser" finished-at="2023-02-21T17:59:22 IST" duration-ms="1845" status="PASS">
          <reporter-output>
          </reporter-output>
        </test-method> <!-- CloseBrowser -->
      </class> <!-- Test_Suite.ClientPortal_RegressionSuite -->
    </test> <!-- Default test -->
  </suite> <!-- Default suite -->
</testng-results>
