<?xml version="1.0" encoding="UTF-8"?>
<testng-results ignored="43" total="44" passed="1" failed="0" skipped="0">
  <reporter-output>
  </reporter-output>
  <suite started-at="2023-04-21T12:21:27 IST" name="Default suite" finished-at="2023-04-21T12:23:57 IST" duration-ms="150321">
    <groups>
    </groups>
    <test started-at="2023-04-21T12:21:27 IST" name="Default test" finished-at="2023-04-21T12:23:57 IST" duration-ms="150321">
      <class name="Test_Suite.Wiley_NA_Cart_Test_Suite">
        <test-method is-config="true" signature="initiate(org.testng.ITestContext,java.lang.String)[pri:0, instance:Test_Suite.Wiley_NA_Cart_Test_Suite@6be968ce]" started-at="2023-04-21T12:21:27 IST" name="initiate" finished-at="2023-04-21T12:21:37 IST" duration-ms="9729" status="PASS">
          <params>
            <param index="0">
              <value>
                <![CDATA[org.testng.TestRunner@5333f08f]]>
              </value>
            </param>
            <param index="1">
              <value>
                <![CDATA[edge]]>
              </value>
            </param>
          </params>
          <reporter-output>
          </reporter-output>
        </test-method> <!-- initiate -->
        <test-method is-config="true" signature="launchBrowser()[pri:0, instance:Test_Suite.Wiley_NA_Cart_Test_Suite@6be968ce]" started-at="2023-04-21T12:21:37 IST" name="launchBrowser" finished-at="2023-04-21T12:21:37 IST" depends-on-methods="utilities.DriverModule.initiate" duration-ms="98" status="PASS">
          <reporter-output>
          </reporter-output>
        </test-method> <!-- launchBrowser -->
        <test-method is-config="true" signature="nameBefore(java.lang.reflect.Method)[pri:0, instance:Test_Suite.Wiley_NA_Cart_Test_Suite@6be968ce]" started-at="2023-04-21T12:21:37 IST" name="nameBefore" finished-at="2023-04-21T12:21:37 IST" duration-ms="1" status="PASS">
          <params>
            <param index="0">
              <value>
                <![CDATA[public void Test_Suite.Wiley_NA_Cart_Test_Suite.TC26_Login_Page_Validation() throws java.io.IOException]]>
              </value>
            </param>
          </params>
          <reporter-output>
          </reporter-output>
        </test-method> <!-- nameBefore -->
        <test-method signature="TC26_Login_Page_Validation()[pri:0, instance:Test_Suite.Wiley_NA_Cart_Test_Suite@6be968ce]" started-at="2023-04-21T12:21:37 IST" name="TC26_Login_Page_Validation" finished-at="2023-04-21T12:23:55 IST" duration-ms="137920" status="PASS">
          <reporter-output>
          </reporter-output>
        </test-method> <!-- TC26_Login_Page_Validation -->
        <test-method is-config="true" signature="nameAfter(java.lang.reflect.Method)[pri:0, instance:Test_Suite.Wiley_NA_Cart_Test_Suite@6be968ce]" started-at="2023-04-21T12:23:55 IST" name="nameAfter" finished-at="2023-04-21T12:23:55 IST" duration-ms="1" status="PASS">
          <params>
            <param index="0">
              <value>
                <![CDATA[public void Test_Suite.Wiley_NA_Cart_Test_Suite.TC26_Login_Page_Validation() throws java.io.IOException]]>
              </value>
            </param>
          </params>
          <reporter-output>
          </reporter-output>
        </test-method> <!-- nameAfter -->
        <test-method is-config="true" signature="CloseBrowser()[pri:0, instance:Test_Suite.Wiley_NA_Cart_Test_Suite@6be968ce]" started-at="2023-04-21T12:23:55 IST" name="CloseBrowser" finished-at="2023-04-21T12:23:57 IST" duration-ms="2499" status="PASS">
          <reporter-output>
          </reporter-output>
        </test-method> <!-- CloseBrowser -->
      </class> <!-- Test_Suite.Wiley_NA_Cart_Test_Suite -->
    </test> <!-- Default test -->
  </suite> <!-- Default suite -->
</testng-results>
