<?xml version="1.0" encoding="UTF-8"?>
<testng-results ignored="36" total="37" passed="1" failed="0" skipped="0">
  <reporter-output>
  </reporter-output>
  <suite started-at="2023-02-23T17:02:24 IST" name="Default suite" finished-at="2023-02-23T17:06:24 IST" duration-ms="239990">
    <groups>
    </groups>
    <test started-at="2023-02-23T17:02:24 IST" name="Default test" finished-at="2023-02-23T17:06:24 IST" duration-ms="239990">
      <class name="Test_Suite.Wiley_NA_Cart_Test_Suite">
        <test-method is-config="true" signature="initiate(org.testng.ITestContext)[pri:0, instance:Test_Suite.Wiley_NA_Cart_Test_Suite@792b749c]" started-at="2023-02-23T17:02:24 IST" name="initiate" finished-at="2023-02-23T17:02:34 IST" duration-ms="9448" status="PASS">
          <params>
            <param index="0">
              <value>
                <![CDATA[org.testng.TestRunner@176333ee]]>
              </value>
            </param>
          </params>
          <reporter-output>
          </reporter-output>
        </test-method> <!-- initiate -->
        <test-method is-config="true" signature="launchBrowser()[pri:0, instance:Test_Suite.Wiley_NA_Cart_Test_Suite@792b749c]" started-at="2023-02-23T17:02:34 IST" name="launchBrowser" finished-at="2023-02-23T17:02:34 IST" depends-on-methods="utilities.DriverModule.initiate" duration-ms="105" status="PASS">
          <reporter-output>
          </reporter-output>
        </test-method> <!-- launchBrowser -->
        <test-method is-config="true" signature="nameBefore(java.lang.reflect.Method)[pri:0, instance:Test_Suite.Wiley_NA_Cart_Test_Suite@792b749c]" started-at="2023-02-23T17:02:34 IST" name="nameBefore" finished-at="2023-02-23T17:02:34 IST" duration-ms="1" status="PASS">
          <params>
            <param index="0">
              <value>
                <![CDATA[public void Test_Suite.Wiley_NA_Cart_Test_Suite.TC08_Mixed_Product_No_Stock_Guest_User() throws java.io.IOException]]>
              </value>
            </param>
          </params>
          <reporter-output>
          </reporter-output>
        </test-method> <!-- nameBefore -->
        <test-method signature="TC08_Mixed_Product_No_Stock_Guest_User()[pri:0, instance:Test_Suite.Wiley_NA_Cart_Test_Suite@792b749c]" started-at="2023-02-23T17:02:34 IST" name="TC08_Mixed_Product_No_Stock_Guest_User" finished-at="2023-02-23T17:06:18 IST" duration-ms="224240" status="PASS">
          <reporter-output>
          </reporter-output>
        </test-method> <!-- TC08_Mixed_Product_No_Stock_Guest_User -->
        <test-method is-config="true" signature="nameAfter(java.lang.reflect.Method)[pri:0, instance:Test_Suite.Wiley_NA_Cart_Test_Suite@792b749c]" started-at="2023-02-23T17:06:18 IST" name="nameAfter" finished-at="2023-02-23T17:06:18 IST" duration-ms="2" status="PASS">
          <params>
            <param index="0">
              <value>
                <![CDATA[public void Test_Suite.Wiley_NA_Cart_Test_Suite.TC08_Mixed_Product_No_Stock_Guest_User() throws java.io.IOException]]>
              </value>
            </param>
          </params>
          <reporter-output>
          </reporter-output>
        </test-method> <!-- nameAfter -->
        <test-method is-config="true" signature="CloseBrowser()[pri:0, instance:Test_Suite.Wiley_NA_Cart_Test_Suite@792b749c]" started-at="2023-02-23T17:06:18 IST" name="CloseBrowser" finished-at="2023-02-23T17:06:24 IST" duration-ms="6100" status="PASS">
          <reporter-output>
          </reporter-output>
        </test-method> <!-- CloseBrowser -->
      </class> <!-- Test_Suite.Wiley_NA_Cart_Test_Suite -->
    </test> <!-- Default test -->
  </suite> <!-- Default suite -->
</testng-results>
