<?xml version="1.0" encoding="UTF-8"?>
<testng-results ignored="17" total="18" passed="1" failed="0" skipped="0">
  <reporter-output>
  </reporter-output>
  <suite started-at="2023-01-16T16:21:13 IST" name="Default suite" finished-at="2023-01-16T16:22:16 IST" duration-ms="63039">
    <groups>
    </groups>
    <test started-at="2023-01-16T16:21:13 IST" name="Default test" finished-at="2023-01-16T16:22:16 IST" duration-ms="63039">
      <class name="Test_Suite.Vet_Test_Suite">
        <test-method is-config="true" signature="initiate(org.testng.ITestContext)[pri:0, instance:Test_Suite.Vet_Test_Suite@35dab4eb]" started-at="2023-01-16T16:21:13 IST" name="initiate" finished-at="2023-01-16T16:21:17 IST" duration-ms="4134" status="PASS">
          <params>
            <param index="0">
              <value>
                <![CDATA[org.testng.TestRunner@1578fa9]]>
              </value>
            </param>
          </params>
          <reporter-output>
          </reporter-output>
        </test-method> <!-- initiate -->
        <test-method is-config="true" signature="initializeRepo()[pri:0, instance:Test_Suite.Vet_Test_Suite@35dab4eb]" started-at="2023-01-16T16:21:17 IST" name="initializeRepo" finished-at="2023-01-16T16:21:17 IST" depends-on-methods="utilities.DriverModule.initiate" duration-ms="79" status="PASS">
          <reporter-output>
          </reporter-output>
        </test-method> <!-- initializeRepo -->
        <test-method signature="TC21_Riskified_Declined_Order()[pri:0, instance:Test_Suite.Vet_Test_Suite@35dab4eb]" started-at="2023-01-16T16:21:17 IST" name="TC21_Riskified_Declined_Order" finished-at="2023-01-16T16:22:14 IST" duration-ms="57388" status="PASS">
          <reporter-output>
          </reporter-output>
        </test-method> <!-- TC21_Riskified_Declined_Order -->
        <test-method is-config="true" signature="CloseBrowser()[pri:0, instance:Test_Suite.Vet_Test_Suite@35dab4eb]" started-at="2023-01-16T16:22:14 IST" name="CloseBrowser" finished-at="2023-01-16T16:22:16 IST" duration-ms="1387" status="PASS">
          <reporter-output>
          </reporter-output>
        </test-method> <!-- CloseBrowser -->
      </class> <!-- Test_Suite.Vet_Test_Suite -->
    </test> <!-- Default test -->
  </suite> <!-- Default suite -->
</testng-results>
