<?xml version="1.0" encoding="UTF-8"?>
<testng-results ignored="14" total="15" passed="1" failed="0" skipped="0">
  <reporter-output>
  </reporter-output>
  <suite started-at="2023-03-29T18:16:32 IST" name="Default suite" finished-at="2023-03-29T18:18:54 IST" duration-ms="141929">
    <groups>
    </groups>
    <test started-at="2023-03-29T18:16:32 IST" name="Default test" finished-at="2023-03-29T18:18:54 IST" duration-ms="141929">
      <class name="Test_Suite.AGS_Test_Suite">
        <test-method is-config="true" signature="initiate(org.testng.ITestContext,java.lang.String)[pri:0, instance:Test_Suite.AGS_Test_Suite@7ce69770]" started-at="2023-03-29T18:16:32 IST" name="initiate" finished-at="2023-03-29T18:16:40 IST" duration-ms="7875" status="PASS">
          <params>
            <param index="0">
              <value>
                <![CDATA[org.testng.TestRunner@7661e474]]>
              </value>
            </param>
            <param index="1">
              <value>
                <![CDATA[edge]]>
              </value>
            </param>
          </params>
          <reporter-output>
          </reporter-output>
        </test-method> <!-- initiate -->
        <test-method is-config="true" signature="initializeRepo()[pri:0, instance:Test_Suite.AGS_Test_Suite@7ce69770]" started-at="2023-03-29T18:16:40 IST" name="initializeRepo" finished-at="2023-03-29T18:16:40 IST" depends-on-methods="utilities.DriverModule.initiate" duration-ms="97" status="PASS">
          <reporter-output>
          </reporter-output>
        </test-method> <!-- initializeRepo -->
        <test-method is-config="true" signature="nameBefore(java.lang.reflect.Method)[pri:0, instance:Test_Suite.AGS_Test_Suite@7ce69770]" started-at="2023-03-29T18:16:40 IST" name="nameBefore" finished-at="2023-03-29T18:16:40 IST" duration-ms="1" status="PASS">
          <params>
            <param index="0">
              <value>
                <![CDATA[public void Test_Suite.AGS_Test_Suite.TC10_Place_Order_Non_US_Address() throws java.io.IOException]]>
              </value>
            </param>
          </params>
          <reporter-output>
          </reporter-output>
        </test-method> <!-- nameBefore -->
        <test-method signature="TC10_Place_Order_Non_US_Address()[pri:0, instance:Test_Suite.AGS_Test_Suite@7ce69770]" started-at="2023-03-29T18:16:40 IST" name="TC10_Place_Order_Non_US_Address" finished-at="2023-03-29T18:18:52 IST" duration-ms="131459" status="PASS">
          <reporter-output>
          </reporter-output>
        </test-method> <!-- TC10_Place_Order_Non_US_Address -->
        <test-method is-config="true" signature="nameAfter(java.lang.reflect.Method)[pri:0, instance:Test_Suite.AGS_Test_Suite@7ce69770]" started-at="2023-03-29T18:18:52 IST" name="nameAfter" finished-at="2023-03-29T18:18:52 IST" duration-ms="9" status="PASS">
          <params>
            <param index="0">
              <value>
                <![CDATA[public void Test_Suite.AGS_Test_Suite.TC10_Place_Order_Non_US_Address() throws java.io.IOException]]>
              </value>
            </param>
          </params>
          <reporter-output>
          </reporter-output>
        </test-method> <!-- nameAfter -->
        <test-method is-config="true" signature="CloseBrowser()[pri:0, instance:Test_Suite.AGS_Test_Suite@7ce69770]" started-at="2023-03-29T18:18:52 IST" name="CloseBrowser" finished-at="2023-03-29T18:18:54 IST" duration-ms="2422" status="PASS">
          <reporter-output>
          </reporter-output>
        </test-method> <!-- CloseBrowser -->
      </class> <!-- Test_Suite.AGS_Test_Suite -->
    </test> <!-- Default test -->
  </suite> <!-- Default suite -->
</testng-results>
