<?xml version="1.0" encoding="UTF-8"?>
<testng-results ignored="25" total="26" passed="1" failed="0" skipped="0">
  <reporter-output>
  </reporter-output>
  <suite started-at="2023-05-02T20:20:31 IST" name="Default suite" finished-at="2023-05-02T20:32:30 IST" duration-ms="719384">
    <groups>
    </groups>
    <test started-at="2023-05-02T20:20:31 IST" name="Default test" finished-at="2023-05-02T20:32:30 IST" duration-ms="719384">
      <class name="Test_Suite.ClientPortal_RegressionSuite">
        <test-method is-config="true" signature="initiate(org.testng.ITestContext,java.lang.String,java.lang.String)[pri:0, instance:Test_Suite.ClientPortal_RegressionSuite@1433046b]" started-at="2023-05-02T20:20:31 IST" name="initiate" finished-at="2023-05-02T20:20:40 IST" duration-ms="9072" status="PASS">
          <params>
            <param index="0">
              <value>
                <![CDATA[org.testng.TestRunner@47a246ec]]>
              </value>
            </param>
            <param index="1">
              <value>
                <![CDATA[chrome]]>
              </value>
            </param>
            <param index="2">
              <value>
                <![CDATA[Desktop]]>
              </value>
            </param>
          </params>
          <reporter-output>
          </reporter-output>
        </test-method> <!-- initiate -->
        <test-method is-config="true" signature="initializeRepo()[pri:0, instance:Test_Suite.ClientPortal_RegressionSuite@1433046b]" started-at="2023-05-02T20:20:40 IST" name="initializeRepo" finished-at="2023-05-02T20:20:40 IST" depends-on-methods="utilities.DriverModule.initiate" duration-ms="67" status="PASS">
          <reporter-output>
          </reporter-output>
        </test-method> <!-- initializeRepo -->
        <test-method is-config="true" signature="nameBefore(java.lang.reflect.Method)[pri:0, instance:Test_Suite.ClientPortal_RegressionSuite@1433046b]" started-at="2023-05-02T20:20:40 IST" name="nameBefore" finished-at="2023-05-02T20:20:40 IST" duration-ms="2" status="PASS">
          <params>
            <param index="0">
              <value>
                <![CDATA[public void Test_Suite.ClientPortal_RegressionSuite.TC05_PromoteToProd_WPSAdmin() throws java.io.IOException]]>
              </value>
            </param>
          </params>
          <reporter-output>
          </reporter-output>
        </test-method> <!-- nameBefore -->
        <test-method signature="TC05_PromoteToProd_WPSAdmin()[pri:0, instance:Test_Suite.ClientPortal_RegressionSuite@1433046b]" started-at="2023-05-02T20:20:40 IST" name="TC05_PromoteToProd_WPSAdmin" finished-at="2023-05-02T20:32:28 IST" duration-ms="708107" status="PASS">
          <reporter-output>
          </reporter-output>
        </test-method> <!-- TC05_PromoteToProd_WPSAdmin -->
        <test-method is-config="true" signature="nameAfter(java.lang.reflect.Method)[pri:0, instance:Test_Suite.ClientPortal_RegressionSuite@1433046b]" started-at="2023-05-02T20:32:28 IST" name="nameAfter" finished-at="2023-05-02T20:32:28 IST" duration-ms="1" status="PASS">
          <params>
            <param index="0">
              <value>
                <![CDATA[public void Test_Suite.ClientPortal_RegressionSuite.TC05_PromoteToProd_WPSAdmin() throws java.io.IOException]]>
              </value>
            </param>
          </params>
          <reporter-output>
          </reporter-output>
        </test-method> <!-- nameAfter -->
        <test-method is-config="true" signature="CloseBrowser()[pri:0, instance:Test_Suite.ClientPortal_RegressionSuite@1433046b]" started-at="2023-05-02T20:32:28 IST" name="CloseBrowser" finished-at="2023-05-02T20:32:30 IST" duration-ms="1869" status="PASS">
          <reporter-output>
          </reporter-output>
        </test-method> <!-- CloseBrowser -->
      </class> <!-- Test_Suite.ClientPortal_RegressionSuite -->
    </test> <!-- Default test -->
  </suite> <!-- Default suite -->
</testng-results>
