<?xml version="1.0" encoding="UTF-8"?>
<testng-results ignored="36" total="37" passed="1" failed="0" skipped="0">
  <reporter-output>
  </reporter-output>
  <suite started-at="2023-01-31T20:42:13 IST" name="Default suite" finished-at="2023-01-31T20:43:35 IST" duration-ms="81876">
    <groups>
    </groups>
    <test started-at="2023-01-31T20:42:13 IST" name="Default test" finished-at="2023-01-31T20:43:35 IST" duration-ms="81876">
      <class name="Test_Suite.WEL_Test_Suite">
        <test-method is-config="true" signature="initiate(org.testng.ITestContext)[pri:0, instance:Test_Suite.WEL_Test_Suite@1750fbeb]" started-at="2023-01-31T20:42:13 IST" name="initiate" finished-at="2023-01-31T20:42:20 IST" duration-ms="6657" status="PASS">
          <params>
            <param index="0">
              <value>
                <![CDATA[org.testng.TestRunner@19ae2ee5]]>
              </value>
            </param>
          </params>
          <reporter-output>
          </reporter-output>
        </test-method> <!-- initiate -->
        <test-method is-config="true" signature="initializeRepo()[pri:0, instance:Test_Suite.WEL_Test_Suite@1750fbeb]" started-at="2023-01-31T20:42:20 IST" name="initializeRepo" finished-at="2023-01-31T20:42:20 IST" depends-on-methods="utilities.DriverModule.initiate" duration-ms="81" status="PASS">
          <reporter-output>
          </reporter-output>
        </test-method> <!-- initializeRepo -->
        <test-method signature="TC75_Check_Add_To_Cart_Functionality_for_Heads_Up_Validation()[pri:0, instance:Test_Suite.WEL_Test_Suite@1750fbeb]" started-at="2023-01-31T20:42:20 IST" name="TC75_Check_Add_To_Cart_Functionality_for_Heads_Up_Validation" finished-at="2023-01-31T20:43:32 IST" duration-ms="72633" status="PASS">
          <reporter-output>
          </reporter-output>
        </test-method> <!-- TC75_Check_Add_To_Cart_Functionality_for_Heads_Up_Validation -->
        <test-method is-config="true" signature="CloseBrowser()[pri:0, instance:Test_Suite.WEL_Test_Suite@1750fbeb]" started-at="2023-01-31T20:43:32 IST" name="CloseBrowser" finished-at="2023-01-31T20:43:35 IST" duration-ms="2405" status="PASS">
          <reporter-output>
          </reporter-output>
        </test-method> <!-- CloseBrowser -->
      </class> <!-- Test_Suite.WEL_Test_Suite -->
    </test> <!-- Default test -->
  </suite> <!-- Default suite -->
</testng-results>
