<?xml version="1.0" encoding="UTF-8"?>
<testng-results ignored="38" total="39" passed="1" failed="0" skipped="0">
  <reporter-output>
  </reporter-output>
  <suite started-at="2023-03-31T13:04:15 IST" name="Default suite" finished-at="2023-03-31T13:04:44 IST" duration-ms="28979">
    <groups>
    </groups>
    <test started-at="2023-03-31T13:04:15 IST" name="Default test" finished-at="2023-03-31T13:04:44 IST" duration-ms="28979">
      <class name="Test_Suite.TestHarness_RegressionSuite">
        <test-method is-config="true" signature="initiate(org.testng.ITestContext)[pri:0, instance:Test_Suite.TestHarness_RegressionSuite@31ea9581]" started-at="2023-03-31T13:04:15 IST" name="initiate" finished-at="2023-03-31T13:04:25 IST" duration-ms="9747" status="PASS">
          <params>
            <param index="0">
              <value>
                <![CDATA[org.testng.TestRunner@7bbcf6f0]]>
              </value>
            </param>
          </params>
          <reporter-output>
          </reporter-output>
        </test-method> <!-- initiate -->
        <test-method is-config="true" signature="initializeRepo()[pri:0, instance:Test_Suite.TestHarness_RegressionSuite@31ea9581]" started-at="2023-03-31T13:04:25 IST" name="initializeRepo" finished-at="2023-03-31T13:04:25 IST" depends-on-methods="utilities.DriverModule.initiate" duration-ms="77" status="PASS">
          <reporter-output>
          </reporter-output>
        </test-method> <!-- initializeRepo -->
        <test-method signature="TC01_HTTP_Probe()[pri:0, instance:Test_Suite.TestHarness_RegressionSuite@31ea9581]" started-at="2023-03-31T13:04:25 IST" name="TC01_HTTP_Probe" finished-at="2023-03-31T13:04:31 IST" duration-ms="5963" status="PASS">
          <reporter-output>
          </reporter-output>
        </test-method> <!-- TC01_HTTP_Probe -->
        <test-method is-config="true" signature="CloseBrowser()[pri:0, instance:Test_Suite.TestHarness_RegressionSuite@31ea9581]" started-at="2023-03-31T13:04:31 IST" name="CloseBrowser" finished-at="2023-03-31T13:04:44 IST" duration-ms="13089" status="PASS">
          <reporter-output>
          </reporter-output>
        </test-method> <!-- CloseBrowser -->
      </class> <!-- Test_Suite.TestHarness_RegressionSuite -->
    </test> <!-- Default test -->
  </suite> <!-- Default suite -->
</testng-results>
