<?xml version="1.0" encoding="UTF-8"?>
<testng-results ignored="60" total="61" passed="1" failed="0" skipped="0">
  <reporter-output>
  </reporter-output>
  <suite started-at="2023-03-10T15:31:56 IST" name="Default suite" finished-at="2023-03-10T15:34:04 IST" duration-ms="128309">
    <groups>
    </groups>
    <test started-at="2023-03-10T15:31:56 IST" name="Default test" finished-at="2023-03-10T15:34:04 IST" duration-ms="128309">
      <class name="Test_Suite.WEL_Test_Suite">
        <test-method is-config="true" signature="initiate(org.testng.ITestContext)[pri:0, instance:Test_Suite.WEL_Test_Suite@28dcca0c]" started-at="2023-03-10T15:31:56 IST" name="initiate" finished-at="2023-03-10T15:32:04 IST" duration-ms="8012" status="PASS">
          <params>
            <param index="0">
              <value>
                <![CDATA[org.testng.TestRunner@5dcf0772]]>
              </value>
            </param>
          </params>
          <reporter-output>
          </reporter-output>
        </test-method> <!-- initiate -->
        <test-method is-config="true" signature="initializeRepo()[pri:0, instance:Test_Suite.WEL_Test_Suite@28dcca0c]" started-at="2023-03-10T15:32:04 IST" name="initializeRepo" finished-at="2023-03-10T15:32:04 IST" depends-on-methods="utilities.DriverModule.initiate" duration-ms="235" status="PASS">
          <reporter-output>
          </reporter-output>
        </test-method> <!-- initializeRepo -->
        <test-method is-config="true" signature="nameBefore(java.lang.reflect.Method)[pri:0, instance:Test_Suite.WEL_Test_Suite@28dcca0c]" started-at="2023-03-10T15:32:04 IST" name="nameBefore" finished-at="2023-03-10T15:32:04 IST" duration-ms="0" status="PASS">
          <params>
            <param index="0">
              <value>
                <![CDATA[public void Test_Suite.WEL_Test_Suite.TC70_PlaceExistingUser_OrderForPhysicalProduct_CFALevelI_PlatinumAndValidateThetax() throws java.io.IOException]]>
              </value>
            </param>
          </params>
          <reporter-output>
          </reporter-output>
        </test-method> <!-- nameBefore -->
        <test-method signature="TC70_PlaceExistingUser_OrderForPhysicalProduct_CFALevelI_PlatinumAndValidateThetax()[pri:0, instance:Test_Suite.WEL_Test_Suite@28dcca0c]" started-at="2023-03-10T15:32:04 IST" name="TC70_PlaceExistingUser_OrderForPhysicalProduct_CFALevelI_PlatinumAndValidateThetax" finished-at="2023-03-10T15:34:02 IST" duration-ms="118045" status="PASS">
          <reporter-output>
          </reporter-output>
        </test-method> <!-- TC70_PlaceExistingUser_OrderForPhysicalProduct_CFALevelI_PlatinumAndValidateThetax -->
        <test-method is-config="true" signature="nameAfter(java.lang.reflect.Method)[pri:0, instance:Test_Suite.WEL_Test_Suite@28dcca0c]" started-at="2023-03-10T15:34:02 IST" name="nameAfter" finished-at="2023-03-10T15:34:02 IST" duration-ms="1" status="PASS">
          <params>
            <param index="0">
              <value>
                <![CDATA[public void Test_Suite.WEL_Test_Suite.TC70_PlaceExistingUser_OrderForPhysicalProduct_CFALevelI_PlatinumAndValidateThetax() throws java.io.IOException]]>
              </value>
            </param>
          </params>
          <reporter-output>
          </reporter-output>
        </test-method> <!-- nameAfter -->
        <test-method is-config="true" signature="CloseBrowser()[pri:0, instance:Test_Suite.WEL_Test_Suite@28dcca0c]" started-at="2023-03-10T15:34:02 IST" name="CloseBrowser" finished-at="2023-03-10T15:34:04 IST" duration-ms="1903" status="PASS">
          <reporter-output>
          </reporter-output>
        </test-method> <!-- CloseBrowser -->
      </class> <!-- Test_Suite.WEL_Test_Suite -->
    </test> <!-- Default test -->
  </suite> <!-- Default suite -->
</testng-results>
