<?xml version="1.0" encoding="UTF-8"?>
<testng-results ignored="38" total="39" passed="1" failed="0" skipped="0">
  <reporter-output>
  </reporter-output>
  <suite started-at="2023-04-06T15:35:28 IST" name="Default suite" finished-at="2023-04-06T15:35:58 IST" duration-ms="30434">
    <groups>
    </groups>
    <test started-at="2023-04-06T15:35:28 IST" name="Default test" finished-at="2023-04-06T15:35:58 IST" duration-ms="30434">
      <class name="Test_Suite.TestHarness_RegressionSuite">
        <test-method is-config="true" signature="initiate(org.testng.ITestContext,java.lang.String)[pri:0, instance:Test_Suite.TestHarness_RegressionSuite@33bc72d1]" started-at="2023-04-06T15:35:28 IST" name="initiate" finished-at="2023-04-06T15:35:46 IST" duration-ms="17910" status="PASS">
          <params>
            <param index="0">
              <value>
                <![CDATA[org.testng.TestRunner@e5c2463]]>
              </value>
            </param>
            <param index="1">
              <value>
                <![CDATA[firefox]]>
              </value>
            </param>
          </params>
          <reporter-output>
          </reporter-output>
        </test-method> <!-- initiate -->
        <test-method is-config="true" signature="initializeRepo()[pri:0, instance:Test_Suite.TestHarness_RegressionSuite@33bc72d1]" started-at="2023-04-06T15:35:46 IST" name="initializeRepo" finished-at="2023-04-06T15:35:46 IST" depends-on-methods="utilities.DriverModule.initiate" duration-ms="147" status="PASS">
          <reporter-output>
          </reporter-output>
        </test-method> <!-- initializeRepo -->
        <test-method is-config="true" signature="nameBefore(java.lang.reflect.Method)[pri:0, instance:Test_Suite.TestHarness_RegressionSuite@33bc72d1]" started-at="2023-04-06T15:35:46 IST" name="nameBefore" finished-at="2023-04-06T15:35:46 IST" duration-ms="3" status="PASS">
          <params>
            <param index="0">
              <value>
                <![CDATA[public void Test_Suite.TestHarness_RegressionSuite.TC01_HTTP_Probe() throws java.io.IOException]]>
              </value>
            </param>
          </params>
          <reporter-output>
          </reporter-output>
        </test-method> <!-- nameBefore -->
        <test-method signature="TC01_HTTP_Probe()[pri:0, instance:Test_Suite.TestHarness_RegressionSuite@33bc72d1]" started-at="2023-04-06T15:35:46 IST" name="TC01_HTTP_Probe" finished-at="2023-04-06T15:35:55 IST" duration-ms="9499" status="PASS">
          <reporter-output>
          </reporter-output>
        </test-method> <!-- TC01_HTTP_Probe -->
        <test-method is-config="true" signature="nameAfter(java.lang.reflect.Method)[pri:0, instance:Test_Suite.TestHarness_RegressionSuite@33bc72d1]" started-at="2023-04-06T15:35:55 IST" name="nameAfter" finished-at="2023-04-06T15:35:55 IST" duration-ms="1" status="PASS">
          <params>
            <param index="0">
              <value>
                <![CDATA[public void Test_Suite.TestHarness_RegressionSuite.TC01_HTTP_Probe() throws java.io.IOException]]>
              </value>
            </param>
          </params>
          <reporter-output>
          </reporter-output>
        </test-method> <!-- nameAfter -->
        <test-method is-config="true" signature="CloseBrowser()[pri:0, instance:Test_Suite.TestHarness_RegressionSuite@33bc72d1]" started-at="2023-04-06T15:35:55 IST" name="CloseBrowser" finished-at="2023-04-06T15:35:58 IST" duration-ms="2764" status="PASS">
          <reporter-output>
          </reporter-output>
        </test-method> <!-- CloseBrowser -->
      </class> <!-- Test_Suite.TestHarness_RegressionSuite -->
    </test> <!-- Default test -->
  </suite> <!-- Default suite -->
</testng-results>
