<?xml version="1.0" encoding="UTF-8"?>
<testng-results ignored="24" total="26" passed="2" failed="0" skipped="0">
  <reporter-output>
  </reporter-output>
  <suite started-at="2023-07-07T17:14:51 IST" name="WPS_Regression" finished-at="2023-07-07T17:17:04 IST" duration-ms="133630">
    <groups>
    </groups>
    <test started-at="2023-07-07T17:14:51 IST" name="ClientPortal_Test_Suite_Chrome" finished-at="2023-07-07T17:17:04 IST" duration-ms="133630">
      <class name="Test_Suite.ClientPortal_RegressionSuite">
        <test-method is-config="true" signature="initiate(org.testng.ITestContext,java.lang.String,java.lang.String)[pri:0, instance:Test_Suite.ClientPortal_RegressionSuite@7829b776]" started-at="2023-07-07T17:14:51 IST" name="initiate" finished-at="2023-07-07T17:15:15 IST" duration-ms="24058" status="PASS">
          <params>
            <param index="0">
              <value>
                <![CDATA[org.testng.TestRunner@1410d645]]>
              </value>
            </param>
            <param index="1">
              <value>
                <![CDATA[chrome]]>
              </value>
            </param>
            <param index="2">
              <value>
                <![CDATA[Desktop]]>
              </value>
            </param>
          </params>
          <reporter-output>
          </reporter-output>
        </test-method> <!-- initiate -->
        <test-method is-config="true" signature="initializeRepo()[pri:0, instance:Test_Suite.ClientPortal_RegressionSuite@7829b776]" started-at="2023-07-07T17:15:15 IST" name="initializeRepo" finished-at="2023-07-07T17:15:15 IST" depends-on-methods="utilities.DriverModule.initiate" duration-ms="108" status="PASS">
          <reporter-output>
          </reporter-output>
        </test-method> <!-- initializeRepo -->
        <test-method is-config="true" signature="nameBefore(java.lang.reflect.Method)[pri:0, instance:Test_Suite.ClientPortal_RegressionSuite@7829b776]" started-at="2023-07-07T17:15:15 IST" name="nameBefore" finished-at="2023-07-07T17:15:15 IST" duration-ms="1" status="PASS">
          <params>
            <param index="0">
              <value>
                <![CDATA[public void Test_Suite.ClientPortal_RegressionSuite.TC01_Login_WPSAdmin() throws java.io.IOException]]>
              </value>
            </param>
          </params>
          <reporter-output>
          </reporter-output>
        </test-method> <!-- nameBefore -->
        <test-method signature="TC01_Login_WPSAdmin()[pri:0, instance:Test_Suite.ClientPortal_RegressionSuite@7829b776]" started-at="2023-07-07T17:15:15 IST" name="TC01_Login_WPSAdmin" finished-at="2023-07-07T17:16:02 IST" duration-ms="46750" status="PASS">
          <reporter-output>
          </reporter-output>
        </test-method> <!-- TC01_Login_WPSAdmin -->
        <test-method is-config="true" signature="nameAfter(java.lang.reflect.Method)[pri:0, instance:Test_Suite.ClientPortal_RegressionSuite@7829b776]" started-at="2023-07-07T17:16:02 IST" name="nameAfter" finished-at="2023-07-07T17:16:02 IST" duration-ms="2" status="PASS">
          <params>
            <param index="0">
              <value>
                <![CDATA[public void Test_Suite.ClientPortal_RegressionSuite.TC01_Login_WPSAdmin() throws java.io.IOException]]>
              </value>
            </param>
          </params>
          <reporter-output>
          </reporter-output>
        </test-method> <!-- nameAfter -->
        <test-method is-config="true" signature="nameBefore(java.lang.reflect.Method)[pri:0, instance:Test_Suite.ClientPortal_RegressionSuite@7829b776]" started-at="2023-07-07T17:16:02 IST" name="nameBefore" finished-at="2023-07-07T17:16:02 IST" duration-ms="1" status="PASS">
          <params>
            <param index="0">
              <value>
                <![CDATA[public void Test_Suite.ClientPortal_RegressionSuite.TC02_AddNewClientApp_WPSAdmin() throws java.io.IOException]]>
              </value>
            </param>
          </params>
          <reporter-output>
          </reporter-output>
        </test-method> <!-- nameBefore -->
        <test-method signature="TC02_AddNewClientApp_WPSAdmin()[pri:0, instance:Test_Suite.ClientPortal_RegressionSuite@7829b776]" started-at="2023-07-07T17:16:02 IST" name="TC02_AddNewClientApp_WPSAdmin" finished-at="2023-07-07T17:16:59 IST" duration-ms="56945" status="PASS">
          <reporter-output>
          </reporter-output>
        </test-method> <!-- TC02_AddNewClientApp_WPSAdmin -->
        <test-method is-config="true" signature="nameAfter(java.lang.reflect.Method)[pri:0, instance:Test_Suite.ClientPortal_RegressionSuite@7829b776]" started-at="2023-07-07T17:16:59 IST" name="nameAfter" finished-at="2023-07-07T17:16:59 IST" duration-ms="1" status="PASS">
          <params>
            <param index="0">
              <value>
                <![CDATA[public void Test_Suite.ClientPortal_RegressionSuite.TC02_AddNewClientApp_WPSAdmin() throws java.io.IOException]]>
              </value>
            </param>
          </params>
          <reporter-output>
          </reporter-output>
        </test-method> <!-- nameAfter -->
        <test-method is-config="true" signature="CloseBrowser()[pri:0, instance:Test_Suite.ClientPortal_RegressionSuite@7829b776]" started-at="2023-07-07T17:16:59 IST" name="CloseBrowser" finished-at="2023-07-07T17:17:04 IST" duration-ms="5652" status="PASS">
          <reporter-output>
          </reporter-output>
        </test-method> <!-- CloseBrowser -->
      </class> <!-- Test_Suite.ClientPortal_RegressionSuite -->
    </test> <!-- ClientPortal_Test_Suite_Chrome -->
  </suite> <!-- WPS_Regression -->
</testng-results>
