<?xml version="1.0" encoding="UTF-8"?>
<testng-results ignored="34" total="35" passed="1" failed="0" skipped="0">
  <reporter-output>
  </reporter-output>
  <suite started-at="2023-03-02T13:44:57 IST" name="Default suite" finished-at="2023-03-02T13:45:43 IST" duration-ms="45972">
    <groups>
    </groups>
    <test started-at="2023-03-02T13:44:57 IST" name="Default test" finished-at="2023-03-02T13:45:43 IST" duration-ms="45972">
      <class name="Test_Suite.TestHarness_RegressionSuite">
        <test-method is-config="true" signature="initiate(org.testng.ITestContext)[pri:0, instance:Test_Suite.TestHarness_RegressionSuite@7e057f43]" started-at="2023-03-02T13:44:57 IST" name="initiate" finished-at="2023-03-02T13:45:02 IST" duration-ms="5610" status="PASS">
          <params>
            <param index="0">
              <value>
                <![CDATA[org.testng.TestRunner@11c7a0b4]]>
              </value>
            </param>
          </params>
          <reporter-output>
          </reporter-output>
        </test-method> <!-- initiate -->
        <test-method is-config="true" signature="initializeRepo()[pri:0, instance:Test_Suite.TestHarness_RegressionSuite@7e057f43]" started-at="2023-03-02T13:45:02 IST" name="initializeRepo" finished-at="2023-03-02T13:45:02 IST" depends-on-methods="utilities.DriverModule.initiate" duration-ms="65" status="PASS">
          <reporter-output>
          </reporter-output>
        </test-method> <!-- initializeRepo -->
        <test-method signature="TC35_HTTP_Embedded_SaveCard_ES_Stripe_Validation()[pri:0, instance:Test_Suite.TestHarness_RegressionSuite@7e057f43]" started-at="2023-03-02T13:45:02 IST" name="TC35_HTTP_Embedded_SaveCard_ES_Stripe_Validation" finished-at="2023-03-02T13:45:41 IST" duration-ms="38725" status="PASS">
          <reporter-output>
          </reporter-output>
        </test-method> <!-- TC35_HTTP_Embedded_SaveCard_ES_Stripe_Validation -->
        <test-method is-config="true" signature="CloseBrowser()[pri:0, instance:Test_Suite.TestHarness_RegressionSuite@7e057f43]" started-at="2023-03-02T13:45:41 IST" name="CloseBrowser" finished-at="2023-03-02T13:45:43 IST" duration-ms="1474" status="PASS">
          <reporter-output>
          </reporter-output>
        </test-method> <!-- CloseBrowser -->
      </class> <!-- Test_Suite.TestHarness_RegressionSuite -->
    </test> <!-- Default test -->
  </suite> <!-- Default suite -->
</testng-results>
