<?xml version="1.0" encoding="UTF-8"?>
<testng-results ignored="1" total="2" passed="1" failed="0" skipped="0">
  <reporter-output>
  </reporter-output>
  <suite started-at="2023-01-31T17:32:12 IST" name="Default suite" finished-at="2023-01-31T17:32:45 IST" duration-ms="33280">
    <groups>
    </groups>
    <test started-at="2023-01-31T17:32:12 IST" name="Default test" finished-at="2023-01-31T17:32:45 IST" duration-ms="33280">
      <class name="Test_Suite.ClientPortal_RegressionSuite">
        <test-method is-config="true" signature="initiate(org.testng.ITestContext)[pri:0, instance:Test_Suite.ClientPortal_RegressionSuite@3ba987b8]" started-at="2023-01-31T17:32:12 IST" name="initiate" finished-at="2023-01-31T17:32:18 IST" duration-ms="6245" status="PASS">
          <params>
            <param index="0">
              <value>
                <![CDATA[org.testng.TestRunner@781aff8b]]>
              </value>
            </param>
          </params>
          <reporter-output>
          </reporter-output>
        </test-method> <!-- initiate -->
        <test-method is-config="true" signature="initializeRepo()[pri:0, instance:Test_Suite.ClientPortal_RegressionSuite@3ba987b8]" started-at="2023-01-31T17:32:18 IST" name="initializeRepo" finished-at="2023-01-31T17:32:18 IST" depends-on-methods="utilities.DriverModule.initiate" duration-ms="44" status="PASS">
          <reporter-output>
          </reporter-output>
        </test-method> <!-- initializeRepo -->
        <test-method signature="TC03_AddNewClientApp_WPSAdmin()[pri:0, instance:Test_Suite.ClientPortal_RegressionSuite@3ba987b8]" started-at="2023-01-31T17:32:18 IST" name="TC03_AddNewClientApp_WPSAdmin" finished-at="2023-01-31T17:32:43 IST" duration-ms="25269" status="PASS">
          <reporter-output>
          </reporter-output>
        </test-method> <!-- TC03_AddNewClientApp_WPSAdmin -->
        <test-method is-config="true" signature="CloseBrowser()[pri:0, instance:Test_Suite.ClientPortal_RegressionSuite@3ba987b8]" started-at="2023-01-31T17:32:43 IST" name="CloseBrowser" finished-at="2023-01-31T17:32:45 IST" duration-ms="1670" status="PASS">
          <reporter-output>
          </reporter-output>
        </test-method> <!-- CloseBrowser -->
      </class> <!-- Test_Suite.ClientPortal_RegressionSuite -->
    </test> <!-- Default test -->
  </suite> <!-- Default suite -->
</testng-results>
