<?xml version="1.0" encoding="UTF-8"?>
<testng-results ignored="0" total="192" passed="185" failed="7" skipped="0">
  <reporter-output>
  </reporter-output>
  <suite started-at="2023-01-26T15:41:26 IST" name="PPE_Regression" finished-at="2023-01-26T19:33:13 IST" duration-ms="13906692">
    <groups>
    </groups>
    <test started-at="2023-01-26T15:41:26 IST" name="ChromeTest1" finished-at="2023-01-26T15:45:02 IST" duration-ms="215789">
      <class name="Test_Suite.Wiley_dot_com_Test_Suite">
        <test-method is-config="true" signature="initiate(org.testng.ITestContext,java.lang.String)[pri:0, instance:Test_Suite.Wiley_dot_com_Test_Suite@28261e8e]" started-at="2023-01-26T15:41:26 IST" name="initiate" finished-at="2023-01-26T15:41:30 IST" duration-ms="4421" status="PASS">
          <params>
            <param index="0">
              <value>
                <![CDATA[org.testng.TestRunner@6f6afef0]]>
              </value>
            </param>
            <param index="1">
              <value>
                <![CDATA[Chrome]]>
              </value>
            </param>
          </params>
          <reporter-output>
          </reporter-output>
        </test-method> <!-- initiate -->
        <test-method is-config="true" signature="launchBrowser()[pri:0, instance:Test_Suite.Wiley_dot_com_Test_Suite@28261e8e]" started-at="2023-01-26T15:41:30 IST" name="launchBrowser" finished-at="2023-01-26T15:41:30 IST" depends-on-methods="utilities.DriverModule.initiate" duration-ms="55" status="PASS">
          <reporter-output>
          </reporter-output>
        </test-method> <!-- launchBrowser -->
        <test-method signature="TC01_MicroSites()[pri:0, instance:Test_Suite.Wiley_dot_com_Test_Suite@28261e8e]" started-at="2023-01-26T15:41:30 IST" name="TC01_MicroSites" finished-at="2023-01-26T15:41:50 IST" duration-ms="19484" status="PASS">
          <reporter-output>
          </reporter-output>
        </test-method> <!-- TC01_MicroSites -->
        <test-method signature="TC02_ProductDetailsPage()[pri:0, instance:Test_Suite.Wiley_dot_com_Test_Suite@28261e8e]" started-at="2023-01-26T15:41:50 IST" name="TC02_ProductDetailsPage" finished-at="2023-01-26T15:42:00 IST" duration-ms="9656" status="PASS">
          <reporter-output>
          </reporter-output>
        </test-method> <!-- TC02_ProductDetailsPage -->
        <test-method signature="TC03_SiteFooter()[pri:0, instance:Test_Suite.Wiley_dot_com_Test_Suite@28261e8e]" started-at="2023-01-26T15:42:00 IST" name="TC03_SiteFooter" finished-at="2023-01-26T15:42:09 IST" duration-ms="9429" status="PASS">
          <reporter-output>
          </reporter-output>
        </test-method> <!-- TC03_SiteFooter -->
        <test-method signature="TC04_404_Errorpage()[pri:0, instance:Test_Suite.Wiley_dot_com_Test_Suite@28261e8e]" started-at="2023-01-26T15:42:09 IST" name="TC04_404_Errorpage" finished-at="2023-01-26T15:42:15 IST" duration-ms="6003" status="PASS">
          <reporter-output>
          </reporter-output>
        </test-method> <!-- TC04_404_Errorpage -->
        <test-method signature="TC05_AboutUsPage()[pri:0, instance:Test_Suite.Wiley_dot_com_Test_Suite@28261e8e]" started-at="2023-01-26T15:42:15 IST" name="TC05_AboutUsPage" finished-at="2023-01-26T15:42:29 IST" duration-ms="13728" status="PASS">
          <reporter-output>
          </reporter-output>
        </test-method> <!-- TC05_AboutUsPage -->
        <test-method signature="TC06_SiteMap()[pri:0, instance:Test_Suite.Wiley_dot_com_Test_Suite@28261e8e]" started-at="2023-01-26T15:42:29 IST" name="TC06_SiteMap" finished-at="2023-01-26T15:42:41 IST" duration-ms="12510" status="PASS">
          <reporter-output>
          </reporter-output>
        </test-method> <!-- TC06_SiteMap -->
        <test-method signature="TC07_ProductListPage()[pri:0, instance:Test_Suite.Wiley_dot_com_Test_Suite@28261e8e]" started-at="2023-01-26T15:42:41 IST" name="TC07_ProductListPage" finished-at="2023-01-26T15:42:58 IST" duration-ms="17122" status="PASS">
          <reporter-output>
          </reporter-output>
        </test-method> <!-- TC07_ProductListPage -->
        <test-method signature="TC08_HomePage()[pri:0, instance:Test_Suite.Wiley_dot_com_Test_Suite@28261e8e]" started-at="2023-01-26T15:42:58 IST" name="TC08_HomePage" finished-at="2023-01-26T15:43:04 IST" duration-ms="5815" status="PASS">
          <reporter-output>
          </reporter-output>
        </test-method> <!-- TC08_HomePage -->
        <test-method signature="TC09_SiteHeader()[pri:0, instance:Test_Suite.Wiley_dot_com_Test_Suite@28261e8e]" started-at="2023-01-26T15:43:04 IST" name="TC09_SiteHeader" finished-at="2023-01-26T15:43:16 IST" duration-ms="11343" status="PASS">
          <reporter-output>
          </reporter-output>
        </test-method> <!-- TC09_SiteHeader -->
        <test-method signature="TC10_SearchResultEmptyPage()[pri:0, instance:Test_Suite.Wiley_dot_com_Test_Suite@28261e8e]" started-at="2023-01-26T15:43:16 IST" name="TC10_SearchResultEmptyPage" finished-at="2023-01-26T15:43:31 IST" duration-ms="15284" status="PASS">
          <reporter-output>
          </reporter-output>
        </test-method> <!-- TC10_SearchResultEmptyPage -->
        <test-method signature="TC11_Add_To_PopUp()[pri:0, instance:Test_Suite.Wiley_dot_com_Test_Suite@28261e8e]" started-at="2023-01-26T15:43:31 IST" name="TC11_Add_To_PopUp" finished-at="2023-01-26T15:43:44 IST" duration-ms="13351" status="PASS">
          <reporter-output>
          </reporter-output>
        </test-method> <!-- TC11_Add_To_PopUp -->
        <test-method signature="TC12_Content_Search_ResultPage()[pri:0, instance:Test_Suite.Wiley_dot_com_Test_Suite@28261e8e]" started-at="2023-01-26T15:43:44 IST" name="TC12_Content_Search_ResultPage" finished-at="2023-01-26T15:44:08 IST" duration-ms="23410" status="PASS">
          <reporter-output>
          </reporter-output>
        </test-method> <!-- TC12_Content_Search_ResultPage -->
        <test-method signature="TC13_Category_LandingPage()[pri:0, instance:Test_Suite.Wiley_dot_com_Test_Suite@28261e8e]" started-at="2023-01-26T15:44:08 IST" name="TC13_Category_LandingPage" finished-at="2023-01-26T15:44:24 IST" duration-ms="16325" status="PASS">
          <reporter-output>
          </reporter-output>
        </test-method> <!-- TC13_Category_LandingPage -->
        <test-method signature="TC14_SearchBox()[pri:0, instance:Test_Suite.Wiley_dot_com_Test_Suite@28261e8e]" started-at="2023-01-26T15:44:24 IST" name="TC14_SearchBox" finished-at="2023-01-26T15:44:44 IST" duration-ms="19887" status="PASS">
          <reporter-output>
          </reporter-output>
        </test-method> <!-- TC14_SearchBox -->
        <test-method signature="TC15_Product_Search_Results_Page()[pri:0, instance:Test_Suite.Wiley_dot_com_Test_Suite@28261e8e]" started-at="2023-01-26T15:44:44 IST" name="TC15_Product_Search_Results_Page" finished-at="2023-01-26T15:45:00 IST" duration-ms="16390" status="PASS">
          <reporter-output>
          </reporter-output>
        </test-method> <!-- TC15_Product_Search_Results_Page -->
        <test-method is-config="true" signature="CloseBrowser()[pri:0, instance:Test_Suite.Wiley_dot_com_Test_Suite@28261e8e]" started-at="2023-01-26T15:45:00 IST" name="CloseBrowser" finished-at="2023-01-26T15:45:02 IST" duration-ms="1443" status="PASS">
          <reporter-output>
          </reporter-output>
        </test-method> <!-- CloseBrowser -->
      </class> <!-- Test_Suite.Wiley_dot_com_Test_Suite -->
    </test> <!-- ChromeTest1 -->
    <test started-at="2023-01-26T15:45:02 IST" name="Firefox Test1" finished-at="2023-01-26T15:47:13 IST" duration-ms="130776">
      <class name="Test_Suite.Wiley_dot_com_Test_Suite">
        <test-method is-config="true" signature="initiate(org.testng.ITestContext,java.lang.String)[pri:0, instance:Test_Suite.Wiley_dot_com_Test_Suite@4082ba93]" started-at="2023-01-26T15:45:02 IST" name="initiate" finished-at="2023-01-26T15:45:07 IST" duration-ms="5025" status="PASS">
          <params>
            <param index="0">
              <value>
                <![CDATA[org.testng.TestRunner@2bc326]]>
              </value>
            </param>
            <param index="1">
              <value>
                <![CDATA[firefox]]>
              </value>
            </param>
          </params>
          <reporter-output>
          </reporter-output>
        </test-method> <!-- initiate -->
        <test-method is-config="true" signature="launchBrowser()[pri:0, instance:Test_Suite.Wiley_dot_com_Test_Suite@4082ba93]" started-at="2023-01-26T15:45:07 IST" name="launchBrowser" finished-at="2023-01-26T15:45:07 IST" depends-on-methods="utilities.DriverModule.initiate" duration-ms="3" status="PASS">
          <reporter-output>
          </reporter-output>
        </test-method> <!-- launchBrowser -->
        <test-method signature="TC01_MicroSites()[pri:0, instance:Test_Suite.Wiley_dot_com_Test_Suite@4082ba93]" started-at="2023-01-26T15:45:07 IST" name="TC01_MicroSites" finished-at="2023-01-26T15:45:16 IST" duration-ms="9076" status="PASS">
          <reporter-output>
          </reporter-output>
        </test-method> <!-- TC01_MicroSites -->
        <test-method signature="TC02_ProductDetailsPage()[pri:0, instance:Test_Suite.Wiley_dot_com_Test_Suite@4082ba93]" started-at="2023-01-26T15:45:16 IST" name="TC02_ProductDetailsPage" finished-at="2023-01-26T15:45:23 IST" duration-ms="6923" status="PASS">
          <reporter-output>
          </reporter-output>
        </test-method> <!-- TC02_ProductDetailsPage -->
        <test-method signature="TC03_SiteFooter()[pri:0, instance:Test_Suite.Wiley_dot_com_Test_Suite@4082ba93]" started-at="2023-01-26T15:45:23 IST" name="TC03_SiteFooter" finished-at="2023-01-26T15:45:29 IST" duration-ms="6361" status="PASS">
          <reporter-output>
          </reporter-output>
        </test-method> <!-- TC03_SiteFooter -->
        <test-method signature="TC04_404_Errorpage()[pri:0, instance:Test_Suite.Wiley_dot_com_Test_Suite@4082ba93]" started-at="2023-01-26T15:45:29 IST" name="TC04_404_Errorpage" finished-at="2023-01-26T15:45:34 IST" duration-ms="4551" status="PASS">
          <reporter-output>
          </reporter-output>
        </test-method> <!-- TC04_404_Errorpage -->
        <test-method signature="TC05_AboutUsPage()[pri:0, instance:Test_Suite.Wiley_dot_com_Test_Suite@4082ba93]" started-at="2023-01-26T15:45:34 IST" name="TC05_AboutUsPage" finished-at="2023-01-26T15:45:41 IST" duration-ms="7757" status="PASS">
          <reporter-output>
          </reporter-output>
        </test-method> <!-- TC05_AboutUsPage -->
        <test-method signature="TC06_SiteMap()[pri:0, instance:Test_Suite.Wiley_dot_com_Test_Suite@4082ba93]" started-at="2023-01-26T15:45:41 IST" name="TC06_SiteMap" finished-at="2023-01-26T15:45:48 IST" duration-ms="6461" status="PASS">
          <reporter-output>
          </reporter-output>
        </test-method> <!-- TC06_SiteMap -->
        <test-method signature="TC07_ProductListPage()[pri:0, instance:Test_Suite.Wiley_dot_com_Test_Suite@4082ba93]" started-at="2023-01-26T15:45:48 IST" name="TC07_ProductListPage" finished-at="2023-01-26T15:45:54 IST" duration-ms="6283" status="PASS">
          <reporter-output>
          </reporter-output>
        </test-method> <!-- TC07_ProductListPage -->
        <test-method signature="TC08_HomePage()[pri:0, instance:Test_Suite.Wiley_dot_com_Test_Suite@4082ba93]" started-at="2023-01-26T15:45:54 IST" name="TC08_HomePage" finished-at="2023-01-26T15:45:58 IST" duration-ms="4016" status="PASS">
          <reporter-output>
          </reporter-output>
        </test-method> <!-- TC08_HomePage -->
        <test-method signature="TC09_SiteHeader()[pri:0, instance:Test_Suite.Wiley_dot_com_Test_Suite@4082ba93]" started-at="2023-01-26T15:45:58 IST" name="TC09_SiteHeader" finished-at="2023-01-26T15:46:07 IST" duration-ms="8561" status="PASS">
          <reporter-output>
          </reporter-output>
        </test-method> <!-- TC09_SiteHeader -->
        <test-method signature="TC10_SearchResultEmptyPage()[pri:0, instance:Test_Suite.Wiley_dot_com_Test_Suite@4082ba93]" started-at="2023-01-26T15:46:07 IST" name="TC10_SearchResultEmptyPage" finished-at="2023-01-26T15:46:14 IST" duration-ms="7190" status="PASS">
          <reporter-output>
          </reporter-output>
        </test-method> <!-- TC10_SearchResultEmptyPage -->
        <test-method signature="TC11_Add_To_PopUp()[pri:0, instance:Test_Suite.Wiley_dot_com_Test_Suite@4082ba93]" started-at="2023-01-26T15:46:14 IST" name="TC11_Add_To_PopUp" finished-at="2023-01-26T15:46:23 IST" duration-ms="9096" status="PASS">
          <reporter-output>
          </reporter-output>
        </test-method> <!-- TC11_Add_To_PopUp -->
        <test-method signature="TC12_Content_Search_ResultPage()[pri:0, instance:Test_Suite.Wiley_dot_com_Test_Suite@4082ba93]" started-at="2023-01-26T15:46:23 IST" name="TC12_Content_Search_ResultPage" finished-at="2023-01-26T15:46:32 IST" duration-ms="9180" status="PASS">
          <reporter-output>
          </reporter-output>
        </test-method> <!-- TC12_Content_Search_ResultPage -->
        <test-method signature="TC13_Category_LandingPage()[pri:0, instance:Test_Suite.Wiley_dot_com_Test_Suite@4082ba93]" started-at="2023-01-26T15:46:32 IST" name="TC13_Category_LandingPage" finished-at="2023-01-26T15:46:41 IST" duration-ms="8993" status="PASS">
          <reporter-output>
          </reporter-output>
        </test-method> <!-- TC13_Category_LandingPage -->
        <test-method signature="TC14_SearchBox()[pri:0, instance:Test_Suite.Wiley_dot_com_Test_Suite@4082ba93]" started-at="2023-01-26T15:46:41 IST" name="TC14_SearchBox" finished-at="2023-01-26T15:47:00 IST" duration-ms="18693" status="PASS">
          <reporter-output>
          </reporter-output>
        </test-method> <!-- TC14_SearchBox -->
        <test-method signature="TC15_Product_Search_Results_Page()[pri:0, instance:Test_Suite.Wiley_dot_com_Test_Suite@4082ba93]" started-at="2023-01-26T15:47:00 IST" name="TC15_Product_Search_Results_Page" finished-at="2023-01-26T15:47:10 IST" duration-ms="9547" status="PASS">
          <reporter-output>
          </reporter-output>
        </test-method> <!-- TC15_Product_Search_Results_Page -->
        <test-method is-config="true" signature="CloseBrowser()[pri:0, instance:Test_Suite.Wiley_dot_com_Test_Suite@4082ba93]" started-at="2023-01-26T15:47:10 IST" name="CloseBrowser" finished-at="2023-01-26T15:47:13 IST" duration-ms="2968" status="FAIL">
          <exception class="org.openqa.selenium.NoSuchSessionException">
            <message>
              <![CDATA[Tried to run command without establishing a connection
Build info: version: '4.6.0', revision: '79f1c02ae20'
System info: os.name: 'Windows 10', os.arch: 'amd64', os.version: '10.0', java.version: '18.0.1'
Driver info: org.openqa.selenium.firefox.FirefoxDriver
Command: [f5e9f0c4-483d-4dc3-8fee-e9a7c6aec347, quit {}]
Capabilities {acceptInsecureCerts: true, browserName: firefox, browserVersion: 109.0, moz:accessibilityChecks: false, moz:buildID: 20230112150232, moz:debuggerAddress: 127.0.0.1:21967, moz:geckodriverVersion: 0.32.0, moz:headless: false, moz:platformVersion: 10.0, moz:processID: 4640, moz:profile: C:\Users\gsaha\AppData\Loca..., moz:shutdownTimeout: 60000, moz:useNonSpecCompliantPointerOrigin: false, moz:webdriverClick: true, moz:windowless: false, pageLoadStrategy: normal, platformName: WINDOWS, proxy: Proxy(), se:cdp: ws://127.0.0.1:21967/devtoo..., se:cdpVersion: 85.0, setWindowRect: true, strictFileInteractability: false, timeouts: {implicit: 0, pageLoad: 300000, script: 30000}, unhandledPromptBehavior: dismiss and notify}
Session ID: f5e9f0c4-483d-4dc3-8fee-e9a7c6aec347]]>
            </message>
            <full-stacktrace>
              <![CDATA[org.openqa.selenium.NoSuchSessionException: Tried to run command without establishing a connection
Build info: version: '4.6.0', revision: '79f1c02ae20'
System info: os.name: 'Windows 10', os.arch: 'amd64', os.version: '10.0', java.version: '18.0.1'
Driver info: org.openqa.selenium.firefox.FirefoxDriver
Command: [f5e9f0c4-483d-4dc3-8fee-e9a7c6aec347, quit {}]
Capabilities {acceptInsecureCerts: true, browserName: firefox, browserVersion: 109.0, moz:accessibilityChecks: false, moz:buildID: 20230112150232, moz:debuggerAddress: 127.0.0.1:21967, moz:geckodriverVersion: 0.32.0, moz:headless: false, moz:platformVersion: 10.0, moz:processID: 4640, moz:profile: C:\Users\gsaha\AppData\Loca..., moz:shutdownTimeout: 60000, moz:useNonSpecCompliantPointerOrigin: false, moz:webdriverClick: true, moz:windowless: false, pageLoadStrategy: normal, platformName: WINDOWS, proxy: Proxy(), se:cdp: ws://127.0.0.1:21967/devtoo..., se:cdpVersion: 85.0, setWindowRect: true, strictFileInteractability: false, timeouts: {implicit: 0, pageLoad: 300000, script: 30000}, unhandledPromptBehavior: dismiss and notify}
Session ID: f5e9f0c4-483d-4dc3-8fee-e9a7c6aec347
at java.base/jdk.internal.reflect.DirectConstructorHandleAccessor.newInstance(DirectConstructorHandleAccessor.java:67)
at java.base/java.lang.reflect.Constructor.newInstanceWithCaller(Constructor.java:499)
at java.base/java.lang.reflect.Constructor.newInstance(Constructor.java:483)
at org.openqa.selenium.remote.codec.w3c.W3CHttpResponseCodec.createException(W3CHttpResponseCodec.java:200)
at org.openqa.selenium.remote.codec.w3c.W3CHttpResponseCodec.decode(W3CHttpResponseCodec.java:133)
at org.openqa.selenium.remote.codec.w3c.W3CHttpResponseCodec.decode(W3CHttpResponseCodec.java:53)
at org.openqa.selenium.remote.HttpCommandExecutor.execute(HttpCommandExecutor.java:184)
at org.openqa.selenium.remote.service.DriverCommandExecutor.invokeExecute(DriverCommandExecutor.java:167)
at org.openqa.selenium.remote.service.DriverCommandExecutor.lambda$execute$1(DriverCommandExecutor.java:105)
at java.base/java.util.concurrent.CompletableFuture$AsyncSupply.run(CompletableFuture.java:1768)
at java.base/java.util.concurrent.ThreadPoolExecutor.runWorker(ThreadPoolExecutor.java:1136)
at java.base/java.util.concurrent.ThreadPoolExecutor$Worker.run(ThreadPoolExecutor.java:635)
at java.base/java.lang.Thread.run(Thread.java:833)
]]>
            </full-stacktrace>
          </exception> <!-- org.openqa.selenium.NoSuchSessionException -->
          <reporter-output>
          </reporter-output>
        </test-method> <!-- CloseBrowser -->
      </class> <!-- Test_Suite.Wiley_dot_com_Test_Suite -->
    </test> <!-- Firefox Test1 -->
    <test started-at="2023-01-26T15:47:13 IST" name="EdgeTest1" finished-at="2023-01-26T15:50:17 IST" duration-ms="184374">
      <class name="Test_Suite.Wiley_dot_com_Test_Suite">
        <test-method is-config="true" signature="initiate(org.testng.ITestContext,java.lang.String)[pri:0, instance:Test_Suite.Wiley_dot_com_Test_Suite@792b749c]" started-at="2023-01-26T15:47:13 IST" name="initiate" finished-at="2023-01-26T15:47:16 IST" duration-ms="3446" status="PASS">
          <params>
            <param index="0">
              <value>
                <![CDATA[org.testng.TestRunner@4430697d]]>
              </value>
            </param>
            <param index="1">
              <value>
                <![CDATA[Edge]]>
              </value>
            </param>
          </params>
          <reporter-output>
          </reporter-output>
        </test-method> <!-- initiate -->
        <test-method is-config="true" signature="launchBrowser()[pri:0, instance:Test_Suite.Wiley_dot_com_Test_Suite@792b749c]" started-at="2023-01-26T15:47:16 IST" name="launchBrowser" finished-at="2023-01-26T15:47:16 IST" depends-on-methods="utilities.DriverModule.initiate" duration-ms="36" status="PASS">
          <reporter-output>
          </reporter-output>
        </test-method> <!-- launchBrowser -->
        <test-method signature="TC01_MicroSites()[pri:0, instance:Test_Suite.Wiley_dot_com_Test_Suite@792b749c]" started-at="2023-01-26T15:47:16 IST" name="TC01_MicroSites" finished-at="2023-01-26T15:47:25 IST" duration-ms="8575" status="PASS">
          <reporter-output>
          </reporter-output>
        </test-method> <!-- TC01_MicroSites -->
        <test-method signature="TC02_ProductDetailsPage()[pri:0, instance:Test_Suite.Wiley_dot_com_Test_Suite@792b749c]" started-at="2023-01-26T15:47:25 IST" name="TC02_ProductDetailsPage" finished-at="2023-01-26T15:47:35 IST" duration-ms="10018" status="PASS">
          <reporter-output>
          </reporter-output>
        </test-method> <!-- TC02_ProductDetailsPage -->
        <test-method signature="TC03_SiteFooter()[pri:0, instance:Test_Suite.Wiley_dot_com_Test_Suite@792b749c]" started-at="2023-01-26T15:47:35 IST" name="TC03_SiteFooter" finished-at="2023-01-26T15:47:44 IST" duration-ms="9717" status="PASS">
          <reporter-output>
          </reporter-output>
        </test-method> <!-- TC03_SiteFooter -->
        <test-method signature="TC04_404_Errorpage()[pri:0, instance:Test_Suite.Wiley_dot_com_Test_Suite@792b749c]" started-at="2023-01-26T15:47:44 IST" name="TC04_404_Errorpage" finished-at="2023-01-26T15:47:49 IST" duration-ms="4057" status="PASS">
          <reporter-output>
          </reporter-output>
        </test-method> <!-- TC04_404_Errorpage -->
        <test-method signature="TC05_AboutUsPage()[pri:0, instance:Test_Suite.Wiley_dot_com_Test_Suite@792b749c]" started-at="2023-01-26T15:47:49 IST" name="TC05_AboutUsPage" finished-at="2023-01-26T15:47:59 IST" duration-ms="10650" status="PASS">
          <reporter-output>
          </reporter-output>
        </test-method> <!-- TC05_AboutUsPage -->
        <test-method signature="TC06_SiteMap()[pri:0, instance:Test_Suite.Wiley_dot_com_Test_Suite@792b749c]" started-at="2023-01-26T15:47:59 IST" name="TC06_SiteMap" finished-at="2023-01-26T15:48:10 IST" duration-ms="11053" status="PASS">
          <reporter-output>
          </reporter-output>
        </test-method> <!-- TC06_SiteMap -->
        <test-method signature="TC07_ProductListPage()[pri:0, instance:Test_Suite.Wiley_dot_com_Test_Suite@792b749c]" started-at="2023-01-26T15:48:10 IST" name="TC07_ProductListPage" finished-at="2023-01-26T15:48:26 IST" duration-ms="15595" status="PASS">
          <reporter-output>
          </reporter-output>
        </test-method> <!-- TC07_ProductListPage -->
        <test-method signature="TC08_HomePage()[pri:0, instance:Test_Suite.Wiley_dot_com_Test_Suite@792b749c]" started-at="2023-01-26T15:48:26 IST" name="TC08_HomePage" finished-at="2023-01-26T15:48:31 IST" duration-ms="5464" status="PASS">
          <reporter-output>
          </reporter-output>
        </test-method> <!-- TC08_HomePage -->
        <test-method signature="TC09_SiteHeader()[pri:0, instance:Test_Suite.Wiley_dot_com_Test_Suite@792b749c]" started-at="2023-01-26T15:48:31 IST" name="TC09_SiteHeader" finished-at="2023-01-26T15:48:42 IST" duration-ms="10567" status="PASS">
          <reporter-output>
          </reporter-output>
        </test-method> <!-- TC09_SiteHeader -->
        <test-method signature="TC10_SearchResultEmptyPage()[pri:0, instance:Test_Suite.Wiley_dot_com_Test_Suite@792b749c]" started-at="2023-01-26T15:48:42 IST" name="TC10_SearchResultEmptyPage" finished-at="2023-01-26T15:48:53 IST" duration-ms="11554" status="PASS">
          <reporter-output>
          </reporter-output>
        </test-method> <!-- TC10_SearchResultEmptyPage -->
        <test-method signature="TC11_Add_To_PopUp()[pri:0, instance:Test_Suite.Wiley_dot_com_Test_Suite@792b749c]" started-at="2023-01-26T15:48:53 IST" name="TC11_Add_To_PopUp" finished-at="2023-01-26T15:49:05 IST" duration-ms="11390" status="PASS">
          <reporter-output>
          </reporter-output>
        </test-method> <!-- TC11_Add_To_PopUp -->
        <test-method signature="TC12_Content_Search_ResultPage()[pri:0, instance:Test_Suite.Wiley_dot_com_Test_Suite@792b749c]" started-at="2023-01-26T15:49:05 IST" name="TC12_Content_Search_ResultPage" finished-at="2023-01-26T15:49:28 IST" duration-ms="23646" status="PASS">
          <reporter-output>
          </reporter-output>
        </test-method> <!-- TC12_Content_Search_ResultPage -->
        <test-method signature="TC13_Category_LandingPage()[pri:0, instance:Test_Suite.Wiley_dot_com_Test_Suite@792b749c]" started-at="2023-01-26T15:49:28 IST" name="TC13_Category_LandingPage" finished-at="2023-01-26T15:49:42 IST" duration-ms="13899" status="PASS">
          <reporter-output>
          </reporter-output>
        </test-method> <!-- TC13_Category_LandingPage -->
        <test-method signature="TC14_SearchBox()[pri:0, instance:Test_Suite.Wiley_dot_com_Test_Suite@792b749c]" started-at="2023-01-26T15:49:42 IST" name="TC14_SearchBox" finished-at="2023-01-26T15:50:01 IST" duration-ms="18836" status="PASS">
          <reporter-output>
          </reporter-output>
        </test-method> <!-- TC14_SearchBox -->
        <test-method signature="TC15_Product_Search_Results_Page()[pri:0, instance:Test_Suite.Wiley_dot_com_Test_Suite@792b749c]" started-at="2023-01-26T15:50:01 IST" name="TC15_Product_Search_Results_Page" finished-at="2023-01-26T15:50:16 IST" duration-ms="14543" status="PASS">
          <reporter-output>
          </reporter-output>
        </test-method> <!-- TC15_Product_Search_Results_Page -->
        <test-method is-config="true" signature="CloseBrowser()[pri:0, instance:Test_Suite.Wiley_dot_com_Test_Suite@792b749c]" started-at="2023-01-26T15:50:16 IST" name="CloseBrowser" finished-at="2023-01-26T15:50:17 IST" duration-ms="1269" status="PASS">
          <reporter-output>
          </reporter-output>
        </test-method> <!-- CloseBrowser -->
      </class> <!-- Test_Suite.Wiley_dot_com_Test_Suite -->
    </test> <!-- EdgeTest1 -->
    <test started-at="2023-01-26T15:50:17 IST" name="ChromeTest2" finished-at="2023-01-26T17:41:40 IST" duration-ms="6683444">
      <class name="Test_Suite.Wiley_NA_Cart_Test_Suite">
        <test-method is-config="true" signature="initiate(org.testng.ITestContext,java.lang.String)[pri:0, instance:Test_Suite.Wiley_NA_Cart_Test_Suite@5c80cf32]" started-at="2023-01-26T15:50:17 IST" name="initiate" finished-at="2023-01-26T15:50:20 IST" duration-ms="2806" status="PASS">
          <params>
            <param index="0">
              <value>
                <![CDATA[org.testng.TestRunner@23dda1b9]]>
              </value>
            </param>
            <param index="1">
              <value>
                <![CDATA[Chrome]]>
              </value>
            </param>
          </params>
          <reporter-output>
          </reporter-output>
        </test-method> <!-- initiate -->
        <test-method is-config="true" signature="launchBrowser()[pri:0, instance:Test_Suite.Wiley_NA_Cart_Test_Suite@5c80cf32]" started-at="2023-01-26T15:50:20 IST" name="launchBrowser" finished-at="2023-01-26T15:50:20 IST" depends-on-methods="utilities.DriverModule.initiate" duration-ms="25" status="PASS">
          <reporter-output>
          </reporter-output>
        </test-method> <!-- launchBrowser -->
        <test-method signature="TC01_Digital_Product_Purchase_New_User()[pri:0, instance:Test_Suite.Wiley_NA_Cart_Test_Suite@5c80cf32]" started-at="2023-01-26T15:50:20 IST" name="TC01_Digital_Product_Purchase_New_User" finished-at="2023-01-26T15:52:48 IST" duration-ms="148273" status="PASS">
          <reporter-output>
          </reporter-output>
        </test-method> <!-- TC01_Digital_Product_Purchase_New_User -->
        <test-method signature="TC02_Digital_productpurchase_ForExistingUser()[pri:0, instance:Test_Suite.Wiley_NA_Cart_Test_Suite@5c80cf32]" started-at="2023-01-26T15:52:48 IST" name="TC02_Digital_productpurchase_ForExistingUser" finished-at="2023-01-26T15:54:13 IST" duration-ms="84572" status="PASS">
          <reporter-output>
          </reporter-output>
        </test-method> <!-- TC02_Digital_productpurchase_ForExistingUser -->
        <test-method signature="TC03_Physical_productpurchase_ForNewUser()[pri:0, instance:Test_Suite.Wiley_NA_Cart_Test_Suite@5c80cf32]" started-at="2023-01-26T15:54:13 IST" name="TC03_Physical_productpurchase_ForNewUser" finished-at="2023-01-26T15:56:43 IST" duration-ms="150427" status="PASS">
          <reporter-output>
          </reporter-output>
        </test-method> <!-- TC03_Physical_productpurchase_ForNewUser -->
        <test-method signature="TC04_Physical_Product_Purchase_Guest_User()[pri:0, instance:Test_Suite.Wiley_NA_Cart_Test_Suite@5c80cf32]" started-at="2023-01-26T15:56:43 IST" name="TC04_Physical_Product_Purchase_Guest_User" finished-at="2023-01-26T15:59:05 IST" duration-ms="142068" status="PASS">
          <reporter-output>
          </reporter-output>
        </test-method> <!-- TC04_Physical_Product_Purchase_Guest_User -->
        <test-method signature="TC05_Physical_productpurchase_ForExistingUser()[pri:0, instance:Test_Suite.Wiley_NA_Cart_Test_Suite@5c80cf32]" started-at="2023-01-26T15:59:05 IST" name="TC05_Physical_productpurchase_ForExistingUser" finished-at="2023-01-26T16:00:33 IST" duration-ms="87566" status="PASS">
          <reporter-output>
          </reporter-output>
        </test-method> <!-- TC05_Physical_productpurchase_ForExistingUser -->
        <test-method signature="TC06_Mixed_productpurchase_ForExistingUser()[pri:0, instance:Test_Suite.Wiley_NA_Cart_Test_Suite@5c80cf32]" started-at="2023-01-26T16:00:33 IST" name="TC06_Mixed_productpurchase_ForExistingUser" finished-at="2023-01-26T16:02:02 IST" duration-ms="88833" status="PASS">
          <reporter-output>
          </reporter-output>
        </test-method> <!-- TC06_Mixed_productpurchase_ForExistingUser -->
        <test-method signature="TC07_Mixed_Product_Some_Stock_New_User()[pri:0, instance:Test_Suite.Wiley_NA_Cart_Test_Suite@5c80cf32]" started-at="2023-01-26T16:02:02 IST" name="TC07_Mixed_Product_Some_Stock_New_User" finished-at="2023-01-26T16:04:42 IST" duration-ms="159967" status="PASS">
          <reporter-output>
          </reporter-output>
        </test-method> <!-- TC07_Mixed_Product_Some_Stock_New_User -->
        <test-method signature="TC08_Mixed_Product_No_Stock_Guest_User()[pri:0, instance:Test_Suite.Wiley_NA_Cart_Test_Suite@5c80cf32]" started-at="2023-01-26T16:04:42 IST" name="TC08_Mixed_Product_No_Stock_Guest_User" finished-at="2023-01-26T16:07:30 IST" duration-ms="168295" status="PASS">
          <reporter-output>
          </reporter-output>
        </test-method> <!-- TC08_Mixed_Product_No_Stock_Guest_User -->
        <test-method signature="TC09_Higher_Education_Digitalproductpurchase_ForNewUser()[pri:0, instance:Test_Suite.Wiley_NA_Cart_Test_Suite@5c80cf32]" started-at="2023-01-26T16:07:30 IST" name="TC09_Higher_Education_Digitalproductpurchase_ForNewUser" finished-at="2023-01-26T16:08:47 IST" duration-ms="77003" status="PASS">
          <reporter-output>
          </reporter-output>
        </test-method> <!-- TC09_Higher_Education_Digitalproductpurchase_ForNewUser -->
        <test-method signature="TC10_Shipping_And_BillingAddresses_Same()[pri:0, instance:Test_Suite.Wiley_NA_Cart_Test_Suite@5c80cf32]" started-at="2023-01-26T16:08:47 IST" name="TC10_Shipping_And_BillingAddresses_Same" finished-at="2023-01-26T16:10:07 IST" duration-ms="79929" status="PASS">
          <reporter-output>
          </reporter-output>
        </test-method> <!-- TC10_Shipping_And_BillingAddresses_Same -->
        <test-method signature="TC11_Shipping_And_BillingAddresses_different()[pri:0, instance:Test_Suite.Wiley_NA_Cart_Test_Suite@5c80cf32]" started-at="2023-01-26T16:10:07 IST" name="TC11_Shipping_And_BillingAddresses_different" finished-at="2023-01-26T16:11:42 IST" duration-ms="95102" status="PASS">
          <reporter-output>
          </reporter-output>
        </test-method> <!-- TC11_Shipping_And_BillingAddresses_different -->
        <test-method signature="TC12_Product_having_ADD_Promotion()[pri:0, instance:Test_Suite.Wiley_NA_Cart_Test_Suite@5c80cf32]" started-at="2023-01-26T16:11:42 IST" name="TC12_Product_having_ADD_Promotion" finished-at="2023-01-26T16:13:05 IST" duration-ms="82595" status="PASS">
          <reporter-output>
          </reporter-output>
        </test-method> <!-- TC12_Product_having_ADD_Promotion -->
        <test-method signature="TC13_eBook_Rental_product_Purchase()[pri:0, instance:Test_Suite.Wiley_NA_Cart_Test_Suite@5c80cf32]" started-at="2023-01-26T16:13:05 IST" name="TC13_eBook_Rental_product_Purchase" finished-at="2023-01-26T16:14:19 IST" duration-ms="74773" status="PASS">
          <reporter-output>
          </reporter-output>
        </test-method> <!-- TC13_eBook_Rental_product_Purchase -->
        <test-method signature="TC14_Textbook_Rental_product_purchase()[pri:0, instance:Test_Suite.Wiley_NA_Cart_Test_Suite@5c80cf32]" started-at="2023-01-26T16:14:19 IST" name="TC14_Textbook_Rental_product_purchase" finished-at="2023-01-26T16:15:45 IST" duration-ms="85840" status="PASS">
          <reporter-output>
          </reporter-output>
        </test-method> <!-- TC14_Textbook_Rental_product_purchase -->
        <test-method signature="TC15_eBundle_product_purchase()[pri:0, instance:Test_Suite.Wiley_NA_Cart_Test_Suite@5c80cf32]" started-at="2023-01-26T16:15:45 IST" name="TC15_eBundle_product_purchase" finished-at="2023-01-26T16:17:07 IST" duration-ms="82015" status="PASS">
          <reporter-output>
          </reporter-output>
        </test-method> <!-- TC15_eBundle_product_purchase -->
        <test-method signature="TC16_Higher_Education_Physical_product_purchase()[pri:0, instance:Test_Suite.Wiley_NA_Cart_Test_Suite@5c80cf32]" started-at="2023-01-26T16:17:07 IST" name="TC16_Higher_Education_Physical_product_purchase" finished-at="2023-01-26T16:19:07 IST" duration-ms="119728" status="PASS">
          <reporter-output>
          </reporter-output>
        </test-method> <!-- TC16_Higher_Education_Physical_product_purchase -->
        <test-method signature="TC17_Purchase_with_Coupon_Discount()[pri:0, instance:Test_Suite.Wiley_NA_Cart_Test_Suite@5c80cf32]" started-at="2023-01-26T16:19:07 IST" name="TC17_Purchase_with_Coupon_Discount" finished-at="2023-01-26T16:20:44 IST" duration-ms="96601" status="PASS">
          <reporter-output>
          </reporter-output>
        </test-method> <!-- TC17_Purchase_with_Coupon_Discount -->
        <test-method signature="TC18_Tax_Recalculation()[pri:0, instance:Test_Suite.Wiley_NA_Cart_Test_Suite@5c80cf32]" started-at="2023-01-26T16:20:44 IST" name="TC18_Tax_Recalculation" finished-at="2023-01-26T16:22:07 IST" duration-ms="83406" status="PASS">
          <reporter-output>
          </reporter-output>
        </test-method> <!-- TC18_Tax_Recalculation -->
        <test-method signature="TC19_Country_Restriction_Validation()[pri:0, instance:Test_Suite.Wiley_NA_Cart_Test_Suite@5c80cf32]" started-at="2023-01-26T16:22:07 IST" name="TC19_Country_Restriction_Validation" finished-at="2023-01-26T16:23:04 IST" duration-ms="56613" status="PASS">
          <reporter-output>
          </reporter-output>
        </test-method> <!-- TC19_Country_Restriction_Validation -->
        <test-method signature="TC20_New_user_tax_for_physical_product()[pri:0, instance:Test_Suite.Wiley_NA_Cart_Test_Suite@5c80cf32]" started-at="2023-01-26T16:23:04 IST" name="TC20_New_user_tax_for_physical_product" finished-at="2023-01-26T16:24:34 IST" duration-ms="90439" status="PASS">
          <reporter-output>
          </reporter-output>
        </test-method> <!-- TC20_New_user_tax_for_physical_product -->
        <test-method signature="TC21_Existing_user_tax_for_physical_product()[pri:0, instance:Test_Suite.Wiley_NA_Cart_Test_Suite@5c80cf32]" started-at="2023-01-26T16:24:34 IST" name="TC21_Existing_user_tax_for_physical_product" finished-at="2023-01-26T16:25:47 IST" duration-ms="72935" status="PASS">
          <reporter-output>
          </reporter-output>
        </test-method> <!-- TC21_Existing_user_tax_for_physical_product -->
        <test-method signature="TC22_New_User_Tax_for_Digital_product()[pri:0, instance:Test_Suite.Wiley_NA_Cart_Test_Suite@5c80cf32]" started-at="2023-01-26T16:25:47 IST" name="TC22_New_User_Tax_for_Digital_product" finished-at="2023-01-26T16:27:22 IST" duration-ms="94638" status="PASS">
          <reporter-output>
          </reporter-output>
        </test-method> <!-- TC22_New_User_Tax_for_Digital_product -->
        <test-method signature="TC23_Existing_User_Tax_for_Digital_Product()[pri:0, instance:Test_Suite.Wiley_NA_Cart_Test_Suite@5c80cf32]" started-at="2023-01-26T16:27:22 IST" name="TC23_Existing_User_Tax_for_Digital_Product" finished-at="2023-01-26T16:28:54 IST" duration-ms="92670" status="PASS">
          <reporter-output>
          </reporter-output>
        </test-method> <!-- TC23_Existing_User_Tax_for_Digital_Product -->
        <test-method signature="TC24_Verify_Shipping_Methods_for_POD_Products()[pri:0, instance:Test_Suite.Wiley_NA_Cart_Test_Suite@5c80cf32]" started-at="2023-01-26T16:28:54 IST" name="TC24_Verify_Shipping_Methods_for_POD_Products" finished-at="2023-01-26T16:29:50 IST" duration-ms="56005" status="PASS">
          <reporter-output>
          </reporter-output>
        </test-method> <!-- TC24_Verify_Shipping_Methods_for_POD_Products -->
        <test-method signature="TC25_Searching_by_Keyword_Rguroo()[pri:0, instance:Test_Suite.Wiley_NA_Cart_Test_Suite@5c80cf32]" started-at="2023-01-26T16:29:50 IST" name="TC25_Searching_by_Keyword_Rguroo" finished-at="2023-01-26T16:30:09 IST" duration-ms="19031" status="PASS">
          <reporter-output>
          </reporter-output>
        </test-method> <!-- TC25_Searching_by_Keyword_Rguroo -->
        <test-method signature="TC26_Login_Page_Validation()[pri:0, instance:Test_Suite.Wiley_NA_Cart_Test_Suite@5c80cf32]" started-at="2023-01-26T16:30:09 IST" name="TC26_Login_Page_Validation" finished-at="2023-01-26T16:31:36 IST" duration-ms="86331" status="PASS">
          <reporter-output>
          </reporter-output>
        </test-method> <!-- TC26_Login_Page_Validation -->
        <test-method signature="TC27_Validate_AEM_Header_Footer()[pri:0, instance:Test_Suite.Wiley_NA_Cart_Test_Suite@5c80cf32]" started-at="2023-01-26T16:31:36 IST" name="TC27_Validate_AEM_Header_Footer" finished-at="2023-01-26T16:31:50 IST" duration-ms="14745" status="PASS">
          <reporter-output>
          </reporter-output>
        </test-method> <!-- TC27_Validate_AEM_Header_Footer -->
        <test-method signature="TC28_Cart_Update_from_Digital_to_Phygital()[pri:0, instance:Test_Suite.Wiley_NA_Cart_Test_Suite@5c80cf32]" started-at="2023-01-26T16:31:50 IST" name="TC28_Cart_Update_from_Digital_to_Phygital" finished-at="2023-01-26T16:44:38 IST" duration-ms="768028" status="FAIL">
          <exception class="org.openqa.selenium.TimeoutException">
            <message>
              <![CDATA[java.util.concurrent.TimeoutException
Build info: version: '4.6.0', revision: '79f1c02ae20'
System info: os.name: 'Windows 10', os.arch: 'amd64', os.version: '10.0', java.version: '18.0.1'
Driver info: org.openqa.selenium.chrome.ChromeDriver
Command: [98beae290a0fd3e1ad57ddc722fcb219, screenshot {}]
Capabilities {acceptInsecureCerts: false, browserName: chrome, browserVersion: 109.0.5414.76, chrome: {chromedriverVersion: 109.0.5414.74 (e7c5703604da..., userDataDir: C:\Users\gsaha\AppData\Loca...}, goog:chromeOptions: {debuggerAddress: localhost:58454}, networkConnectionEnabled: false, pageLoadStrategy: normal, platformName: WINDOWS, proxy: Proxy(), se:cdp: ws://localhost:58454/devtoo..., se:cdpVersion: 109.0.5414.76, setWindowRect: true, strictFileInteractability: false, timeouts: {implicit: 0, pageLoad: 300000, script: 30000}, unhandledPromptBehavior: dismiss and notify, webauthn:extension:credBlob: true, webauthn:extension:largeBlob: true, webauthn:virtualAuthenticators: true}
Session ID: 98beae290a0fd3e1ad57ddc722fcb219]]>
            </message>
            <full-stacktrace>
              <![CDATA[org.openqa.selenium.TimeoutException: java.util.concurrent.TimeoutException
Build info: version: '4.6.0', revision: '79f1c02ae20'
System info: os.name: 'Windows 10', os.arch: 'amd64', os.version: '10.0', java.version: '18.0.1'
Driver info: org.openqa.selenium.chrome.ChromeDriver
Command: [98beae290a0fd3e1ad57ddc722fcb219, screenshot {}]
Capabilities {acceptInsecureCerts: false, browserName: chrome, browserVersion: 109.0.5414.76, chrome: {chromedriverVersion: 109.0.5414.74 (e7c5703604da..., userDataDir: C:\Users\gsaha\AppData\Loca...}, goog:chromeOptions: {debuggerAddress: localhost:58454}, networkConnectionEnabled: false, pageLoadStrategy: normal, platformName: WINDOWS, proxy: Proxy(), se:cdp: ws://localhost:58454/devtoo..., se:cdpVersion: 109.0.5414.76, setWindowRect: true, strictFileInteractability: false, timeouts: {implicit: 0, pageLoad: 300000, script: 30000}, unhandledPromptBehavior: dismiss and notify, webauthn:extension:credBlob: true, webauthn:extension:largeBlob: true, webauthn:virtualAuthenticators: true}
Session ID: 98beae290a0fd3e1ad57ddc722fcb219
at org.openqa.selenium.remote.http.netty.NettyHttpHandler.makeCall(NettyHttpHandler.java:65)
at org.openqa.selenium.remote.http.AddSeleniumUserAgent.lambda$apply$0(AddSeleniumUserAgent.java:42)
at org.openqa.selenium.remote.http.Filter.lambda$andFinally$1(Filter.java:56)
at org.openqa.selenium.remote.http.netty.NettyHttpHandler.execute(NettyHttpHandler.java:49)
at org.openqa.selenium.remote.http.AddSeleniumUserAgent.lambda$apply$0(AddSeleniumUserAgent.java:42)
at org.openqa.selenium.remote.http.Filter.lambda$andFinally$1(Filter.java:56)
at org.openqa.selenium.remote.http.netty.NettyClient.execute(NettyClient.java:99)
at org.openqa.selenium.remote.HttpCommandExecutor.execute(HttpCommandExecutor.java:181)
at org.openqa.selenium.remote.service.DriverCommandExecutor.invokeExecute(DriverCommandExecutor.java:167)
at org.openqa.selenium.remote.service.DriverCommandExecutor.execute(DriverCommandExecutor.java:142)
at org.openqa.selenium.remote.RemoteWebDriver.execute(RemoteWebDriver.java:541)
at org.openqa.selenium.remote.RemoteWebDriver.execute(RemoteWebDriver.java:596)
at org.openqa.selenium.remote.RemoteWebDriver.execute(RemoteWebDriver.java:600)
at org.openqa.selenium.remote.RemoteWebDriver.getScreenshotAs(RemoteWebDriver.java:331)
at utilities.CaptureScreenshot.getScreenshot(CaptureScreenshot.java:24)
at Test_Suite.Wiley_NA_Cart_Test_Suite.TC28_Cart_Update_from_Digital_to_Phygital(Wiley_NA_Cart_Test_Suite.java:2367)
at java.base/jdk.internal.reflect.DirectMethodHandleAccessor.invoke(DirectMethodHandleAccessor.java:104)
at java.base/java.lang.reflect.Method.invoke(Method.java:577)
at org.testng.internal.invokers.MethodInvocationHelper.invokeMethod(MethodInvocationHelper.java:139)
at org.testng.internal.invokers.TestInvoker.invokeMethod(TestInvoker.java:677)
at org.testng.internal.invokers.TestInvoker.invokeTestMethod(TestInvoker.java:221)
at org.testng.internal.invokers.MethodRunner.runInSequence(MethodRunner.java:50)
at org.testng.internal.invokers.TestInvoker$MethodInvocationAgent.invoke(TestInvoker.java:962)
at org.testng.internal.invokers.TestInvoker.invokeTestMethods(TestInvoker.java:194)
at org.testng.internal.invokers.TestMethodWorker.invokeTestMethods(TestMethodWorker.java:148)
at org.testng.internal.invokers.TestMethodWorker.run(TestMethodWorker.java:128)
at java.base/java.util.ArrayList.forEach(ArrayList.java:1511)
at org.testng.TestRunner.privateRun(TestRunner.java:806)
at org.testng.TestRunner.run(TestRunner.java:601)
at org.testng.SuiteRunner.runTest(SuiteRunner.java:433)
at org.testng.SuiteRunner.runSequentially(SuiteRunner.java:427)
at org.testng.SuiteRunner.privateRun(SuiteRunner.java:387)
at org.testng.SuiteRunner.run(SuiteRunner.java:330)
at org.testng.SuiteRunnerWorker.runSuite(SuiteRunnerWorker.java:52)
at org.testng.SuiteRunnerWorker.run(SuiteRunnerWorker.java:95)
at org.testng.TestNG.runSuitesSequentially(TestNG.java:1256)
at org.testng.TestNG.runSuitesLocally(TestNG.java:1176)
at org.testng.TestNG.runSuites(TestNG.java:1099)
at org.testng.TestNG.run(TestNG.java:1067)
at org.testng.remote.AbstractRemoteTestNG.run(AbstractRemoteTestNG.java:115)
at org.testng.remote.RemoteTestNG.initAndRun(RemoteTestNG.java:251)
at org.testng.remote.RemoteTestNG.main(RemoteTestNG.java:77)
Caused by: java.util.concurrent.TimeoutException
at java.base/java.util.concurrent.CompletableFuture.timedGet(CompletableFuture.java:1960)
at java.base/java.util.concurrent.CompletableFuture.get(CompletableFuture.java:2095)
at org.asynchttpclient.netty.NettyResponseFuture.get(NettyResponseFuture.java:206)
at org.openqa.selenium.remote.http.netty.NettyHttpHandler.makeCall(NettyHttpHandler.java:59)
... 41 more
]]>
            </full-stacktrace>
          </exception> <!-- org.openqa.selenium.TimeoutException -->
          <reporter-output>
          </reporter-output>
        </test-method> <!-- TC28_Cart_Update_from_Digital_to_Phygital -->
        <test-method signature="TC29_Cart_Page_UI_Validation()[pri:0, instance:Test_Suite.Wiley_NA_Cart_Test_Suite@5c80cf32]" started-at="2023-01-26T16:44:38 IST" name="TC29_Cart_Page_UI_Validation" finished-at="2023-01-26T16:53:39 IST" duration-ms="540307" status="FAIL">
          <exception class="org.openqa.selenium.TimeoutException">
            <message>
              <![CDATA[java.util.concurrent.TimeoutException
Build info: version: '4.6.0', revision: '79f1c02ae20'
System info: os.name: 'Windows 10', os.arch: 'amd64', os.version: '10.0', java.version: '18.0.1'
Driver info: org.openqa.selenium.chrome.ChromeDriver
Command: [98beae290a0fd3e1ad57ddc722fcb219, screenshot {}]
Capabilities {acceptInsecureCerts: false, browserName: chrome, browserVersion: 109.0.5414.76, chrome: {chromedriverVersion: 109.0.5414.74 (e7c5703604da..., userDataDir: C:\Users\gsaha\AppData\Loca...}, goog:chromeOptions: {debuggerAddress: localhost:58454}, networkConnectionEnabled: false, pageLoadStrategy: normal, platformName: WINDOWS, proxy: Proxy(), se:cdp: ws://localhost:58454/devtoo..., se:cdpVersion: 109.0.5414.76, setWindowRect: true, strictFileInteractability: false, timeouts: {implicit: 0, pageLoad: 300000, script: 30000}, unhandledPromptBehavior: dismiss and notify, webauthn:extension:credBlob: true, webauthn:extension:largeBlob: true, webauthn:virtualAuthenticators: true}
Session ID: 98beae290a0fd3e1ad57ddc722fcb219]]>
            </message>
            <full-stacktrace>
              <![CDATA[org.openqa.selenium.TimeoutException: java.util.concurrent.TimeoutException
Build info: version: '4.6.0', revision: '79f1c02ae20'
System info: os.name: 'Windows 10', os.arch: 'amd64', os.version: '10.0', java.version: '18.0.1'
Driver info: org.openqa.selenium.chrome.ChromeDriver
Command: [98beae290a0fd3e1ad57ddc722fcb219, screenshot {}]
Capabilities {acceptInsecureCerts: false, browserName: chrome, browserVersion: 109.0.5414.76, chrome: {chromedriverVersion: 109.0.5414.74 (e7c5703604da..., userDataDir: C:\Users\gsaha\AppData\Loca...}, goog:chromeOptions: {debuggerAddress: localhost:58454}, networkConnectionEnabled: false, pageLoadStrategy: normal, platformName: WINDOWS, proxy: Proxy(), se:cdp: ws://localhost:58454/devtoo..., se:cdpVersion: 109.0.5414.76, setWindowRect: true, strictFileInteractability: false, timeouts: {implicit: 0, pageLoad: 300000, script: 30000}, unhandledPromptBehavior: dismiss and notify, webauthn:extension:credBlob: true, webauthn:extension:largeBlob: true, webauthn:virtualAuthenticators: true}
Session ID: 98beae290a0fd3e1ad57ddc722fcb219
at org.openqa.selenium.remote.http.netty.NettyHttpHandler.makeCall(NettyHttpHandler.java:65)
at org.openqa.selenium.remote.http.AddSeleniumUserAgent.lambda$apply$0(AddSeleniumUserAgent.java:42)
at org.openqa.selenium.remote.http.Filter.lambda$andFinally$1(Filter.java:56)
at org.openqa.selenium.remote.http.netty.NettyHttpHandler.execute(NettyHttpHandler.java:49)
at org.openqa.selenium.remote.http.AddSeleniumUserAgent.lambda$apply$0(AddSeleniumUserAgent.java:42)
at org.openqa.selenium.remote.http.Filter.lambda$andFinally$1(Filter.java:56)
at org.openqa.selenium.remote.http.netty.NettyClient.execute(NettyClient.java:99)
at org.openqa.selenium.remote.HttpCommandExecutor.execute(HttpCommandExecutor.java:181)
at org.openqa.selenium.remote.service.DriverCommandExecutor.invokeExecute(DriverCommandExecutor.java:167)
at org.openqa.selenium.remote.service.DriverCommandExecutor.execute(DriverCommandExecutor.java:142)
at org.openqa.selenium.remote.RemoteWebDriver.execute(RemoteWebDriver.java:541)
at org.openqa.selenium.remote.RemoteWebDriver.execute(RemoteWebDriver.java:596)
at org.openqa.selenium.remote.RemoteWebDriver.execute(RemoteWebDriver.java:600)
at org.openqa.selenium.remote.RemoteWebDriver.getScreenshotAs(RemoteWebDriver.java:331)
at utilities.CaptureScreenshot.getScreenshot(CaptureScreenshot.java:24)
at Test_Suite.Wiley_NA_Cart_Test_Suite.TC29_Cart_Page_UI_Validation(Wiley_NA_Cart_Test_Suite.java:2401)
at java.base/jdk.internal.reflect.DirectMethodHandleAccessor.invoke(DirectMethodHandleAccessor.java:104)
at java.base/java.lang.reflect.Method.invoke(Method.java:577)
at org.testng.internal.invokers.MethodInvocationHelper.invokeMethod(MethodInvocationHelper.java:139)
at org.testng.internal.invokers.TestInvoker.invokeMethod(TestInvoker.java:677)
at org.testng.internal.invokers.TestInvoker.invokeTestMethod(TestInvoker.java:221)
at org.testng.internal.invokers.MethodRunner.runInSequence(MethodRunner.java:50)
at org.testng.internal.invokers.TestInvoker$MethodInvocationAgent.invoke(TestInvoker.java:962)
at org.testng.internal.invokers.TestInvoker.invokeTestMethods(TestInvoker.java:194)
at org.testng.internal.invokers.TestMethodWorker.invokeTestMethods(TestMethodWorker.java:148)
at org.testng.internal.invokers.TestMethodWorker.run(TestMethodWorker.java:128)
at java.base/java.util.ArrayList.forEach(ArrayList.java:1511)
at org.testng.TestRunner.privateRun(TestRunner.java:806)
at org.testng.TestRunner.run(TestRunner.java:601)
at org.testng.SuiteRunner.runTest(SuiteRunner.java:433)
at org.testng.SuiteRunner.runSequentially(SuiteRunner.java:427)
at org.testng.SuiteRunner.privateRun(SuiteRunner.java:387)
at org.testng.SuiteRunner.run(SuiteRunner.java:330)
at org.testng.SuiteRunnerWorker.runSuite(SuiteRunnerWorker.java:52)
at org.testng.SuiteRunnerWorker.run(SuiteRunnerWorker.java:95)
at org.testng.TestNG.runSuitesSequentially(TestNG.java:1256)
at org.testng.TestNG.runSuitesLocally(TestNG.java:1176)
at org.testng.TestNG.runSuites(TestNG.java:1099)
at org.testng.TestNG.run(TestNG.java:1067)
at org.testng.remote.AbstractRemoteTestNG.run(AbstractRemoteTestNG.java:115)
at org.testng.remote.RemoteTestNG.initAndRun(RemoteTestNG.java:251)
at org.testng.remote.RemoteTestNG.main(RemoteTestNG.java:77)
Caused by: java.util.concurrent.TimeoutException
at java.base/java.util.concurrent.CompletableFuture.timedGet(CompletableFuture.java:1960)
at java.base/java.util.concurrent.CompletableFuture.get(CompletableFuture.java:2095)
at org.asynchttpclient.netty.NettyResponseFuture.get(NettyResponseFuture.java:206)
at org.openqa.selenium.remote.http.netty.NettyHttpHandler.makeCall(NettyHttpHandler.java:59)
... 41 more
]]>
            </full-stacktrace>
          </exception> <!-- org.openqa.selenium.TimeoutException -->
          <reporter-output>
          </reporter-output>
        </test-method> <!-- TC29_Cart_Page_UI_Validation -->
        <test-method signature="TC30_Cart_Merge_Functionality()[pri:0, instance:Test_Suite.Wiley_NA_Cart_Test_Suite@5c80cf32]" started-at="2023-01-26T16:53:39 IST" name="TC30_Cart_Merge_Functionality" finished-at="2023-01-26T17:02:39 IST" duration-ms="540318" status="FAIL">
          <exception class="org.openqa.selenium.TimeoutException">
            <message>
              <![CDATA[java.util.concurrent.TimeoutException
Build info: version: '4.6.0', revision: '79f1c02ae20'
System info: os.name: 'Windows 10', os.arch: 'amd64', os.version: '10.0', java.version: '18.0.1'
Driver info: org.openqa.selenium.chrome.ChromeDriver
Command: [98beae290a0fd3e1ad57ddc722fcb219, screenshot {}]
Capabilities {acceptInsecureCerts: false, browserName: chrome, browserVersion: 109.0.5414.76, chrome: {chromedriverVersion: 109.0.5414.74 (e7c5703604da..., userDataDir: C:\Users\gsaha\AppData\Loca...}, goog:chromeOptions: {debuggerAddress: localhost:58454}, networkConnectionEnabled: false, pageLoadStrategy: normal, platformName: WINDOWS, proxy: Proxy(), se:cdp: ws://localhost:58454/devtoo..., se:cdpVersion: 109.0.5414.76, setWindowRect: true, strictFileInteractability: false, timeouts: {implicit: 0, pageLoad: 300000, script: 30000}, unhandledPromptBehavior: dismiss and notify, webauthn:extension:credBlob: true, webauthn:extension:largeBlob: true, webauthn:virtualAuthenticators: true}
Session ID: 98beae290a0fd3e1ad57ddc722fcb219]]>
            </message>
            <full-stacktrace>
              <![CDATA[org.openqa.selenium.TimeoutException: java.util.concurrent.TimeoutException
Build info: version: '4.6.0', revision: '79f1c02ae20'
System info: os.name: 'Windows 10', os.arch: 'amd64', os.version: '10.0', java.version: '18.0.1'
Driver info: org.openqa.selenium.chrome.ChromeDriver
Command: [98beae290a0fd3e1ad57ddc722fcb219, screenshot {}]
Capabilities {acceptInsecureCerts: false, browserName: chrome, browserVersion: 109.0.5414.76, chrome: {chromedriverVersion: 109.0.5414.74 (e7c5703604da..., userDataDir: C:\Users\gsaha\AppData\Loca...}, goog:chromeOptions: {debuggerAddress: localhost:58454}, networkConnectionEnabled: false, pageLoadStrategy: normal, platformName: WINDOWS, proxy: Proxy(), se:cdp: ws://localhost:58454/devtoo..., se:cdpVersion: 109.0.5414.76, setWindowRect: true, strictFileInteractability: false, timeouts: {implicit: 0, pageLoad: 300000, script: 30000}, unhandledPromptBehavior: dismiss and notify, webauthn:extension:credBlob: true, webauthn:extension:largeBlob: true, webauthn:virtualAuthenticators: true}
Session ID: 98beae290a0fd3e1ad57ddc722fcb219
at org.openqa.selenium.remote.http.netty.NettyHttpHandler.makeCall(NettyHttpHandler.java:65)
at org.openqa.selenium.remote.http.AddSeleniumUserAgent.lambda$apply$0(AddSeleniumUserAgent.java:42)
at org.openqa.selenium.remote.http.Filter.lambda$andFinally$1(Filter.java:56)
at org.openqa.selenium.remote.http.netty.NettyHttpHandler.execute(NettyHttpHandler.java:49)
at org.openqa.selenium.remote.http.AddSeleniumUserAgent.lambda$apply$0(AddSeleniumUserAgent.java:42)
at org.openqa.selenium.remote.http.Filter.lambda$andFinally$1(Filter.java:56)
at org.openqa.selenium.remote.http.netty.NettyClient.execute(NettyClient.java:99)
at org.openqa.selenium.remote.HttpCommandExecutor.execute(HttpCommandExecutor.java:181)
at org.openqa.selenium.remote.service.DriverCommandExecutor.invokeExecute(DriverCommandExecutor.java:167)
at org.openqa.selenium.remote.service.DriverCommandExecutor.execute(DriverCommandExecutor.java:142)
at org.openqa.selenium.remote.RemoteWebDriver.execute(RemoteWebDriver.java:541)
at org.openqa.selenium.remote.RemoteWebDriver.execute(RemoteWebDriver.java:596)
at org.openqa.selenium.remote.RemoteWebDriver.execute(RemoteWebDriver.java:600)
at org.openqa.selenium.remote.RemoteWebDriver.getScreenshotAs(RemoteWebDriver.java:331)
at utilities.CaptureScreenshot.getScreenshot(CaptureScreenshot.java:24)
at Test_Suite.Wiley_NA_Cart_Test_Suite.TC30_Cart_Merge_Functionality(Wiley_NA_Cart_Test_Suite.java:2446)
at java.base/jdk.internal.reflect.DirectMethodHandleAccessor.invoke(DirectMethodHandleAccessor.java:104)
at java.base/java.lang.reflect.Method.invoke(Method.java:577)
at org.testng.internal.invokers.MethodInvocationHelper.invokeMethod(MethodInvocationHelper.java:139)
at org.testng.internal.invokers.TestInvoker.invokeMethod(TestInvoker.java:677)
at org.testng.internal.invokers.TestInvoker.invokeTestMethod(TestInvoker.java:221)
at org.testng.internal.invokers.MethodRunner.runInSequence(MethodRunner.java:50)
at org.testng.internal.invokers.TestInvoker$MethodInvocationAgent.invoke(TestInvoker.java:962)
at org.testng.internal.invokers.TestInvoker.invokeTestMethods(TestInvoker.java:194)
at org.testng.internal.invokers.TestMethodWorker.invokeTestMethods(TestMethodWorker.java:148)
at org.testng.internal.invokers.TestMethodWorker.run(TestMethodWorker.java:128)
at java.base/java.util.ArrayList.forEach(ArrayList.java:1511)
at org.testng.TestRunner.privateRun(TestRunner.java:806)
at org.testng.TestRunner.run(TestRunner.java:601)
at org.testng.SuiteRunner.runTest(SuiteRunner.java:433)
at org.testng.SuiteRunner.runSequentially(SuiteRunner.java:427)
at org.testng.SuiteRunner.privateRun(SuiteRunner.java:387)
at org.testng.SuiteRunner.run(SuiteRunner.java:330)
at org.testng.SuiteRunnerWorker.runSuite(SuiteRunnerWorker.java:52)
at org.testng.SuiteRunnerWorker.run(SuiteRunnerWorker.java:95)
at org.testng.TestNG.runSuitesSequentially(TestNG.java:1256)
at org.testng.TestNG.runSuitesLocally(TestNG.java:1176)
at org.testng.TestNG.runSuites(TestNG.java:1099)
at org.testng.TestNG.run(TestNG.java:1067)
at org.testng.remote.AbstractRemoteTestNG.run(AbstractRemoteTestNG.java:115)
at org.testng.remote.RemoteTestNG.initAndRun(RemoteTestNG.java:251)
at org.testng.remote.RemoteTestNG.main(RemoteTestNG.java:77)
Caused by: java.util.concurrent.TimeoutException
at java.base/java.util.concurrent.CompletableFuture.timedGet(CompletableFuture.java:1960)
at java.base/java.util.concurrent.CompletableFuture.get(CompletableFuture.java:2095)
at org.asynchttpclient.netty.NettyResponseFuture.get(NettyResponseFuture.java:206)
at org.openqa.selenium.remote.http.netty.NettyHttpHandler.makeCall(NettyHttpHandler.java:59)
... 41 more
]]>
            </full-stacktrace>
          </exception> <!-- org.openqa.selenium.TimeoutException -->
          <reporter-output>
          </reporter-output>
        </test-method> <!-- TC30_Cart_Merge_Functionality -->
        <test-method signature="TC31_Zero_Dollar_Flow_For_Digital_Product()[pri:0, instance:Test_Suite.Wiley_NA_Cart_Test_Suite@5c80cf32]" started-at="2023-01-26T17:02:39 IST" name="TC31_Zero_Dollar_Flow_For_Digital_Product" finished-at="2023-01-26T17:11:39 IST" duration-ms="540301" status="FAIL">
          <exception class="org.openqa.selenium.TimeoutException">
            <message>
              <![CDATA[java.util.concurrent.TimeoutException
Build info: version: '4.6.0', revision: '79f1c02ae20'
System info: os.name: 'Windows 10', os.arch: 'amd64', os.version: '10.0', java.version: '18.0.1'
Driver info: org.openqa.selenium.chrome.ChromeDriver
Command: [98beae290a0fd3e1ad57ddc722fcb219, screenshot {}]
Capabilities {acceptInsecureCerts: false, browserName: chrome, browserVersion: 109.0.5414.76, chrome: {chromedriverVersion: 109.0.5414.74 (e7c5703604da..., userDataDir: C:\Users\gsaha\AppData\Loca...}, goog:chromeOptions: {debuggerAddress: localhost:58454}, networkConnectionEnabled: false, pageLoadStrategy: normal, platformName: WINDOWS, proxy: Proxy(), se:cdp: ws://localhost:58454/devtoo..., se:cdpVersion: 109.0.5414.76, setWindowRect: true, strictFileInteractability: false, timeouts: {implicit: 0, pageLoad: 300000, script: 30000}, unhandledPromptBehavior: dismiss and notify, webauthn:extension:credBlob: true, webauthn:extension:largeBlob: true, webauthn:virtualAuthenticators: true}
Session ID: 98beae290a0fd3e1ad57ddc722fcb219]]>
            </message>
            <full-stacktrace>
              <![CDATA[org.openqa.selenium.TimeoutException: java.util.concurrent.TimeoutException
Build info: version: '4.6.0', revision: '79f1c02ae20'
System info: os.name: 'Windows 10', os.arch: 'amd64', os.version: '10.0', java.version: '18.0.1'
Driver info: org.openqa.selenium.chrome.ChromeDriver
Command: [98beae290a0fd3e1ad57ddc722fcb219, screenshot {}]
Capabilities {acceptInsecureCerts: false, browserName: chrome, browserVersion: 109.0.5414.76, chrome: {chromedriverVersion: 109.0.5414.74 (e7c5703604da..., userDataDir: C:\Users\gsaha\AppData\Loca...}, goog:chromeOptions: {debuggerAddress: localhost:58454}, networkConnectionEnabled: false, pageLoadStrategy: normal, platformName: WINDOWS, proxy: Proxy(), se:cdp: ws://localhost:58454/devtoo..., se:cdpVersion: 109.0.5414.76, setWindowRect: true, strictFileInteractability: false, timeouts: {implicit: 0, pageLoad: 300000, script: 30000}, unhandledPromptBehavior: dismiss and notify, webauthn:extension:credBlob: true, webauthn:extension:largeBlob: true, webauthn:virtualAuthenticators: true}
Session ID: 98beae290a0fd3e1ad57ddc722fcb219
at org.openqa.selenium.remote.http.netty.NettyHttpHandler.makeCall(NettyHttpHandler.java:65)
at org.openqa.selenium.remote.http.AddSeleniumUserAgent.lambda$apply$0(AddSeleniumUserAgent.java:42)
at org.openqa.selenium.remote.http.Filter.lambda$andFinally$1(Filter.java:56)
at org.openqa.selenium.remote.http.netty.NettyHttpHandler.execute(NettyHttpHandler.java:49)
at org.openqa.selenium.remote.http.AddSeleniumUserAgent.lambda$apply$0(AddSeleniumUserAgent.java:42)
at org.openqa.selenium.remote.http.Filter.lambda$andFinally$1(Filter.java:56)
at org.openqa.selenium.remote.http.netty.NettyClient.execute(NettyClient.java:99)
at org.openqa.selenium.remote.HttpCommandExecutor.execute(HttpCommandExecutor.java:181)
at org.openqa.selenium.remote.service.DriverCommandExecutor.invokeExecute(DriverCommandExecutor.java:167)
at org.openqa.selenium.remote.service.DriverCommandExecutor.execute(DriverCommandExecutor.java:142)
at org.openqa.selenium.remote.RemoteWebDriver.execute(RemoteWebDriver.java:541)
at org.openqa.selenium.remote.RemoteWebDriver.execute(RemoteWebDriver.java:596)
at org.openqa.selenium.remote.RemoteWebDriver.execute(RemoteWebDriver.java:600)
at org.openqa.selenium.remote.RemoteWebDriver.getScreenshotAs(RemoteWebDriver.java:331)
at utilities.CaptureScreenshot.getScreenshot(CaptureScreenshot.java:24)
at Test_Suite.Wiley_NA_Cart_Test_Suite.TC31_Zero_Dollar_Flow_For_Digital_Product(Wiley_NA_Cart_Test_Suite.java:2532)
at java.base/jdk.internal.reflect.DirectMethodHandleAccessor.invoke(DirectMethodHandleAccessor.java:104)
at java.base/java.lang.reflect.Method.invoke(Method.java:577)
at org.testng.internal.invokers.MethodInvocationHelper.invokeMethod(MethodInvocationHelper.java:139)
at org.testng.internal.invokers.TestInvoker.invokeMethod(TestInvoker.java:677)
at org.testng.internal.invokers.TestInvoker.invokeTestMethod(TestInvoker.java:221)
at org.testng.internal.invokers.MethodRunner.runInSequence(MethodRunner.java:50)
at org.testng.internal.invokers.TestInvoker$MethodInvocationAgent.invoke(TestInvoker.java:962)
at org.testng.internal.invokers.TestInvoker.invokeTestMethods(TestInvoker.java:194)
at org.testng.internal.invokers.TestMethodWorker.invokeTestMethods(TestMethodWorker.java:148)
at org.testng.internal.invokers.TestMethodWorker.run(TestMethodWorker.java:128)
at java.base/java.util.ArrayList.forEach(ArrayList.java:1511)
at org.testng.TestRunner.privateRun(TestRunner.java:806)
at org.testng.TestRunner.run(TestRunner.java:601)
at org.testng.SuiteRunner.runTest(SuiteRunner.java:433)
at org.testng.SuiteRunner.runSequentially(SuiteRunner.java:427)
at org.testng.SuiteRunner.privateRun(SuiteRunner.java:387)
at org.testng.SuiteRunner.run(SuiteRunner.java:330)
at org.testng.SuiteRunnerWorker.runSuite(SuiteRunnerWorker.java:52)
at org.testng.SuiteRunnerWorker.run(SuiteRunnerWorker.java:95)
at org.testng.TestNG.runSuitesSequentially(TestNG.java:1256)
at org.testng.TestNG.runSuitesLocally(TestNG.java:1176)
at org.testng.TestNG.runSuites(TestNG.java:1099)
at org.testng.TestNG.run(TestNG.java:1067)
at org.testng.remote.AbstractRemoteTestNG.run(AbstractRemoteTestNG.java:115)
at org.testng.remote.RemoteTestNG.initAndRun(RemoteTestNG.java:251)
at org.testng.remote.RemoteTestNG.main(RemoteTestNG.java:77)
Caused by: java.util.concurrent.TimeoutException
at java.base/java.util.concurrent.CompletableFuture.timedGet(CompletableFuture.java:1960)
at java.base/java.util.concurrent.CompletableFuture.get(CompletableFuture.java:2095)
at org.asynchttpclient.netty.NettyResponseFuture.get(NettyResponseFuture.java:206)
at org.openqa.selenium.remote.http.netty.NettyHttpHandler.makeCall(NettyHttpHandler.java:59)
... 41 more
]]>
            </full-stacktrace>
          </exception> <!-- org.openqa.selenium.TimeoutException -->
          <reporter-output>
          </reporter-output>
        </test-method> <!-- TC31_Zero_Dollar_Flow_For_Digital_Product -->
        <test-method signature="TC32_Preorder_Backorder_Flow_With_Print_Pdf_Page()[pri:0, instance:Test_Suite.Wiley_NA_Cart_Test_Suite@5c80cf32]" started-at="2023-01-26T17:11:39 IST" name="TC32_Preorder_Backorder_Flow_With_Print_Pdf_Page" finished-at="2023-01-26T17:20:40 IST" duration-ms="540345" status="FAIL">
          <exception class="org.openqa.selenium.TimeoutException">
            <message>
              <![CDATA[java.util.concurrent.TimeoutException
Build info: version: '4.6.0', revision: '79f1c02ae20'
System info: os.name: 'Windows 10', os.arch: 'amd64', os.version: '10.0', java.version: '18.0.1'
Driver info: org.openqa.selenium.chrome.ChromeDriver
Command: [98beae290a0fd3e1ad57ddc722fcb219, screenshot {}]
Capabilities {acceptInsecureCerts: false, browserName: chrome, browserVersion: 109.0.5414.76, chrome: {chromedriverVersion: 109.0.5414.74 (e7c5703604da..., userDataDir: C:\Users\gsaha\AppData\Loca...}, goog:chromeOptions: {debuggerAddress: localhost:58454}, networkConnectionEnabled: false, pageLoadStrategy: normal, platformName: WINDOWS, proxy: Proxy(), se:cdp: ws://localhost:58454/devtoo..., se:cdpVersion: 109.0.5414.76, setWindowRect: true, strictFileInteractability: false, timeouts: {implicit: 0, pageLoad: 300000, script: 30000}, unhandledPromptBehavior: dismiss and notify, webauthn:extension:credBlob: true, webauthn:extension:largeBlob: true, webauthn:virtualAuthenticators: true}
Session ID: 98beae290a0fd3e1ad57ddc722fcb219]]>
            </message>
            <full-stacktrace>
              <![CDATA[org.openqa.selenium.TimeoutException: java.util.concurrent.TimeoutException
Build info: version: '4.6.0', revision: '79f1c02ae20'
System info: os.name: 'Windows 10', os.arch: 'amd64', os.version: '10.0', java.version: '18.0.1'
Driver info: org.openqa.selenium.chrome.ChromeDriver
Command: [98beae290a0fd3e1ad57ddc722fcb219, screenshot {}]
Capabilities {acceptInsecureCerts: false, browserName: chrome, browserVersion: 109.0.5414.76, chrome: {chromedriverVersion: 109.0.5414.74 (e7c5703604da..., userDataDir: C:\Users\gsaha\AppData\Loca...}, goog:chromeOptions: {debuggerAddress: localhost:58454}, networkConnectionEnabled: false, pageLoadStrategy: normal, platformName: WINDOWS, proxy: Proxy(), se:cdp: ws://localhost:58454/devtoo..., se:cdpVersion: 109.0.5414.76, setWindowRect: true, strictFileInteractability: false, timeouts: {implicit: 0, pageLoad: 300000, script: 30000}, unhandledPromptBehavior: dismiss and notify, webauthn:extension:credBlob: true, webauthn:extension:largeBlob: true, webauthn:virtualAuthenticators: true}
Session ID: 98beae290a0fd3e1ad57ddc722fcb219
at org.openqa.selenium.remote.http.netty.NettyHttpHandler.makeCall(NettyHttpHandler.java:65)
at org.openqa.selenium.remote.http.AddSeleniumUserAgent.lambda$apply$0(AddSeleniumUserAgent.java:42)
at org.openqa.selenium.remote.http.Filter.lambda$andFinally$1(Filter.java:56)
at org.openqa.selenium.remote.http.netty.NettyHttpHandler.execute(NettyHttpHandler.java:49)
at org.openqa.selenium.remote.http.AddSeleniumUserAgent.lambda$apply$0(AddSeleniumUserAgent.java:42)
at org.openqa.selenium.remote.http.Filter.lambda$andFinally$1(Filter.java:56)
at org.openqa.selenium.remote.http.netty.NettyClient.execute(NettyClient.java:99)
at org.openqa.selenium.remote.HttpCommandExecutor.execute(HttpCommandExecutor.java:181)
at org.openqa.selenium.remote.service.DriverCommandExecutor.invokeExecute(DriverCommandExecutor.java:167)
at org.openqa.selenium.remote.service.DriverCommandExecutor.execute(DriverCommandExecutor.java:142)
at org.openqa.selenium.remote.RemoteWebDriver.execute(RemoteWebDriver.java:541)
at org.openqa.selenium.remote.RemoteWebDriver.execute(RemoteWebDriver.java:596)
at org.openqa.selenium.remote.RemoteWebDriver.execute(RemoteWebDriver.java:600)
at org.openqa.selenium.remote.RemoteWebDriver.getScreenshotAs(RemoteWebDriver.java:331)
at utilities.CaptureScreenshot.getScreenshot(CaptureScreenshot.java:24)
at Test_Suite.Wiley_NA_Cart_Test_Suite.TC32_Preorder_Backorder_Flow_With_Print_Pdf_Page(Wiley_NA_Cart_Test_Suite.java:2648)
at java.base/jdk.internal.reflect.DirectMethodHandleAccessor.invoke(DirectMethodHandleAccessor.java:104)
at java.base/java.lang.reflect.Method.invoke(Method.java:577)
at org.testng.internal.invokers.MethodInvocationHelper.invokeMethod(MethodInvocationHelper.java:139)
at org.testng.internal.invokers.TestInvoker.invokeMethod(TestInvoker.java:677)
at org.testng.internal.invokers.TestInvoker.invokeTestMethod(TestInvoker.java:221)
at org.testng.internal.invokers.MethodRunner.runInSequence(MethodRunner.java:50)
at org.testng.internal.invokers.TestInvoker$MethodInvocationAgent.invoke(TestInvoker.java:962)
at org.testng.internal.invokers.TestInvoker.invokeTestMethods(TestInvoker.java:194)
at org.testng.internal.invokers.TestMethodWorker.invokeTestMethods(TestMethodWorker.java:148)
at org.testng.internal.invokers.TestMethodWorker.run(TestMethodWorker.java:128)
at java.base/java.util.ArrayList.forEach(ArrayList.java:1511)
at org.testng.TestRunner.privateRun(TestRunner.java:806)
at org.testng.TestRunner.run(TestRunner.java:601)
at org.testng.SuiteRunner.runTest(SuiteRunner.java:433)
at org.testng.SuiteRunner.runSequentially(SuiteRunner.java:427)
at org.testng.SuiteRunner.privateRun(SuiteRunner.java:387)
at org.testng.SuiteRunner.run(SuiteRunner.java:330)
at org.testng.SuiteRunnerWorker.runSuite(SuiteRunnerWorker.java:52)
at org.testng.SuiteRunnerWorker.run(SuiteRunnerWorker.java:95)
at org.testng.TestNG.runSuitesSequentially(TestNG.java:1256)
at org.testng.TestNG.runSuitesLocally(TestNG.java:1176)
at org.testng.TestNG.runSuites(TestNG.java:1099)
at org.testng.TestNG.run(TestNG.java:1067)
at org.testng.remote.AbstractRemoteTestNG.run(AbstractRemoteTestNG.java:115)
at org.testng.remote.RemoteTestNG.initAndRun(RemoteTestNG.java:251)
at org.testng.remote.RemoteTestNG.main(RemoteTestNG.java:77)
Caused by: java.util.concurrent.TimeoutException
at java.base/java.util.concurrent.CompletableFuture.timedGet(CompletableFuture.java:1960)
at java.base/java.util.concurrent.CompletableFuture.get(CompletableFuture.java:2095)
at org.asynchttpclient.netty.NettyResponseFuture.get(NettyResponseFuture.java:206)
at org.openqa.selenium.remote.http.netty.NettyHttpHandler.makeCall(NettyHttpHandler.java:59)
... 41 more
]]>
            </full-stacktrace>
          </exception> <!-- org.openqa.selenium.TimeoutException -->
          <reporter-output>
          </reporter-output>
        </test-method> <!-- TC32_Preorder_Backorder_Flow_With_Print_Pdf_Page -->
        <test-method signature="TC33_Forgot_Password_Functionality()[pri:0, instance:Test_Suite.Wiley_NA_Cart_Test_Suite@5c80cf32]" started-at="2023-01-26T17:20:40 IST" name="TC33_Forgot_Password_Functionality" finished-at="2023-01-26T17:29:40 IST" duration-ms="540293" status="FAIL">
          <exception class="org.openqa.selenium.TimeoutException">
            <message>
              <![CDATA[java.util.concurrent.TimeoutException
Build info: version: '4.6.0', revision: '79f1c02ae20'
System info: os.name: 'Windows 10', os.arch: 'amd64', os.version: '10.0', java.version: '18.0.1'
Driver info: org.openqa.selenium.chrome.ChromeDriver
Command: [98beae290a0fd3e1ad57ddc722fcb219, screenshot {}]
Capabilities {acceptInsecureCerts: false, browserName: chrome, browserVersion: 109.0.5414.76, chrome: {chromedriverVersion: 109.0.5414.74 (e7c5703604da..., userDataDir: C:\Users\gsaha\AppData\Loca...}, goog:chromeOptions: {debuggerAddress: localhost:58454}, networkConnectionEnabled: false, pageLoadStrategy: normal, platformName: WINDOWS, proxy: Proxy(), se:cdp: ws://localhost:58454/devtoo..., se:cdpVersion: 109.0.5414.76, setWindowRect: true, strictFileInteractability: false, timeouts: {implicit: 0, pageLoad: 300000, script: 30000}, unhandledPromptBehavior: dismiss and notify, webauthn:extension:credBlob: true, webauthn:extension:largeBlob: true, webauthn:virtualAuthenticators: true}
Session ID: 98beae290a0fd3e1ad57ddc722fcb219]]>
            </message>
            <full-stacktrace>
              <![CDATA[org.openqa.selenium.TimeoutException: java.util.concurrent.TimeoutException
Build info: version: '4.6.0', revision: '79f1c02ae20'
System info: os.name: 'Windows 10', os.arch: 'amd64', os.version: '10.0', java.version: '18.0.1'
Driver info: org.openqa.selenium.chrome.ChromeDriver
Command: [98beae290a0fd3e1ad57ddc722fcb219, screenshot {}]
Capabilities {acceptInsecureCerts: false, browserName: chrome, browserVersion: 109.0.5414.76, chrome: {chromedriverVersion: 109.0.5414.74 (e7c5703604da..., userDataDir: C:\Users\gsaha\AppData\Loca...}, goog:chromeOptions: {debuggerAddress: localhost:58454}, networkConnectionEnabled: false, pageLoadStrategy: normal, platformName: WINDOWS, proxy: Proxy(), se:cdp: ws://localhost:58454/devtoo..., se:cdpVersion: 109.0.5414.76, setWindowRect: true, strictFileInteractability: false, timeouts: {implicit: 0, pageLoad: 300000, script: 30000}, unhandledPromptBehavior: dismiss and notify, webauthn:extension:credBlob: true, webauthn:extension:largeBlob: true, webauthn:virtualAuthenticators: true}
Session ID: 98beae290a0fd3e1ad57ddc722fcb219
at org.openqa.selenium.remote.http.netty.NettyHttpHandler.makeCall(NettyHttpHandler.java:65)
at org.openqa.selenium.remote.http.AddSeleniumUserAgent.lambda$apply$0(AddSeleniumUserAgent.java:42)
at org.openqa.selenium.remote.http.Filter.lambda$andFinally$1(Filter.java:56)
at org.openqa.selenium.remote.http.netty.NettyHttpHandler.execute(NettyHttpHandler.java:49)
at org.openqa.selenium.remote.http.AddSeleniumUserAgent.lambda$apply$0(AddSeleniumUserAgent.java:42)
at org.openqa.selenium.remote.http.Filter.lambda$andFinally$1(Filter.java:56)
at org.openqa.selenium.remote.http.netty.NettyClient.execute(NettyClient.java:99)
at org.openqa.selenium.remote.HttpCommandExecutor.execute(HttpCommandExecutor.java:181)
at org.openqa.selenium.remote.service.DriverCommandExecutor.invokeExecute(DriverCommandExecutor.java:167)
at org.openqa.selenium.remote.service.DriverCommandExecutor.execute(DriverCommandExecutor.java:142)
at org.openqa.selenium.remote.RemoteWebDriver.execute(RemoteWebDriver.java:541)
at org.openqa.selenium.remote.RemoteWebDriver.execute(RemoteWebDriver.java:596)
at org.openqa.selenium.remote.RemoteWebDriver.execute(RemoteWebDriver.java:600)
at org.openqa.selenium.remote.RemoteWebDriver.getScreenshotAs(RemoteWebDriver.java:331)
at utilities.CaptureScreenshot.getScreenshot(CaptureScreenshot.java:24)
at Test_Suite.Wiley_NA_Cart_Test_Suite.TC33_Forgot_Password_Functionality(Wiley_NA_Cart_Test_Suite.java:2755)
at java.base/jdk.internal.reflect.DirectMethodHandleAccessor.invoke(DirectMethodHandleAccessor.java:104)
at java.base/java.lang.reflect.Method.invoke(Method.java:577)
at org.testng.internal.invokers.MethodInvocationHelper.invokeMethod(MethodInvocationHelper.java:139)
at org.testng.internal.invokers.TestInvoker.invokeMethod(TestInvoker.java:677)
at org.testng.internal.invokers.TestInvoker.invokeTestMethod(TestInvoker.java:221)
at org.testng.internal.invokers.MethodRunner.runInSequence(MethodRunner.java:50)
at org.testng.internal.invokers.TestInvoker$MethodInvocationAgent.invoke(TestInvoker.java:962)
at org.testng.internal.invokers.TestInvoker.invokeTestMethods(TestInvoker.java:194)
at org.testng.internal.invokers.TestMethodWorker.invokeTestMethods(TestMethodWorker.java:148)
at org.testng.internal.invokers.TestMethodWorker.run(TestMethodWorker.java:128)
at java.base/java.util.ArrayList.forEach(ArrayList.java:1511)
at org.testng.TestRunner.privateRun(TestRunner.java:806)
at org.testng.TestRunner.run(TestRunner.java:601)
at org.testng.SuiteRunner.runTest(SuiteRunner.java:433)
at org.testng.SuiteRunner.runSequentially(SuiteRunner.java:427)
at org.testng.SuiteRunner.privateRun(SuiteRunner.java:387)
at org.testng.SuiteRunner.run(SuiteRunner.java:330)
at org.testng.SuiteRunnerWorker.runSuite(SuiteRunnerWorker.java:52)
at org.testng.SuiteRunnerWorker.run(SuiteRunnerWorker.java:95)
at org.testng.TestNG.runSuitesSequentially(TestNG.java:1256)
at org.testng.TestNG.runSuitesLocally(TestNG.java:1176)
at org.testng.TestNG.runSuites(TestNG.java:1099)
at org.testng.TestNG.run(TestNG.java:1067)
at org.testng.remote.AbstractRemoteTestNG.run(AbstractRemoteTestNG.java:115)
at org.testng.remote.RemoteTestNG.initAndRun(RemoteTestNG.java:251)
at org.testng.remote.RemoteTestNG.main(RemoteTestNG.java:77)
Caused by: java.util.concurrent.TimeoutException
at java.base/java.util.concurrent.CompletableFuture.timedGet(CompletableFuture.java:1960)
at java.base/java.util.concurrent.CompletableFuture.get(CompletableFuture.java:2095)
at org.asynchttpclient.netty.NettyResponseFuture.get(NettyResponseFuture.java:206)
at org.openqa.selenium.remote.http.netty.NettyHttpHandler.makeCall(NettyHttpHandler.java:59)
... 41 more
]]>
            </full-stacktrace>
          </exception> <!-- org.openqa.selenium.TimeoutException -->
          <reporter-output>
          </reporter-output>
        </test-method> <!-- TC33_Forgot_Password_Functionality -->
        <test-method signature="TC34_Verify_VETCONSULT_Purchase_Option_on_PDPpage()[pri:0, instance:Test_Suite.Wiley_NA_Cart_Test_Suite@5c80cf32]" started-at="2023-01-26T17:29:40 IST" name="TC34_Verify_VETCONSULT_Purchase_Option_on_PDPpage" finished-at="2023-01-26T17:38:40 IST" duration-ms="540280" status="FAIL">
          <exception class="org.openqa.selenium.TimeoutException">
            <message>
              <![CDATA[java.util.concurrent.TimeoutException
Build info: version: '4.6.0', revision: '79f1c02ae20'
System info: os.name: 'Windows 10', os.arch: 'amd64', os.version: '10.0', java.version: '18.0.1'
Driver info: org.openqa.selenium.chrome.ChromeDriver
Command: [98beae290a0fd3e1ad57ddc722fcb219, screenshot {}]
Capabilities {acceptInsecureCerts: false, browserName: chrome, browserVersion: 109.0.5414.76, chrome: {chromedriverVersion: 109.0.5414.74 (e7c5703604da..., userDataDir: C:\Users\gsaha\AppData\Loca...}, goog:chromeOptions: {debuggerAddress: localhost:58454}, networkConnectionEnabled: false, pageLoadStrategy: normal, platformName: WINDOWS, proxy: Proxy(), se:cdp: ws://localhost:58454/devtoo..., se:cdpVersion: 109.0.5414.76, setWindowRect: true, strictFileInteractability: false, timeouts: {implicit: 0, pageLoad: 300000, script: 30000}, unhandledPromptBehavior: dismiss and notify, webauthn:extension:credBlob: true, webauthn:extension:largeBlob: true, webauthn:virtualAuthenticators: true}
Session ID: 98beae290a0fd3e1ad57ddc722fcb219]]>
            </message>
            <full-stacktrace>
              <![CDATA[org.openqa.selenium.TimeoutException: java.util.concurrent.TimeoutException
Build info: version: '4.6.0', revision: '79f1c02ae20'
System info: os.name: 'Windows 10', os.arch: 'amd64', os.version: '10.0', java.version: '18.0.1'
Driver info: org.openqa.selenium.chrome.ChromeDriver
Command: [98beae290a0fd3e1ad57ddc722fcb219, screenshot {}]
Capabilities {acceptInsecureCerts: false, browserName: chrome, browserVersion: 109.0.5414.76, chrome: {chromedriverVersion: 109.0.5414.74 (e7c5703604da..., userDataDir: C:\Users\gsaha\AppData\Loca...}, goog:chromeOptions: {debuggerAddress: localhost:58454}, networkConnectionEnabled: false, pageLoadStrategy: normal, platformName: WINDOWS, proxy: Proxy(), se:cdp: ws://localhost:58454/devtoo..., se:cdpVersion: 109.0.5414.76, setWindowRect: true, strictFileInteractability: false, timeouts: {implicit: 0, pageLoad: 300000, script: 30000}, unhandledPromptBehavior: dismiss and notify, webauthn:extension:credBlob: true, webauthn:extension:largeBlob: true, webauthn:virtualAuthenticators: true}
Session ID: 98beae290a0fd3e1ad57ddc722fcb219
[...]
          <reporter-output>
          </reporter-output>
        </test-method> <!-- CloseBrowser -->
      </class> <!-- Test_Suite.WileyPLUS_Test_Suite -->
    </test> <!-- ChromeTest3 -->
    <test started-at="2023-01-26T19:17:04 IST" name="Firefox Test3" finished-at="2023-01-26T19:24:11 IST" duration-ms="426796">
      <class name="Test_Suite.WileyPLUS_Test_Suite">
        <test-method is-config="true" signature="initiate(org.testng.ITestContext,java.lang.String)[pri:0, instance:Test_Suite.WileyPLUS_Test_Suite@38467116]" started-at="2023-01-26T19:17:04 IST" name="initiate" finished-at="2023-01-26T19:17:09 IST" duration-ms="5082" status="PASS">
          <params>
            <param index="0">
              <value>
                <![CDATA[org.testng.TestRunner@4c36cf3d]]>
              </value>
            </param>
            <param index="1">
              <value>
                <![CDATA[firefox]]>
              </value>
            </param>
          </params>
          <reporter-output>
          </reporter-output>
        </test-method> <!-- initiate -->
        <test-method is-config="true" signature="launchBrowser()[pri:0, instance:Test_Suite.WileyPLUS_Test_Suite@38467116]" started-at="2023-01-26T19:17:09 IST" name="launchBrowser" finished-at="2023-01-26T19:17:09 IST" depends-on-methods="utilities.DriverModule.initiate" duration-ms="6" status="PASS">
          <reporter-output>
          </reporter-output>
        </test-method> <!-- launchBrowser -->
        <test-method signature="TC01_SRP_For_WileyPLUS()[pri:0, instance:Test_Suite.WileyPLUS_Test_Suite@38467116]" started-at="2023-01-26T19:17:09 IST" name="TC01_SRP_For_WileyPLUS" finished-at="2023-01-26T19:17:28 IST" duration-ms="18778" status="PASS">
          <reporter-output>
          </reporter-output>
        </test-method> <!-- TC01_SRP_For_WileyPLUS -->
        <test-method signature="TC02_PLP_For_WileyPLUS()[pri:0, instance:Test_Suite.WileyPLUS_Test_Suite@38467116]" started-at="2023-01-26T19:17:28 IST" name="TC02_PLP_For_WileyPLUS" finished-at="2023-01-26T19:19:05 IST" duration-ms="97040" status="PASS">
          <reporter-output>
          </reporter-output>
        </test-method> <!-- TC02_PLP_For_WileyPLUS -->
        <test-method signature="TC03_EGRIP_Search_For_WileyPLUS()[pri:0, instance:Test_Suite.WileyPLUS_Test_Suite@38467116]" started-at="2023-01-26T19:19:05 IST" name="TC03_EGRIP_Search_For_WileyPLUS" finished-at="2023-01-26T19:19:22 IST" duration-ms="17009" status="PASS">
          <reporter-output>
          </reporter-output>
        </test-method> <!-- TC03_EGRIP_Search_For_WileyPLUS -->
        <test-method signature="TC04_Bundle_Search_For_WileyPLUS()[pri:0, instance:Test_Suite.WileyPLUS_Test_Suite@38467116]" started-at="2023-01-26T19:19:22 IST" name="TC04_Bundle_Search_For_WileyPLUS" finished-at="2023-01-26T19:19:38 IST" duration-ms="15723" status="PASS">
          <reporter-output>
          </reporter-output>
        </test-method> <!-- TC04_Bundle_Search_For_WileyPLUS -->
        <test-method signature="TC05_Check_If_URL_Not_Truncated_For_WileyPLUS()[pri:0, instance:Test_Suite.WileyPLUS_Test_Suite@38467116]" started-at="2023-01-26T19:19:38 IST" name="TC05_Check_If_URL_Not_Truncated_For_WileyPLUS" finished-at="2023-01-26T19:19:52 IST" duration-ms="14760" status="PASS">
          <reporter-output>
          </reporter-output>
        </test-method> <!-- TC05_Check_If_URL_Not_Truncated_For_WileyPLUS -->
        <test-method signature="TC06_Format_Facet_WileyPLUS()[pri:0, instance:Test_Suite.WileyPLUS_Test_Suite@38467116]" started-at="2023-01-26T19:19:52 IST" name="TC06_Format_Facet_WileyPLUS" finished-at="2023-01-26T19:20:09 IST" duration-ms="16717" status="PASS">
          <reporter-output>
          </reporter-output>
        </test-method> <!-- TC06_Format_Facet_WileyPLUS -->
        <test-method signature="TC07_Verify_Additional_UI_Adjustments_WileyPLUS_PDP()[pri:0, instance:Test_Suite.WileyPLUS_Test_Suite@38467116]" started-at="2023-01-26T19:20:09 IST" name="TC07_Verify_Additional_UI_Adjustments_WileyPLUS_PDP" finished-at="2023-01-26T19:20:47 IST" duration-ms="38255" status="PASS">
          <reporter-output>
          </reporter-output>
        </test-method> <!-- TC07_Verify_Additional_UI_Adjustments_WileyPLUS_PDP -->
        <test-method signature="TC08_Validate_Percentage_In_Multiple_Term()[pri:0, instance:Test_Suite.WileyPLUS_Test_Suite@38467116]" started-at="2023-01-26T19:20:47 IST" name="TC08_Validate_Percentage_In_Multiple_Term" finished-at="2023-01-26T19:21:03 IST" duration-ms="15871" status="PASS">
          <reporter-output>
          </reporter-output>
        </test-method> <!-- TC08_Validate_Percentage_In_Multiple_Term -->
        <test-method signature="TC09_PDP_UI_For_WileyPLUS()[pri:0, instance:Test_Suite.WileyPLUS_Test_Suite@38467116]" started-at="2023-01-26T19:21:03 IST" name="TC09_PDP_UI_For_WileyPLUS" finished-at="2023-01-26T19:21:28 IST" duration-ms="25053" status="PASS">
          <reporter-output>
          </reporter-output>
        </test-method> <!-- TC09_PDP_UI_For_WileyPLUS -->
        <test-method signature="TC10_WileyPLUS_Set_To_MultiTerm_Default()[pri:0, instance:Test_Suite.WileyPLUS_Test_Suite@38467116]" started-at="2023-01-26T19:21:28 IST" name="TC10_WileyPLUS_Set_To_MultiTerm_Default" finished-at="2023-01-26T19:21:44 IST" duration-ms="15689" status="PASS">
          <reporter-output>
          </reporter-output>
        </test-method> <!-- TC10_WileyPLUS_Set_To_MultiTerm_Default -->
        <test-method signature="TC11_New_Tab_Opened_After_Clicking_Login_To_WileyPLUS_Button()[pri:0, instance:Test_Suite.WileyPLUS_Test_Suite@38467116]" started-at="2023-01-26T19:21:44 IST" name="TC11_New_Tab_Opened_After_Clicking_Login_To_WileyPLUS_Button" finished-at="2023-01-26T19:22:01 IST" duration-ms="16478" status="PASS">
          <reporter-output>
          </reporter-output>
        </test-method> <!-- TC11_New_Tab_Opened_After_Clicking_Login_To_WileyPLUS_Button -->
        <test-method signature="TC12_Add_WileyPLUS_Product_To_Cart()[pri:0, instance:Test_Suite.WileyPLUS_Test_Suite@38467116]" started-at="2023-01-26T19:22:01 IST" name="TC12_Add_WileyPLUS_Product_To_Cart" finished-at="2023-01-26T19:22:09 IST" duration-ms="8170" status="PASS">
          <reporter-output>
          </reporter-output>
        </test-method> <!-- TC12_Add_WileyPLUS_Product_To_Cart -->
        <test-method signature="TC13_Global_Country_List_In_Shipping()[pri:0, instance:Test_Suite.WileyPLUS_Test_Suite@38467116]" started-at="2023-01-26T19:22:09 IST" name="TC13_Global_Country_List_In_Shipping" finished-at="2023-01-26T19:22:31 IST" duration-ms="22342" status="PASS">
          <reporter-output>
          </reporter-output>
        </test-method> <!-- TC13_Global_Country_List_In_Shipping -->
        <test-method signature="TC14_Global_Country_List_In_Billing()[pri:0, instance:Test_Suite.WileyPLUS_Test_Suite@38467116]" started-at="2023-01-26T19:22:31 IST" name="TC14_Global_Country_List_In_Billing" finished-at="2023-01-26T19:22:56 IST" duration-ms="25274" status="PASS">
          <reporter-output>
          </reporter-output>
        </test-method> <!-- TC14_Global_Country_List_In_Billing -->
        <test-method signature="TC15_Course_Details_During_WileyPLUS_Checkout()[pri:0, instance:Test_Suite.WileyPLUS_Test_Suite@38467116]" started-at="2023-01-26T19:22:56 IST" name="TC15_Course_Details_During_WileyPLUS_Checkout" finished-at="2023-01-26T19:24:05 IST" duration-ms="68521" status="PASS">
          <reporter-output>
          </reporter-output>
        </test-method> <!-- TC15_Course_Details_During_WileyPLUS_Checkout -->
        <test-method is-config="true" signature="CloseBrowser()[pri:0, instance:Test_Suite.WileyPLUS_Test_Suite@38467116]" started-at="2023-01-26T19:24:05 IST" name="CloseBrowser" finished-at="2023-01-26T19:24:11 IST" duration-ms="5965" status="FAIL">
          <exception class="org.openqa.selenium.NoSuchSessionException">
            <message>
              <![CDATA[Tried to run command without establishing a connection
Build info: version: '4.6.0', revision: '79f1c02ae20'
System info: os.name: 'Windows 10', os.arch: 'amd64', os.version: '10.0', java.version: '18.0.1'
Driver info: org.openqa.selenium.firefox.FirefoxDriver
Command: [92f3df87-b1df-40b5-9a49-4f65d5182079, quit {}]
Capabilities {acceptInsecureCerts: true, browserName: firefox, browserVersion: 109.0, moz:accessibilityChecks: false, moz:buildID: 20230112150232, moz:debuggerAddress: 127.0.0.1:7174, moz:geckodriverVersion: 0.32.0, moz:headless: false, moz:platformVersion: 10.0, moz:processID: 6408, moz:profile: C:\Users\gsaha\AppData\Loca..., moz:shutdownTimeout: 60000, moz:useNonSpecCompliantPointerOrigin: false, moz:webdriverClick: true, moz:windowless: false, pageLoadStrategy: normal, platformName: WINDOWS, proxy: Proxy(), se:cdp: ws://127.0.0.1:7174/devtool..., se:cdpVersion: 85.0, setWindowRect: true, strictFileInteractability: false, timeouts: {implicit: 0, pageLoad: 300000, script: 30000}, unhandledPromptBehavior: dismiss and notify}
Session ID: 92f3df87-b1df-40b5-9a49-4f65d5182079]]>
            </message>
            <full-stacktrace>
              <![CDATA[org.openqa.selenium.NoSuchSessionException: Tried to run command without establishing a connection
Build info: version: '4.6.0', revision: '79f1c02ae20'
System info: os.name: 'Windows 10', os.arch: 'amd64', os.version: '10.0', java.version: '18.0.1'
Driver info: org.openqa.selenium.firefox.FirefoxDriver
Command: [92f3df87-b1df-40b5-9a49-4f65d5182079, quit {}]
Capabilities {acceptInsecureCerts: true, browserName: firefox, browserVersion: 109.0, moz:accessibilityChecks: false, moz:buildID: 20230112150232, moz:debuggerAddress: 127.0.0.1:7174, moz:geckodriverVersion: 0.32.0, moz:headless: false, moz:platformVersion: 10.0, moz:processID: 6408, moz:profile: C:\Users\gsaha\AppData\Loca..., moz:shutdownTimeout: 60000, moz:useNonSpecCompliantPointerOrigin: false, moz:webdriverClick: true, moz:windowless: false, pageLoadStrategy: normal, platformName: WINDOWS, proxy: Proxy(), se:cdp: ws://127.0.0.1:7174/devtool..., se:cdpVersion: 85.0, setWindowRect: true, strictFileInteractability: false, timeouts: {implicit: 0, pageLoad: 300000, script: 30000}, unhandledPromptBehavior: dismiss and notify}
Session ID: 92f3df87-b1df-40b5-9a49-4f65d5182079
at java.base/jdk.internal.reflect.DirectConstructorHandleAccessor.newInstance(DirectConstructorHandleAccessor.java:67)
at java.base/java.lang.reflect.Constructor.newInstanceWithCaller(Constructor.java:499)
at java.base/java.lang.reflect.Constructor.newInstance(Constructor.java:483)
at org.openqa.selenium.remote.codec.w3c.W3CHttpResponseCodec.createException(W3CHttpResponseCodec.java:200)
at org.openqa.selenium.remote.codec.w3c.W3CHttpResponseCodec.decode(W3CHttpResponseCodec.java:133)
at org.openqa.selenium.remote.codec.w3c.W3CHttpResponseCodec.decode(W3CHttpResponseCodec.java:53)
at org.openqa.selenium.remote.HttpCommandExecutor.execute(HttpCommandExecutor.java:184)
at org.openqa.selenium.remote.service.DriverCommandExecutor.invokeExecute(DriverCommandExecutor.java:167)
at org.openqa.selenium.remote.service.DriverCommandExecutor.lambda$execute$1(DriverCommandExecutor.java:105)
at java.base/java.util.concurrent.CompletableFuture$AsyncSupply.run(CompletableFuture.java:1768)
at java.base/java.util.concurrent.ThreadPoolExecutor.runWorker(ThreadPoolExecutor.java:1136)
at java.base/java.util.concurrent.ThreadPoolExecutor$Worker.run(ThreadPoolExecutor.java:635)
at java.base/java.lang.Thread.run(Thread.java:833)
]]>
            </full-stacktrace>
          </exception> <!-- org.openqa.selenium.NoSuchSessionException -->
          <reporter-output>
          </reporter-output>
        </test-method> <!-- CloseBrowser -->
      </class> <!-- Test_Suite.WileyPLUS_Test_Suite -->
    </test> <!-- Firefox Test3 -->
    <test started-at="2023-01-26T19:24:11 IST" name="EdgeTest3" finished-at="2023-01-26T19:33:13 IST" duration-ms="541765">
      <class name="Test_Suite.WileyPLUS_Test_Suite">
        <test-method is-config="true" signature="initiate(org.testng.ITestContext,java.lang.String)[pri:0, instance:Test_Suite.WileyPLUS_Test_Suite@5e7cd6cc]" started-at="2023-01-26T19:24:11 IST" name="initiate" finished-at="2023-01-26T19:24:14 IST" duration-ms="2975" status="PASS">
          <params>
            <param index="0">
              <value>
                <![CDATA[org.testng.TestRunner@15a5bad1]]>
              </value>
            </param>
            <param index="1">
              <value>
                <![CDATA[Edge]]>
              </value>
            </param>
          </params>
          <reporter-output>
          </reporter-output>
        </test-method> <!-- initiate -->
        <test-method is-config="true" signature="launchBrowser()[pri:0, instance:Test_Suite.WileyPLUS_Test_Suite@5e7cd6cc]" started-at="2023-01-26T19:24:14 IST" name="launchBrowser" finished-at="2023-01-26T19:24:14 IST" depends-on-methods="utilities.DriverModule.initiate" duration-ms="1" status="PASS">
          <reporter-output>
          </reporter-output>
        </test-method> <!-- launchBrowser -->
        <test-method signature="TC01_SRP_For_WileyPLUS()[pri:0, instance:Test_Suite.WileyPLUS_Test_Suite@5e7cd6cc]" started-at="2023-01-26T19:24:14 IST" name="TC01_SRP_For_WileyPLUS" finished-at="2023-01-26T19:24:38 IST" duration-ms="24091" status="PASS">
          <reporter-output>
          </reporter-output>
        </test-method> <!-- TC01_SRP_For_WileyPLUS -->
        <test-method signature="TC02_PLP_For_WileyPLUS()[pri:0, instance:Test_Suite.WileyPLUS_Test_Suite@5e7cd6cc]" started-at="2023-01-26T19:24:38 IST" name="TC02_PLP_For_WileyPLUS" finished-at="2023-01-26T19:26:12 IST" duration-ms="94278" status="PASS">
          <reporter-output>
          </reporter-output>
        </test-method> <!-- TC02_PLP_For_WileyPLUS -->
        <test-method signature="TC03_EGRIP_Search_For_WileyPLUS()[pri:0, instance:Test_Suite.WileyPLUS_Test_Suite@5e7cd6cc]" started-at="2023-01-26T19:26:12 IST" name="TC03_EGRIP_Search_For_WileyPLUS" finished-at="2023-01-26T19:26:39 IST" duration-ms="27172" status="PASS">
          <reporter-output>
          </reporter-output>
        </test-method> <!-- TC03_EGRIP_Search_For_WileyPLUS -->
        <test-method signature="TC04_Bundle_Search_For_WileyPLUS()[pri:0, instance:Test_Suite.WileyPLUS_Test_Suite@5e7cd6cc]" started-at="2023-01-26T19:26:39 IST" name="TC04_Bundle_Search_For_WileyPLUS" finished-at="2023-01-26T19:27:03 IST" duration-ms="23810" status="PASS">
          <reporter-output>
          </reporter-output>
        </test-method> <!-- TC04_Bundle_Search_For_WileyPLUS -->
        <test-method signature="TC05_Check_If_URL_Not_Truncated_For_WileyPLUS()[pri:0, instance:Test_Suite.WileyPLUS_Test_Suite@5e7cd6cc]" started-at="2023-01-26T19:27:03 IST" name="TC05_Check_If_URL_Not_Truncated_For_WileyPLUS" finished-at="2023-01-26T19:27:29 IST" duration-ms="25288" status="PASS">
          <reporter-output>
          </reporter-output>
        </test-method> <!-- TC05_Check_If_URL_Not_Truncated_For_WileyPLUS -->
        <test-method signature="TC06_Format_Facet_WileyPLUS()[pri:0, instance:Test_Suite.WileyPLUS_Test_Suite@5e7cd6cc]" started-at="2023-01-26T19:27:29 IST" name="TC06_Format_Facet_WileyPLUS" finished-at="2023-01-26T19:27:54 IST" duration-ms="25481" status="PASS">
          <reporter-output>
          </reporter-output>
        </test-method> <!-- TC06_Format_Facet_WileyPLUS -->
        <test-method signature="TC07_Verify_Additional_UI_Adjustments_WileyPLUS_PDP()[pri:0, instance:Test_Suite.WileyPLUS_Test_Suite@5e7cd6cc]" started-at="2023-01-26T19:27:54 IST" name="TC07_Verify_Additional_UI_Adjustments_WileyPLUS_PDP" finished-at="2023-01-26T19:28:40 IST" duration-ms="46223" status="PASS">
          <reporter-output>
          </reporter-output>
        </test-method> <!-- TC07_Verify_Additional_UI_Adjustments_WileyPLUS_PDP -->
        <test-method signature="TC08_Validate_Percentage_In_Multiple_Term()[pri:0, instance:Test_Suite.WileyPLUS_Test_Suite@5e7cd6cc]" started-at="2023-01-26T19:28:40 IST" name="TC08_Validate_Percentage_In_Multiple_Term" finished-at="2023-01-26T19:29:05 IST" duration-ms="25042" status="PASS">
          <reporter-output>
          </reporter-output>
        </test-method> <!-- TC08_Validate_Percentage_In_Multiple_Term -->
        <test-method signature="TC09_PDP_UI_For_WileyPLUS()[pri:0, instance:Test_Suite.WileyPLUS_Test_Suite@5e7cd6cc]" started-at="2023-01-26T19:29:05 IST" name="TC09_PDP_UI_For_WileyPLUS" finished-at="2023-01-26T19:29:38 IST" duration-ms="33078" status="PASS">
          <reporter-output>
          </reporter-output>
        </test-method> <!-- TC09_PDP_UI_For_WileyPLUS -->
        <test-method signature="TC10_WileyPLUS_Set_To_MultiTerm_Default()[pri:0, instance:Test_Suite.WileyPLUS_Test_Suite@5e7cd6cc]" started-at="2023-01-26T19:29:38 IST" name="TC10_WileyPLUS_Set_To_MultiTerm_Default" finished-at="2023-01-26T19:30:05 IST" duration-ms="27096" status="PASS">
          <reporter-output>
          </reporter-output>
        </test-method> <!-- TC10_WileyPLUS_Set_To_MultiTerm_Default -->
        <test-method signature="TC11_New_Tab_Opened_After_Clicking_Login_To_WileyPLUS_Button()[pri:0, instance:Test_Suite.WileyPLUS_Test_Suite@5e7cd6cc]" started-at="2023-01-26T19:30:05 IST" name="TC11_New_Tab_Opened_After_Clicking_Login_To_WileyPLUS_Button" finished-at="2023-01-26T19:30:33 IST" duration-ms="27352" status="PASS">
          <reporter-output>
          </reporter-output>
        </test-method> <!-- TC11_New_Tab_Opened_After_Clicking_Login_To_WileyPLUS_Button -->
        <test-method signature="TC12_Add_WileyPLUS_Product_To_Cart()[pri:0, instance:Test_Suite.WileyPLUS_Test_Suite@5e7cd6cc]" started-at="2023-01-26T19:30:33 IST" name="TC12_Add_WileyPLUS_Product_To_Cart" finished-at="2023-01-26T19:30:46 IST" duration-ms="13659" status="PASS">
          <reporter-output>
          </reporter-output>
        </test-method> <!-- TC12_Add_WileyPLUS_Product_To_Cart -->
        <test-method signature="TC13_Global_Country_List_In_Shipping()[pri:0, instance:Test_Suite.WileyPLUS_Test_Suite@5e7cd6cc]" started-at="2023-01-26T19:30:46 IST" name="TC13_Global_Country_List_In_Shipping" finished-at="2023-01-26T19:31:19 IST" duration-ms="32250" status="PASS">
          <reporter-output>
          </reporter-output>
        </test-method> <!-- TC13_Global_Country_List_In_Shipping -->
        <test-method signature="TC14_Global_Country_List_In_Billing()[pri:0, instance:Test_Suite.WileyPLUS_Test_Suite@5e7cd6cc]" started-at="2023-01-26T19:31:19 IST" name="TC14_Global_Country_List_In_Billing" finished-at="2023-01-26T19:31:53 IST" duration-ms="34019" status="PASS">
          <reporter-output>
          </reporter-output>
        </test-method> <!-- TC14_Global_Country_List_In_Billing -->
        <test-method signature="TC15_Course_Details_During_WileyPLUS_Checkout()[pri:0, instance:Test_Suite.WileyPLUS_Test_Suite@5e7cd6cc]" started-at="2023-01-26T19:31:53 IST" name="TC15_Course_Details_During_WileyPLUS_Checkout" finished-at="2023-01-26T19:33:11 IST" duration-ms="78655" status="PASS">
          <reporter-output>
          </reporter-output>
        </test-method> <!-- TC15_Course_Details_During_WileyPLUS_Checkout -->
        <test-method is-config="true" signature="CloseBrowser()[pri:0, instance:Test_Suite.WileyPLUS_Test_Suite@5e7cd6cc]" started-at="2023-01-26T19:33:11 IST" name="CloseBrowser" finished-at="2023-01-26T19:33:13 IST" duration-ms="1232" status="PASS">
          <reporter-output>
          </reporter-output>
        </test-method> <!-- CloseBrowser -->
      </class> <!-- Test_Suite.WileyPLUS_Test_Suite -->
    </test> <!-- EdgeTest3 -->
  </suite> <!-- PPE_Regression -->
</testng-results>
