<?xml version="1.0" encoding="UTF-8"?>
<testng-results ignored="17" total="18" passed="1" failed="0" skipped="0">
  <reporter-output>
  </reporter-output>
  <suite started-at="2023-01-17T13:25:17 IST" name="Default suite" finished-at="2023-01-17T13:25:54 IST" duration-ms="36281">
    <groups>
    </groups>
    <test started-at="2023-01-17T13:25:17 IST" name="Default test" finished-at="2023-01-17T13:25:54 IST" duration-ms="36281">
      <class name="Test_Suite.Vet_Test_Suite">
        <test-method is-config="true" signature="initiate(org.testng.ITestContext)[pri:0, instance:Test_Suite.Vet_Test_Suite@4b29d1d2]" started-at="2023-01-17T13:25:17 IST" name="initiate" finished-at="2023-01-17T13:25:24 IST" duration-ms="6304" status="PASS">
          <params>
            <param index="0">
              <value>
                <![CDATA[org.testng.TestRunner@3cdff901]]>
              </value>
            </param>
          </params>
          <reporter-output>
          </reporter-output>
        </test-method> <!-- initiate -->
        <test-method is-config="true" signature="initializeRepo()[pri:0, instance:Test_Suite.Vet_Test_Suite@4b29d1d2]" started-at="2023-01-17T13:25:24 IST" name="initializeRepo" finished-at="2023-01-17T13:25:24 IST" depends-on-methods="utilities.DriverModule.initiate" duration-ms="145" status="PASS">
          <reporter-output>
          </reporter-output>
        </test-method> <!-- initializeRepo -->
        <test-method signature="TC02_Create_Account()[pri:0, instance:Test_Suite.Vet_Test_Suite@4b29d1d2]" started-at="2023-01-17T13:25:24 IST" name="TC02_Create_Account" finished-at="2023-01-17T13:25:52 IST" duration-ms="28468" status="PASS">
          <reporter-output>
          </reporter-output>
        </test-method> <!-- TC02_Create_Account -->
        <test-method is-config="true" signature="CloseBrowser()[pri:0, instance:Test_Suite.Vet_Test_Suite@4b29d1d2]" started-at="2023-01-17T13:25:52 IST" name="CloseBrowser" finished-at="2023-01-17T13:25:54 IST" duration-ms="1300" status="PASS">
          <reporter-output>
          </reporter-output>
        </test-method> <!-- CloseBrowser -->
      </class> <!-- Test_Suite.Vet_Test_Suite -->
    </test> <!-- Default test -->
  </suite> <!-- Default suite -->
</testng-results>
