<?xml version="1.0" encoding="UTF-8"?>
<testng-results ignored="0" total="1" passed="1" failed="0" skipped="0">
  <reporter-output>
  </reporter-output>
  <suite started-at="2023-06-12T14:01:07 IST" name="Default suite" finished-at="2023-06-12T14:01:40 IST" duration-ms="33467">
    <groups>
    </groups>
    <test started-at="2023-06-12T14:01:07 IST" name="Default test" finished-at="2023-06-12T14:01:40 IST" duration-ms="33467">
      <class name="Test_Suite.StoreFront_Validate_CLP">
        <test-method is-config="true" signature="initiate(org.testng.ITestContext,java.lang.String)[pri:0, instance:Test_Suite.StoreFront_Validate_CLP@663c9e7a]" started-at="2023-06-12T14:01:07 IST" name="initiate" finished-at="2023-06-12T14:01:17 IST" duration-ms="9585" status="PASS">
          <params>
            <param index="0">
              <value>
                <![CDATA[org.testng.TestRunner@6be6931f]]>
              </value>
            </param>
            <param index="1">
              <value>
                <![CDATA[edge]]>
              </value>
            </param>
          </params>
          <reporter-output>
          </reporter-output>
        </test-method> <!-- initiate -->
        <test-method is-config="true" signature="nameBefore(java.lang.reflect.Method)[pri:0, instance:Test_Suite.StoreFront_Validate_CLP@663c9e7a]" started-at="2023-06-12T14:01:17 IST" name="nameBefore" finished-at="2023-06-12T14:01:17 IST" duration-ms="3" status="PASS">
          <params>
            <param index="0">
              <value>
                <![CDATA[public void Test_Suite.StoreFront_Validate_CLP.TC01_CategoryLandingPage() throws java.lang.Exception]]>
              </value>
            </param>
          </params>
          <reporter-output>
          </reporter-output>
        </test-method> <!-- nameBefore -->
        <test-method signature="TC01_CategoryLandingPage()[pri:0, instance:Test_Suite.StoreFront_Validate_CLP@663c9e7a]" started-at="2023-06-12T14:01:17 IST" name="TC01_CategoryLandingPage" finished-at="2023-06-12T14:01:39 IST" duration-ms="22140" status="PASS">
          <reporter-output>
          </reporter-output>
        </test-method> <!-- TC01_CategoryLandingPage -->
        <test-method is-config="true" signature="nameAfter(java.lang.reflect.Method)[pri:0, instance:Test_Suite.StoreFront_Validate_CLP@663c9e7a]" started-at="2023-06-12T14:01:39 IST" name="nameAfter" finished-at="2023-06-12T14:01:39 IST" duration-ms="1" status="PASS">
          <params>
            <param index="0">
              <value>
                <![CDATA[public void Test_Suite.StoreFront_Validate_CLP.TC01_CategoryLandingPage() throws java.lang.Exception]]>
              </value>
            </param>
          </params>
          <reporter-output>
          </reporter-output>
        </test-method> <!-- nameAfter -->
        <test-method is-config="true" signature="CloseBrowser()[pri:0, instance:Test_Suite.StoreFront_Validate_CLP@663c9e7a]" started-at="2023-06-12T14:01:39 IST" name="CloseBrowser" finished-at="2023-06-12T14:01:40 IST" duration-ms="1658" status="PASS">
          <reporter-output>
          </reporter-output>
        </test-method> <!-- CloseBrowser -->
      </class> <!-- Test_Suite.StoreFront_Validate_CLP -->
    </test> <!-- Default test -->
  </suite> <!-- Default suite -->
</testng-results>
