<?xml version="1.0" encoding="UTF-8"?>
<testng-results ignored="8" total="9" passed="1" failed="0" skipped="0">
  <reporter-output>
  </reporter-output>
  <suite started-at="2023-02-16T18:01:23 IST" name="Default suite" finished-at="2023-02-16T18:02:05 IST" duration-ms="42260">
    <groups>
    </groups>
    <test started-at="2023-02-16T18:01:23 IST" name="Default test" finished-at="2023-02-16T18:02:05 IST" duration-ms="42260">
      <class name="Test_Suite.ClientPortal_RegressionSuite">
        <test-method is-config="true" signature="initiate(org.testng.ITestContext)[pri:0, instance:Test_Suite.ClientPortal_RegressionSuite@645aa696]" started-at="2023-02-16T18:01:23 IST" name="initiate" finished-at="2023-02-16T18:01:29 IST" duration-ms="6306" status="PASS">
          <params>
            <param index="0">
              <value>
                <![CDATA[org.testng.TestRunner@5bb911c1]]>
              </value>
            </param>
          </params>
          <reporter-output>
          </reporter-output>
        </test-method> <!-- initiate -->
        <test-method is-config="true" signature="initializeRepo()[pri:0, instance:Test_Suite.ClientPortal_RegressionSuite@645aa696]" started-at="2023-02-16T18:01:29 IST" name="initializeRepo" finished-at="2023-02-16T18:01:29 IST" depends-on-methods="utilities.DriverModule.initiate" duration-ms="62" status="PASS">
          <reporter-output>
          </reporter-output>
        </test-method> <!-- initializeRepo -->
        <test-method signature="TC01_Login_WPSAdmin()[pri:0, instance:Test_Suite.ClientPortal_RegressionSuite@645aa696]" started-at="2023-02-16T18:01:29 IST" name="TC01_Login_WPSAdmin" finished-at="2023-02-16T18:02:03 IST" duration-ms="33963" status="PASS">
          <reporter-output>
          </reporter-output>
        </test-method> <!-- TC01_Login_WPSAdmin -->
        <test-method is-config="true" signature="CloseBrowser()[pri:0, instance:Test_Suite.ClientPortal_RegressionSuite@645aa696]" started-at="2023-02-16T18:02:03 IST" name="CloseBrowser" finished-at="2023-02-16T18:02:05 IST" duration-ms="1874" status="PASS">
          <reporter-output>
          </reporter-output>
        </test-method> <!-- CloseBrowser -->
      </class> <!-- Test_Suite.ClientPortal_RegressionSuite -->
    </test> <!-- Default test -->
  </suite> <!-- Default suite -->
</testng-results>
