<?xml version="1.0" encoding="UTF-8"?>
<testng-results ignored="56" total="57" passed="1" failed="0" skipped="0">
  <reporter-output>
  </reporter-output>
  <suite started-at="2023-02-03T13:13:21 IST" name="Default suite" finished-at="2023-02-03T13:14:30 IST" duration-ms="69100">
    <groups>
    </groups>
    <test started-at="2023-02-03T13:13:21 IST" name="Default test" finished-at="2023-02-03T13:14:30 IST" duration-ms="69100">
      <class name="Test_Suite.WEL_Test_Suite">
        <test-method is-config="true" signature="initiate(org.testng.ITestContext)[pri:0, instance:Test_Suite.WEL_Test_Suite@70ed52de]" started-at="2023-02-03T13:13:21 IST" name="initiate" finished-at="2023-02-03T13:13:28 IST" duration-ms="7186" status="PASS">
          <params>
            <param index="0">
              <value>
                <![CDATA[org.testng.TestRunner@70b2fa10]]>
              </value>
            </param>
          </params>
          <reporter-output>
          </reporter-output>
        </test-method> <!-- initiate -->
        <test-method is-config="true" signature="initializeRepo()[pri:0, instance:Test_Suite.WEL_Test_Suite@70ed52de]" started-at="2023-02-03T13:13:28 IST" name="initializeRepo" finished-at="2023-02-03T13:13:28 IST" depends-on-methods="utilities.DriverModule.initiate" duration-ms="90" status="PASS">
          <reporter-output>
          </reporter-output>
        </test-method> <!-- initializeRepo -->
        <test-method signature="TC04_LoginFor_NewlyRegisteredUser()[pri:0, instance:Test_Suite.WEL_Test_Suite@70ed52de]" started-at="2023-02-03T13:13:28 IST" name="TC04_LoginFor_NewlyRegisteredUser" finished-at="2023-02-03T13:14:27 IST" duration-ms="58920" status="PASS">
          <reporter-output>
          </reporter-output>
        </test-method> <!-- TC04_LoginFor_NewlyRegisteredUser -->
        <test-method is-config="true" signature="CloseBrowser()[pri:0, instance:Test_Suite.WEL_Test_Suite@70ed52de]" started-at="2023-02-03T13:14:27 IST" name="CloseBrowser" finished-at="2023-02-03T13:14:30 IST" duration-ms="2804" status="PASS">
          <reporter-output>
          </reporter-output>
        </test-method> <!-- CloseBrowser -->
      </class> <!-- Test_Suite.WEL_Test_Suite -->
    </test> <!-- Default test -->
  </suite> <!-- Default suite -->
</testng-results>
