<?xml version="1.0" encoding="UTF-8"?>
<testng-results ignored="36" total="37" passed="1" failed="0" skipped="0">
  <reporter-output>
  </reporter-output>
  <suite started-at="2023-02-10T13:09:30 IST" name="Default suite" finished-at="2023-02-10T13:11:01 IST" duration-ms="91185">
    <groups>
    </groups>
    <test started-at="2023-02-10T13:09:30 IST" name="Default test" finished-at="2023-02-10T13:11:01 IST" duration-ms="91185">
      <class name="Test_Suite.Wiley_NA_Cart_Test_Suite">
        <test-method is-config="true" signature="initiate(org.testng.ITestContext)[pri:0, instance:Test_Suite.Wiley_NA_Cart_Test_Suite@1750fbeb]" started-at="2023-02-10T13:09:30 IST" name="initiate" finished-at="2023-02-10T13:09:40 IST" duration-ms="10008" status="PASS">
          <params>
            <param index="0">
              <value>
                <![CDATA[org.testng.TestRunner@40943a6]]>
              </value>
            </param>
          </params>
          <reporter-output>
          </reporter-output>
        </test-method> <!-- initiate -->
        <test-method is-config="true" signature="launchBrowser()[pri:0, instance:Test_Suite.Wiley_NA_Cart_Test_Suite@1750fbeb]" started-at="2023-02-10T13:09:40 IST" name="launchBrowser" finished-at="2023-02-10T13:09:40 IST" depends-on-methods="utilities.DriverModule.initiate" duration-ms="74" status="PASS">
          <reporter-output>
          </reporter-output>
        </test-method> <!-- launchBrowser -->
        <test-method signature="TC37_Generic_info_hover_text_EBook_PDP()[pri:0, instance:Test_Suite.Wiley_NA_Cart_Test_Suite@1750fbeb]" started-at="2023-02-10T13:09:40 IST" name="TC37_Generic_info_hover_text_EBook_PDP" finished-at="2023-02-10T13:11:00 IST" duration-ms="79071" status="PASS">
          <reporter-output>
          </reporter-output>
        </test-method> <!-- TC37_Generic_info_hover_text_EBook_PDP -->
        <test-method is-config="true" signature="CloseBrowser()[pri:0, instance:Test_Suite.Wiley_NA_Cart_Test_Suite@1750fbeb]" started-at="2023-02-10T13:11:00 IST" name="CloseBrowser" finished-at="2023-02-10T13:11:01 IST" duration-ms="1893" status="PASS">
          <reporter-output>
          </reporter-output>
        </test-method> <!-- CloseBrowser -->
      </class> <!-- Test_Suite.Wiley_NA_Cart_Test_Suite -->
    </test> <!-- Default test -->
  </suite> <!-- Default suite -->
</testng-results>
