<?xml version="1.0" encoding="UTF-8"?>
<testng-results ignored="18" total="19" passed="1" failed="0" skipped="0">
  <reporter-output>
  </reporter-output>
  <suite started-at="2023-02-22T14:53:39 IST" name="Default suite" finished-at="2023-02-22T14:54:14 IST" duration-ms="34767">
    <groups>
    </groups>
    <test started-at="2023-02-22T14:53:39 IST" name="Default test" finished-at="2023-02-22T14:54:14 IST" duration-ms="34767">
      <class name="Test_Suite.ClientPortal_RegressionSuite">
        <test-method is-config="true" signature="initiate(org.testng.ITestContext)[pri:0, instance:Test_Suite.ClientPortal_RegressionSuite@353352b6]" started-at="2023-02-22T14:53:39 IST" name="initiate" finished-at="2023-02-22T14:53:46 IST" duration-ms="7212" status="PASS">
          <params>
            <param index="0">
              <value>
                <![CDATA[org.testng.TestRunner@37775bb1]]>
              </value>
            </param>
          </params>
          <reporter-output>
          </reporter-output>
        </test-method> <!-- initiate -->
        <test-method is-config="true" signature="initializeRepo()[pri:0, instance:Test_Suite.ClientPortal_RegressionSuite@353352b6]" started-at="2023-02-22T14:53:46 IST" name="initializeRepo" finished-at="2023-02-22T14:53:46 IST" depends-on-methods="utilities.DriverModule.initiate" duration-ms="50" status="PASS">
          <reporter-output>
          </reporter-output>
        </test-method> <!-- initializeRepo -->
        <test-method signature="TC30_RegisterNewUser_Negative_Scenarios_SDUser()[pri:0, instance:Test_Suite.ClientPortal_RegressionSuite@353352b6]" started-at="2023-02-22T14:53:46 IST" name="TC30_RegisterNewUser_Negative_Scenarios_SDUser" finished-at="2023-02-22T14:54:12 IST" duration-ms="26343" status="PASS">
          <reporter-output>
          </reporter-output>
        </test-method> <!-- TC30_RegisterNewUser_Negative_Scenarios_SDUser -->
        <test-method is-config="true" signature="CloseBrowser()[pri:0, instance:Test_Suite.ClientPortal_RegressionSuite@353352b6]" started-at="2023-02-22T14:54:12 IST" name="CloseBrowser" finished-at="2023-02-22T14:54:14 IST" duration-ms="1111" status="PASS">
          <reporter-output>
          </reporter-output>
        </test-method> <!-- CloseBrowser -->
      </class> <!-- Test_Suite.ClientPortal_RegressionSuite -->
    </test> <!-- Default test -->
  </suite> <!-- Default suite -->
</testng-results>
