<?xml version="1.0" encoding="UTF-8"?>
<testng-results ignored="22" total="23" passed="1" failed="0" skipped="0">
  <reporter-output>
  </reporter-output>
  <suite started-at="2023-04-07T13:26:58 IST" name="Default suite" finished-at="2023-04-07T13:30:28 IST" duration-ms="209497">
    <groups>
    </groups>
    <test started-at="2023-04-07T13:26:58 IST" name="Default test" finished-at="2023-04-07T13:30:28 IST" duration-ms="209497">
      <class name="Test_Suite.WileyPLUS_Test_Suite">
        <test-method is-config="true" signature="initiate(org.testng.ITestContext,java.lang.String)[pri:0, instance:Test_Suite.WileyPLUS_Test_Suite@7e057f43]" started-at="2023-04-07T13:26:58 IST" name="initiate" finished-at="2023-04-07T13:27:04 IST" duration-ms="5925" status="PASS">
          <params>
            <param index="0">
              <value>
                <![CDATA[org.testng.TestRunner@106cd9c8]]>
              </value>
            </param>
            <param index="1">
              <value>
                <![CDATA[edge]]>
              </value>
            </param>
          </params>
          <reporter-output>
          </reporter-output>
        </test-method> <!-- initiate -->
        <test-method is-config="true" signature="launchBrowser()[pri:0, instance:Test_Suite.WileyPLUS_Test_Suite@7e057f43]" started-at="2023-04-07T13:27:04 IST" name="launchBrowser" finished-at="2023-04-07T13:27:04 IST" depends-on-methods="utilities.DriverModule.initiate" duration-ms="49" status="PASS">
          <reporter-output>
          </reporter-output>
        </test-method> <!-- launchBrowser -->
        <test-method is-config="true" signature="nameBefore(java.lang.reflect.Method)[pri:0, instance:Test_Suite.WileyPLUS_Test_Suite@7e057f43]" started-at="2023-04-07T13:27:04 IST" name="nameBefore" finished-at="2023-04-07T13:27:04 IST" duration-ms="2" status="PASS">
          <params>
            <param index="0">
              <value>
                <![CDATA[public void Test_Suite.WileyPLUS_Test_Suite.TC23_Adding_Multiple_Wileyplus_Products_With_Coupon() throws java.io.IOException]]>
              </value>
            </param>
          </params>
          <reporter-output>
          </reporter-output>
        </test-method> <!-- nameBefore -->
        <test-method signature="TC23_Adding_Multiple_Wileyplus_Products_With_Coupon()[pri:0, instance:Test_Suite.WileyPLUS_Test_Suite@7e057f43]" started-at="2023-04-07T13:27:04 IST" name="TC23_Adding_Multiple_Wileyplus_Products_With_Coupon" finished-at="2023-04-07T13:30:25 IST" duration-ms="200296" status="PASS">
          <reporter-output>
          </reporter-output>
        </test-method> <!-- TC23_Adding_Multiple_Wileyplus_Products_With_Coupon -->
        <test-method is-config="true" signature="nameAfter(java.lang.reflect.Method)[pri:0, instance:Test_Suite.WileyPLUS_Test_Suite@7e057f43]" started-at="2023-04-07T13:30:25 IST" name="nameAfter" finished-at="2023-04-07T13:30:25 IST" duration-ms="1" status="PASS">
          <params>
            <param index="0">
              <value>
                <![CDATA[public void Test_Suite.WileyPLUS_Test_Suite.TC23_Adding_Multiple_Wileyplus_Products_With_Coupon() throws java.io.IOException]]>
              </value>
            </param>
          </params>
          <reporter-output>
          </reporter-output>
        </test-method> <!-- nameAfter -->
        <test-method is-config="true" signature="CloseBrowser()[pri:0, instance:Test_Suite.WileyPLUS_Test_Suite@7e057f43]" started-at="2023-04-07T13:30:25 IST" name="CloseBrowser" finished-at="2023-04-07T13:30:28 IST" duration-ms="3126" status="PASS">
          <reporter-output>
          </reporter-output>
        </test-method> <!-- CloseBrowser -->
      </class> <!-- Test_Suite.WileyPLUS_Test_Suite -->
    </test> <!-- Default test -->
  </suite> <!-- Default suite -->
</testng-results>
