<?xml version="1.0" encoding="UTF-8"?>
<testng-results ignored="0" total="26" passed="26" failed="0" skipped="0">
  <reporter-output>
  </reporter-output>
  <suite started-at="2023-03-20T13:41:28 IST" name="Default suite" finished-at="2023-03-20T14:17:18 IST" duration-ms="2150405">
    <groups>
    </groups>
    <test started-at="2023-03-20T13:41:28 IST" name="Default test" finished-at="2023-03-20T14:17:18 IST" duration-ms="2150405">
      <class name="Test_Suite.ClientPortal_RegressionSuite">
        <test-method is-config="true" signature="initiate(org.testng.ITestContext)[pri:0, instance:Test_Suite.ClientPortal_RegressionSuite@402c4085]" started-at="2023-03-20T13:41:28 IST" name="initiate" finished-at="2023-03-20T13:41:33 IST" duration-ms="4956" status="PASS">
          <params>
            <param index="0">
              <value>
                <![CDATA[org.testng.TestRunner@3e19f4e]]>
              </value>
            </param>
          </params>
          <reporter-output>
          </reporter-output>
        </test-method> <!-- initiate -->
        <test-method is-config="true" signature="initializeRepo()[pri:0, instance:Test_Suite.ClientPortal_RegressionSuite@402c4085]" started-at="2023-03-20T13:41:33 IST" name="initializeRepo" finished-at="2023-03-20T13:41:33 IST" depends-on-methods="utilities.DriverModule.initiate" duration-ms="47" status="PASS">
          <reporter-output>
          </reporter-output>
        </test-method> <!-- initializeRepo -->
        <test-method signature="TC01_Login_WPSAdmin()[pri:0, instance:Test_Suite.ClientPortal_RegressionSuite@402c4085]" started-at="2023-03-20T13:41:33 IST" name="TC01_Login_WPSAdmin" finished-at="2023-03-20T13:42:17 IST" duration-ms="43528" status="PASS">
          <reporter-output>
          </reporter-output>
        </test-method> <!-- TC01_Login_WPSAdmin -->
        <test-method signature="TC02_AddNewClientApp_WPSAdmin()[pri:0, instance:Test_Suite.ClientPortal_RegressionSuite@402c4085]" started-at="2023-03-20T13:42:17 IST" name="TC02_AddNewClientApp_WPSAdmin" finished-at="2023-03-20T13:42:53 IST" duration-ms="36648" status="PASS">
          <reporter-output>
          </reporter-output>
        </test-method> <!-- TC02_AddNewClientApp_WPSAdmin -->
        <test-method signature="TC03_RegisterNewUser_WPSAdmin()[pri:0, instance:Test_Suite.ClientPortal_RegressionSuite@402c4085]" started-at="2023-03-20T13:42:53 IST" name="TC03_RegisterNewUser_WPSAdmin" finished-at="2023-03-20T13:43:12 IST" duration-ms="18891" status="PASS">
          <reporter-output>
          </reporter-output>
        </test-method> <!-- TC03_RegisterNewUser_WPSAdmin -->
        <test-method signature="TC04_DeclineNewApp_WPSAdmin()[pri:0, instance:Test_Suite.ClientPortal_RegressionSuite@402c4085]" started-at="2023-03-20T13:43:12 IST" name="TC04_DeclineNewApp_WPSAdmin" finished-at="2023-03-20T13:44:49 IST" duration-ms="97365" status="PASS">
          <reporter-output>
          </reporter-output>
        </test-method> <!-- TC04_DeclineNewApp_WPSAdmin -->
        <test-method signature="TC05_PromoteToProd_WPSAdmin()[pri:0, instance:Test_Suite.ClientPortal_RegressionSuite@402c4085]" started-at="2023-03-20T13:44:49 IST" name="TC05_PromoteToProd_WPSAdmin" finished-at="2023-03-20T14:00:26 IST" duration-ms="936809" status="PASS">
          <reporter-output>
          </reporter-output>
        </test-method> <!-- TC05_PromoteToProd_WPSAdmin -->
        <test-method signature="TC06_EditClientApp_WPSAdmin()[pri:0, instance:Test_Suite.ClientPortal_RegressionSuite@402c4085]" started-at="2023-03-20T14:00:26 IST" name="TC06_EditClientApp_WPSAdmin" finished-at="2023-03-20T14:01:12 IST" duration-ms="46087" status="PASS">
          <reporter-output>
          </reporter-output>
        </test-method> <!-- TC06_EditClientApp_WPSAdmin -->
        <test-method signature="TC07_Pagination_WPSAdmin()[pri:0, instance:Test_Suite.ClientPortal_RegressionSuite@402c4085]" started-at="2023-03-20T14:01:12 IST" name="TC07_Pagination_WPSAdmin" finished-at="2023-03-20T14:01:30 IST" duration-ms="17673" status="PASS">
          <reporter-output>
          </reporter-output>
        </test-method> <!-- TC07_Pagination_WPSAdmin -->
        <test-method signature="TC08_Footer_WPSAdmin()[pri:0, instance:Test_Suite.ClientPortal_RegressionSuite@402c4085]" started-at="2023-03-20T14:01:30 IST" name="TC08_Footer_WPSAdmin" finished-at="2023-03-20T14:02:21 IST" duration-ms="51101" status="PASS">
          <reporter-output>
          </reporter-output>
        </test-method> <!-- TC08_Footer_WPSAdmin -->
        <test-method signature="TC09_Login_WPSSupport()[pri:0, instance:Test_Suite.ClientPortal_RegressionSuite@402c4085]" started-at="2023-03-20T14:02:21 IST" name="TC09_Login_WPSSupport" finished-at="2023-03-20T14:03:00 IST" duration-ms="38615" status="PASS">
          <reporter-output>
          </reporter-output>
        </test-method> <!-- TC09_Login_WPSSupport -->
        <test-method signature="TC10_ViewNewClientApp_WPSSupport()[pri:0, instance:Test_Suite.ClientPortal_RegressionSuite@402c4085]" started-at="2023-03-20T14:03:00 IST" name="TC10_ViewNewClientApp_WPSSupport" finished-at="2023-03-20T14:05:04 IST" duration-ms="124024" status="PASS">
          <reporter-output>
          </reporter-output>
        </test-method> <!-- TC10_ViewNewClientApp_WPSSupport -->
        <test-method signature="TC11_Pagination_WPSSupport()[pri:0, instance:Test_Suite.ClientPortal_RegressionSuite@402c4085]" started-at="2023-03-20T14:05:04 IST" name="TC11_Pagination_WPSSupport" finished-at="2023-03-20T14:05:21 IST" duration-ms="17294" status="PASS">
          <reporter-output>
          </reporter-output>
        </test-method> <!-- TC11_Pagination_WPSSupport -->
        <test-method signature="TC12_RegisterNewClientApp_Negative_Scenarios_WPSSupport()[pri:0, instance:Test_Suite.ClientPortal_RegressionSuite@402c4085]" started-at="2023-03-20T14:05:21 IST" name="TC12_RegisterNewClientApp_Negative_Scenarios_WPSSupport" finished-at="2023-03-20T14:06:00 IST" duration-ms="39408" status="PASS">
          <reporter-output>
          </reporter-output>
        </test-method> <!-- TC12_RegisterNewClientApp_Negative_Scenarios_WPSSupport -->
        <test-method signature="TC13_RegisterNewClientApp_WPSSupport()[pri:0, instance:Test_Suite.ClientPortal_RegressionSuite@402c4085]" started-at="2023-03-20T14:06:00 IST" name="TC13_RegisterNewClientApp_WPSSupport" finished-at="2023-03-20T14:08:04 IST" duration-ms="123529" status="PASS">
          <reporter-output>
          </reporter-output>
        </test-method> <!-- TC13_RegisterNewClientApp_WPSSupport -->
        <test-method signature="TC14_RegisterNewClientApp_Cancel_WPS_Support()[pri:0, instance:Test_Suite.ClientPortal_RegressionSuite@402c4085]" started-at="2023-03-20T14:08:04 IST" name="TC14_RegisterNewClientApp_Cancel_WPS_Support" finished-at="2023-03-20T14:09:06 IST" duration-ms="61863" status="PASS">
          <reporter-output>
          </reporter-output>
        </test-method> <!-- TC14_RegisterNewClientApp_Cancel_WPS_Support -->
        <test-method signature="TC15_RegisterNewUser_WPSSupport()[pri:0, instance:Test_Suite.ClientPortal_RegressionSuite@402c4085]" started-at="2023-03-20T14:09:06 IST" name="TC15_RegisterNewUser_WPSSupport" finished-at="2023-03-20T14:09:32 IST" duration-ms="26350" status="PASS">
          <reporter-output>
          </reporter-output>
        </test-method> <!-- TC15_RegisterNewUser_WPSSupport -->
        <test-method signature="TC16_RegisterNewUser_Negative_Scenarios_WPSSupport()[pri:0, instance:Test_Suite.ClientPortal_RegressionSuite@402c4085]" started-at="2023-03-20T14:09:32 IST" name="TC16_RegisterNewUser_Negative_Scenarios_WPSSupport" finished-at="2023-03-20T14:09:55 IST" duration-ms="22803" status="PASS">
          <reporter-output>
          </reporter-output>
        </test-method> <!-- TC16_RegisterNewUser_Negative_Scenarios_WPSSupport -->
        <test-method signature="TC18_Footer_WPSSupport()[pri:0, instance:Test_Suite.ClientPortal_RegressionSuite@402c4085]" started-at="2023-03-20T14:09:55 IST" name="TC18_Footer_WPSSupport" finished-at="2023-03-20T14:10:40 IST" duration-ms="45380" status="PASS">
          <reporter-output>
          </reporter-output>
        </test-method> <!-- TC18_Footer_WPSSupport -->
        <test-method signature="TC19_Login_ApplicationUser()[pri:0, instance:Test_Suite.ClientPortal_RegressionSuite@402c4085]" started-at="2023-03-20T14:10:40 IST" name="TC19_Login_ApplicationUser" finished-at="2023-03-20T14:11:12 IST" duration-ms="31701" status="PASS">
          <reporter-output>
          </reporter-output>
        </test-method> <!-- TC19_Login_ApplicationUser -->
        <test-method signature="TC22_ViewNewClientApp_ApplicationUser()[pri:0, instance:Test_Suite.ClientPortal_RegressionSuite@402c4085]" started-at="2023-03-20T14:11:12 IST" name="TC22_ViewNewClientApp_ApplicationUser" finished-at="2023-03-20T14:11:41 IST" duration-ms="28604" status="PASS">
          <reporter-output>
          </reporter-output>
        </test-method> <!-- TC22_ViewNewClientApp_ApplicationUser -->
        <test-method signature="TC25_Login_ClientAdmin()[pri:0, instance:Test_Suite.ClientPortal_RegressionSuite@402c4085]" started-at="2023-03-20T14:11:41 IST" name="TC25_Login_ClientAdmin" finished-at="2023-03-20T14:12:15 IST" duration-ms="33917" status="PASS">
          <reporter-output>
          </reporter-output>
        </test-method> <!-- TC25_Login_ClientAdmin -->
        <test-method signature="TC26_RegisterNewClientApp_ClientAdmin()[pri:0, instance:Test_Suite.ClientPortal_RegressionSuite@402c4085]" started-at="2023-03-20T14:12:15 IST" name="TC26_RegisterNewClientApp_ClientAdmin" finished-at="2023-03-20T14:14:32 IST" duration-ms="137156" status="PASS">
          <reporter-output>
          </reporter-output>
        </test-method> <!-- TC26_RegisterNewClientApp_ClientAdmin -->
        <test-method signature="TC27_RegisterNewClientApp_Negative_Scenarios_ClientAdmin()[pri:0, instance:Test_Suite.ClientPortal_RegressionSuite@402c4085]" started-at="2023-03-20T14:14:32 IST" name="TC27_RegisterNewClientApp_Negative_Scenarios_ClientAdmin" finished-at="2023-03-20T14:15:03 IST" duration-ms="31155" status="PASS">
          <reporter-output>
          </reporter-output>
        </test-method> <!-- TC27_RegisterNewClientApp_Negative_Scenarios_ClientAdmin -->
        <test-method signature="TC28_RegisterNewClientApp_Cancel_ClientAdmin()[pri:0, instance:Test_Suite.ClientPortal_RegressionSuite@402c4085]" started-at="2023-03-20T14:15:03 IST" name="TC28_RegisterNewClientApp_Cancel_ClientAdmin" finished-at="2023-03-20T14:16:05 IST" duration-ms="61647" status="PASS">
          <reporter-output>
          </reporter-output>
        </test-method> <!-- TC28_RegisterNewClientApp_Cancel_ClientAdmin -->
        <test-method signature="TC29_Login_ServiceDeskUser()[pri:0, instance:Test_Suite.ClientPortal_RegressionSuite@402c4085]" started-at="2023-03-20T14:16:05 IST" name="TC29_Login_ServiceDeskUser" finished-at="2023-03-20T14:16:35 IST" duration-ms="30598" status="PASS">
          <reporter-output>
          </reporter-output>
        </test-method> <!-- TC29_Login_ServiceDeskUser -->
        <test-method signature="TC30_RegisterNewUser_Negative_Scenarios_SDUser()[pri:0, instance:Test_Suite.ClientPortal_RegressionSuite@402c4085]" started-at="2023-03-20T14:16:35 IST" name="TC30_RegisterNewUser_Negative_Scenarios_SDUser" finished-at="2023-03-20T14:16:58 IST" duration-ms="23225" status="PASS">
          <reporter-output>
          </reporter-output>
        </test-method> <!-- TC30_RegisterNewUser_Negative_Scenarios_SDUser -->
        <test-method signature="TC31_RegisterNewUser_SDUser()[pri:0, instance:Test_Suite.ClientPortal_RegressionSuite@402c4085]" started-at="2023-03-20T14:16:58 IST" name="TC31_RegisterNewUser_SDUser" finished-at="2023-03-20T14:17:17 IST" duration-ms="18404" status="PASS">
          <reporter-output>
          </reporter-output>
        </test-method> <!-- TC31_RegisterNewUser_SDUser -->
        <test-method is-config="true" signature="CloseBrowser()[pri:0, instance:Test_Suite.ClientPortal_RegressionSuite@402c4085]" started-at="2023-03-20T14:17:17 IST" name="CloseBrowser" finished-at="2023-03-20T14:17:18 IST" duration-ms="1494" status="PASS">
          <reporter-output>
          </reporter-output>
        </test-method> <!-- CloseBrowser -->
      </class> <!-- Test_Suite.ClientPortal_RegressionSuite -->
    </test> <!-- Default test -->
  </suite> <!-- Default suite -->
</testng-results>
