<?xml version="1.0" encoding="UTF-8"?>
<testng-results ignored="1" total="2" passed="1" failed="0" skipped="0">
  <reporter-output>
  </reporter-output>
  <suite started-at="2023-07-10T17:59:40 IST" name="Default suite" finished-at="2023-07-10T18:02:31 IST" duration-ms="170750">
    <groups>
    </groups>
    <test started-at="2023-07-10T17:59:40 IST" name="Default test" finished-at="2023-07-10T18:02:31 IST" duration-ms="170750">
      <class name="Test_Suite.StoreFront_Validate_CLP">
        <test-method is-config="true" signature="initiate(org.testng.ITestContext,java.lang.String)[pri:0, instance:Test_Suite.StoreFront_Validate_CLP@1165b38]" started-at="2023-07-10T17:59:40 IST" name="initiate" finished-at="2023-07-10T17:59:48 IST" duration-ms="8270" status="PASS">
          <params>
            <param index="0">
              <value>
                <![CDATA[org.testng.TestRunner@443a53df]]>
              </value>
            </param>
            <param index="1">
              <value>
                <![CDATA[chrome]]>
              </value>
            </param>
          </params>
          <reporter-output>
          </reporter-output>
        </test-method> <!-- initiate -->
        <test-method is-config="true" signature="launchBrowser()[pri:0, instance:Test_Suite.StoreFront_Validate_CLP@1165b38]" started-at="2023-07-10T17:59:48 IST" name="launchBrowser" finished-at="2023-07-10T17:59:48 IST" depends-on-methods="utilities.DriverModule.initiate" duration-ms="158" status="PASS">
          <reporter-output>
          </reporter-output>
        </test-method> <!-- launchBrowser -->
        <test-method is-config="true" signature="nameBefore(java.lang.reflect.Method)[pri:0, instance:Test_Suite.StoreFront_Validate_CLP@1165b38]" started-at="2023-07-10T17:59:48 IST" name="nameBefore" finished-at="2023-07-10T17:59:48 IST" duration-ms="3" status="PASS">
          <params>
            <param index="0">
              <value>
                <![CDATA[public void Test_Suite.StoreFront_Validate_CLP.TC02_ProductDisplayPage() throws java.lang.Exception]]>
              </value>
            </param>
          </params>
          <reporter-output>
          </reporter-output>
        </test-method> <!-- nameBefore -->
        <test-method signature="TC02_ProductDisplayPage()[pri:0, instance:Test_Suite.StoreFront_Validate_CLP@1165b38]" started-at="2023-07-10T17:59:48 IST" name="TC02_ProductDisplayPage" finished-at="2023-07-10T18:02:27 IST" duration-ms="159075" status="PASS">
          <reporter-output>
          </reporter-output>
        </test-method> <!-- TC02_ProductDisplayPage -->
        <test-method is-config="true" signature="nameAfter(java.lang.reflect.Method)[pri:0, instance:Test_Suite.StoreFront_Validate_CLP@1165b38]" started-at="2023-07-10T18:02:28 IST" name="nameAfter" finished-at="2023-07-10T18:02:28 IST" duration-ms="3" status="PASS">
          <params>
            <param index="0">
              <value>
                <![CDATA[public void Test_Suite.StoreFront_Validate_CLP.TC02_ProductDisplayPage() throws java.lang.Exception]]>
              </value>
            </param>
          </params>
          <reporter-output>
          </reporter-output>
        </test-method> <!-- nameAfter -->
        <test-method is-config="true" signature="CloseBrowser()[pri:0, instance:Test_Suite.StoreFront_Validate_CLP@1165b38]" started-at="2023-07-10T18:02:28 IST" name="CloseBrowser" finished-at="2023-07-10T18:02:31 IST" duration-ms="3075" status="PASS">
          <reporter-output>
          </reporter-output>
        </test-method> <!-- CloseBrowser -->
      </class> <!-- Test_Suite.StoreFront_Validate_CLP -->
    </test> <!-- Default test -->
  </suite> <!-- Default suite -->
</testng-results>
