<?xml version="1.0" encoding="UTF-8"?>
<testng-results ignored="3" total="15" passed="12" failed="0" skipped="0">
  <reporter-output>
  </reporter-output>
  <suite started-at="2023-04-17T16:27:59 IST" name="PPE_Regression" finished-at="2023-04-17T16:34:53 IST" duration-ms="414612">
    <groups>
    </groups>
    <test started-at="2023-04-17T16:27:59 IST" name="VET_Test_Suite" finished-at="2023-04-17T16:34:53 IST" duration-ms="414612">
      <class name="TestSuite.WileyPLUS_Prod_Test_Suite">
        <test-method is-config="true" signature="initiate(org.testng.ITestContext,java.lang.String)[pri:0, instance:TestSuite.WileyPLUS_Prod_Test_Suite@57a78e3]" started-at="2023-04-17T16:27:59 IST" name="initiate" finished-at="2023-04-17T16:28:05 IST" duration-ms="6663" status="PASS">
          <params>
            <param index="0">
              <value>
                <![CDATA[org.testng.TestRunner@11adab6d]]>
              </value>
            </param>
            <param index="1">
              <value>
                <![CDATA[edge]]>
              </value>
            </param>
          </params>
          <reporter-output>
          </reporter-output>
        </test-method> <!-- initiate -->
        <test-method is-config="true" signature="launchBrowser()[pri:0, instance:TestSuite.WileyPLUS_Prod_Test_Suite@57a78e3]" started-at="2023-04-17T16:28:05 IST" name="launchBrowser" finished-at="2023-04-17T16:28:05 IST" depends-on-methods="utilities.DriverModule.initiate" duration-ms="122" status="PASS">
          <reporter-output>
          </reporter-output>
        </test-method> <!-- launchBrowser -->
        <test-method is-config="true" signature="nameBefore(java.lang.reflect.Method)[pri:0, instance:TestSuite.WileyPLUS_Prod_Test_Suite@57a78e3]" started-at="2023-04-17T16:28:06 IST" name="nameBefore" finished-at="2023-04-17T16:28:06 IST" duration-ms="1" status="PASS">
          <params>
            <param index="0">
              <value>
                <![CDATA[public void TestSuite.WileyPLUS_Prod_Test_Suite.TC01_SRP_For_WileyPLUS() throws java.io.IOException]]>
              </value>
            </param>
          </params>
          <reporter-output>
          </reporter-output>
        </test-method> <!-- nameBefore -->
        <test-method signature="TC01_SRP_For_WileyPLUS()[pri:0, instance:TestSuite.WileyPLUS_Prod_Test_Suite@57a78e3]" started-at="2023-04-17T16:28:06 IST" name="TC01_SRP_For_WileyPLUS" finished-at="2023-04-17T16:28:50 IST" duration-ms="44091" status="PASS">
          <reporter-output>
          </reporter-output>
        </test-method> <!-- TC01_SRP_For_WileyPLUS -->
        <test-method is-config="true" signature="nameAfter(java.lang.reflect.Method)[pri:0, instance:TestSuite.WileyPLUS_Prod_Test_Suite@57a78e3]" started-at="2023-04-17T16:28:50 IST" name="nameAfter" finished-at="2023-04-17T16:28:50 IST" duration-ms="2" status="PASS">
          <params>
            <param index="0">
              <value>
                <![CDATA[public void TestSuite.WileyPLUS_Prod_Test_Suite.TC01_SRP_For_WileyPLUS() throws java.io.IOException]]>
              </value>
            </param>
          </params>
          <reporter-output>
          </reporter-output>
        </test-method> <!-- nameAfter -->
        <test-method is-config="true" signature="nameBefore(java.lang.reflect.Method)[pri:0, instance:TestSuite.WileyPLUS_Prod_Test_Suite@57a78e3]" started-at="2023-04-17T16:28:50 IST" name="nameBefore" finished-at="2023-04-17T16:28:50 IST" duration-ms="1" status="PASS">
          <params>
            <param index="0">
              <value>
                <![CDATA[public void TestSuite.WileyPLUS_Prod_Test_Suite.TC02_PLP_For_WileyPLUS() throws java.io.IOException]]>
              </value>
            </param>
          </params>
          <reporter-output>
          </reporter-output>
        </test-method> <!-- nameBefore -->
        <test-method signature="TC02_PLP_For_WileyPLUS()[pri:0, instance:TestSuite.WileyPLUS_Prod_Test_Suite@57a78e3]" started-at="2023-04-17T16:28:50 IST" name="TC02_PLP_For_WileyPLUS" finished-at="2023-04-17T16:29:30 IST" duration-ms="40264" status="PASS">
          <reporter-output>
          </reporter-output>
        </test-method> <!-- TC02_PLP_For_WileyPLUS -->
        <test-method is-config="true" signature="nameAfter(java.lang.reflect.Method)[pri:0, instance:TestSuite.WileyPLUS_Prod_Test_Suite@57a78e3]" started-at="2023-04-17T16:29:30 IST" name="nameAfter" finished-at="2023-04-17T16:29:30 IST" duration-ms="1" status="PASS">
          <params>
            <param index="0">
              <value>
                <![CDATA[public void TestSuite.WileyPLUS_Prod_Test_Suite.TC02_PLP_For_WileyPLUS() throws java.io.IOException]]>
              </value>
            </param>
          </params>
          <reporter-output>
          </reporter-output>
        </test-method> <!-- nameAfter -->
        <test-method is-config="true" signature="nameBefore(java.lang.reflect.Method)[pri:0, instance:TestSuite.WileyPLUS_Prod_Test_Suite@57a78e3]" started-at="2023-04-17T16:29:30 IST" name="nameBefore" finished-at="2023-04-17T16:29:30 IST" duration-ms="1" status="PASS">
          <params>
            <param index="0">
              <value>
                <![CDATA[public void TestSuite.WileyPLUS_Prod_Test_Suite.TC03_EGRIP_Search_For_WileyPLUS() throws java.io.IOException]]>
              </value>
            </param>
          </params>
          <reporter-output>
          </reporter-output>
        </test-method> <!-- nameBefore -->
        <test-method signature="TC03_EGRIP_Search_For_WileyPLUS()[pri:0, instance:TestSuite.WileyPLUS_Prod_Test_Suite@57a78e3]" started-at="2023-04-17T16:29:30 IST" name="TC03_EGRIP_Search_For_WileyPLUS" finished-at="2023-04-17T16:30:00 IST" duration-ms="30352" status="PASS">
          <reporter-output>
          </reporter-output>
        </test-method> <!-- TC03_EGRIP_Search_For_WileyPLUS -->
        <test-method is-config="true" signature="nameAfter(java.lang.reflect.Method)[pri:0, instance:TestSuite.WileyPLUS_Prod_Test_Suite@57a78e3]" started-at="2023-04-17T16:30:00 IST" name="nameAfter" finished-at="2023-04-17T16:30:00 IST" duration-ms="0" status="PASS">
          <params>
            <param index="0">
              <value>
                <![CDATA[public void TestSuite.WileyPLUS_Prod_Test_Suite.TC03_EGRIP_Search_For_WileyPLUS() throws java.io.IOException]]>
              </value>
            </param>
          </params>
          <reporter-output>
          </reporter-output>
        </test-method> <!-- nameAfter -->
        <test-method is-config="true" signature="nameBefore(java.lang.reflect.Method)[pri:0, instance:TestSuite.WileyPLUS_Prod_Test_Suite@57a78e3]" started-at="2023-04-17T16:30:00 IST" name="nameBefore" finished-at="2023-04-17T16:30:00 IST" duration-ms="43" status="PASS">
          <params>
            <param index="0">
              <value>
                <![CDATA[public void TestSuite.WileyPLUS_Prod_Test_Suite.TC04_Bundle_Search_For_WileyPLUS() throws java.io.IOException]]>
              </value>
            </param>
          </params>
          <reporter-output>
          </reporter-output>
        </test-method> <!-- nameBefore -->
        <test-method signature="TC04_Bundle_Search_For_WileyPLUS()[pri:0, instance:TestSuite.WileyPLUS_Prod_Test_Suite@57a78e3]" started-at="2023-04-17T16:30:00 IST" name="TC04_Bundle_Search_For_WileyPLUS" finished-at="2023-04-17T16:30:38 IST" duration-ms="37214" status="PASS">
          <reporter-output>
          </reporter-output>
        </test-method> <!-- TC04_Bundle_Search_For_WileyPLUS -->
        <test-method is-config="true" signature="nameAfter(java.lang.reflect.Method)[pri:0, instance:TestSuite.WileyPLUS_Prod_Test_Suite@57a78e3]" started-at="2023-04-17T16:30:38 IST" name="nameAfter" finished-at="2023-04-17T16:30:38 IST" duration-ms="1" status="PASS">
          <params>
            <param index="0">
              <value>
                <![CDATA[public void TestSuite.WileyPLUS_Prod_Test_Suite.TC04_Bundle_Search_For_WileyPLUS() throws java.io.IOException]]>
              </value>
            </param>
          </params>
          <reporter-output>
          </reporter-output>
        </test-method> <!-- nameAfter -->
        <test-method is-config="true" signature="nameBefore(java.lang.reflect.Method)[pri:0, instance:TestSuite.WileyPLUS_Prod_Test_Suite@57a78e3]" started-at="2023-04-17T16:30:38 IST" name="nameBefore" finished-at="2023-04-17T16:30:38 IST" duration-ms="1" status="PASS">
          <params>
            <param index="0">
              <value>
                <![CDATA[public void TestSuite.WileyPLUS_Prod_Test_Suite.TC05_Check_If_URL_Not_Truncated_For_WileyPLUS() throws java.io.IOException]]>
              </value>
            </param>
          </params>
          <reporter-output>
          </reporter-output>
        </test-method> <!-- nameBefore -->
        <test-method signature="TC05_Check_If_URL_Not_Truncated_For_WileyPLUS()[pri:0, instance:TestSuite.WileyPLUS_Prod_Test_Suite@57a78e3]" started-at="2023-04-17T16:30:38 IST" name="TC05_Check_If_URL_Not_Truncated_For_WileyPLUS" finished-at="2023-04-17T16:31:01 IST" duration-ms="23694" status="PASS">
          <reporter-output>
          </reporter-output>
        </test-method> <!-- TC05_Check_If_URL_Not_Truncated_For_WileyPLUS -->
        <test-method is-config="true" signature="nameAfter(java.lang.reflect.Method)[pri:0, instance:TestSuite.WileyPLUS_Prod_Test_Suite@57a78e3]" started-at="2023-04-17T16:31:01 IST" name="nameAfter" finished-at="2023-04-17T16:31:01 IST" duration-ms="1" status="PASS">
          <params>
            <param index="0">
              <value>
                <![CDATA[public void TestSuite.WileyPLUS_Prod_Test_Suite.TC05_Check_If_URL_Not_Truncated_For_WileyPLUS() throws java.io.IOException]]>
              </value>
            </param>
          </params>
          <reporter-output>
          </reporter-output>
        </test-method> <!-- nameAfter -->
        <test-method is-config="true" signature="nameBefore(java.lang.reflect.Method)[pri:0, instance:TestSuite.WileyPLUS_Prod_Test_Suite@57a78e3]" started-at="2023-04-17T16:31:01 IST" name="nameBefore" finished-at="2023-04-17T16:31:01 IST" duration-ms="1" status="PASS">
          <params>
            <param index="0">
              <value>
                <![CDATA[public void TestSuite.WileyPLUS_Prod_Test_Suite.TC06_Format_Facet_WileyPLUS() throws java.io.IOException]]>
              </value>
            </param>
          </params>
          <reporter-output>
          </reporter-output>
        </test-method> <!-- nameBefore -->
        <test-method signature="TC06_Format_Facet_WileyPLUS()[pri:0, instance:TestSuite.WileyPLUS_Prod_Test_Suite@57a78e3]" started-at="2023-04-17T16:31:01 IST" name="TC06_Format_Facet_WileyPLUS" finished-at="2023-04-17T16:31:26 IST" duration-ms="24998" status="PASS">
          <reporter-output>
          </reporter-output>
        </test-method> <!-- TC06_Format_Facet_WileyPLUS -->
        <test-method is-config="true" signature="nameBefore(java.lang.reflect.Method)[pri:0, instance:TestSuite.WileyPLUS_Prod_Test_Suite@57a78e3]" started-at="2023-04-17T16:31:26 IST" name="nameBefore" finished-at="2023-04-17T16:31:26 IST" duration-ms="1" status="PASS">
          <params>
            <param index="0">
              <value>
                <![CDATA[public void TestSuite.WileyPLUS_Prod_Test_Suite.TC07_Verify_Additional_UI_Adjustments_WileyPLUS_PDP() throws java.io.IOException]]>
              </value>
            </param>
          </params>
          <reporter-output>
          </reporter-output>
        </test-method> <!-- nameBefore -->
        <test-method is-config="true" signature="nameAfter(java.lang.reflect.Method)[pri:0, instance:TestSuite.WileyPLUS_Prod_Test_Suite@57a78e3]" started-at="2023-04-17T16:31:26 IST" name="nameAfter" finished-at="2023-04-17T16:31:26 IST" duration-ms="0" status="PASS">
          <params>
            <param index="0">
              <value>
                <![CDATA[public void TestSuite.WileyPLUS_Prod_Test_Suite.TC06_Format_Facet_WileyPLUS() throws java.io.IOException]]>
              </value>
            </param>
          </params>
          <reporter-output>
          </reporter-output>
        </test-method> <!-- nameAfter -->
        <test-method signature="TC07_Verify_Additional_UI_Adjustments_WileyPLUS_PDP()[pri:0, instance:TestSuite.WileyPLUS_Prod_Test_Suite@57a78e3]" started-at="2023-04-17T16:31:26 IST" name="TC07_Verify_Additional_UI_Adjustments_WileyPLUS_PDP" finished-at="2023-04-17T16:32:14 IST" duration-ms="47660" status="PASS">
          <reporter-output>
          </reporter-output>
        </test-method> <!-- TC07_Verify_Additional_UI_Adjustments_WileyPLUS_PDP -->
        <test-method is-config="true" signature="nameAfter(java.lang.reflect.Method)[pri:0, instance:TestSuite.WileyPLUS_Prod_Test_Suite@57a78e3]" started-at="2023-04-17T16:32:14 IST" name="nameAfter" finished-at="2023-04-17T16:32:14 IST" duration-ms="0" status="PASS">
          <params>
            <param index="0">
              <value>
                <![CDATA[public void TestSuite.WileyPLUS_Prod_Test_Suite.TC07_Verify_Additional_UI_Adjustments_WileyPLUS_PDP() throws java.io.IOException]]>
              </value>
            </param>
          </params>
          <reporter-output>
          </reporter-output>
        </test-method> <!-- nameAfter -->
        <test-method signature="TC08_Validate_Percentage_In_Multiple_Term()[pri:0, instance:TestSuite.WileyPLUS_Prod_Test_Suite@57a78e3]" started-at="2023-04-17T16:32:14 IST" name="TC08_Validate_Percentage_In_Multiple_Term" finished-at="2023-04-17T16:32:42 IST" duration-ms="28346" status="PASS">
          <reporter-output>
          </reporter-output>
        </test-method> <!-- TC08_Validate_Percentage_In_Multiple_Term -->
        <test-method is-config="true" signature="nameBefore(java.lang.reflect.Method)[pri:0, instance:TestSuite.WileyPLUS_Prod_Test_Suite@57a78e3]" started-at="2023-04-17T16:32:14 IST" name="nameBefore" finished-at="2023-04-17T16:32:14 IST" duration-ms="0" status="PASS">
          <params>
            <param index="0">
              <value>
                <![CDATA[public void TestSuite.WileyPLUS_Prod_Test_Suite.TC08_Validate_Percentage_In_Multiple_Term() throws java.io.IOException]]>
              </value>
            </param>
          </params>
          <reporter-output>
          </reporter-output>
        </test-method> <!-- nameBefore -->
        <test-method is-config="true" signature="nameAfter(java.lang.reflect.Method)[pri:0, instance:TestSuite.WileyPLUS_Prod_Test_Suite@57a78e3]" started-at="2023-04-17T16:32:42 IST" name="nameAfter" finished-at="2023-04-17T16:32:42 IST" duration-ms="1" status="PASS">
          <params>
            <param index="0">
              <value>
                <![CDATA[public void TestSuite.WileyPLUS_Prod_Test_Suite.TC08_Validate_Percentage_In_Multiple_Term() throws java.io.IOException]]>
              </value>
            </param>
          </params>
          <reporter-output>
          </reporter-output>
        </test-method> <!-- nameAfter -->
        <test-method signature="TC09_PDP_UI_For_WileyPLUS()[pri:0, instance:TestSuite.WileyPLUS_Prod_Test_Suite@57a78e3]" started-at="2023-04-17T16:32:42 IST" name="TC09_PDP_UI_For_WileyPLUS" finished-at="2023-04-17T16:33:15 IST" duration-ms="32515" status="PASS">
          <reporter-output>
          </reporter-output>
        </test-method> <!-- TC09_PDP_UI_For_WileyPLUS -->
        <test-method is-config="true" signature="nameBefore(java.lang.reflect.Method)[pri:0, instance:TestSuite.WileyPLUS_Prod_Test_Suite@57a78e3]" started-at="2023-04-17T16:32:42 IST" name="nameBefore" finished-at="2023-04-17T16:32:42 IST" duration-ms="0" status="PASS">
          <params>
            <param index="0">
              <value>
                <![CDATA[public void TestSuite.WileyPLUS_Prod_Test_Suite.TC09_PDP_UI_For_WileyPLUS() throws java.io.IOException]]>
              </value>
            </param>
          </params>
          <reporter-output>
          </reporter-output>
        </test-method> <!-- nameBefore -->
        <test-method is-config="true" signature="nameAfter(java.lang.reflect.Method)[pri:0, instance:TestSuite.WileyPLUS_Prod_Test_Suite@57a78e3]" started-at="2023-04-17T16:33:15 IST" name="nameAfter" finished-at="2023-04-17T16:33:15 IST" duration-ms="1" status="PASS">
          <params>
            <param index="0">
              <value>
                <![CDATA[public void TestSuite.WileyPLUS_Prod_Test_Suite.TC09_PDP_UI_For_WileyPLUS() throws java.io.IOException]]>
              </value>
            </param>
          </params>
          <reporter-output>
          </reporter-output>
        </test-method> <!-- nameAfter -->
        <test-method is-config="true" signature="nameBefore(java.lang.reflect.Method)[pri:0, instance:TestSuite.WileyPLUS_Prod_Test_Suite@57a78e3]" started-at="2023-04-17T16:33:15 IST" name="nameBefore" finished-at="2023-04-17T16:33:15 IST" duration-ms="15" status="PASS">
          <params>
            <param index="0">
              <value>
                <![CDATA[public void TestSuite.WileyPLUS_Prod_Test_Suite.TC10_WileyPLUS_Set_To_MultiTerm_Default() throws java.io.IOException]]>
              </value>
            </param>
          </params>
          <reporter-output>
          </reporter-output>
        </test-method> <!-- nameBefore -->
        <test-method signature="TC10_WileyPLUS_Set_To_MultiTerm_Default()[pri:0, instance:TestSuite.WileyPLUS_Prod_Test_Suite@57a78e3]" started-at="2023-04-17T16:33:15 IST" name="TC10_WileyPLUS_Set_To_MultiTerm_Default" finished-at="2023-04-17T16:33:36 IST" duration-ms="21082" status="PASS">
          <reporter-output>
          </reporter-output>
        </test-method> <!-- TC10_WileyPLUS_Set_To_MultiTerm_Default -->
        <test-method is-config="true" signature="nameAfter(java.lang.reflect.Method)[pri:0, instance:TestSuite.WileyPLUS_Prod_Test_Suite@57a78e3]" started-at="2023-04-17T16:33:36 IST" name="nameAfter" finished-at="2023-04-17T16:33:36 IST" duration-ms="4" status="PASS">
          <params>
            <param index="0">
              <value>
                <![CDATA[public void TestSuite.WileyPLUS_Prod_Test_Suite.TC10_WileyPLUS_Set_To_MultiTerm_Default() throws java.io.IOException]]>
              </value>
            </param>
          </params>
          <reporter-output>
          </reporter-output>
        </test-method> <!-- nameAfter -->
        <test-method is-config="true" signature="nameBefore(java.lang.reflect.Method)[pri:0, instance:TestSuite.WileyPLUS_Prod_Test_Suite@57a78e3]" started-at="2023-04-17T16:33:36 IST" name="nameBefore" finished-at="2023-04-17T16:33:36 IST" duration-ms="1" status="PASS">
          <params>
            <param index="0">
              <value>
                <![CDATA[public void TestSuite.WileyPLUS_Prod_Test_Suite.TC11_New_Tab_Opened_After_Clicking_Login_To_WileyPLUS_Button() throws java.io.IOException]]>
              </value>
            </param>
          </params>
          <reporter-output>
          </reporter-output>
        </test-method> <!-- nameBefore -->
        <test-method signature="TC11_New_Tab_Opened_After_Clicking_Login_To_WileyPLUS_Button()[pri:0, instance:TestSuite.WileyPLUS_Prod_Test_Suite@57a78e3]" started-at="2023-04-17T16:33:36 IST" name="TC11_New_Tab_Opened_After_Clicking_Login_To_WileyPLUS_Button" finished-at="2023-04-17T16:34:01 IST" duration-ms="25353" status="PASS">
          <reporter-output>
          </reporter-output>
        </test-method> <!-- TC11_New_Tab_Opened_After_Clicking_Login_To_WileyPLUS_Button -->
        <test-method is-config="true" signature="nameAfter(java.lang.reflect.Method)[pri:0, instance:TestSuite.WileyPLUS_Prod_Test_Suite@57a78e3]" started-at="2023-04-17T16:34:01 IST" name="nameAfter" finished-at="2023-04-17T16:34:01 IST" duration-ms="0" status="PASS">
          <params>
            <param index="0">
              <value>
                <![CDATA[public void TestSuite.WileyPLUS_Prod_Test_Suite.TC11_New_Tab_Opened_After_Clicking_Login_To_WileyPLUS_Button() throws java.io.IOException]]>
              </value>
            </param>
          </params>
          <reporter-output>
          </reporter-output>
        </test-method> <!-- nameAfter -->
        <test-method signature="TC15_Check_ISBN_Not_Preset_In_WileyPLUS_PDP()[pri:0, instance:TestSuite.WileyPLUS_Prod_Test_Suite@57a78e3]" started-at="2023-04-17T16:34:01 IST" name="TC15_Check_ISBN_Not_Preset_In_WileyPLUS_PDP" finished-at="2023-04-17T16:34:46 IST" duration-ms="44800" status="PASS">
          <reporter-output>
          </reporter-output>
        </test-method> <!-- TC15_Check_ISBN_Not_Preset_In_WileyPLUS_PDP -->
        <test-method is-config="true" signature="nameBefore(java.lang.reflect.Method)[pri:0, instance:TestSuite.WileyPLUS_Prod_Test_Suite@57a78e3]" started-at="2023-04-17T16:34:01 IST" name="nameBefore" finished-at="2023-04-17T16:34:01 IST" duration-ms="0" status="PASS">
          <params>
            <param index="0">
              <value>
                <![CDATA[public void TestSuite.WileyPLUS_Prod_Test_Suite.TC15_Check_ISBN_Not_Preset_In_WileyPLUS_PDP() throws java.io.IOException]]>
              </value>
            </param>
          </params>
          <reporter-output>
          </reporter-output>
        </test-method> <!-- nameBefore -->
        <test-method is-config="true" signature="nameAfter(java.lang.reflect.Method)[pri:0, instance:TestSuite.WileyPLUS_Prod_Test_Suite@57a78e3]" started-at="2023-04-17T16:34:46 IST" name="nameAfter" finished-at="2023-04-17T16:34:46 IST" duration-ms="1" status="PASS">
          <params>
            <param index="0">
              <value>
                <![CDATA[public void TestSuite.WileyPLUS_Prod_Test_Suite.TC15_Check_ISBN_Not_Preset_In_WileyPLUS_PDP() throws java.io.IOException]]>
              </value>
            </param>
          </params>
          <reporter-output>
          </reporter-output>
        </test-method> <!-- nameAfter -->
        <test-method is-config="true" signature="CloseBrowser()[pri:0, instance:TestSuite.WileyPLUS_Prod_Test_Suite@57a78e3]" started-at="2023-04-17T16:34:46 IST" name="CloseBrowser" finished-at="2023-04-17T16:34:53 IST" duration-ms="7165" status="FAIL">
          <exception class="org.openqa.selenium.NoSuchSessionException">
            <message>
              <![CDATA[Tried to run command without establishing a connection
Build info: version: '4.8.3', revision: 'e5e76298c3'
System info: os.name: 'Windows 10', os.arch: 'amd64', os.version: '10.0', java.version: '17.0.5'
Driver info: org.openqa.selenium.firefox.FirefoxDriver
Command: [14f749dc-eca5-46fb-8fb1-f9eca0c92a51, quit {}]
Capabilities {acceptInsecureCerts: true, browserName: firefox, browserVersion: 111.0.1, moz:accessibilityChecks: false, moz:buildID: 20230321111920, moz:debuggerAddress: 127.0.0.1:13223, moz:geckodriverVersion: 0.33.0, moz:headless: false, moz:platformVersion: 10.0, moz:processID: 4048, moz:profile: C:\Users\arakshit\AppData\L..., moz:shutdownTimeout: 60000, moz:useNonSpecCompliantPointerOrigin: false, moz:webdriverClick: true, moz:windowless: false, pageLoadStrategy: normal, platformName: WINDOWS, proxy: Proxy(), se:cdp: ws://127.0.0.1:13223/devtoo..., se:cdpVersion: 85.0, setWindowRect: true, strictFileInteractability: false, timeouts: {implicit: 0, pageLoad: 300000, script: 30000}, unhandledPromptBehavior: dismiss and notify}
Session ID: 14f749dc-eca5-46fb-8fb1-f9eca0c92a51]]>
            </message>
            <full-stacktrace>
              <![CDATA[org.openqa.selenium.NoSuchSessionException: Tried to run command without establishing a connection
Build info: version: '4.8.3', revision: 'e5e76298c3'
System info: os.name: 'Windows 10', os.arch: 'amd64', os.version: '10.0', java.version: '17.0.5'
Driver info: org.openqa.selenium.firefox.FirefoxDriver
Command: [14f749dc-eca5-46fb-8fb1-f9eca0c92a51, quit {}]
Capabilities {acceptInsecureCerts: true, browserName: firefox, browserVersion: 111.0.1, moz:accessibilityChecks: false, moz:buildID: 20230321111920, moz:debuggerAddress: 127.0.0.1:13223, moz:geckodriverVersion: 0.33.0, moz:headless: false, moz:platformVersion: 10.0, moz:processID: 4048, moz:profile: C:\Users\arakshit\AppData\L..., moz:shutdownTimeout: 60000, moz:useNonSpecCompliantPointerOrigin: false, moz:webdriverClick: true, moz:windowless: false, pageLoadStrategy: normal, platformName: WINDOWS, proxy: Proxy(), se:cdp: ws://127.0.0.1:13223/devtoo..., se:cdpVersion: 85.0, setWindowRect: true, strictFileInteractability: false, timeouts: {implicit: 0, pageLoad: 300000, script: 30000}, unhandledPromptBehavior: dismiss and notify}
Session ID: 14f749dc-eca5-46fb-8fb1-f9eca0c92a51
at java.base/jdk.internal.reflect.NativeConstructorAccessorImpl.newInstance0(Native Method)
at java.base/jdk.internal.reflect.NativeConstructorAccessorImpl.newInstance(NativeConstructorAccessorImpl.java:77)
at java.base/jdk.internal.reflect.DelegatingConstructorAccessorImpl.newInstance(DelegatingConstructorAccessorImpl.java:45)
at java.base/java.lang.reflect.Constructor.newInstanceWithCaller(Constructor.java:499)
at java.base/java.lang.reflect.Constructor.newInstance(Constructor.java:480)
at org.openqa.selenium.remote.codec.w3c.W3CHttpResponseCodec.createException(W3CHttpResponseCodec.java:200)
at org.openqa.selenium.remote.codec.w3c.W3CHttpResponseCodec.decode(W3CHttpResponseCodec.java:133)
at org.openqa.selenium.remote.codec.w3c.W3CHttpResponseCodec.decode(W3CHttpResponseCodec.java:53)
at org.openqa.selenium.remote.HttpCommandExecutor.execute(HttpCommandExecutor.java:193)
at org.openqa.selenium.remote.service.DriverCommandExecutor.invokeExecute(DriverCommandExecutor.java:183)
at org.openqa.selenium.remote.service.DriverCommandExecutor.lambda$execute$1(DriverCommandExecutor.java:121)
at java.base/java.util.concurrent.CompletableFuture$AsyncSupply.run(CompletableFuture.java:1768)
at java.base/java.util.concurrent.ThreadPoolExecutor.runWorker(ThreadPoolExecutor.java:1136)
at java.base/java.util.concurrent.ThreadPoolExecutor$Worker.run(ThreadPoolExecutor.java:635)
at java.base/java.lang.Thread.run(Thread.java:833)
]]>
            </full-stacktrace>
          </exception> <!-- org.openqa.selenium.NoSuchSessionException -->
          <reporter-output>
          </reporter-output>
        </test-method> <!-- CloseBrowser -->
      </class> <!-- TestSuite.WileyPLUS_Prod_Test_Suite -->
    </test> <!-- VET_Test_Suite -->
  </suite> <!-- PPE_Regression -->
</testng-results>
