<?xml version="1.0" encoding="UTF-8"?>
<testng-results ignored="36" total="37" passed="1" failed="0" skipped="0">
  <reporter-output>
  </reporter-output>
  <suite started-at="2023-02-22T18:47:36 IST" name="Default suite" finished-at="2023-02-22T18:49:30 IST" duration-ms="113957">
    <groups>
    </groups>
    <test started-at="2023-02-22T18:47:36 IST" name="Default test" finished-at="2023-02-22T18:49:30 IST" duration-ms="113957">
      <class name="Test_Suite.Wiley_NA_Cart_Test_Suite">
        <test-method is-config="true" signature="initiate(org.testng.ITestContext)[pri:0, instance:Test_Suite.Wiley_NA_Cart_Test_Suite@4a003cbe]" started-at="2023-02-22T18:47:36 IST" name="initiate" finished-at="2023-02-22T18:47:44 IST" duration-ms="7439" status="PASS">
          <params>
            <param index="0">
              <value>
                <![CDATA[org.testng.TestRunner@60b5e80d]]>
              </value>
            </param>
          </params>
          <reporter-output>
          </reporter-output>
        </test-method> <!-- initiate -->
        <test-method is-config="true" signature="launchBrowser()[pri:0, instance:Test_Suite.Wiley_NA_Cart_Test_Suite@4a003cbe]" started-at="2023-02-22T18:47:44 IST" name="launchBrowser" finished-at="2023-02-22T18:47:44 IST" depends-on-methods="utilities.DriverModule.initiate" duration-ms="87" status="PASS">
          <reporter-output>
          </reporter-output>
        </test-method> <!-- launchBrowser -->
        <test-method signature="TC30_Cart_Merge_Functionality()[pri:0, instance:Test_Suite.Wiley_NA_Cart_Test_Suite@4a003cbe]" started-at="2023-02-22T18:47:44 IST" name="TC30_Cart_Merge_Functionality" finished-at="2023-02-22T18:49:26 IST" duration-ms="101780" status="PASS">
          <reporter-output>
          </reporter-output>
        </test-method> <!-- TC30_Cart_Merge_Functionality -->
        <test-method is-config="true" signature="CloseBrowser()[pri:0, instance:Test_Suite.Wiley_NA_Cart_Test_Suite@4a003cbe]" started-at="2023-02-22T18:49:26 IST" name="CloseBrowser" finished-at="2023-02-22T18:49:30 IST" duration-ms="4566" status="PASS">
          <reporter-output>
          </reporter-output>
        </test-method> <!-- CloseBrowser -->
      </class> <!-- Test_Suite.Wiley_NA_Cart_Test_Suite -->
    </test> <!-- Default test -->
  </suite> <!-- Default suite -->
</testng-results>
