<?xml version="1.0" encoding="UTF-8"?>
<testng-results ignored="14" total="15" passed="1" failed="0" skipped="0">
  <reporter-output>
  </reporter-output>
  <suite started-at="2023-02-21T13:42:08 IST" name="Default suite" finished-at="2023-02-21T13:42:43 IST" duration-ms="34576">
    <groups>
    </groups>
    <test started-at="2023-02-21T13:42:08 IST" name="Default test" finished-at="2023-02-21T13:42:43 IST" duration-ms="34576">
      <class name="Test_Suite.ClientPortal_RegressionSuite">
        <test-method is-config="true" signature="initiate(org.testng.ITestContext)[pri:0, instance:Test_Suite.ClientPortal_RegressionSuite@1a75e76a]" started-at="2023-02-21T13:42:08 IST" name="initiate" finished-at="2023-02-21T13:42:15 IST" duration-ms="6590" status="PASS">
          <params>
            <param index="0">
              <value>
                <![CDATA[org.testng.TestRunner@66d25ba9]]>
              </value>
            </param>
          </params>
          <reporter-output>
          </reporter-output>
        </test-method> <!-- initiate -->
        <test-method is-config="true" signature="initializeRepo()[pri:0, instance:Test_Suite.ClientPortal_RegressionSuite@1a75e76a]" started-at="2023-02-21T13:42:15 IST" name="initializeRepo" finished-at="2023-02-21T13:42:15 IST" depends-on-methods="utilities.DriverModule.initiate" duration-ms="59" status="PASS">
          <reporter-output>
          </reporter-output>
        </test-method> <!-- initializeRepo -->
        <test-method signature="TC12_RegisterNewClientApp_Negative_Scenarios_WPSSupport()[pri:0, instance:Test_Suite.ClientPortal_RegressionSuite@1a75e76a]" started-at="2023-02-21T13:42:15 IST" name="TC12_RegisterNewClientApp_Negative_Scenarios_WPSSupport" finished-at="2023-02-21T13:42:41 IST" duration-ms="26406" status="PASS">
          <reporter-output>
          </reporter-output>
        </test-method> <!-- TC12_RegisterNewClientApp_Negative_Scenarios_WPSSupport -->
        <test-method is-config="true" signature="CloseBrowser()[pri:0, instance:Test_Suite.ClientPortal_RegressionSuite@1a75e76a]" started-at="2023-02-21T13:42:41 IST" name="CloseBrowser" finished-at="2023-02-21T13:42:43 IST" duration-ms="1454" status="PASS">
          <reporter-output>
          </reporter-output>
        </test-method> <!-- CloseBrowser -->
      </class> <!-- Test_Suite.ClientPortal_RegressionSuite -->
    </test> <!-- Default test -->
  </suite> <!-- Default suite -->
</testng-results>
