<?xml version="1.0" encoding="UTF-8"?>
<testng-results ignored="15" total="16" passed="1" failed="0" skipped="0">
  <reporter-output>
  </reporter-output>
  <suite started-at="2023-02-21T13:56:04 IST" name="Default suite" finished-at="2023-02-21T13:56:40 IST" duration-ms="35754">
    <groups>
    </groups>
    <test started-at="2023-02-21T13:56:04 IST" name="Default test" finished-at="2023-02-21T13:56:40 IST" duration-ms="35754">
      <class name="Test_Suite.ClientPortal_RegressionSuite">
        <test-method is-config="true" signature="initiate(org.testng.ITestContext)[pri:0, instance:Test_Suite.ClientPortal_RegressionSuite@5524cca1]" started-at="2023-02-21T13:56:04 IST" name="initiate" finished-at="2023-02-21T13:56:13 IST" duration-ms="8612" status="PASS">
          <params>
            <param index="0">
              <value>
                <![CDATA[org.testng.TestRunner@7fbf26fc]]>
              </value>
            </param>
          </params>
          <reporter-output>
          </reporter-output>
        </test-method> <!-- initiate -->
        <test-method is-config="true" signature="initializeRepo()[pri:0, instance:Test_Suite.ClientPortal_RegressionSuite@5524cca1]" started-at="2023-02-21T13:56:13 IST" name="initializeRepo" finished-at="2023-02-21T13:56:13 IST" depends-on-methods="utilities.DriverModule.initiate" duration-ms="67" status="PASS">
          <reporter-output>
          </reporter-output>
        </test-method> <!-- initializeRepo -->
        <test-method signature="TC27_RegisterNewClientApp_Negative_Scenarios_ClientAdmin()[pri:0, instance:Test_Suite.ClientPortal_RegressionSuite@5524cca1]" started-at="2023-02-21T13:56:13 IST" name="TC27_RegisterNewClientApp_Negative_Scenarios_ClientAdmin" finished-at="2023-02-21T13:56:38 IST" duration-ms="25071" status="PASS">
          <reporter-output>
          </reporter-output>
        </test-method> <!-- TC27_RegisterNewClientApp_Negative_Scenarios_ClientAdmin -->
        <test-method is-config="true" signature="CloseBrowser()[pri:0, instance:Test_Suite.ClientPortal_RegressionSuite@5524cca1]" started-at="2023-02-21T13:56:38 IST" name="CloseBrowser" finished-at="2023-02-21T13:56:40 IST" duration-ms="1942" status="PASS">
          <reporter-output>
          </reporter-output>
        </test-method> <!-- CloseBrowser -->
      </class> <!-- Test_Suite.ClientPortal_RegressionSuite -->
    </test> <!-- Default test -->
  </suite> <!-- Default suite -->
</testng-results>
