<?xml version="1.0" encoding="UTF-8"?>
<testng-results ignored="23" total="26" passed="3" failed="0" skipped="0">
  <reporter-output>
  </reporter-output>
  <suite started-at="2023-03-16T16:10:02 IST" name="WPS_Regression" finished-at="2023-03-16T16:12:21 IST" duration-ms="138512">
    <groups>
    </groups>
    <test started-at="2023-03-16T16:10:02 IST" name="Test_Suite" finished-at="2023-03-16T16:12:21 IST" duration-ms="138512">
      <class name="Test_Suite.ClientPortal_RegressionSuite">
        <test-method is-config="true" signature="initiate(org.testng.ITestContext)[pri:0, instance:Test_Suite.ClientPortal_RegressionSuite@4a83a74a]" started-at="2023-03-16T16:10:02 IST" name="initiate" finished-at="2023-03-16T16:10:11 IST" duration-ms="8363" status="PASS">
          <params>
            <param index="0">
              <value>
                <![CDATA[org.testng.TestRunner@35010a6b]]>
              </value>
            </param>
          </params>
          <reporter-output>
          </reporter-output>
        </test-method> <!-- initiate -->
        <test-method is-config="true" signature="initializeRepo()[pri:0, instance:Test_Suite.ClientPortal_RegressionSuite@4a83a74a]" started-at="2023-03-16T16:10:11 IST" name="initializeRepo" finished-at="2023-03-16T16:10:11 IST" depends-on-methods="utilities.DriverModule.initiate" duration-ms="98" status="PASS">
          <reporter-output>
          </reporter-output>
        </test-method> <!-- initializeRepo -->
        <test-method signature="TC01_Login_WPSAdmin()[pri:0, instance:Test_Suite.ClientPortal_RegressionSuite@4a83a74a]" started-at="2023-03-16T16:10:11 IST" name="TC01_Login_WPSAdmin" finished-at="2023-03-16T16:11:06 IST" duration-ms="54792" status="PASS">
          <reporter-output>
          </reporter-output>
        </test-method> <!-- TC01_Login_WPSAdmin -->
        <test-method signature="TC02_AddNewClientApp_WPSAdmin()[pri:0, instance:Test_Suite.ClientPortal_RegressionSuite@4a83a74a]" started-at="2023-03-16T16:11:06 IST" name="TC02_AddNewClientApp_WPSAdmin" finished-at="2023-03-16T16:11:52 IST" duration-ms="46774" status="PASS">
          <reporter-output>
          </reporter-output>
        </test-method> <!-- TC02_AddNewClientApp_WPSAdmin -->
        <test-method signature="TC03_RegisterNewUser_WPSAdmin()[pri:0, instance:Test_Suite.ClientPortal_RegressionSuite@4a83a74a]" started-at="2023-03-16T16:11:52 IST" name="TC03_RegisterNewUser_WPSAdmin" finished-at="2023-03-16T16:12:19 IST" duration-ms="26726" status="PASS">
          <reporter-output>
          </reporter-output>
        </test-method> <!-- TC03_RegisterNewUser_WPSAdmin -->
        <test-method is-config="true" signature="CloseBrowser()[pri:0, instance:Test_Suite.ClientPortal_RegressionSuite@4a83a74a]" started-at="2023-03-16T16:12:19 IST" name="CloseBrowser" finished-at="2023-03-16T16:12:21 IST" duration-ms="1635" status="PASS">
          <reporter-output>
          </reporter-output>
        </test-method> <!-- CloseBrowser -->
      </class> <!-- Test_Suite.ClientPortal_RegressionSuite -->
    </test> <!-- Test_Suite -->
  </suite> <!-- WPS_Regression -->
</testng-results>
