<?xml version="1.0" encoding="UTF-8"?>
<testng-results ignored="38" total="39" passed="1" failed="0" skipped="0">
  <reporter-output>
  </reporter-output>
  <suite started-at="2023-05-25T15:35:53 IST" name="Default suite" finished-at="2023-05-25T15:36:23 IST" duration-ms="30367">
    <groups>
    </groups>
    <test started-at="2023-05-25T15:35:53 IST" name="Default test" finished-at="2023-05-25T15:36:23 IST" duration-ms="30367">
      <class name="Test_Suite.TestHarness_RegressionSuite">
        <test-method is-config="true" signature="initiate(org.testng.ITestContext,java.lang.String,java.lang.String)[pri:0, instance:Test_Suite.TestHarness_RegressionSuite@5b43fbf6]" started-at="2023-05-25T15:35:53 IST" name="initiate" finished-at="2023-05-25T15:36:14 IST" duration-ms="21281" status="PASS">
          <params>
            <param index="0">
              <value>
                <![CDATA[org.testng.TestRunner@2a8f6e6]]>
              </value>
            </param>
            <param index="1">
              <value>
                <![CDATA[chrome]]>
              </value>
            </param>
            <param index="2">
              <value>
                <![CDATA[Desktop]]>
              </value>
            </param>
          </params>
          <reporter-output>
          </reporter-output>
        </test-method> <!-- initiate -->
        <test-method is-config="true" signature="initializeRepo()[pri:0, instance:Test_Suite.TestHarness_RegressionSuite@5b43fbf6]" started-at="2023-05-25T15:36:14 IST" name="initializeRepo" finished-at="2023-05-25T15:36:15 IST" depends-on-methods="utilities.DriverModule.initiate" duration-ms="183" status="PASS">
          <reporter-output>
          </reporter-output>
        </test-method> <!-- initializeRepo -->
        <test-method is-config="true" signature="nameBefore(java.lang.reflect.Method)[pri:0, instance:Test_Suite.TestHarness_RegressionSuite@5b43fbf6]" started-at="2023-05-25T15:36:15 IST" name="nameBefore" finished-at="2023-05-25T15:36:15 IST" duration-ms="2" status="PASS">
          <params>
            <param index="0">
              <value>
                <![CDATA[public void Test_Suite.TestHarness_RegressionSuite.TC01_HTTP_Probe() throws java.io.IOException]]>
              </value>
            </param>
          </params>
          <reporter-output>
          </reporter-output>
        </test-method> <!-- nameBefore -->
        <test-method signature="TC01_HTTP_Probe()[pri:0, instance:Test_Suite.TestHarness_RegressionSuite@5b43fbf6]" started-at="2023-05-25T15:36:15 IST" name="TC01_HTTP_Probe" finished-at="2023-05-25T15:36:21 IST" duration-ms="6053" status="PASS">
          <reporter-output>
          </reporter-output>
        </test-method> <!-- TC01_HTTP_Probe -->
        <test-method is-config="true" signature="nameAfter(java.lang.reflect.Method)[pri:0, instance:Test_Suite.TestHarness_RegressionSuite@5b43fbf6]" started-at="2023-05-25T15:36:21 IST" name="nameAfter" finished-at="2023-05-25T15:36:21 IST" duration-ms="2" status="PASS">
          <params>
            <param index="0">
              <value>
                <![CDATA[public void Test_Suite.TestHarness_RegressionSuite.TC01_HTTP_Probe() throws java.io.IOException]]>
              </value>
            </param>
          </params>
          <reporter-output>
          </reporter-output>
        </test-method> <!-- nameAfter -->
        <test-method is-config="true" signature="CloseBrowser()[pri:0, instance:Test_Suite.TestHarness_RegressionSuite@5b43fbf6]" started-at="2023-05-25T15:36:21 IST" name="CloseBrowser" finished-at="2023-05-25T15:36:23 IST" duration-ms="2649" status="PASS">
          <reporter-output>
          </reporter-output>
        </test-method> <!-- CloseBrowser -->
      </class> <!-- Test_Suite.TestHarness_RegressionSuite -->
    </test> <!-- Default test -->
  </suite> <!-- Default suite -->
</testng-results>
