<?xml version="1.0" encoding="UTF-8"?>
<testng-results ignored="42" total="43" passed="1" failed="0" skipped="0">
  <reporter-output>
  </reporter-output>
  <suite started-at="2023-04-11T18:26:13 IST" name="Default suite" finished-at="2023-04-11T18:29:11 IST" duration-ms="178724">
    <groups>
    </groups>
    <test started-at="2023-04-11T18:26:13 IST" name="Default test" finished-at="2023-04-11T18:29:11 IST" duration-ms="178724">
      <class name="Test_Suite.Wiley_NA_Cart_Test_Suite">
        <test-method is-config="true" signature="initiate(org.testng.ITestContext,java.lang.String)[pri:0, instance:Test_Suite.Wiley_NA_Cart_Test_Suite@7188af83]" started-at="2023-04-11T18:26:13 IST" name="initiate" finished-at="2023-04-11T18:26:23 IST" duration-ms="10643" status="PASS">
          <params>
            <param index="0">
              <value>
                <![CDATA[org.testng.TestRunner@aca3c85]]>
              </value>
            </param>
            <param index="1">
              <value>
                <![CDATA[edge]]>
              </value>
            </param>
          </params>
          <reporter-output>
          </reporter-output>
        </test-method> <!-- initiate -->
        <test-method is-config="true" signature="launchBrowser()[pri:0, instance:Test_Suite.Wiley_NA_Cart_Test_Suite@7188af83]" started-at="2023-04-11T18:26:23 IST" name="launchBrowser" finished-at="2023-04-11T18:26:24 IST" depends-on-methods="utilities.DriverModule.initiate" duration-ms="83" status="PASS">
          <reporter-output>
          </reporter-output>
        </test-method> <!-- launchBrowser -->
        <test-method is-config="true" signature="nameBefore(java.lang.reflect.Method)[pri:0, instance:Test_Suite.Wiley_NA_Cart_Test_Suite@7188af83]" started-at="2023-04-11T18:26:24 IST" name="nameBefore" finished-at="2023-04-11T18:26:24 IST" duration-ms="1" status="PASS">
          <params>
            <param index="0">
              <value>
                <![CDATA[public void Test_Suite.Wiley_NA_Cart_Test_Suite.TC06_Mixed_productpurchase_ForExistingUser() throws java.io.IOException]]>
              </value>
            </param>
          </params>
          <reporter-output>
          </reporter-output>
        </test-method> <!-- nameBefore -->
        <test-method signature="TC06_Mixed_productpurchase_ForExistingUser()[pri:0, instance:Test_Suite.Wiley_NA_Cart_Test_Suite@7188af83]" started-at="2023-04-11T18:26:24 IST" name="TC06_Mixed_productpurchase_ForExistingUser" finished-at="2023-04-11T18:29:07 IST" duration-ms="163513" status="PASS">
          <reporter-output>
          </reporter-output>
        </test-method> <!-- TC06_Mixed_productpurchase_ForExistingUser -->
        <test-method is-config="true" signature="nameAfter(java.lang.reflect.Method)[pri:0, instance:Test_Suite.Wiley_NA_Cart_Test_Suite@7188af83]" started-at="2023-04-11T18:29:07 IST" name="nameAfter" finished-at="2023-04-11T18:29:07 IST" duration-ms="2" status="PASS">
          <params>
            <param index="0">
              <value>
                <![CDATA[public void Test_Suite.Wiley_NA_Cart_Test_Suite.TC06_Mixed_productpurchase_ForExistingUser() throws java.io.IOException]]>
              </value>
            </param>
          </params>
          <reporter-output>
          </reporter-output>
        </test-method> <!-- nameAfter -->
        <test-method is-config="true" signature="CloseBrowser()[pri:0, instance:Test_Suite.Wiley_NA_Cart_Test_Suite@7188af83]" started-at="2023-04-11T18:29:07 IST" name="CloseBrowser" finished-at="2023-04-11T18:29:11 IST" duration-ms="4399" status="PASS">
          <reporter-output>
          </reporter-output>
        </test-method> <!-- CloseBrowser -->
      </class> <!-- Test_Suite.Wiley_NA_Cart_Test_Suite -->
    </test> <!-- Default test -->
  </suite> <!-- Default suite -->
</testng-results>
