<?xml version="1.0" encoding="UTF-8"?>
<testng-results ignored="27" total="28" passed="1" failed="0" skipped="0">
  <reporter-output>
  </reporter-output>
  <suite started-at="2023-05-02T16:40:39 IST" name="Default suite" finished-at="2023-05-02T16:41:17 IST" duration-ms="37915">
    <groups>
    </groups>
    <test started-at="2023-05-02T16:40:39 IST" name="Default test" finished-at="2023-05-02T16:41:17 IST" duration-ms="37915">
      <class name="TestSuite.WEL_Prod_Test_Suite">
        <test-method is-config="true" signature="initiate(org.testng.ITestContext,java.lang.String)[pri:0, instance:TestSuite.WEL_Prod_Test_Suite@1ef3efa8]" started-at="2023-05-02T16:40:39 IST" name="initiate" finished-at="2023-05-02T16:40:46 IST" duration-ms="6989" status="PASS">
          <params>
            <param index="0">
              <value>
                <![CDATA[org.testng.TestRunner@2f995afc]]>
              </value>
            </param>
            <param index="1">
              <value>
                <![CDATA[edge]]>
              </value>
            </param>
          </params>
          <reporter-output>
          </reporter-output>
        </test-method> <!-- initiate -->
        <test-method is-config="true" signature="initializeRepo()[pri:0, instance:TestSuite.WEL_Prod_Test_Suite@1ef3efa8]" started-at="2023-05-02T16:40:46 IST" name="initializeRepo" finished-at="2023-05-02T16:40:47 IST" depends-on-methods="utilities.DriverModule.initiate" duration-ms="61" status="PASS">
          <reporter-output>
          </reporter-output>
        </test-method> <!-- initializeRepo -->
        <test-method is-config="true" signature="nameBefore(java.lang.reflect.Method)[pri:0, instance:TestSuite.WEL_Prod_Test_Suite@1ef3efa8]" started-at="2023-05-02T16:40:47 IST" name="nameBefore" finished-at="2023-05-02T16:40:47 IST" duration-ms="1" status="PASS">
          <params>
            <param index="0">
              <value>
                <![CDATA[public void TestSuite.WEL_Prod_Test_Suite.TC18_AddUniversiry_PartnerProduct() throws java.io.IOException]]>
              </value>
            </param>
          </params>
          <reporter-output>
          </reporter-output>
        </test-method> <!-- nameBefore -->
        <test-method signature="TC18_AddUniversiry_PartnerProduct()[pri:0, instance:TestSuite.WEL_Prod_Test_Suite@1ef3efa8]" started-at="2023-05-02T16:40:47 IST" name="TC18_AddUniversiry_PartnerProduct" finished-at="2023-05-02T16:41:14 IST" duration-ms="27914" status="PASS">
          <reporter-output>
          </reporter-output>
        </test-method> <!-- TC18_AddUniversiry_PartnerProduct -->
        <test-method is-config="true" signature="nameAfter(java.lang.reflect.Method)[pri:0, instance:TestSuite.WEL_Prod_Test_Suite@1ef3efa8]" started-at="2023-05-02T16:41:15 IST" name="nameAfter" finished-at="2023-05-02T16:41:15 IST" duration-ms="1" status="PASS">
          <params>
            <param index="0">
              <value>
                <![CDATA[public void TestSuite.WEL_Prod_Test_Suite.TC18_AddUniversiry_PartnerProduct() throws java.io.IOException]]>
              </value>
            </param>
          </params>
          <reporter-output>
          </reporter-output>
        </test-method> <!-- nameAfter -->
        <test-method is-config="true" signature="CloseBrowser()[pri:0, instance:TestSuite.WEL_Prod_Test_Suite@1ef3efa8]" started-at="2023-05-02T16:41:15 IST" name="CloseBrowser" finished-at="2023-05-02T16:41:17 IST" duration-ms="2885" status="PASS">
          <reporter-output>
          </reporter-output>
        </test-method> <!-- CloseBrowser -->
      </class> <!-- TestSuite.WEL_Prod_Test_Suite -->
    </test> <!-- Default test -->
  </suite> <!-- Default suite -->
</testng-results>
