<?xml version="1.0" encoding="UTF-8"?>
<testng-results ignored="0" total="23" passed="23" failed="0" skipped="0">
  <reporter-output>
  </reporter-output>
  <suite started-at="2023-04-11T21:09:51 IST" name="Default suite" finished-at="2023-04-11T21:41:25 IST" duration-ms="1894314">
    <groups>
    </groups>
    <test started-at="2023-04-11T21:09:51 IST" name="Default test" finished-at="2023-04-11T21:41:25 IST" duration-ms="1894314">
      <class name="Test_Suite.WileyPLUS_Test_Suite">
        <test-method is-config="true" signature="initiate(org.testng.ITestContext,java.lang.String)[pri:0, instance:Test_Suite.WileyPLUS_Test_Suite@1750fbeb]" started-at="2023-04-11T21:09:51 IST" name="initiate" finished-at="2023-04-11T21:10:00 IST" duration-ms="9233" status="PASS">
          <params>
            <param index="0">
              <value>
                <![CDATA[org.testng.TestRunner@13473685]]>
              </value>
            </param>
            <param index="1">
              <value>
                <![CDATA[edge]]>
              </value>
            </param>
          </params>
          <reporter-output>
          </reporter-output>
        </test-method> <!-- initiate -->
        <test-method is-config="true" signature="launchBrowser()[pri:0, instance:Test_Suite.WileyPLUS_Test_Suite@1750fbeb]" started-at="2023-04-11T21:10:00 IST" name="launchBrowser" finished-at="2023-04-11T21:10:00 IST" depends-on-methods="utilities.DriverModule.initiate" duration-ms="99" status="PASS">
          <reporter-output>
          </reporter-output>
        </test-method> <!-- launchBrowser -->
        <test-method is-config="true" signature="nameBefore(java.lang.reflect.Method)[pri:0, instance:Test_Suite.WileyPLUS_Test_Suite@1750fbeb]" started-at="2023-04-11T21:10:00 IST" name="nameBefore" finished-at="2023-04-11T21:10:00 IST" duration-ms="1" status="PASS">
          <params>
            <param index="0">
              <value>
                <![CDATA[public void Test_Suite.WileyPLUS_Test_Suite.TC01_SRP_For_WileyPLUS() throws java.io.IOException]]>
              </value>
            </param>
          </params>
          <reporter-output>
          </reporter-output>
        </test-method> <!-- nameBefore -->
        <test-method signature="TC01_SRP_For_WileyPLUS()[pri:0, instance:Test_Suite.WileyPLUS_Test_Suite@1750fbeb]" started-at="2023-04-11T21:10:00 IST" name="TC01_SRP_For_WileyPLUS" finished-at="2023-04-11T21:10:33 IST" duration-ms="33171" status="PASS">
          <reporter-output>
          </reporter-output>
        </test-method> <!-- TC01_SRP_For_WileyPLUS -->
        <test-method is-config="true" signature="nameAfter(java.lang.reflect.Method)[pri:0, instance:Test_Suite.WileyPLUS_Test_Suite@1750fbeb]" started-at="2023-04-11T21:10:33 IST" name="nameAfter" finished-at="2023-04-11T21:10:33 IST" duration-ms="2" status="PASS">
          <params>
            <param index="0">
              <value>
                <![CDATA[public void Test_Suite.WileyPLUS_Test_Suite.TC01_SRP_For_WileyPLUS() throws java.io.IOException]]>
              </value>
            </param>
          </params>
          <reporter-output>
          </reporter-output>
        </test-method> <!-- nameAfter -->
        <test-method is-config="true" signature="nameBefore(java.lang.reflect.Method)[pri:0, instance:Test_Suite.WileyPLUS_Test_Suite@1750fbeb]" started-at="2023-04-11T21:10:33 IST" name="nameBefore" finished-at="2023-04-11T21:10:33 IST" duration-ms="1" status="PASS">
          <params>
            <param index="0">
              <value>
                <![CDATA[public void Test_Suite.WileyPLUS_Test_Suite.TC02_PLP_For_WileyPLUS() throws java.io.IOException]]>
              </value>
            </param>
          </params>
          <reporter-output>
          </reporter-output>
        </test-method> <!-- nameBefore -->
        <test-method signature="TC02_PLP_For_WileyPLUS()[pri:0, instance:Test_Suite.WileyPLUS_Test_Suite@1750fbeb]" started-at="2023-04-11T21:10:33 IST" name="TC02_PLP_For_WileyPLUS" finished-at="2023-04-11T21:11:36 IST" duration-ms="62491" status="PASS">
          <reporter-output>
          </reporter-output>
        </test-method> <!-- TC02_PLP_For_WileyPLUS -->
        <test-method is-config="true" signature="nameAfter(java.lang.reflect.Method)[pri:0, instance:Test_Suite.WileyPLUS_Test_Suite@1750fbeb]" started-at="2023-04-11T21:11:36 IST" name="nameAfter" finished-at="2023-04-11T21:11:36 IST" duration-ms="1" status="PASS">
          <params>
            <param index="0">
              <value>
                <![CDATA[public void Test_Suite.WileyPLUS_Test_Suite.TC02_PLP_For_WileyPLUS() throws java.io.IOException]]>
              </value>
            </param>
          </params>
          <reporter-output>
          </reporter-output>
        </test-method> <!-- nameAfter -->
        <test-method is-config="true" signature="nameBefore(java.lang.reflect.Method)[pri:0, instance:Test_Suite.WileyPLUS_Test_Suite@1750fbeb]" started-at="2023-04-11T21:11:36 IST" name="nameBefore" finished-at="2023-04-11T21:11:36 IST" duration-ms="1" status="PASS">
          <params>
            <param index="0">
              <value>
                <![CDATA[public void Test_Suite.WileyPLUS_Test_Suite.TC03_EGRIP_Search_For_WileyPLUS() throws java.io.IOException]]>
              </value>
            </param>
          </params>
          <reporter-output>
          </reporter-output>
        </test-method> <!-- nameBefore -->
        <test-method signature="TC03_EGRIP_Search_For_WileyPLUS()[pri:0, instance:Test_Suite.WileyPLUS_Test_Suite@1750fbeb]" started-at="2023-04-11T21:11:36 IST" name="TC03_EGRIP_Search_For_WileyPLUS" finished-at="2023-04-11T21:12:17 IST" duration-ms="41003" status="PASS">
          <reporter-output>
          </reporter-output>
        </test-method> <!-- TC03_EGRIP_Search_For_WileyPLUS -->
        <test-method is-config="true" signature="nameAfter(java.lang.reflect.Method)[pri:0, instance:Test_Suite.WileyPLUS_Test_Suite@1750fbeb]" started-at="2023-04-11T21:12:17 IST" name="nameAfter" finished-at="2023-04-11T21:12:17 IST" duration-ms="1" status="PASS">
          <params>
            <param index="0">
              <value>
                <![CDATA[public void Test_Suite.WileyPLUS_Test_Suite.TC03_EGRIP_Search_For_WileyPLUS() throws java.io.IOException]]>
              </value>
            </param>
          </params>
          <reporter-output>
          </reporter-output>
        </test-method> <!-- nameAfter -->
        <test-method signature="TC04_Bundle_Search_For_WileyPLUS()[pri:0, instance:Test_Suite.WileyPLUS_Test_Suite@1750fbeb]" started-at="2023-04-11T21:12:17 IST" name="TC04_Bundle_Search_For_WileyPLUS" finished-at="2023-04-11T21:12:55 IST" duration-ms="38274" status="PASS">
          <reporter-output>
          </reporter-output>
        </test-method> <!-- TC04_Bundle_Search_For_WileyPLUS -->
        <test-method is-config="true" signature="nameBefore(java.lang.reflect.Method)[pri:0, instance:Test_Suite.WileyPLUS_Test_Suite@1750fbeb]" started-at="2023-04-11T21:12:17 IST" name="nameBefore" finished-at="2023-04-11T21:12:17 IST" duration-ms="0" status="PASS">
          <params>
            <param index="0">
              <value>
                <![CDATA[public void Test_Suite.WileyPLUS_Test_Suite.TC04_Bundle_Search_For_WileyPLUS() throws java.io.IOException]]>
              </value>
            </param>
          </params>
          <reporter-output>
          </reporter-output>
        </test-method> <!-- nameBefore -->
        <test-method is-config="true" signature="nameAfter(java.lang.reflect.Method)[pri:0, instance:Test_Suite.WileyPLUS_Test_Suite@1750fbeb]" started-at="2023-04-11T21:12:55 IST" name="nameAfter" finished-at="2023-04-11T21:12:55 IST" duration-ms="0" status="PASS">
          <params>
            <param index="0">
              <value>
                <![CDATA[public void Test_Suite.WileyPLUS_Test_Suite.TC04_Bundle_Search_For_WileyPLUS() throws java.io.IOException]]>
              </value>
            </param>
          </params>
          <reporter-output>
          </reporter-output>
        </test-method> <!-- nameAfter -->
        <test-method signature="TC05_Check_If_URL_Not_Truncated_For_WileyPLUS()[pri:0, instance:Test_Suite.WileyPLUS_Test_Suite@1750fbeb]" started-at="2023-04-11T21:12:55 IST" name="TC05_Check_If_URL_Not_Truncated_For_WileyPLUS" finished-at="2023-04-11T21:13:35 IST" duration-ms="40508" status="PASS">
          <reporter-output>
          </reporter-output>
        </test-method> <!-- TC05_Check_If_URL_Not_Truncated_For_WileyPLUS -->
        <test-method is-config="true" signature="nameBefore(java.lang.reflect.Method)[pri:0, instance:Test_Suite.WileyPLUS_Test_Suite@1750fbeb]" started-at="2023-04-11T21:12:55 IST" name="nameBefore" finished-at="2023-04-11T21:12:55 IST" duration-ms="0" status="PASS">
          <params>
            <param index="0">
              <value>
                <![CDATA[public void Test_Suite.WileyPLUS_Test_Suite.TC05_Check_If_URL_Not_Truncated_For_WileyPLUS() throws java.io.IOException]]>
              </value>
            </param>
          </params>
          <reporter-output>
          </reporter-output>
        </test-method> <!-- nameBefore -->
        <test-method is-config="true" signature="nameAfter(java.lang.reflect.Method)[pri:0, instance:Test_Suite.WileyPLUS_Test_Suite@1750fbeb]" started-at="2023-04-11T21:13:35 IST" name="nameAfter" finished-at="2023-04-11T21:13:35 IST" duration-ms="1" status="PASS">
          <params>
            <param index="0">
              <value>
                <![CDATA[public void Test_Suite.WileyPLUS_Test_Suite.TC05_Check_If_URL_Not_Truncated_For_WileyPLUS() throws java.io.IOException]]>
              </value>
            </param>
          </params>
          <reporter-output>
          </reporter-output>
        </test-method> <!-- nameAfter -->
        <test-method signature="TC06_Format_Facet_WileyPLUS()[pri:0, instance:Test_Suite.WileyPLUS_Test_Suite@1750fbeb]" started-at="2023-04-11T21:13:35 IST" name="TC06_Format_Facet_WileyPLUS" finished-at="2023-04-11T21:14:10 IST" duration-ms="34181" status="PASS">
          <reporter-output>
          </reporter-output>
        </test-method> <!-- TC06_Format_Facet_WileyPLUS -->
        <test-method is-config="true" signature="nameBefore(java.lang.reflect.Method)[pri:0, instance:Test_Suite.WileyPLUS_Test_Suite@1750fbeb]" started-at="2023-04-11T21:13:35 IST" name="nameBefore" finished-at="2023-04-11T21:13:35 IST" duration-ms="0" status="PASS">
          <params>
            <param index="0">
              <value>
                <![CDATA[public void Test_Suite.WileyPLUS_Test_Suite.TC06_Format_Facet_WileyPLUS() throws java.io.IOException]]>
              </value>
            </param>
          </params>
          <reporter-output>
          </reporter-output>
        </test-method> <!-- nameBefore -->
        <test-method is-config="true" signature="nameAfter(java.lang.reflect.Method)[pri:0, instance:Test_Suite.WileyPLUS_Test_Suite@1750fbeb]" started-at="2023-04-11T21:14:10 IST" name="nameAfter" finished-at="2023-04-11T21:14:10 IST" duration-ms="0" status="PASS">
          <params>
            <param index="0">
              <value>
                <![CDATA[public void Test_Suite.WileyPLUS_Test_Suite.TC06_Format_Facet_WileyPLUS() throws java.io.IOException]]>
              </value>
            </param>
          </params>
          <reporter-output>
          </reporter-output>
        </test-method> <!-- nameAfter -->
        <test-method signature="TC07_Verify_Additional_UI_Adjustments_WileyPLUS_PDP()[pri:0, instance:Test_Suite.WileyPLUS_Test_Suite@1750fbeb]" started-at="2023-04-11T21:14:10 IST" name="TC07_Verify_Additional_UI_Adjustments_WileyPLUS_PDP" finished-at="2023-04-11T21:15:20 IST" duration-ms="70123" status="PASS">
          <reporter-output>
          </reporter-output>
        </test-method> <!-- TC07_Verify_Additional_UI_Adjustments_WileyPLUS_PDP -->
        <test-method is-config="true" signature="nameBefore(java.lang.reflect.Method)[pri:0, instance:Test_Suite.WileyPLUS_Test_Suite@1750fbeb]" started-at="2023-04-11T21:14:10 IST" name="nameBefore" finished-at="2023-04-11T21:14:10 IST" duration-ms="0" status="PASS">
          <params>
            <param index="0">
              <value>
                <![CDATA[public void Test_Suite.WileyPLUS_Test_Suite.TC07_Verify_Additional_UI_Adjustments_WileyPLUS_PDP() throws java.io.IOException]]>
              </value>
            </param>
          </params>
          <reporter-output>
          </reporter-output>
        </test-method> <!-- nameBefore -->
        <test-method is-config="true" signature="nameAfter(java.lang.reflect.Method)[pri:0, instance:Test_Suite.WileyPLUS_Test_Suite@1750fbeb]" started-at="2023-04-11T21:15:20 IST" name="nameAfter" finished-at="2023-04-11T21:15:20 IST" duration-ms="1" status="PASS">
          <params>
            <param index="0">
              <value>
                <![CDATA[public void Test_Suite.WileyPLUS_Test_Suite.TC07_Verify_Additional_UI_Adjustments_WileyPLUS_PDP() throws java.io.IOException]]>
              </value>
            </param>
          </params>
          <reporter-output>
          </reporter-output>
        </test-method> <!-- nameAfter -->
        <test-method signature="TC08_Validate_Percentage_In_Multiple_Term()[pri:0, instance:Test_Suite.WileyPLUS_Test_Suite@1750fbeb]" started-at="2023-04-11T21:15:20 IST" name="TC08_Validate_Percentage_In_Multiple_Term" finished-at="2023-04-11T21:16:20 IST" duration-ms="60354" status="PASS">
          <reporter-output>
          </reporter-output>
        </test-method> <!-- TC08_Validate_Percentage_In_Multiple_Term -->
        <test-method is-config="true" signature="nameBefore(java.lang.reflect.Method)[pri:0, instance:Test_Suite.WileyPLUS_Test_Suite@1750fbeb]" started-at="2023-04-11T21:15:20 IST" name="nameBefore" finished-at="2023-04-11T21:15:20 IST" duration-ms="0" status="PASS">
          <params>
            <param index="0">
              <value>
                <![CDATA[public void Test_Suite.WileyPLUS_Test_Suite.TC08_Validate_Percentage_In_Multiple_Term() throws java.io.IOException]]>
              </value>
            </param>
          </params>
          <reporter-output>
          </reporter-output>
        </test-method> <!-- nameBefore -->
        <test-method is-config="true" signature="nameAfter(java.lang.reflect.Method)[pri:0, instance:Test_Suite.WileyPLUS_Test_Suite@1750fbeb]" started-at="2023-04-11T21:16:20 IST" name="nameAfter" finished-at="2023-04-11T21:16:20 IST" duration-ms="1" status="PASS">
          <params>
            <param index="0">
              <value>
                <![CDATA[public void Test_Suite.WileyPLUS_Test_Suite.TC08_Validate_Percentage_In_Multiple_Term() throws java.io.IOException]]>
              </value>
            </param>
          </params>
          <reporter-output>
          </reporter-output>
        </test-method> <!-- nameAfter -->
        <test-method is-config="true" signature="nameBefore(java.lang.reflect.Method)[pri:0, instance:Test_Suite.WileyPLUS_Test_Suite@1750fbeb]" started-at="2023-04-11T21:16:20 IST" name="nameBefore" finished-at="2023-04-11T21:16:20 IST" duration-ms="1" status="PASS">
          <params>
            <param index="0">
              <value>
                <![CDATA[public void Test_Suite.WileyPLUS_Test_Suite.TC09_PDP_UI_For_WileyPLUS() throws java.io.IOException]]>
              </value>
            </param>
          </params>
          <reporter-output>
          </reporter-output>
        </test-method> <!-- nameBefore -->
        <test-method signature="TC09_PDP_UI_For_WileyPLUS()[pri:0, instance:Test_Suite.WileyPLUS_Test_Suite@1750fbeb]" started-at="2023-04-11T21:16:20 IST" name="TC09_PDP_UI_For_WileyPLUS" finished-at="2023-04-11T21:17:15 IST" duration-ms="54786" status="PASS">
          <reporter-output>
          </reporter-output>
        </test-method> <!-- TC09_PDP_UI_For_WileyPLUS -->
        <test-method is-config="true" signature="nameAfter(java.lang.reflect.Method)[pri:0, instance:Test_Suite.WileyPLUS_Test_Suite@1750fbeb]" started-at="2023-04-11T21:17:15 IST" name="nameAfter" finished-at="2023-04-11T21:17:15 IST" duration-ms="0" status="PASS">
          <params>
            <param index="0">
              <value>
                <![CDATA[public void Test_Suite.WileyPLUS_Test_Suite.TC09_PDP_UI_For_WileyPLUS() throws java.io.IOException]]>
              </value>
            </param>
          </params>
          <reporter-output>
          </reporter-output>
        </test-method> <!-- nameAfter -->
        <test-method is-config="true" signature="nameBefore(java.lang.reflect.Method)[pri:0, instance:Test_Suite.WileyPLUS_Test_Suite@1750fbeb]" started-at="2023-04-11T21:17:15 IST" name="nameBefore" finished-at="2023-04-11T21:17:15 IST" duration-ms="1" status="PASS">
          <params>
            <param index="0">
              <value>
                <![CDATA[public void Test_Suite.WileyPLUS_Test_Suite.TC10_WileyPLUS_Set_To_MultiTerm_Default() throws java.io.IOException]]>
              </value>
            </param>
          </params>
          <reporter-output>
          </reporter-output>
        </test-method> <!-- nameBefore -->
        <test-method signature="TC10_WileyPLUS_Set_To_MultiTerm_Default()[pri:0, instance:Test_Suite.WileyPLUS_Test_Suite@1750fbeb]" started-at="2023-04-11T21:17:15 IST" name="TC10_WileyPLUS_Set_To_MultiTerm_Default" finished-at="2023-04-11T21:17:57 IST" duration-ms="42156" status="PASS">
          <reporter-output>
          </reporter-output>
        </test-method> <!-- TC10_WileyPLUS_Set_To_MultiTerm_Default -->
        <test-method is-config="true" signature="nameAfter(java.lang.reflect.Method)[pri:0, instance:Test_Suite.WileyPLUS_Test_Suite@1750fbeb]" started-at="2023-04-11T21:17:57 IST" name="nameAfter" finished-at="2023-04-11T21:17:57 IST" duration-ms="1" status="PASS">
          <params>
            <param index="0">
              <value>
                <![CDATA[public void Test_Suite.WileyPLUS_Test_Suite.TC10_WileyPLUS_Set_To_MultiTerm_Default() throws java.io.IOException]]>
              </value>
            </param>
          </params>
          <reporter-output>
          </reporter-output>
        </test-method> <!-- nameAfter -->
        <test-method signature="TC11_New_Tab_Opened_After_Clicking_Login_To_WileyPLUS_Button()[pri:0, instance:Test_Suite.WileyPLUS_Test_Suite@1750fbeb]" started-at="2023-04-11T21:17:57 IST" name="TC11_New_Tab_Opened_After_Clicking_Login_To_WileyPLUS_Button" finished-at="2023-04-11T21:18:42 IST" duration-ms="44963" status="PASS">
          <reporter-output>
          </reporter-output>
        </test-method> <!-- TC11_New_Tab_Opened_After_Clicking_Login_To_WileyPLUS_Button -->
        <test-method is-config="true" signature="nameBefore(java.lang.reflect.Method)[pri:0, instance:Test_Suite.WileyPLUS_Test_Suite@1750fbeb]" started-at="2023-04-11T21:17:57 IST" name="nameBefore" finished-at="2023-04-11T21:17:57 IST" duration-ms="0" status="PASS">
          <params>
            <param index="0">
              <value>
                <![CDATA[public void Test_Suite.WileyPLUS_Test_Suite.TC11_New_Tab_Opened_After_Clicking_Login_To_WileyPLUS_Button() throws java.io.IOException]]>
              </value>
            </param>
          </params>
          <reporter-output>
          </reporter-output>
        </test-method> <!-- nameBefore -->
        <test-method is-config="true" signature="nameAfter(java.lang.reflect.Method)[pri:0, instance:Test_Suite.WileyPLUS_Test_Suite@1750fbeb]" started-at="2023-04-11T21:18:42 IST" name="nameAfter" finished-at="2023-04-11T21:18:42 IST" duration-ms="0" status="PASS">
          <params>
            <param index="0">
              <value>
                <![CDATA[public void Test_Suite.WileyPLUS_Test_Suite.TC11_New_Tab_Opened_After_Clicking_Login_To_WileyPLUS_Button() throws java.io.IOException]]>
              </value>
            </param>
          </params>
          <reporter-output>
          </reporter-output>
        </test-method> <!-- nameAfter -->
        <test-method signature="TC12_Add_WileyPLUS_Product_To_Cart()[pri:0, instance:Test_Suite.WileyPLUS_Test_Suite@1750fbeb]" started-at="2023-04-11T21:18:42 IST" name="TC12_Add_WileyPLUS_Product_To_Cart" finished-at="2023-04-11T21:19:20 IST" duration-ms="37644" status="PASS">
          <reporter-output>
          </reporter-output>
        </test-method> <!-- TC12_Add_WileyPLUS_Product_To_Cart -->
        <test-method is-config="true" signature="nameBefore(java.lang.reflect.Method)[pri:0, instance:Test_Suite.WileyPLUS_Test_Suite@1750fbeb]" started-at="2023-04-11T21:18:42 IST" name="nameBefore" finished-at="2023-04-11T21:18:42 IST" duration-ms="0" status="PASS">
          <params>
            <param index="0">
              <value>
                <![CDATA[public void Test_Suite.WileyPLUS_Test_Suite.TC12_Add_WileyPLUS_Product_To_Cart() throws java.io.IOException]]>
              </value>
            </param>
          </params>
          <reporter-output>
          </reporter-output>
        </test-method> <!-- nameBefore -->
        <test-method is-config="true" signature="nameAfter(java.lang.reflect.Method)[pri:0, instance:Test_Suite.WileyPLUS_Test_Suite@1750fbeb]" started-at="2023-04-11T21:19:20 IST" name="nameAfter" finished-at="2023-04-11T21:19:20 IST" duration-ms="1" status="PASS">
          <params>
            <param index="0">
              <value>
                <![CDATA[public void Test_Suite.WileyPLUS_Test_Suite.TC12_Add_WileyPLUS_Product_To_Cart() throws java.io.IOException]]>
              </value>
            </param>
          </params>
          <reporter-output>
          </reporter-output>
        </test-method> <!-- nameAfter -->
        <test-method is-config="true" signature="nameBefore(java.lang.reflect.Method)[pri:0, instance:Test_Suite.WileyPLUS_Test_Suite@1750fbeb]" started-at="2023-04-11T21:19:20 IST" name="nameBefore" finished-at="2023-04-11T21:19:20 IST" duration-ms="3" status="PASS">
          <params>
            <param index="0">
              <value>
                <![CDATA[public void Test_Suite.WileyPLUS_Test_Suite.TC13_Global_Country_List_In_Shipping() throws java.io.IOException]]>
              </value>
            </param>
          </params>
          <reporter-output>
          </reporter-output>
        </test-method> <!-- nameBefore -->
        <test-method signature="TC13_Global_Country_List_In_Shipping()[pri:0, instance:Test_Suite.WileyPLUS_Test_Suite@1750fbeb]" started-at="2023-04-11T21:19:20 IST" name="TC13_Global_Country_List_In_Shipping" finished-at="2023-04-11T21:20:42 IST" duration-ms="81967" status="PASS">
          <reporter-output>
          </reporter-output>
        </test-method> <!-- TC13_Global_Country_List_In_Shipping -->
        <test-method is-config="true" signature="nameAfter(java.lang.reflect.Method)[pri:0, instance:Test_Suite.WileyPLUS_Test_Suite@1750fbeb]" started-at="2023-04-11T21:20:42 IST" name="nameAfter" finished-at="2023-04-11T21:20:42 IST" duration-ms="1" status="PASS">
          <params>
            <param index="0">
              <value>
                <![CDATA[public void Test_Suite.WileyPLUS_Test_Suite.TC13_Global_Country_List_In_Shipping() throws java.io.IOException]]>
              </value>
            </param>
          </params>
          <reporter-output>
          </reporter-output>
        </test-method> <!-- nameAfter -->
        <test-method is-config="true" signature="nameBefore(java.lang.reflect.Method)[pri:0, instance:Test_Suite.WileyPLUS_Test_Suite@1750fbeb]" started-at="2023-04-11T21:20:42 IST" name="nameBefore" finished-at="2023-04-11T21:20:42 IST" duration-ms="1" status="PASS">
          <params>
            <param index="0">
              <value>
                <![CDATA[public void Test_Suite.WileyPLUS_Test_Suite.TC14_Global_Country_List_In_Billing() throws java.io.IOException]]>
              </value>
            </param>
          </params>
          <reporter-output>
          </reporter-output>
        </test-method> <!-- nameBefore -->
        <test-method signature="TC14_Global_Country_List_In_Billing()[pri:0, instance:Test_Suite.WileyPLUS_Test_Suite@1750fbeb]" started-at="2023-04-11T21:20:42 IST" name="TC14_Global_Country_List_In_Billing" finished-at="2023-04-11T21:22:05 IST" duration-ms="82848" status="PASS">
          <reporter-output>
          </reporter-output>
        </test-method> <!-- TC14_Global_Country_List_In_Billing -->
        <test-method is-config="true" signature="nameAfter(java.lang.reflect.Method)[pri:0, instance:Test_Suite.WileyPLUS_Test_Suite@1750fbeb]" started-at="2023-04-11T21:22:05 IST" name="nameAfter" finished-at="2023-04-11T21:22:05 IST" duration-ms="0" status="PASS">
          <params>
            <param index="0">
              <value>
                <![CDATA[public void Test_Suite.WileyPLUS_Test_Suite.TC14_Global_Country_List_In_Billing() throws java.io.IOException]]>
              </value>
            </param>
          </params>
          <reporter-output>
          </reporter-output>
        </test-method> <!-- nameAfter -->
        <test-method signature="TC15_Course_Details_During_WileyPLUS_Checkout()[pri:0, instance:Test_Suite.WileyPLUS_Test_Suite@1750fbeb]" started-at="2023-04-11T21:22:05 IST" name="TC15_Course_Details_During_WileyPLUS_Checkout" finished-at="2023-04-11T21:26:17 IST" duration-ms="251973" status="PASS">
          <reporter-output>
          </reporter-output>
        </test-method> <!-- TC15_Course_Details_During_WileyPLUS_Checkout -->
        <test-method is-config="true" signature="nameBefore(java.lang.reflect.Method)[pri:0, instance:Test_Suite.WileyPLUS_Test_Suite@1750fbeb]" started-at="2023-04-11T21:22:05 IST" name="nameBefore" finished-at="2023-04-11T21:22:05 IST" duration-ms="0" status="PASS">
          <params>
            <param index="0">
              <value>
                <![CDATA[public void Test_Suite.WileyPLUS_Test_Suite.TC15_Course_Details_During_WileyPLUS_Checkout() throws java.io.IOException]]>
              </value>
            </param>
          </params>
          <reporter-output>
          </reporter-output>
        </test-method> <!-- nameBefore -->
        <test-method is-config="true" signature="nameAfter(java.lang.reflect.Method)[pri:0, instance:Test_Suite.WileyPLUS_Test_Suite@1750fbeb]" started-at="2023-04-11T21:26:17 IST" name="nameAfter" finished-at="2023-04-11T21:26:17 IST" duration-ms="2" status="PASS">
          <params>
            <param index="0">
              <value>
                <![CDATA[public void Test_Suite.WileyPLUS_Test_Suite.TC15_Course_Details_During_WileyPLUS_Checkout() throws java.io.IOException]]>
              </value>
            </param>
          </params>
          <reporter-output>
          </reporter-output>
        </test-method> <!-- nameAfter -->
        <test-method is-config="true" signature="nameBefore(java.lang.reflect.Method)[pri:0, instance:Test_Suite.WileyPLUS_Test_Suite@1750fbeb]" started-at="2023-04-11T21:26:17 IST" name="nameBefore" finished-at="2023-04-11T21:26:17 IST" duration-ms="1" status="PASS">
          <params>
            <param index="0">
              <value>
                <![CDATA[public void Test_Suite.WileyPLUS_Test_Suite.TC16_Check_Global_Saved_Billing_Address() throws java.io.IOException]]>
              </value>
            </param>
          </params>
          <reporter-output>
          </reporter-output>
        </test-method> <!-- nameBefore -->
        <test-method signature="TC16_Check_Global_Saved_Billing_Address()[pri:0, instance:Test_Suite.WileyPLUS_Test_Suite@1750fbeb]" started-at="2023-04-11T21:26:17 IST" name="TC16_Check_Global_Saved_Billing_Address" finished-at="2023-04-11T21:28:30 IST" duration-ms="133794" status="PASS">
          <reporter-output>
          </reporter-output>
        </test-method> <!-- TC16_Check_Global_Saved_Billing_Address -->
        <test-method is-config="true" signature="nameAfter(java.lang.reflect.Method)[pri:0, instance:Test_Suite.WileyPLUS_Test_Suite@1750fbeb]" started-at="2023-04-11T21:28:30 IST" name="nameAfter" finished-at="2023-04-11T21:28:30 IST" duration-ms="6" status="PASS">
          <params>
            <param index="0">
              <value>
                <![CDATA[public void Test_Suite.WileyPLUS_Test_Suite.TC16_Check_Global_Saved_Billing_Address() throws java.io.IOException]]>
              </value>
            </param>
          </params>
          <reporter-output>
          </reporter-output>
        </test-method> <!-- nameAfter -->
        <test-method signature="TC17_Check_Global_Saved_Shipping_Address()[pri:0, instance:Test_Suite.WileyPLUS_Test_Suite@1750fbeb]" started-at="2023-04-11T21:28:30 IST" name="TC17_Check_Global_Saved_Shipping_Address" finished-at="2023-04-11T21:31:01 IST" duration-ms="150704" status="PASS">
          <reporter-output>
          </reporter-output>
        </test-method> <!-- TC17_Check_Global_Saved_Shipping_Address -->
        <test-method is-config="true" signature="nameBefore(java.lang.reflect.Method)[pri:0, instance:Test_Suite.WileyPLUS_Test_Suite@1750fbeb]" started-at="2023-04-11T21:28:30 IST" name="nameBefore" finished-at="2023-04-11T21:28:30 IST" duration-ms="0" status="PASS">
          <params>
            <param index="0">
              <value>
                <![CDATA[public void Test_Suite.WileyPLUS_Test_Suite.TC17_Check_Global_Saved_Shipping_Address() throws java.io.IOException]]>
              </value>
            </param>
          </params>
          <reporter-output>
          </reporter-output>
        </test-method> <!-- nameBefore -->
        <test-method is-config="true" signature="nameAfter(java.lang.reflect.Method)[pri:0, instance:Test_Suite.WileyPLUS_Test_Suite@1750fbeb]" started-at="2023-04-11T21:31:01 IST" name="nameAfter" finished-at="2023-04-11T21:31:01 IST" duration-ms="1" status="PASS">
          <params>
            <param index="0">
              <value>
                <![CDATA[public void Test_Suite.WileyPLUS_Test_Suite.TC17_Check_Global_Saved_Shipping_Address() throws java.io.IOException]]>
              </value>
            </param>
          </params>
          <reporter-output>
          </reporter-output>
        </test-method> <!-- nameAfter -->
        <test-method is-config="true" signature="nameBefore(java.lang.reflect.Method)[pri:0, instance:Test_Suite.WileyPLUS_Test_Suite@1750fbeb]" started-at="2023-04-11T21:31:01 IST" name="nameBefore" finished-at="2023-04-11T21:31:01 IST" duration-ms="0" status="PASS">
          <params>
            <param index="0">
              <value>
                <![CDATA[public void Test_Suite.WileyPLUS_Test_Suite.TC18_Check_ISBN_Not_Preset_In_WileyPLUS_PDP() throws java.io.IOException]]>
              </value>
            </param>
          </params>
          <reporter-output>
          </reporter-output>
        </test-method> <!-- nameBefore -->
        <test-method signature="TC18_Check_ISBN_Not_Preset_In_WileyPLUS_PDP()[pri:0, instance:Test_Suite.WileyPLUS_Test_Suite@1750fbeb]" started-at="2023-04-11T21:31:01 IST" name="TC18_Check_ISBN_Not_Preset_In_WileyPLUS_PDP" finished-at="2023-04-11T21:31:36 IST" duration-ms="34595" status="PASS">
          <reporter-output>
          </reporter-output>
        </test-method> <!-- TC18_Check_ISBN_Not_Preset_In_WileyPLUS_PDP -->
        <test-method is-config="true" signature="nameAfter(java.lang.reflect.Method)[pri:0, instance:Test_Suite.WileyPLUS_Test_Suite@1750fbeb]" started-at="2023-04-11T21:31:36 IST" name="nameAfter" finished-at="2023-04-11T21:31:36 IST" duration-ms="1" status="PASS">
          <params>
            <param index="0">
              <value>
                <![CDATA[public void Test_Suite.WileyPLUS_Test_Suite.TC18_Check_ISBN_Not_Preset_In_WileyPLUS_PDP() throws java.io.IOException]]>
              </value>
            </param>
          </params>
          <reporter-output>
          </reporter-output>
        </test-method> <!-- nameAfter -->
        <test-method signature="TC19_Validate_Continue_Shopping_Link()[pri:0, instance:Test_Suite.WileyPLUS_Test_Suite@1750fbeb]" started-at="2023-04-11T21:31:36 IST" name="TC19_Validate_Continue_Shopping_Link" finished-at="2023-04-11T21:34:08 IST" duration-ms="152038" status="PASS">
          <reporter-output>
          </reporter-output>
        </test-method> <!-- TC19_Validate_Continue_Shopping_Link -->
        <test-method is-config="true" signature="nameBefore(java.lang.reflect.Method)[pri:0, instance:Test_Suite.WileyPLUS_Test_Suite@1750fbeb]" started-at="2023-04-11T21:31:36 IST" name="nameBefore" finished-at="2023-04-11T21:31:36 IST" duration-ms="0" status="PASS">
          <params>
            <param index="0">
              <value>
                <![CDATA[public void Test_Suite.WileyPLUS_Test_Suite.TC19_Validate_Continue_Shopping_Link() throws java.io.IOException]]>
              </value>
            </param>
          </params>
          <reporter-output>
          </reporter-output>
        </test-method> <!-- nameBefore -->
        <test-method is-config="true" signature="nameAfter(java.lang.reflect.Method)[pri:0, instance:Test_Suite.WileyPLUS_Test_Suite@1750fbeb]" started-at="2023-04-11T21:34:08 IST" name="nameAfter" finished-at="2023-04-11T21:34:08 IST" duration-ms="2" status="PASS">
          <params>
            <param index="0">
              <value>
                <![CDATA[public void Test_Suite.WileyPLUS_Test_Suite.TC19_Validate_Continue_Shopping_Link() throws java.io.IOException]]>
              </value>
            </param>
          </params>
          <reporter-output>
          </reporter-output>
        </test-method> <!-- nameAfter -->
        <test-method is-config="true" signature="nameBefore(java.lang.reflect.Method)[pri:0, instance:Test_Suite.WileyPLUS_Test_Suite@1750fbeb]" started-at="2023-04-11T21:34:08 IST" name="nameBefore" finished-at="2023-04-11T21:34:08 IST" duration-ms="1" status="PASS">
          <params>
            <param index="0">
              <value>
                <![CDATA[public void Test_Suite.WileyPLUS_Test_Suite.TC20_Place_WileyPLUS_CAD_Order_From_Frontend() throws java.io.IOException]]>
              </value>
            </param>
          </params>
          <reporter-output>
          </reporter-output>
        </test-method> <!-- nameBefore -->
        <test-method signature="TC20_Place_WileyPLUS_CAD_Order_From_Frontend()[pri:0, instance:Test_Suite.WileyPLUS_Test_Suite@1750fbeb]" started-at="2023-04-11T21:34:08 IST" name="TC20_Place_WileyPLUS_CAD_Order_From_Frontend" finished-at="2023-04-11T21:36:28 IST" duration-ms="140713" status="PASS">
          <reporter-output>
          </reporter-output>
        </test-method> <!-- TC20_Place_WileyPLUS_CAD_Order_From_Frontend -->
        <test-method is-config="true" signature="nameAfter(java.lang.reflect.Method)[pri:0, instance:Test_Suite.WileyPLUS_Test_Suite@1750fbeb]" started-at="2023-04-11T21:36:28 IST" name="nameAfter" finished-at="2023-04-11T21:36:28 IST" duration-ms="0" status="PASS">
          <params>
            <param index="0">
              <value>
                <![CDATA[public void Test_Suite.WileyPLUS_Test_Suite.TC20_Place_WileyPLUS_CAD_Order_From_Frontend() throws java.io.IOException]]>
              </value>
            </param>
          </params>
          <reporter-output>
          </reporter-output>
        </test-method> <!-- nameAfter -->
        <test-method is-config="true" signature="nameBefore(java.lang.reflect.Method)[pri:0, instance:Test_Suite.WileyPLUS_Test_Suite@1750fbeb]" started-at="2023-04-11T21:36:28 IST" name="nameBefore" finished-at="2023-04-11T21:36:28 IST" duration-ms="1" status="PASS">
          <params>
            <param index="0">
              <value>
                <![CDATA[public void Test_Suite.WileyPLUS_Test_Suite.TC21_Place_WileyPLUS_USD_Order_From_Frontend() throws java.io.IOException]]>
              </value>
            </param>
          </params>
          <reporter-output>
          </reporter-output>
        </test-method> <!-- nameBefore -->
        <test-method signature="TC21_Place_WileyPLUS_USD_Order_From_Frontend()[pri:0, instance:Test_Suite.WileyPLUS_Test_Suite@1750fbeb]" started-at="2023-04-11T21:36:28 IST" name="TC21_Place_WileyPLUS_USD_Order_From_Frontend" finished-at="2023-04-11T21:37:53 IST" duration-ms="84722" status="PASS">
          <reporter-output>
          </reporter-output>
        </test-method> <!-- TC21_Place_WileyPLUS_USD_Order_From_Frontend -->
        <test-method is-config="true" signature="nameAfter(java.lang.reflect.Method)[pri:0, instance:Test_Suite.WileyPLUS_Test_Suite@1750fbeb]" started-at="2023-04-11T21:37:53 IST" name="nameAfter" finished-at="2023-04-11T21:37:53 IST" duration-ms="1" status="PASS">
          <params>
            <param index="0">
              <value>
                <![CDATA[public void Test_Suite.WileyPLUS_Test_Suite.TC21_Place_WileyPLUS_USD_Order_From_Frontend() throws java.io.IOException]]>
              </value>
            </param>
          </params>
          <reporter-output>
          </reporter-output>
        </test-method> <!-- nameAfter -->
        <test-method is-config="true" signature="nameBefore(java.lang.reflect.Method)[pri:0, instance:Test_Suite.WileyPLUS_Test_Suite@1750fbeb]" started-at="2023-04-11T21:37:53 IST" name="nameBefore" finished-at="2023-04-11T21:37:53 IST" duration-ms="1" status="PASS">
          <params>
            <param index="0">
              <value>
                <![CDATA[public void Test_Suite.WileyPLUS_Test_Suite.TC22_Merge_Cart_Functionality() throws java.io.IOException]]>
              </value>
            </param>
          </params>
          <reporter-output>
          </reporter-output>
        </test-method> <!-- nameBefore -->
        <test-method signature="TC22_Merge_Cart_Functionality()[pri:0, instance:Test_Suite.WileyPLUS_Test_Suite@1750fbeb]" started-at="2023-04-11T21:37:53 IST" name="TC22_Merge_Cart_Functionality" finished-at="2023-04-11T21:39:40 IST" duration-ms="106443" status="PASS">
          <reporter-output>
          </reporter-output>
        </test-method> <!-- TC22_Merge_Cart_Functionality -->
        <test-method is-config="true" signature="nameAfter(java.lang.reflect.Method)[pri:0, instance:Test_Suite.WileyPLUS_Test_Suite@1750fbeb]" started-at="2023-04-11T21:39:40 IST" name="nameAfter" finished-at="2023-04-11T21:39:40 IST" duration-ms="0" status="PASS">
          <params>
            <param index="0">
              <value>
                <![CDATA[public void Test_Suite.WileyPLUS_Test_Suite.TC22_Merge_Cart_Functionality() throws java.io.IOException]]>
              </value>
            </param>
          </params>
          <reporter-output>
          </reporter-output>
        </test-method> <!-- nameAfter -->
        <test-method signature="TC23_Adding_Multiple_Wileyplus_Products_With_Coupon()[pri:0, instance:Test_Suite.WileyPLUS_Test_Suite@1750fbeb]" started-at="2023-04-11T21:39:40 IST" name="TC23_Adding_Multiple_Wileyplus_Products_With_Coupon" finished-at="2023-04-11T21:41:23 IST" duration-ms="102983" status="PASS">
          <reporter-output>
          </reporter-output>
        </test-method> <!-- TC23_Adding_Multiple_Wileyplus_Products_With_Coupon -->
        <test-method is-config="true" signature="nameBefore(java.lang.reflect.Method)[pri:0, instance:Test_Suite.WileyPLUS_Test_Suite@1750fbeb]" started-at="2023-04-11T21:39:40 IST" name="nameBefore" finished-at="2023-04-11T21:39:40 IST" duration-ms="0" status="PASS">
          <params>
            <param index="0">
              <value>
                <![CDATA[public void Test_Suite.WileyPLUS_Test_Suite.TC23_Adding_Multiple_Wileyplus_Products_With_Coupon() throws java.io.IOException]]>
              </value>
            </param>
          </params>
          <reporter-output>
          </reporter-output>
        </test-method> <!-- nameBefore -->
        <test-method is-config="true" signature="nameAfter(java.lang.reflect.Method)[pri:0, instance:Test_Suite.WileyPLUS_Test_Suite@1750fbeb]" started-at="2023-04-11T21:41:23 IST" name="nameAfter" finished-at="2023-04-11T21:41:23 IST" duration-ms="3" status="PASS">
          <params>
            <param index="0">
              <value>
                <![CDATA[public void Test_Suite.WileyPLUS_Test_Suite.TC23_Adding_Multiple_Wileyplus_Products_With_Coupon() throws java.io.IOException]]>
              </value>
            </param>
          </params>
          <reporter-output>
          </reporter-output>
        </test-method> <!-- nameAfter -->
        <test-method is-config="true" signature="CloseBrowser()[pri:0, instance:Test_Suite.WileyPLUS_Test_Suite@1750fbeb]" started-at="2023-04-11T21:41:23 IST" name="CloseBrowser" finished-at="2023-04-11T21:41:25 IST" duration-ms="2274" status="PASS">
          <reporter-output>
          </reporter-output>
        </test-method> <!-- CloseBrowser -->
      </class> <!-- Test_Suite.WileyPLUS_Test_Suite -->
    </test> <!-- Default test -->
  </suite> <!-- Default suite -->
</testng-results>
