<?xml version="1.0" encoding="UTF-8"?>
<testng-results ignored="0" total="57" passed="51" failed="6" skipped="0">
  <reporter-output>
  </reporter-output>
  <suite started-at="2023-02-03T18:56:08 IST" name="Default suite" finished-at="2023-02-03T20:45:57 IST" duration-ms="6589237">
    <groups>
    </groups>
    <test started-at="2023-02-03T18:56:08 IST" name="Default test" finished-at="2023-02-03T20:45:57 IST" duration-ms="6589237">
      <class name="Test_Suite.WEL_Test_Suite">
        <test-method is-config="true" signature="initiate(org.testng.ITestContext)[pri:0, instance:Test_Suite.WEL_Test_Suite@4d1c005e]" started-at="2023-02-03T18:56:08 IST" name="initiate" finished-at="2023-02-03T18:56:16 IST" duration-ms="8746" status="PASS">
          <params>
            <param index="0">
              <value>
                <![CDATA[org.testng.TestRunner@e7a353a]]>
              </value>
            </param>
          </params>
          <reporter-output>
          </reporter-output>
        </test-method> <!-- initiate -->
        <test-method is-config="true" signature="initializeRepo()[pri:0, instance:Test_Suite.WEL_Test_Suite@4d1c005e]" started-at="2023-02-03T18:56:16 IST" name="initializeRepo" finished-at="2023-02-03T18:56:16 IST" depends-on-methods="utilities.DriverModule.initiate" duration-ms="78" status="PASS">
          <reporter-output>
          </reporter-output>
        </test-method> <!-- initializeRepo -->
        <test-method signature="TC01_Standalone_UserRegistration()[pri:0, instance:Test_Suite.WEL_Test_Suite@4d1c005e]" started-at="2023-02-03T18:56:16 IST" name="TC01_Standalone_UserRegistration" finished-at="2023-02-03T18:57:21 IST" duration-ms="64172" status="PASS">
          <reporter-output>
          </reporter-output>
        </test-method> <!-- TC01_Standalone_UserRegistration -->
        <test-method signature="TC02_UserRegistration_DuringCheckoutForPhysicalCart()[pri:0, instance:Test_Suite.WEL_Test_Suite@4d1c005e]" started-at="2023-02-03T18:57:21 IST" name="TC02_UserRegistration_DuringCheckoutForPhysicalCart" finished-at="2023-02-03T18:58:57 IST" duration-ms="96450" status="PASS">
          <reporter-output>
          </reporter-output>
        </test-method> <!-- TC02_UserRegistration_DuringCheckoutForPhysicalCart -->
        <test-method signature="TC03_UserRegistration_DuringCheckoutForDigitalCartwith_NonUSBillingAddress()[pri:0, instance:Test_Suite.WEL_Test_Suite@4d1c005e]" started-at="2023-02-03T18:58:57 IST" name="TC03_UserRegistration_DuringCheckoutForDigitalCartwith_NonUSBillingAddress" finished-at="2023-02-03T19:01:23 IST" duration-ms="145961" status="PASS">
          <reporter-output>
          </reporter-output>
        </test-method> <!-- TC03_UserRegistration_DuringCheckoutForDigitalCartwith_NonUSBillingAddress -->
        <test-method signature="TC04_LoginFor_NewlyRegisteredUser()[pri:0, instance:Test_Suite.WEL_Test_Suite@4d1c005e]" started-at="2023-02-03T19:01:23 IST" name="TC04_LoginFor_NewlyRegisteredUser" finished-at="2023-02-03T19:01:54 IST" duration-ms="30876" status="PASS">
          <reporter-output>
          </reporter-output>
        </test-method> <!-- TC04_LoginFor_NewlyRegisteredUser -->
        <test-method signature="TC05_UserLoginDuring_Checkout()[pri:0, instance:Test_Suite.WEL_Test_Suite@4d1c005e]" started-at="2023-02-03T19:01:54 IST" name="TC05_UserLoginDuring_Checkout" finished-at="2023-02-03T19:04:18 IST" duration-ms="144356" status="PASS">
          <reporter-output>
          </reporter-output>
        </test-method> <!-- TC05_UserLoginDuring_Checkout -->
        <test-method signature="TC06_Standalone_ForgotPassword()[pri:0, instance:Test_Suite.WEL_Test_Suite@4d1c005e]" started-at="2023-02-03T19:04:18 IST" name="TC06_Standalone_ForgotPassword" finished-at="2023-02-03T19:05:24 IST" duration-ms="65707" status="PASS">
          <reporter-output>
          </reporter-output>
        </test-method> <!-- TC06_Standalone_ForgotPassword -->
        <test-method signature="TC07_ForgotPasswordDuring_Checkout()[pri:0, instance:Test_Suite.WEL_Test_Suite@4d1c005e]" started-at="2023-02-03T19:05:24 IST" name="TC07_ForgotPasswordDuring_Checkout" finished-at="2023-02-03T19:07:11 IST" duration-ms="106468" status="PASS">
          <reporter-output>
          </reporter-output>
        </test-method> <!-- TC07_ForgotPasswordDuring_Checkout -->
        <test-method signature="TC09_AddToCart_WithStudentDiscount_InAnonymousCart()[pri:0, instance:Test_Suite.WEL_Test_Suite@4d1c005e]" started-at="2023-02-03T19:07:11 IST" name="TC09_AddToCart_WithStudentDiscount_InAnonymousCart" finished-at="2023-02-03T19:08:34 IST" duration-ms="83083" status="PASS">
          <reporter-output>
          </reporter-output>
        </test-method> <!-- TC09_AddToCart_WithStudentDiscount_InAnonymousCart -->
        <test-method signature="TC10_AddToCart_WithPromoCode_InAnonymousCart()[pri:0, instance:Test_Suite.WEL_Test_Suite@4d1c005e]" started-at="2023-02-03T19:08:34 IST" name="TC10_AddToCart_WithPromoCode_InAnonymousCart" finished-at="2023-02-03T19:09:49 IST" duration-ms="75689" status="PASS">
          <reporter-output>
          </reporter-output>
        </test-method> <!-- TC10_AddToCart_WithPromoCode_InAnonymousCart -->
        <test-method signature="TC11_AddToCartFor_LoggedInUser()[pri:0, instance:Test_Suite.WEL_Test_Suite@4d1c005e]" started-at="2023-02-03T19:09:49 IST" name="TC11_AddToCartFor_LoggedInUser" finished-at="2023-02-03T19:12:18 IST" duration-ms="148478" status="PASS">
          <reporter-output>
          </reporter-output>
        </test-method> <!-- TC11_AddToCartFor_LoggedInUser -->
        <test-method signature="TC12_QunatityRestriction_ForPhysicalProduct()[pri:0, instance:Test_Suite.WEL_Test_Suite@4d1c005e]" started-at="2023-02-03T19:12:18 IST" name="TC12_QunatityRestriction_ForPhysicalProduct" finished-at="2023-02-03T19:12:56 IST" duration-ms="37792" status="PASS">
          <reporter-output>
          </reporter-output>
        </test-method> <!-- TC12_QunatityRestriction_ForPhysicalProduct -->
        <test-method signature="TC13_PlaceOrder_WithmultipleProducts_And_PromotionForExistingUser()[pri:0, instance:Test_Suite.WEL_Test_Suite@4d1c005e]" started-at="2023-02-03T19:12:56 IST" name="TC13_PlaceOrder_WithmultipleProducts_And_PromotionForExistingUser" finished-at="2023-02-03T19:14:46 IST" duration-ms="110474" status="PASS">
          <reporter-output>
          </reporter-output>
        </test-method> <!-- TC13_PlaceOrder_WithmultipleProducts_And_PromotionForExistingUser -->
        <test-method signature="TC14_ExtraDiscount_CouponCodeGOVT()[pri:0, instance:Test_Suite.WEL_Test_Suite@4d1c005e]" started-at="2023-02-03T19:14:46 IST" name="TC14_ExtraDiscount_CouponCodeGOVT" finished-at="2023-02-03T19:15:42 IST" duration-ms="55969" status="PASS">
          <reporter-output>
          </reporter-output>
        </test-method> <!-- TC14_ExtraDiscount_CouponCodeGOVT -->
        <test-method signature="TC15_PlaceOrder_CMACPACFA_DigitalProducts_ForNewUser()[pri:0, instance:Test_Suite.WEL_Test_Suite@4d1c005e]" started-at="2023-02-03T19:15:42 IST" name="TC15_PlaceOrder_CMACPACFA_DigitalProducts_ForNewUser" finished-at="2023-02-03T19:19:37 IST" duration-ms="234927" status="PASS">
          <reporter-output>
          </reporter-output>
        </test-method> <!-- TC15_PlaceOrder_CMACPACFA_DigitalProducts_ForNewUser -->
        <test-method signature="TC16_PlaceOrder_CMACPACFA_DigitalProducts_ForExistingUser()[pri:0, instance:Test_Suite.WEL_Test_Suite@4d1c005e]" started-at="2023-02-03T19:19:37 IST" name="TC16_PlaceOrder_CMACPACFA_DigitalProducts_ForExistingUser" finished-at="2023-02-03T19:23:38 IST" duration-ms="240858" status="PASS">
          <reporter-output>
          </reporter-output>
        </test-method> <!-- TC16_PlaceOrder_CMACPACFA_DigitalProducts_ForExistingUser -->
        <test-method signature="TC17_PlaceOrderof_CPACMA_PhysitalProducts_And_CFAPhysicalReviewCourse_ProductForNewUser()[pri:0, instance:Test_Suite.WEL_Test_Suite@4d1c005e]" started-at="2023-02-03T19:23:38 IST" name="TC17_PlaceOrderof_CPACMA_PhysitalProducts_And_CFAPhysicalReviewCourse_ProductForNewUser" finished-at="2023-02-03T19:25:27 IST" duration-ms="108890" status="PASS">
          <reporter-output>
          </reporter-output>
        </test-method> <!-- TC17_PlaceOrderof_CPACMA_PhysitalProducts_And_CFAPhysicalReviewCourse_ProductForNewUser -->
        <test-method signature="TC18_PlaceOrderof_CPACMA_PhysitalProducts_And_CFAPhysicalReviewCourse_ProductForExistingUser()[pri:0, instance:Test_Suite.WEL_Test_Suite@4d1c005e]" started-at="2023-02-03T19:25:27 IST" name="TC18_PlaceOrderof_CPACMA_PhysitalProducts_And_CFAPhysicalReviewCourse_ProductForExistingUser" finished-at="2023-02-03T19:30:08 IST" duration-ms="281287" status="PASS">
          <reporter-output>
          </reporter-output>
        </test-method> <!-- TC18_PlaceOrderof_CPACMA_PhysitalProducts_And_CFAPhysicalReviewCourse_ProductForExistingUser -->
        <test-method signature="TC20_PlaceOrder_OfOther_ProductsCIACAIAFor_NewUser()[pri:0, instance:Test_Suite.WEL_Test_Suite@4d1c005e]" started-at="2023-02-03T19:30:08 IST" name="TC20_PlaceOrder_OfOther_ProductsCIACAIAFor_NewUser" finished-at="2023-02-03T19:31:43 IST" duration-ms="94658" status="PASS">
          <reporter-output>
          </reporter-output>
        </test-method> <!-- TC20_PlaceOrder_OfOther_ProductsCIACAIAFor_NewUser -->
        <test-method signature="TC21_PlaceOrder_CPACMACFA_FreeTrailFor_NewUser()[pri:0, instance:Test_Suite.WEL_Test_Suite@4d1c005e]" started-at="2023-02-03T19:31:43 IST" name="TC21_PlaceOrder_CPACMACFA_FreeTrailFor_NewUser" finished-at="2023-02-03T19:32:46 IST" duration-ms="63223" status="PASS">
          <reporter-output>
          </reporter-output>
        </test-method> <!-- TC21_PlaceOrder_CPACMACFA_FreeTrailFor_NewUser -->
        <test-method signature="TC22_PlaceOrder_CPACMACFA_FreeTrailFor_ExistingUser()[pri:0, instance:Test_Suite.WEL_Test_Suite@4d1c005e]" started-at="2023-02-03T19:32:46 IST" name="TC22_PlaceOrder_CPACMACFA_FreeTrailFor_ExistingUser" finished-at="2023-02-03T19:34:37 IST" duration-ms="111278" status="PASS">
          <reporter-output>
          </reporter-output>
        </test-method> <!-- TC22_PlaceOrder_CPACMACFA_FreeTrailFor_ExistingUser -->
        <test-method signature="TC23_PlaceOrder_OfOther_ProductsCIA_FreeTrailFor_NewUser()[pri:0, instance:Test_Suite.WEL_Test_Suite@4d1c005e]" started-at="2023-02-03T19:34:37 IST" name="TC23_PlaceOrder_OfOther_ProductsCIA_FreeTrailFor_NewUser" finished-at="2023-02-03T19:35:03 IST" duration-ms="25565" status="PASS">
          <reporter-output>
          </reporter-output>
        </test-method> <!-- TC23_PlaceOrder_OfOther_ProductsCIA_FreeTrailFor_NewUser -->
        <test-method signature="TC24_PlaceOrder_UsingSavedShippingAddress_ForExistingUser()[pri:0, instance:Test_Suite.WEL_Test_Suite@4d1c005e]" started-at="2023-02-03T19:35:03 IST" name="TC24_PlaceOrder_UsingSavedShippingAddress_ForExistingUser" finished-at="2023-02-03T19:37:49 IST" duration-ms="165899" status="PASS">
          <reporter-output>
          </reporter-output>
        </test-method> <!-- TC24_PlaceOrder_UsingSavedShippingAddress_ForExistingUser -->
        <test-method signature="TC25_ShippingMethodfor_USUKAustralia_CanadaIndiaSingapore()[pri:0, instance:Test_Suite.WEL_Test_Suite@4d1c005e]" started-at="2023-02-03T19:37:49 IST" name="TC25_ShippingMethodfor_USUKAustralia_CanadaIndiaSingapore" finished-at="2023-02-03T19:39:33 IST" duration-ms="103891" status="PASS">
          <reporter-output>
          </reporter-output>
        </test-method> <!-- TC25_ShippingMethodfor_USUKAustralia_CanadaIndiaSingapore -->
        <test-method signature="TC27_AddressSuggestion_ByAddressDoctorInShippingpage()[pri:0, instance:Test_Suite.WEL_Test_Suite@4d1c005e]" started-at="2023-02-03T19:39:33 IST" name="TC27_AddressSuggestion_ByAddressDoctorInShippingpage" finished-at="2023-02-03T19:41:05 IST" duration-ms="92172" status="PASS">
          <reporter-output>
          </reporter-output>
        </test-method> <!-- TC27_AddressSuggestion_ByAddressDoctorInShippingpage -->
        <test-method signature="TC28_StudentVerification_ForDigitalCartofUSANDNonUS()[pri:0, instance:Test_Suite.WEL_Test_Suite@4d1c005e]" started-at="2023-02-03T19:41:05 IST" name="TC28_StudentVerification_ForDigitalCartofUSANDNonUS" finished-at="2023-02-03T19:43:55 IST" duration-ms="170436" status="PASS">
          <reporter-output>
          </reporter-output>
        </test-method> <!-- TC28_StudentVerification_ForDigitalCartofUSANDNonUS -->
        <test-method signature="TC29_StudentVerification_ForPhisicalCartofUSANDNonUS()[pri:0, instance:Test_Suite.WEL_Test_Suite@4d1c005e]" started-at="2023-02-03T19:43:55 IST" name="TC29_StudentVerification_ForPhisicalCartofUSANDNonUS" finished-at="2023-02-03T19:46:42 IST" duration-ms="166663" status="PASS">
          <reporter-output>
          </reporter-output>
        </test-method> <!-- TC29_StudentVerification_ForPhisicalCartofUSANDNonUS -->
        <test-method signature="TC30_PlaceOrder_UsingSavedBillingAddress_ForExistingUser()[pri:0, instance:Test_Suite.WEL_Test_Suite@4d1c005e]" started-at="2023-02-03T19:46:42 IST" name="TC30_PlaceOrder_UsingSavedBillingAddress_ForExistingUser" finished-at="2023-02-03T19:48:27 IST" duration-ms="105201" status="PASS">
          <reporter-output>
          </reporter-output>
        </test-method> <!-- TC30_PlaceOrder_UsingSavedBillingAddress_ForExistingUser -->
        <test-method signature="TC31_ShippingAndBilling_AddressSamefor_NewUser()[pri:0, instance:Test_Suite.WEL_Test_Suite@4d1c005e]" started-at="2023-02-03T19:48:27 IST" name="TC31_ShippingAndBilling_AddressSamefor_NewUser" finished-at="2023-02-03T19:51:25 IST" duration-ms="177545" status="PASS">
          <reporter-output>
          </reporter-output>
        </test-method> <!-- TC31_ShippingAndBilling_AddressSamefor_NewUser -->
        <test-method signature="TC32_ShippingAndBilling_AddressDifferentfor_NewUser()[pri:0, instance:Test_Suite.WEL_Test_Suite@4d1c005e]" started-at="2023-02-03T19:51:25 IST" name="TC32_ShippingAndBilling_AddressDifferentfor_NewUser" finished-at="2023-02-03T19:52:40 IST" duration-ms="75489" status="PASS">
          <reporter-output>
          </reporter-output>
        </test-method> <!-- TC32_ShippingAndBilling_AddressDifferentfor_NewUser -->
        <test-method signature="TC33_AddressSuggestion_ByAddressDoctorInBillingpage()[pri:0, instance:Test_Suite.WEL_Test_Suite@4d1c005e]" started-at="2023-02-03T19:52:40 IST" name="TC33_AddressSuggestion_ByAddressDoctorInBillingpage" finished-at="2023-02-03T19:54:42 IST" duration-ms="121818" status="PASS">
          <reporter-output>
          </reporter-output>
        </test-method> <!-- TC33_AddressSuggestion_ByAddressDoctorInBillingpage -->
        <test-method signature="TC34_PlaceOrder_withPaypalPayment_OptionForNewUser()[pri:0, instance:Test_Suite.WEL_Test_Suite@4d1c005e]" started-at="2023-02-03T19:54:42 IST" name="TC34_PlaceOrder_withPaypalPayment_OptionForNewUser" finished-at="2023-02-03T19:57:39 IST" duration-ms="176872" status="PASS">
          <reporter-output>
          </reporter-output>
        </test-method> <!-- TC34_PlaceOrder_withPaypalPayment_OptionForNewUser -->
        <test-method signature="TC35_PlaceOrder_withPaypalPayment_OptionForExistingUser()[pri:0, instance:Test_Suite.WEL_Test_Suite@4d1c005e]" started-at="2023-02-03T19:57:39 IST" name="TC35_PlaceOrder_withPaypalPayment_OptionForExistingUser" finished-at="2023-02-03T20:00:48 IST" duration-ms="189420" status="PASS">
          <reporter-output>
          </reporter-output>
        </test-method> <!-- TC35_PlaceOrder_withPaypalPayment_OptionForExistingUser -->
        <test-method signature="TC36_PlaceOrder_withPaypalCredit_OptionForExistingUser()[pri:0, instance:Test_Suite.WEL_Test_Suite@4d1c005e]" started-at="2023-02-03T20:00:48 IST" name="TC36_PlaceOrder_withPaypalCredit_OptionForExistingUser" finished-at="2023-02-03T20:04:30 IST" duration-ms="221824" status="PASS">
          <reporter-output>
          </reporter-output>
        </test-method> <!-- TC36_PlaceOrder_withPaypalCredit_OptionForExistingUser -->
        <test-method signature="TC37_PlaceOrder_withPaypalCredit_OptionForNewUser()[pri:0, instance:Test_Suite.WEL_Test_Suite@4d1c005e]" started-at="2023-02-03T20:04:30 IST" name="TC37_PlaceOrder_withPaypalCredit_OptionForNewUser" finished-at="2023-02-03T20:07:09 IST" duration-ms="158610" status="PASS">
          <reporter-output>
          </reporter-output>
        </test-method> <!-- TC37_PlaceOrder_withPaypalCredit_OptionForNewUser -->
        <test-method signature="TC38_Multiple_To_And_Fro_Navigation_Between_Shipping_And_Billing()[pri:0, instance:Test_Suite.WEL_Test_Suite@4d1c005e]" started-at="2023-02-03T20:07:09 IST" name="TC38_Multiple_To_And_Fro_Navigation_Between_Shipping_And_Billing" finished-at="2023-02-03T20:11:11 IST" duration-ms="242171" status="PASS">
          <reporter-output>
          </reporter-output>
        </test-method> <!-- TC38_Multiple_To_And_Fro_Navigation_Between_Shipping_And_Billing -->
        <test-method signature="TC39_PlaceOrderin_PINFlow_ForNewUser()[pri:0, instance:Test_Suite.WEL_Test_Suite@4d1c005e]" started-at="2023-02-03T20:11:11 IST" name="TC39_PlaceOrderin_PINFlow_ForNewUser" finished-at="2023-02-03T20:12:39 IST" duration-ms="88081" status="PASS">
          <reporter-output>
          </reporter-output>
        </test-method> <!-- TC39_PlaceOrderin_PINFlow_ForNewUser -->
        <test-method signature="TC40_PlaceOrderin_PINFlow_ForExistingUser()[pri:0, instance:Test_Suite.WEL_Test_Suite@4d1c005e]" started-at="2023-02-03T20:12:39 IST" name="TC40_PlaceOrderin_PINFlow_ForExistingUser" finished-at="2023-02-03T20:14:44 IST" duration-ms="125355" status="PASS">
          <reporter-output>
          </reporter-output>
        </test-method> <!-- TC40_PlaceOrderin_PINFlow_ForExistingUser -->
        <test-method signature="TC42_Place_order_with_partner_product_having_price()[pri:0, instance:Test_Suite.WEL_Test_Suite@4d1c005e]" started-at="2023-02-03T20:14:44 IST" name="TC42_Place_order_with_partner_product_having_price" finished-at="2023-02-03T20:16:54 IST" duration-ms="129490" status="PASS">
          <reporter-output>
          </reporter-output>
        </test-method> <!-- TC42_Place_order_with_partner_product_having_price -->
        <test-method signature="TC43_PlaceOrderwith_PartnerProduct_Having100Percent_Discount()[pri:0, instance:Test_Suite.WEL_Test_Suite@4d1c005e]" started-at="2023-02-03T20:16:54 IST" name="TC43_PlaceOrderwith_PartnerProduct_Having100Percent_Discount" finished-at="2023-02-03T20:16:54 IST" duration-ms="263" status="PASS">
          <reporter-output>
          </reporter-output>
        </test-method> <!-- TC43_PlaceOrderwith_PartnerProduct_Having100Percent_Discount -->
        <test-method signature="TC44_PlaceOrderFor_UniversityPartner_Product()[pri:0, instance:Test_Suite.WEL_Test_Suite@4d1c005e]" started-at="2023-02-03T20:16:54 IST" name="TC44_PlaceOrderFor_UniversityPartner_Product" finished-at="2023-02-03T20:17:06 IST" duration-ms="11620" status="PASS">
          <reporter-output>
          </reporter-output>
        </test-method> <!-- TC44_PlaceOrderFor_UniversityPartner_Product -->
        <test-method signature="TC46_Tax_Recalculation_After_Editing_Shipping_Method()[pri:0, instance:Test_Suite.WEL_Test_Suite@4d1c005e]" started-at="2023-02-03T20:17:06 IST" name="TC46_Tax_Recalculation_After_Editing_Shipping_Method" finished-at="2023-02-03T20:20:16 IST" duration-ms="190420" status="PASS">
          <reporter-output>
          </reporter-output>
        </test-method> <!-- TC46_Tax_Recalculation_After_Editing_Shipping_Method -->
        <test-method signature="TC47_Tax_Recalculation_After_Editing_Shipping_Address()[pri:0, instance:Test_Suite.WEL_Test_Suite@4d1c005e]" started-at="2023-02-03T20:20:16 IST" name="TC47_Tax_Recalculation_After_Editing_Shipping_Address" finished-at="2023-02-03T20:23:05 IST" duration-ms="168623" status="PASS">
          <reporter-output>
          </reporter-output>
        </test-method> <!-- TC47_Tax_Recalculation_After_Editing_Shipping_Address -->
        <test-method signature="TC48_Tax_Recalculation_After_Editing_Billing_Address()[pri:0, instance:Test_Suite.WEL_Test_Suite@4d1c005e]" started-at="2023-02-03T20:23:05 IST" name="TC48_Tax_Recalculation_After_Editing_Billing_Address" finished-at="2023-02-03T20:25:44 IST" duration-ms="159198" status="PASS">
          <reporter-output>
          </reporter-output>
        </test-method> <!-- TC48_Tax_Recalculation_After_Editing_Billing_Address -->
        <test-method signature="TC49_Place_Order_With_Some_Parts_New_User()[pri:0, instance:Test_Suite.WEL_Test_Suite@4d1c005e]" started-at="2023-02-03T20:25:44 IST" name="TC49_Place_Order_With_Some_Parts_New_User" finished-at="2023-02-03T20:28:28 IST" duration-ms="163501" status="PASS">
          <reporter-output>
          </reporter-output>
        </test-method> <!-- TC49_Place_Order_With_Some_Parts_New_User -->
        <test-method signature="TC50_PlaceOrder_CanadaAddress()[pri:0, instance:Test_Suite.WEL_Test_Suite@4d1c005e]" started-at="2023-02-03T20:28:28 IST" name="TC50_PlaceOrder_CanadaAddress" finished-at="2023-02-03T20:30:21 IST" duration-ms="112992" status="PASS">
          <reporter-output>
          </reporter-output>
        </test-method> <!-- TC50_PlaceOrder_CanadaAddress -->
        <test-method signature="TC51_PlaceOrder_IndiaAddress()[pri:0, instance:Test_Suite.WEL_Test_Suite@4d1c005e]" started-at="2023-02-03T20:30:21 IST" name="TC51_PlaceOrder_IndiaAddress" finished-at="2023-02-03T20:32:24 IST" duration-ms="123339" status="PASS">
          <reporter-output>
          </reporter-output>
        </test-method> <!-- TC51_PlaceOrder_IndiaAddress -->
        <test-method signature="TC52_PlaceOrder_ChinaAddress()[pri:0, instance:Test_Suite.WEL_Test_Suite@4d1c005e]" started-at="2023-02-03T20:32:24 IST" name="TC52_PlaceOrder_ChinaAddress" finished-at="2023-02-03T20:34:28 IST" duration-ms="123796" status="PASS">
          <reporter-output>
          </reporter-output>
        </test-method> <!-- TC52_PlaceOrder_ChinaAddress -->
        <test-method signature="TC53_PlaceOrder_JapanAddress()[pri:0, instance:Test_Suite.WEL_Test_Suite@4d1c005e]" started-at="2023-02-03T20:34:28 IST" name="TC53_PlaceOrder_JapanAddress" finished-at="2023-02-03T20:36:10 IST" duration-ms="101962" status="PASS">
          <reporter-output>
          </reporter-output>
        </test-method> <!-- TC53_PlaceOrder_JapanAddress -->
        <test-method signature="TC61_Validate_Cookie_Management()[pri:0, instance:Test_Suite.WEL_Test_Suite@4d1c005e]" started-at="2023-02-03T20:36:10 IST" name="TC61_Validate_Cookie_Management" finished-at="2023-02-03T20:37:27 IST" duration-ms="77402" status="PASS">
          <reporter-output>
          </reporter-output>
        </test-method> <!-- TC61_Validate_Cookie_Management -->
        <test-method signature="TC62_Email_Verification_For__New_User()[pri:0, instance:Test_Suite.WEL_Test_Suite@4d1c005e]" started-at="2023-02-03T20:37:27 IST" name="TC62_Email_Verification_For__New_User" finished-at="2023-02-03T20:43:12 IST" duration-ms="344822" status="PASS">
          <reporter-output>
          </reporter-output>
        </test-method> <!-- TC62_Email_Verification_For__New_User -->
        <test-method signature="TC64_Validate_Dont_Ship_To_PO_Box_Message()[pri:0, instance:Test_Suite.WEL_Test_Suite@4d1c005e]" started-at="2023-02-03T20:43:12 IST" name="TC64_Validate_Dont_Ship_To_PO_Box_Message" finished-at="2023-02-03T20:44:45 IST" duration-ms="93422" status="PASS">
          <reporter-output>
          </reporter-output>
        </test-method> <!-- TC64_Validate_Dont_Ship_To_PO_Box_Message -->
        <test-method signature="TC71_PlaceNewUser_OrderForDigitalProduct_CPATestBank_AndValidatThetax()[pri:0, instance:Test_Suite.WEL_Test_Suite@4d1c005e]" started-at="2023-02-03T20:44:45 IST" name="TC71_PlaceNewUser_OrderForDigitalProduct_CPATestBank_AndValidatThetax" finished-at="2023-02-03T20:45:16 IST" duration-ms="30726" status="FAIL">
          <exception class="org.openqa.selenium.WebDriverException">
            <message>
              <![CDATA[java.io.IOException: There is not enough space on the disk
Build info: version: '4.6.0', revision: '79f1c02ae20'
System info: os.name: 'Windows 10', os.arch: 'amd64', os.version: '10.0', java.version: '17.0.5'
Driver info: driver.version: RemoteWebDriver]]>
            </message>
            <full-stacktrace>
              <![CDATA[org.openqa.selenium.WebDriverException: java.io.IOException: There is not enough space on the disk
Build info: version: '4.6.0', revision: '79f1c02ae20'
System info: os.name: 'Windows 10', os.arch: 'amd64', os.version: '10.0', java.version: '17.0.5'
Driver info: driver.version: RemoteWebDriver
at org.openqa.selenium.OutputType$3.save(OutputType.java:94)
at org.openqa.selenium.OutputType$3.convertFromBase64Png(OutputType.java:78)
at org.openqa.selenium.OutputType$3.convertFromBase64Png(OutputType.java:75)
at org.openqa.selenium.remote.RemoteWebDriver.getScreenshotAs(RemoteWebDriver.java:335)
at utilities.CaptureScreenshot.getScreenshot(CaptureScreenshot.java:24)
at Test_Suite.WEL_Test_Suite.TC71_PlaceNewUser_OrderForDigitalProduct_CPATestBank_AndValidatThetax(WEL_Test_Suite.java:3461)
at java.base/jdk.internal.reflect.NativeMethodAccessorImpl.invoke0(Native Method)
at java.base/jdk.internal.reflect.NativeMethodAccessorImpl.invoke(NativeMethodAccessorImpl.java:77)
at java.base/jdk.internal.reflect.DelegatingMethodAccessorImpl.invoke(DelegatingMethodAccessorImpl.java:43)
at java.base/java.lang.reflect.Method.invoke(Method.java:568)
at org.testng.internal.invokers.MethodInvocationHelper.invokeMethod(MethodInvocationHelper.java:139)
at org.testng.internal.invokers.TestInvoker.invokeMethod(TestInvoker.java:677)
at org.testng.internal.invokers.TestInvoker.invokeTestMethod(TestInvoker.java:221)
at org.testng.internal.invokers.MethodRunner.runInSequence(MethodRunner.java:50)
at org.testng.internal.invokers.TestInvoker$MethodInvocationAgent.invoke(TestInvoker.java:962)
at org.testng.internal.invokers.TestInvoker.invokeTestMethods(TestInvoker.java:194)
at org.testng.internal.invokers.TestMethodWorker.invokeTestMethods(TestMethodWorker.java:148)
at org.testng.internal.invokers.TestMethodWorker.run(TestMethodWorker.java:128)
at java.base/java.util.ArrayList.forEach(ArrayList.java:1511)
at org.testng.TestRunner.privateRun(TestRunner.java:806)
at org.testng.TestRunner.run(TestRunner.java:601)
at org.testng.SuiteRunner.runTest(SuiteRunner.java:433)
at org.testng.SuiteRunner.runSequentially(SuiteRunner.java:427)
at org.testng.SuiteRunner.privateRun(SuiteRunner.java:387)
at org.testng.SuiteRunner.run(SuiteRunner.java:330)
at org.testng.SuiteRunnerWorker.runSuite(SuiteRunnerWorker.java:52)
at org.testng.SuiteRunnerWorker.run(SuiteRunnerWorker.java:95)
at org.testng.TestNG.runSuitesSequentially(TestNG.java:1256)
at org.testng.TestNG.runSuitesLocally(TestNG.java:1176)
at org.testng.TestNG.runSuites(TestNG.java:1099)
at org.testng.TestNG.run(TestNG.java:1067)
at org.testng.remote.AbstractRemoteTestNG.run(AbstractRemoteTestNG.java:115)
at org.testng.remote.RemoteTestNG.initAndRun(RemoteTestNG.java:251)
at org.testng.remote.RemoteTestNG.main(RemoteTestNG.java:77)
Caused by: java.io.IOException: There is not enough space on the disk
at java.base/sun.nio.ch.FileDispatcherImpl.write0(Native Method)
at java.base/sun.nio.ch.FileDispatcherImpl.write(FileDispatcherImpl.java:68)
at java.base/sun.nio.ch.IOUtil.writeFromNativeBuffer(IOUtil.java:132)
at java.base/sun.nio.ch.IOUtil.write(IOUtil.java:97)
at java.base/sun.nio.ch.IOUtil.write(IOUtil.java:67)
at java.base/sun.nio.ch.FileChannelImpl.write(FileChannelImpl.java:288)
at java.base/java.nio.channels.Channels.writeFullyImpl(Channels.java:74)
at java.base/java.nio.channels.Channels.writeFully(Channels.java:96)
at java.base/java.nio.channels.Channels$1.write(Channels.java:171)
at java.base/java.nio.file.Files.write(Files.java:3517)
at org.openqa.selenium.OutputType$3.save(OutputType.java:91)
... 33 more
]]>
            </full-stacktrace>
          </exception> <!-- org.openqa.selenium.WebDriverException -->
          <reporter-output>
          </reporter-output>
        </test-method> <!-- TC71_PlaceNewUser_OrderForDigitalProduct_CPATestBank_AndValidatThetax -->
        <test-method signature="TC72_PlaceExistingUser_OrderForDigitalProduct_CPATestBank_AndValidatThetax()[pri:0, instance:Test_Suite.WEL_Test_Suite@4d1c005e]" started-at="2023-02-03T20:45:16 IST" name="TC72_PlaceExistingUser_OrderForDigitalProduct_CPATestBank_AndValidatThetax" finished-at="2023-02-03T20:45:25 IST" duration-ms="9293" status="FAIL">
          <exception class="org.openqa.selenium.WebDriverException">
            <message>
              <![CDATA[java.io.IOException: There is not enough space on the disk
Build info: version: '4.6.0', revision: '79f1c02ae20'
System info: os.name: 'Windows 10', os.arch: 'amd64', os.version: '10.0', java.version: '17.0.5'
Driver info: driver.version: RemoteWebDriver]]>
            </message>
            <full-stacktrace>
              <![CDATA[org.openqa.selenium.WebDriverException: java.io.IOException: There is not enough space on the disk
Build info: version: '4.6.0', revision: '79f1c02ae20'
System info: os.name: 'Windows 10', os.arch: 'amd64', os.version: '10.0', java.version: '17.0.5'
Driver info: driver.version: RemoteWebDriver
at org.openqa.selenium.OutputType$3.save(OutputType.java:94)
at org.openqa.selenium.OutputType$3.convertFromBase64Png(OutputType.java:78)
at org.openqa.selenium.OutputType$3.convertFromBase64Png(OutputType.java:75)
at org.openqa.selenium.remote.RemoteWebDriver.getScreenshotAs(RemoteWebDriver.java:335)
at utilities.CaptureScreenshot.getScreenshot(CaptureScreenshot.java:24)
at Test_Suite.WEL_Test_Suite.TC72_PlaceExistingUser_OrderForDigitalProduct_CPATestBank_AndValidatThetax(WEL_Test_Suite.java:3343)
at java.base/jdk.internal.reflect.NativeMethodAccessorImpl.invoke0(Native Method)
at java.base/jdk.internal.reflect.NativeMethodAccessorImpl.invoke(NativeMethodAccessorImpl.java:77)
at java.base/jdk.internal.reflect.DelegatingMethodAccessorImpl.invoke(DelegatingMethodAccessorImpl.java:43)
at java.base/java.lang.reflect.Method.invoke(Method.java:568)
at org.testng.internal.invokers.MethodInvocationHelper.invokeMethod(MethodInvocationHelper.java:139)
at org.testng.internal.invokers.TestInvoker.invokeMethod(TestInvoker.java:677)
at org.testng.internal.invokers.TestInvoker.invokeTestMethod(TestInvoker.java:221)
at org.testng.internal.invokers.MethodRunner.runInSequence(MethodRunner.java:50)
at org.testng.internal.invokers.TestInvoker$MethodInvocationAgent.invoke(TestInvoker.java:962)
at org.testng.internal.invokers.TestInvoker.invokeTestMethods(TestInvoker.java:194)
at org.testng.internal.invokers.TestMethodWorker.invokeTestMethods(TestMethodWorker.java:148)
at org.testng.internal.invokers.TestMethodWorker.run(TestMethodWorker.java:128)
at java.base/java.util.ArrayList.forEach(ArrayList.java:1511)
at org.testng.TestRunner.privateRun(TestRunner.java:806)
at org.testng.TestRunner.run(TestRunner.java:601)
at org.testng.SuiteRunner.runTest(SuiteRunner.java:433)
at org.testng.SuiteRunner.runSequentially(SuiteRunner.java:427)
at org.testng.SuiteRunner.privateRun(SuiteRunner.java:387)
at org.testng.SuiteRunner.run(SuiteRunner.java:330)
at org.testng.SuiteRunnerWorker.runSuite(SuiteRunnerWorker.java:52)
at org.testng.SuiteRunnerWorker.run(SuiteRunnerWorker.java:95)
at org.testng.TestNG.runSuitesSequentially(TestNG.java:1256)
at org.testng.TestNG.runSuitesLocally(TestNG.java:1176)
at org.testng.TestNG.runSuites(TestNG.java:1099)
at org.testng.TestNG.run(TestNG.java:1067)
at org.testng.remote.AbstractRemoteTestNG.run(AbstractRemoteTestNG.java:115)
at org.testng.remote.RemoteTestNG.initAndRun(RemoteTestNG.java:251)
at org.testng.remote.RemoteTestNG.main(RemoteTestNG.java:77)
Caused by: java.io.IOException: There is not enough space on the disk
at java.base/sun.nio.ch.FileDispatcherImpl.write0(Native Method)
at java.base/sun.nio.ch.FileDispatcherImpl.write(FileDispatcherImpl.java:68)
at java.base/sun.nio.ch.IOUtil.writeFromNativeBuffer(IOUtil.java:132)
at java.base/sun.nio.ch.IOUtil.write(IOUtil.java:97)
at java.base/sun.nio.ch.IOUtil.write(IOUtil.java:67)
at java.base/sun.nio.ch.FileChannelImpl.write(FileChannelImpl.java:288)
at java.base/java.nio.channels.Channels.writeFullyImpl(Channels.java:74)
at java.base/java.nio.channels.Channels.writeFully(Channels.java:96)
at java.base/java.nio.channels.Channels$1.write(Channels.java:171)
at java.base/java.nio.file.Files.write(Files.java:3517)
at org.openqa.selenium.OutputType$3.save(OutputType.java:91)
... 33 more
]]>
            </full-stacktrace>
          </exception> <!-- org.openqa.selenium.WebDriverException -->
          <reporter-output>
          </reporter-output>
        </test-method> <!-- TC72_PlaceExistingUser_OrderForDigitalProduct_CPATestBank_AndValidatThetax -->
        <test-method signature="TC73_ValidateTaxin_IndiaForPhysicalOrder()[pri:0, instance:Test_Suite.WEL_Test_Suite@4d1c005e]" started-at="2023-02-03T20:45:25 IST" name="TC73_ValidateTaxin_IndiaForPhysicalOrder" finished-at="2023-02-03T20:45:33 IST" duration-ms="8095" status="FAIL">
          <exception class="org.openqa.selenium.WebDriverException">
            <message>
              <![CDATA[java.io.IOException: There is not enough space on the disk
Build info: version: '4.6.0', revision: '79f1c02ae20'
System info: os.name: 'Windows 10', os.arch: 'amd64', os.version: '10.0', java.version: '17.0.5'
Driver info: driver.version: RemoteWebDriver]]>
            </message>
            <full-stacktrace>
              <![CDATA[org.openqa.selenium.WebDriverException: java.io.IOException: There is not enough space on the disk
Build info: version: '4.6.0', revision: '79f1c02ae20'
System info: os.name: 'Windows 10', os.arch: 'amd64', os.version: '10.0', java.version: '17.0.5'
Driver info: driver.version: RemoteWebDriver
at org.openqa.selenium.OutputType$3.save(OutputType.java:94)
at org.openqa.selenium.OutputType$3.convertFromBase64Png(OutputType.java:78)
at org.openqa.selenium.OutputType$3.convertFromBase64Png(OutputType.java:75)
at org.openqa.selenium.remote.RemoteWebDriver.getScreenshotAs(RemoteWebDriver.java:335)
at utilities.CaptureScreenshot.getScreenshot(CaptureScreenshot.java:24)
at Test_Suite.WEL_Test_Suite.TC73_ValidateTaxin_IndiaForPhysicalOrder(WEL_Test_Suite.java:4770)
at java.base/jdk.internal.reflect.NativeMethodAccessorImpl.invoke0(Native Method)
at java.base/jdk.internal.reflect.NativeMethodAccessorImpl.invoke(NativeMethodAccessorImpl.java:77)
at java.base/jdk.internal.reflect.DelegatingMethodAccessorImpl.invoke(DelegatingMethodAccessorImpl.java:43)
at java.base/java.lang.reflect.Method.invoke(Method.java:568)
at org.testng.internal.invokers.MethodInvocationHelper.invokeMethod(MethodInvocationHelper.java:139)
at org.testng.internal.invokers.TestInvoker.invokeMethod(TestInvoker.java:677)
at org.testng.internal.invokers.TestInvoker.invokeTestMethod(TestInvoker.java:221)
at org.testng.internal.invokers.MethodRunner.runInSequence(MethodRunner.java:50)
at org.testng.internal.invokers.TestInvoker$MethodInvocationAgent.invoke(TestInvoker.java:962)
at org.testng.internal.invokers.TestInvoker.invokeTestMethods(TestInvoker.java:194)
at org.testng.internal.invokers.TestMethodWorker.invokeTestMethods(TestMethodWorker.java:148)
at org.testng.internal.invokers.TestMethodWorker.run(TestMethodWorker.java:128)
at java.base/java.util.ArrayList.forEach(ArrayList.java:1511)
at org.testng.TestRunner.privateRun(TestRunner.java:806)
at org.testng.TestRunner.run(TestRunner.java:601)
at org.testng.SuiteRunner.runTest(SuiteRunner.java:433)
at org.testng.SuiteRunner.runSequentially(SuiteRunner.java:427)
at org.testng.SuiteRunner.privateRun(SuiteRunner.java:387)
at org.testng.SuiteRunner.run(SuiteRunner.java:330)
at org.testng.SuiteRunnerWorker.runSuite(SuiteRunnerWorker.java:52)
at org.testng.SuiteRunnerWorker.run(SuiteRunnerWorker.java:95)
at org.testng.TestNG.runSuitesSequentially(TestNG.java:1256)
at org.testng.TestNG.runSuitesLocally(TestNG.java:1176)
at org.testng.TestNG.runSuites(TestNG.java:1099)
at org.testng.TestNG.run(TestNG.java:1067)
at org.testng.remote.AbstractRemoteTestNG.run(AbstractRemoteTestNG.java:115)
at org.testng.remote.RemoteTestNG.initAndRun(RemoteTestNG.java:251)
at org.testng.remote.RemoteTestNG.main(RemoteTestNG.java:77)
Caused by: java.io.IOException: There is not enough space on the disk
at java.base/sun.nio.ch.FileDispatcherImpl.write0(Native Method)
at java.base/sun.nio.ch.FileDispatcherImpl.write(FileDispatcherImpl.java:68)
at java.base/sun.nio.ch.IOUtil.writeFromNativeBuffer(IOUtil.java:132)
at java.base/sun.nio.ch.IOUtil.write(IOUtil.java:97)
at java.base/sun.nio.ch.IOUtil.write(IOUtil.java:67)
at java.base/sun.nio.ch.FileChannelImpl.write(FileChannelImpl.java:288)
at java.base/java.nio.channels.Channels.writeFullyImpl(Channels.java:74)
at java.base/java.nio.channels.Channels.writeFully(Channels.java:96)
at java.base/java.nio.channels.Channels$1.write(Channels.java:171)
at java.base/java.nio.file.Files.write(Files.java:3517)
at org.openqa.selenium.OutputType$3.save(OutputType.java:91)
... 33 more
]]>
            </full-stacktrace>
          </exception> <!-- org.openqa.selenium.WebDriverException -->
          <reporter-output>
          </reporter-output>
        </test-method> <!-- TC73_ValidateTaxin_IndiaForPhysicalOrder -->
        <test-method signature="TC74_WEL_Cart_Upsells_Add_Summary_Line()[pri:0, instance:Test_Suite.WEL_Test_Suite@4d1c005e]" started-at="2023-02-03T20:45:33 IST" name="TC74_WEL_Cart_Upsells_Add_Summary_Line" finished-at="2023-02-03T20:45:40 IST" duration-ms="6567" status="FAIL">
          <exception class="org.openqa.selenium.WebDriverException">
            <message>
              <![CDATA[java.io.IOException: There is not enough space on the disk
Build info: version: '4.6.0', revision: '79f1c02ae20'
System info: os.name: 'Windows 10', os.arch: 'amd64', os.version: '10.0', java.version: '17.0.5'
Driver info: driver.version: RemoteWebDriver]]>
            </message>
            <full-stacktrace>
              <![CDATA[org.openqa.selenium.WebDriverException: java.io.IOException: There is not enough space on the disk
Build info: version: '4.6.0', revision: '79f1c02ae20'
System info: os.name: 'Windows 10', os.arch: 'amd64', os.version: '10.0', java.version: '17.0.5'
Driver info: driver.version: RemoteWebDriver
at org.openqa.selenium.OutputType$3.save(OutputType.java:94)
at org.openqa.selenium.OutputType$3.convertFromBase64Png(OutputType.java:78)
at org.openqa.selenium.OutputType$3.convertFromBase64Png(OutputType.java:75)
at org.openqa.selenium.remote.RemoteWebDriver.getScreenshotAs(RemoteWebDriver.java:335)
at utilities.CaptureScreenshot.getScreenshot(CaptureScreenshot.java:24)
at Test_Suite.WEL_Test_Suite.TC74_WEL_Cart_Upsells_Add_Summary_Line(WEL_Test_Suite.java:2903)
at java.base/jdk.internal.reflect.NativeMethodAccessorImpl.invoke0(Native Method)
at java.base/jdk.internal.reflect.NativeMethodAccessorImpl.invoke(NativeMethodAccessorImpl.java:77)
at java.base/jdk.internal.reflect.DelegatingMethodAccessorImpl.invoke(DelegatingMethodAccessorImpl.java:43)
at java.base/java.lang.reflect.Method.invoke(Method.java:568)
at org.testng.internal.invokers.MethodInvocationHelper.invokeMethod(MethodInvocationHelper.java:139)
at org.testng.internal.invokers.TestInvoker.invokeMethod(TestInvoker.java:677)
at org.testng.internal.invokers.TestInvoker.invokeTestMethod(TestInvoker.java:221)
at org.testng.internal.invokers.MethodRunner.runInSequence(MethodRunner.java:50)
at org.testng.internal.invokers.TestInvoker$MethodInvocationAgent.invoke(TestInvoker.java:962)
at org.testng.internal.invokers.TestInvoker.invokeTestMethods(TestInvoker.java:194)
at org.testng.internal.invokers.TestMethodWorker.invokeTestMethods(TestMethodWorker.java:148)
at org.testng.internal.invokers.TestMethodWorker.run(TestMethodWorker.java:128)
at java.base/java.util.ArrayList.forEach(ArrayList.java:1511)
at org.testng.TestRunner.privateRun(TestRunner.java:806)
at org.testng.TestRunner.run(TestRunner.java:601)
at org.testng.SuiteRunner.runTest(SuiteRunner.java:433)
at org.testng.SuiteRunner.runSequentially(SuiteRunner.java:427)
at org.testng.SuiteRunner.privateRun(SuiteRunner.java:387)
at org.testng.SuiteRunner.run(SuiteRunner.java:330)
at org.testng.SuiteRunnerWorker.runSuite(SuiteRunnerWorker.java:52)
at org.testng.SuiteRunnerWorker.run(SuiteRunnerWorker.java:95)
at org.testng.TestNG.runSuitesSequentially(TestNG.java:1256)
at org.testng.TestNG.runSuitesLocally(TestNG.java:1176)
at org.testng.TestNG.runSuites(TestNG.java:1099)
at org.testng.TestNG.run(TestNG.java:1067)
at org.testng.remote.AbstractRemoteTestNG.run(AbstractRemoteTestNG.java:115)
at org.testng.remote.RemoteTestNG.initAndRun(RemoteTestNG.java:251)
at org.testng.remote.RemoteTestNG.main(RemoteTestNG.java:77)
Caused by: java.io.IOException: There is not enough space on the disk
at java.base/sun.nio.ch.FileDispatcherImpl.write0(Native Method)
at java.base/sun.nio.ch.FileDispatcherImpl.write(FileDispatcherImpl.java:68)
at java.base/sun.nio.ch.IOUtil.writeFromNativeBuffer(IOUtil.java:132)
at java.base/sun.nio.ch.IOUtil.write(IOUtil.java:97)
at java.base/sun.nio.ch.IOUtil.write(IOUtil.java:67)
at java.base/sun.nio.ch.FileChannelImpl.write(FileChannelImpl.java:288)
at java.base/java.nio.channels.Channels.writeFullyImpl(Channels.java:74)
at java.base/java.nio.channels.Channels.writeFully(Channels.java:96)
at java.base/java.nio.channels.Channels$1.write(Channels.java:171)
at java.base/java.nio.file.Files.write(Files.java:3517)
at org.openqa.selenium.OutputType$3.save(OutputType.java:91)
... 33 more
]]>
            </full-stacktrace>
          </exception> <!-- org.openqa.selenium.WebDriverException -->
          <reporter-output>
          </reporter-output>
        </test-method> <!-- TC74_WEL_Cart_Upsells_Add_Summary_Line -->
        <test-method signature="TC75_Check_Add_To_Cart_Functionality_for_Heads_Up_Validation()[pri:0, instance:Test_Suite.WEL_Test_Suite@4d1c005e]" started-at="2023-02-03T20:45:40 IST" name="TC75_Check_Add_To_Cart_Functionality_for_Heads_Up_Validation" finished-at="2023-02-03T20:45:46 IST" duration-ms="5966" status="FAIL">
          <exception class="org.openqa.selenium.WebDriverException">
            <message>
              <![CDATA[java.io.IOException: There is not enough space on the disk
Build info: version: '4.6.0', revision: '79f1c02ae20'
System info: os.name: 'Windows 10', os.arch: 'amd64', os.version: '10.0', java.version: '17.0.5'
Driver info: driver.version: RemoteWebDriver]]>
            </message>
            <full-stacktrace>
              <![CDATA[org.openqa.selenium.WebDriverException: java.io.IOException: There is not enough space on the disk
Build info: version: '4.6.0', revision: '79f1c02ae20'
System info: os.name: 'Windows 10', os.arch: 'amd64', os.version: '10.0', java.version: '17.0.5'
Driver info: driver.version: RemoteWebDriver
at org.openqa.selenium.OutputType$3.save(OutputType.java:94)
at org.openqa.selenium.OutputType$3.convertFromBase64Png(OutputType.java:78)
at org.openqa.selenium.OutputType$3.convertFromBase64Png(OutputType.java:75)
at org.openqa.selenium.remote.RemoteWebDriver.getScreenshotAs(RemoteWebDriver.java:335)
at utilities.CaptureScreenshot.getScreenshot(CaptureScreenshot.java:24)
at Test_Suite.WEL_Test_Suite.TC75_Check_Add_To_Cart_Functionality_for_Heads_Up_Validation(WEL_Test_Suite.java:3012)
at java.base/jdk.internal.reflect.NativeMethodAccessorImpl.invoke0(Native Method)
at java.base/jdk.internal.reflect.NativeMethodAccessorImpl.invoke(NativeMethodAccessorImpl.java:77)
at java.base/jdk.internal.reflect.DelegatingMethodAccessorImpl.invoke(DelegatingMethodAccessorImpl.java:43)
at java.base/java.lang.reflect.Method.invoke(Method.java:568)
at org.testng.internal.invokers.MethodInvocationHelper.invokeMethod(MethodInvocationHelper.java:139)
at org.testng.internal.invokers.TestInvoker.invokeMethod(TestInvoker.java:677)
at org.testng.internal.invokers.TestInvoker.invokeTestMethod(TestInvoker.java:221)
at org.testng.internal.invokers.MethodRunner.runInSequence(MethodRunner.java:50)
at org.testng.internal.invokers.TestInvoker$MethodInvocationAgent.invoke(TestInvoker.java:962)
at org.testng.internal.invokers.TestInvoker.invokeTestMethods(TestInvoker.java:194)
at org.testng.internal.invokers.TestMethodWorker.invokeTestMethods(TestMethodWorker.java:148)
at org.testng.internal.invokers.TestMethodWorker.run(TestMethodWorker.java:128)
at java.base/java.util.ArrayList.forEach(ArrayList.java:1511)
at org.testng.TestRunner.privateRun(TestRunner.java:806)
at org.testng.TestRunner.run(TestRunner.java:601)
at org.testng.SuiteRunner.runTest(SuiteRunner.java:433)
at org.testng.SuiteRunner.runSequentially(SuiteRunner.java:427)
at org.testng.SuiteRunner.privateRun(SuiteRunner.java:387)
at org.testng.SuiteRunner.run(SuiteRunner.java:330)
at org.testng.SuiteRunnerWorker.runSuite(SuiteRunnerWorker.java:52)
at org.testng.SuiteRunnerWorker.run(SuiteRunnerWorker.java:95)
at org.testng.TestNG.runSuitesSequentially(TestNG.java:1256)
at org.testng.TestNG.runSuitesLocally(TestNG.java:1176)
at org.testng.TestNG.runSuites(TestNG.java:1099)
at org.testng.TestNG.run(TestNG.java:1067)
at org.testng.remote.AbstractRemoteTestNG.run(AbstractRemoteTestNG.java:115)
at org.testng.remote.RemoteTestNG.initAndRun(RemoteTestNG.java:251)
at org.testng.remote.RemoteTestNG.main(RemoteTestNG.java:77)
Caused by: java.io.IOException: There is not enough space on the disk
at java.base/sun.nio.ch.FileDispatcherImpl.write0(Native Method)
at java.base/sun.nio.ch.FileDispatcherImpl.write(FileDispatcherImpl.java:68)
at java.base/sun.nio.ch.IOUtil.writeFromNativeBuffer(IOUtil.java:132)
at java.base/sun.nio.ch.IOUtil.write(IOUtil.java:97)
at java.base/sun.nio.ch.IOUtil.write(IOUtil.java:67)
at java.base/sun.nio.ch.FileChannelImpl.write(FileChannelImpl.java:288)
at java.base/java.nio.channels.Channels.writeFullyImpl(Channels.java:74)
at java.base/java.nio.channels.Channels.writeFully(Channels.java:96)
at java.base/java.nio.channels.Channels$1.write(Channels.java:171)
at java.base/java.nio.file.Files.write(Files.java:3517)
at org.openqa.selenium.OutputType$3.save(OutputType.java:91)
... 33 more
]]>
            </full-stacktrace>
          </exception> <!-- org.openqa.selenium.WebDriverException -->
          <reporter-output>
          </reporter-output>
        </test-method> <!-- TC75_Check_Add_To_Cart_Functionality_for_Heads_Up_Validation -->
        <test-method signature="TC79_Email_Format_Validation()[pri:0, instance:Test_Suite.WEL_Test_Suite@4d1c005e]" started-at="2023-02-03T20:45:46 IST" name="TC79_Email_Format_Validation" finished-at="2023-02-03T20:45:53 IST" duration-ms="7403" status="FAIL">
          <exception class="org.openqa.selenium.WebDriverException">
            <message>
              <![CDATA[java.io.IOException: There is not enough space on the disk
Build info: version: '4.6.0', revision: '79f1c02ae20'
System info: os.name: 'Windows 10', os.arch: 'amd64', os.version: '10.0', java.version: '17.0.5'
Driver info: driver.version: RemoteWebDriver]]>
            </message>
            <full-stacktrace>
              <![CDATA[org.openqa.selenium.WebDriverException: java.io.IOException: There is not enough space on the disk
Build info: version: '4.6.0', revision: '79f1c02ae20'
System info: os.name: 'Windows 10', os.arch: 'amd64', os.version: '10.0', java.version: '17.0.5'
Driver info: driver.version: RemoteWebDriver
at org.openqa.selenium.OutputType$3.save(OutputType.java:94)
at org.openqa.selenium.OutputType$3.convertFromBase64Png(OutputType.java:78)
at org.openqa.selenium.OutputType$3.convertFromBase64Png(OutputType.java:75)
at org.openqa.selenium.remote.RemoteWebDriver.getScreenshotAs(RemoteWebDriver.java:335)
at utilities.CaptureScreenshot.getScreenshot(CaptureScreenshot.java:24)
at Test_Suite.WEL_Test_Suite.TC79_Email_Format_Validation(WEL_Test_Suite.java:5229)
at java.base/jdk.internal.reflect.NativeMethodAccessorImpl.invoke0(Native Method)
at java.base/jdk.internal.reflect.NativeMethodAccessorImpl.invoke(NativeMethodAccessorImpl.java:77)
at java.base/jdk.internal.reflect.DelegatingMethodAccessorImpl.invoke(DelegatingMethodAccessorImpl.java:43)
at java.base/java.lang.reflect.Method.invoke(Method.java:568)
at org.testng.internal.invokers.MethodInvocationHelper.invokeMethod(MethodInvocationHelper.java:139)
at org.testng.internal.invokers.TestInvoker.invokeMethod(TestInvoker.java:677)
at org.testng.internal.invokers.TestInvoker.invokeTestMethod(TestInvoker.java:221)
at org.testng.internal.invokers.MethodRunner.runInSequence(MethodRunner.java:50)
at org.testng.internal.invokers.TestInvoker$MethodInvocationAgent.invoke(TestInvoker.java:962)
at org.testng.internal.invokers.TestInvoker.invokeTestMethods(TestInvoker.java:194)
at org.testng.internal.invokers.TestMethodWorker.invokeTestMethods(TestMethodWorker.java:148)
at org.testng.internal.invokers.TestMethodWorker.run(TestMethodWorker.java:128)
at java.base/java.util.ArrayList.forEach(ArrayList.java:1511)
at org.testng.TestRunner.privateRun(TestRunner.java:806)
at org.testng.TestRunner.run(TestRunner.java:601)
at org.testng.SuiteRunner.runTest(SuiteRunner.java:433)
at org.testng.SuiteRunner.runSequentially(SuiteRunner.java:427)
at org.testng.SuiteRunner.privateRun(SuiteRunner.java:387)
at org.testng.SuiteRunner.run(SuiteRunner.java:330)
at org.testng.SuiteRunnerWorker.runSuite(SuiteRunnerWorker.java:52)
at org.testng.SuiteRunnerWorker.run(SuiteRunnerWorker.java:95)
at org.testng.TestNG.runSuitesSequentially(TestNG.java:1256)
at org.testng.TestNG.runSuitesLocally(TestNG.java:1176)
at org.testng.TestNG.runSuites(TestNG.java:1099)
at org.testng.TestNG.run(TestNG.java:1067)
at org.testng.remote.AbstractRemoteTestNG.run(AbstractRemoteTestNG.java:115)
at org.testng.remote.RemoteTestNG.initAndRun(RemoteTestNG.java:251)
at org.testng.remote.RemoteTestNG.main(RemoteTestNG.java:77)
Caused by: java.io.IOException: There is not enough space on the disk
at java.base/sun.nio.ch.FileDispatcherImpl.write0(Native Method)
at java.base/sun.nio.ch.FileDispatcherImpl.write(FileDispatcherImpl.java:68)
at java.base/sun.nio.ch.IOUtil.writeFromNativeBuffer(IOUtil.java:132)
at java.base/sun.nio.ch.IOUtil.write(IOUtil.java:97)
at java.base/sun.nio.ch.IOUtil.write(IOUtil.java:67)
at java.base/sun.nio.ch.FileChannelImpl.write(FileChannelImpl.java:288)
at java.base/java.nio.channels.Channels.writeFullyImpl(Channels.java:74)
at java.base/java.nio.channels.Channels.writeFully(Channels.java:96)
at java.base/java.nio.channels.Channels$1.write(Channels.java:171)
at java.base/java.nio.file.Files.write(Files.java:3517)
at org.openqa.selenium.OutputType$3.save(OutputType.java:91)
... 33 more
]]>
            </full-stacktrace>
          </exception> <!-- org.openqa.selenium.WebDriverException -->
          <reporter-output>
          </reporter-output>
        </test-method> <!-- TC79_Email_Format_Validation -->
        <test-method is-config="true" signature="CloseBrowser()[pri:0, instance:Test_Suite.WEL_Test_Suite@4d1c005e]" started-at="2023-02-03T20:45:53 IST" name="CloseBrowser" finished-at="2023-02-03T20:45:57 IST" duration-ms="3333" status="PASS">
          <reporter-output>
          </reporter-output>
        </test-method> <!-- CloseBrowser -->
      </class> <!-- Test_Suite.WEL_Test_Suite -->
    </test> <!-- Default test -->
  </suite> <!-- Default suite -->
</testng-results>
