<?xml version="1.0" encoding="UTF-8"?>
<testng-results ignored="27" total="28" passed="1" failed="0" skipped="0">
  <reporter-output>
  </reporter-output>
  <suite started-at="2023-05-03T12:21:28 IST" name="Default suite" finished-at="2023-05-03T12:24:12 IST" duration-ms="164113">
    <groups>
    </groups>
    <test started-at="2023-05-03T12:21:28 IST" name="Default test" finished-at="2023-05-03T12:24:12 IST" duration-ms="164113">
      <class name="TestSuite.WEL_Prod_Test_Suite">
        <test-method is-config="true" signature="initiate(org.testng.ITestContext,java.lang.String)[pri:0, instance:TestSuite.WEL_Prod_Test_Suite@fd8294b]" started-at="2023-05-03T12:21:28 IST" name="initiate" finished-at="2023-05-03T12:21:38 IST" duration-ms="9815" status="PASS">
          <params>
            <param index="0">
              <value>
                <![CDATA[org.testng.TestRunner@785ed99c]]>
              </value>
            </param>
            <param index="1">
              <value>
                <![CDATA[edge]]>
              </value>
            </param>
          </params>
          <reporter-output>
          </reporter-output>
        </test-method> <!-- initiate -->
        <test-method is-config="true" signature="initializeRepo()[pri:0, instance:TestSuite.WEL_Prod_Test_Suite@fd8294b]" started-at="2023-05-03T12:21:38 IST" name="initializeRepo" finished-at="2023-05-03T12:21:38 IST" depends-on-methods="utilities.DriverModule.initiate" duration-ms="78" status="PASS">
          <reporter-output>
          </reporter-output>
        </test-method> <!-- initializeRepo -->
        <test-method is-config="true" signature="nameBefore(java.lang.reflect.Method)[pri:0, instance:TestSuite.WEL_Prod_Test_Suite@fd8294b]" started-at="2023-05-03T12:21:38 IST" name="nameBefore" finished-at="2023-05-03T12:21:38 IST" duration-ms="0" status="PASS">
          <params>
            <param index="0">
              <value>
                <![CDATA[public void TestSuite.WEL_Prod_Test_Suite.TC24_AddProducts_CPACMACFA_ReviewCoursPhysicalproduct_FornewUserToCart_AndProceedTill_Paymentpage() throws java.io.IOException]]>
              </value>
            </param>
          </params>
          <reporter-output>
          </reporter-output>
        </test-method> <!-- nameBefore -->
        <test-method signature="TC24_AddProducts_CPACMACFA_ReviewCoursPhysicalproduct_FornewUserToCart_AndProceedTill_Paymentpage()[pri:0, instance:TestSuite.WEL_Prod_Test_Suite@fd8294b]" started-at="2023-05-03T12:21:38 IST" name="TC24_AddProducts_CPACMACFA_ReviewCoursPhysicalproduct_FornewUserToCart_AndProceedTill_Paymentpage" finished-at="2023-05-03T12:24:10 IST" duration-ms="151559" status="PASS">
          <reporter-output>
          </reporter-output>
        </test-method> <!-- TC24_AddProducts_CPACMACFA_ReviewCoursPhysicalproduct_FornewUserToCart_AndProceedTill_Paymentpage -->
        <test-method is-config="true" signature="nameAfter(java.lang.reflect.Method)[pri:0, instance:TestSuite.WEL_Prod_Test_Suite@fd8294b]" started-at="2023-05-03T12:24:10 IST" name="nameAfter" finished-at="2023-05-03T12:24:10 IST" duration-ms="20" status="PASS">
          <params>
            <param index="0">
              <value>
                <![CDATA[public void TestSuite.WEL_Prod_Test_Suite.TC24_AddProducts_CPACMACFA_ReviewCoursPhysicalproduct_FornewUserToCart_AndProceedTill_Paymentpage() throws java.io.IOException]]>
              </value>
            </param>
          </params>
          <reporter-output>
          </reporter-output>
        </test-method> <!-- nameAfter -->
        <test-method is-config="true" signature="CloseBrowser()[pri:0, instance:TestSuite.WEL_Prod_Test_Suite@fd8294b]" started-at="2023-05-03T12:24:10 IST" name="CloseBrowser" finished-at="2023-05-03T12:24:12 IST" duration-ms="2539" status="PASS">
          <reporter-output>
          </reporter-output>
        </test-method> <!-- CloseBrowser -->
      </class> <!-- TestSuite.WEL_Prod_Test_Suite -->
    </test> <!-- Default test -->
  </suite> <!-- Default suite -->
</testng-results>
