<?xml version="1.0" encoding="UTF-8"?>
<!-- Generated by org.testng.reporters.JUnitXMLReporter -->
<testsuite ignored="24" hostname="ZAUSV-GSAHA" failures="0" tests="2" name="ClientPortal_Test_Suite_Chrome" time="133.63" errors="0" timestamp="2023-07-07T17:17:04 IST">
  <testcase classname="Test_Suite.ClientPortal_RegressionSuite" name="TC01_Login_WPSAdmin" time="46.75"/>
  <testcase classname="Test_Suite.ClientPortal_RegressionSuite" name="TC02_AddNewClientApp_WPSAdmin" time="56.945"/>
  <testcase classname="Test_Suite.ClientPortal_RegressionSuite" name="TC19_Login_ApplicationUser" time="0.0">
    <ignored/>
  </testcase> <!-- TC19_Login_ApplicationUser -->
  <testcase classname="Test_Suite.ClientPortal_RegressionSuite" name="TC10_ViewNewClientApp_WPSSupport" time="0.0">
    <ignored/>
  </testcase> <!-- TC10_ViewNewClientApp_WPSSupport -->
  <testcase classname="Test_Suite.ClientPortal_RegressionSuite" name="TC18_Footer_WPSSupport" time="0.0">
    <ignored/>
  </testcase> <!-- TC18_Footer_WPSSupport -->
  <testcase classname="Test_Suite.ClientPortal_RegressionSuite" name="TC27_RegisterNewClientApp_Negative_Scenarios_ClientAdmin" time="0.0">
    <ignored/>
  </testcase> <!-- TC27_RegisterNewClientApp_Negative_Scenarios_ClientAdmin -->
  <testcase classname="Test_Suite.ClientPortal_RegressionSuite" name="TC26_RegisterNewClientApp_ClientAdmin" time="0.0">
    <ignored/>
  </testcase> <!-- TC26_RegisterNewClientApp_ClientAdmin -->
  <testcase classname="Test_Suite.ClientPortal_RegressionSuite" name="TC11_Pagination_WPSSupport" time="0.0">
    <ignored/>
  </testcase> <!-- TC11_Pagination_WPSSupport -->
  <testcase classname="Test_Suite.ClientPortal_RegressionSuite" name="TC31_RegisterNewUser_SDUser" time="0.0">
    <ignored/>
  </testcase> <!-- TC31_RegisterNewUser_SDUser -->
  <testcase classname="Test_Suite.ClientPortal_RegressionSuite" name="TC13_RegisterNewClientApp_WPSSupport" time="0.0">
    <ignored/>
  </testcase> <!-- TC13_RegisterNewClientApp_WPSSupport -->
  <testcase classname="Test_Suite.ClientPortal_RegressionSuite" name="TC30_RegisterNewUser_Negative_Scenarios_SDUser" time="0.0">
    <ignored/>
  </testcase> <!-- TC30_RegisterNewUser_Negative_Scenarios_SDUser -->
  <testcase classname="Test_Suite.ClientPortal_RegressionSuite" name="TC08_Footer_WPSAdmin" time="0.0">
    <ignored/>
  </testcase> <!-- TC08_Footer_WPSAdmin -->
  <testcase classname="Test_Suite.ClientPortal_RegressionSuite" name="TC16_RegisterNewUser_Negative_Scenarios_WPSSupport" time="0.0">
    <ignored/>
  </testcase> <!-- TC16_RegisterNewUser_Negative_Scenarios_WPSSupport -->
  <testcase classname="Test_Suite.ClientPortal_RegressionSuite" name="TC12_RegisterNewClientApp_Negative_Scenarios_WPSSupport" time="0.0">
    <ignored/>
  </testcase> <!-- TC12_RegisterNewClientApp_Negative_Scenarios_WPSSupport -->
  <testcase classname="Test_Suite.ClientPortal_RegressionSuite" name="TC15_RegisterNewUser_WPSSupport" time="0.0">
    <ignored/>
  </testcase> <!-- TC15_RegisterNewUser_WPSSupport -->
  <testcase classname="Test_Suite.ClientPortal_RegressionSuite" name="TC07_Pagination_WPSAdmin" time="0.0">
    <ignored/>
  </testcase> <!-- TC07_Pagination_WPSAdmin -->
  <testcase classname="Test_Suite.ClientPortal_RegressionSuite" name="TC09_Login_WPSSupport" time="0.0">
    <ignored/>
  </testcase> <!-- TC09_Login_WPSSupport -->
  <testcase classname="Test_Suite.ClientPortal_RegressionSuite" name="TC25_Login_ClientAdmin" time="0.0">
    <ignored/>
  </testcase> <!-- TC25_Login_ClientAdmin -->
  <testcase classname="Test_Suite.ClientPortal_RegressionSuite" name="TC05_PromoteToProd_WPSAdmin" time="0.0">
    <ignored/>
  </testcase> <!-- TC05_PromoteToProd_WPSAdmin -->
  <testcase classname="Test_Suite.ClientPortal_RegressionSuite" name="TC06_EditClientApp_WPSAdmin" time="0.0">
    <ignored/>
  </testcase> <!-- TC06_EditClientApp_WPSAdmin -->
  <testcase classname="Test_Suite.ClientPortal_RegressionSuite" name="TC03_RegisterNewUser_WPSAdmin" time="0.0">
    <ignored/>
  </testcase> <!-- TC03_RegisterNewUser_WPSAdmin -->
  <testcase classname="Test_Suite.ClientPortal_RegressionSuite" name="TC28_RegisterNewClientApp_Cancel_ClientAdmin" time="0.0">
    <ignored/>
  </testcase> <!-- TC28_RegisterNewClientApp_Cancel_ClientAdmin -->
  <testcase classname="Test_Suite.ClientPortal_RegressionSuite" name="TC22_ViewNewClientApp_ApplicationUser" time="0.0">
    <ignored/>
  </testcase> <!-- TC22_ViewNewClientApp_ApplicationUser -->
  <testcase classname="Test_Suite.ClientPortal_RegressionSuite" name="TC04_DeclineNewApp_WPSAdmin" time="0.0">
    <ignored/>
  </testcase> <!-- TC04_DeclineNewApp_WPSAdmin -->
  <testcase classname="Test_Suite.ClientPortal_RegressionSuite" name="TC29_Login_ServiceDeskUser" time="0.0">
    <ignored/>
  </testcase> <!-- TC29_Login_ServiceDeskUser -->
  <testcase classname="Test_Suite.ClientPortal_RegressionSuite" name="TC14_RegisterNewClientApp_Cancel_WPS_Support" time="0.0">
    <ignored/>
  </testcase> <!-- TC14_RegisterNewClientApp_Cancel_WPS_Support -->
</testsuite> <!-- ClientPortal_Test_Suite_Chrome -->
