<?xml version="1.0" encoding="UTF-8"?>
<!-- Generated by org.testng.reporters.JUnitXMLReporter -->
<testsuite ignored="0" hostname="ZAUSV-GSAHA" failures="0" tests="26" name="Client Portal_Test_Suite" time="2211.466" errors="0" timestamp="2023-05-02T20:07:54 IST">
  <testcase classname="Test_Suite.ClientPortal_RegressionSuite" name="TC01_Login_WPSAdmin" time="104.413"/>
  <testcase classname="Test_Suite.ClientPortal_RegressionSuite" name="TC02_AddNewClientApp_WPSAdmin" time="50.249"/>
  <testcase classname="Test_Suite.ClientPortal_RegressionSuite" name="TC03_RegisterNewUser_WPSAdmin" time="32.007"/>
  <testcase classname="Test_Suite.ClientPortal_RegressionSuite" name="TC04_DeclineNewApp_WPSAdmin" time="102.674"/>
  <testcase classname="Test_Suite.ClientPortal_RegressionSuite" name="TC05_PromoteToProd_WPSAdmin" time="508.169"/>
  <testcase classname="Test_Suite.ClientPortal_RegressionSuite" name="TC06_EditClientApp_WPSAdmin" time="54.377"/>
  <testcase classname="Test_Suite.ClientPortal_RegressionSuite" name="TC07_Pagination_WPSAdmin" time="22.883"/>
  <testcase classname="Test_Suite.ClientPortal_RegressionSuite" name="TC08_Footer_WPSAdmin" time="55.884"/>
  <testcase classname="Test_Suite.ClientPortal_RegressionSuite" name="TC09_Login_WPSSupport" time="103.264"/>
  <testcase classname="Test_Suite.ClientPortal_RegressionSuite" name="TC10_ViewNewClientApp_WPSSupport" time="133.542"/>
  <testcase classname="Test_Suite.ClientPortal_RegressionSuite" name="TC11_Pagination_WPSSupport" time="25.914"/>
  <testcase classname="Test_Suite.ClientPortal_RegressionSuite" name="TC12_RegisterNewClientApp_Negative_Scenarios_WPSSupport" time="44.175"/>
  <testcase classname="Test_Suite.ClientPortal_RegressionSuite" name="TC13_RegisterNewClientApp_WPSSupport" time="135.341"/>
  <testcase classname="Test_Suite.ClientPortal_RegressionSuite" name="TC14_RegisterNewClientApp_Cancel_WPS_Support" time="76.72"/>
  <testcase classname="Test_Suite.ClientPortal_RegressionSuite" name="TC15_RegisterNewUser_WPSSupport" time="39.202"/>
  <testcase classname="Test_Suite.ClientPortal_RegressionSuite" name="TC16_RegisterNewUser_Negative_Scenarios_WPSSupport" time="48.728"/>
  <testcase classname="Test_Suite.ClientPortal_RegressionSuite" name="TC18_Footer_WPSSupport" time="54.073"/>
  <testcase classname="Test_Suite.ClientPortal_RegressionSuite" name="TC19_Login_ApplicationUser" time="92.668"/>
  <testcase classname="Test_Suite.ClientPortal_RegressionSuite" name="TC22_ViewNewClientApp_ApplicationUser" time="33.93"/>
  <testcase classname="Test_Suite.ClientPortal_RegressionSuite" name="TC25_Login_ClientAdmin" time="97.586"/>
  <testcase classname="Test_Suite.ClientPortal_RegressionSuite" name="TC26_RegisterNewClientApp_ClientAdmin" time="140.79"/>
  <testcase classname="Test_Suite.ClientPortal_RegressionSuite" name="TC27_RegisterNewClientApp_Negative_Scenarios_ClientAdmin" time="55.83"/>
  <testcase classname="Test_Suite.ClientPortal_RegressionSuite" name="TC28_RegisterNewClientApp_Cancel_ClientAdmin" time="75.274"/>
  <testcase classname="Test_Suite.ClientPortal_RegressionSuite" name="TC29_Login_ServiceDeskUser" time="35.057"/>
  <testcase classname="Test_Suite.ClientPortal_RegressionSuite" name="TC30_RegisterNewUser_Negative_Scenarios_SDUser" time="45.38"/>
  <testcase classname="Test_Suite.ClientPortal_RegressionSuite" name="TC31_RegisterNewUser_SDUser" time="31.905"/>
</testsuite> <!-- Client Portal_Test_Suite -->
