<?xml version="1.0" encoding="UTF-8"?>
<testng-results ignored="23" total="25" passed="2" failed="0" skipped="0">
  <reporter-output>
  </reporter-output>
  <suite started-at="2023-04-04T14:47:49 IST" name="PPE_Regression" finished-at="2023-04-04T14:53:12 IST" duration-ms="323937">
    <groups>
    </groups>
    <test started-at="2023-04-04T14:47:49 IST" name="VET_Test_Suite" finished-at="2023-04-04T14:53:12 IST" duration-ms="323937">
      <class name="TestSuite.Wiley_Prod_Test_Suite">
        <test-method is-config="true" signature="initiate(org.testng.ITestContext,java.lang.String)[pri:0, instance:TestSuite.Wiley_Prod_Test_Suite@6440112d]" started-at="2023-04-04T14:47:49 IST" name="initiate" finished-at="2023-04-04T14:47:59 IST" duration-ms="10042" status="PASS">
          <params>
            <param index="0">
              <value>
                <![CDATA[org.testng.TestRunner@52a67293]]>
              </value>
            </param>
            <param index="1">
              <value>
                <![CDATA[edge]]>
              </value>
            </param>
          </params>
          <reporter-output>
          </reporter-output>
        </test-method> <!-- initiate -->
        <test-method is-config="true" signature="launchBrowser()[pri:0, instance:TestSuite.Wiley_Prod_Test_Suite@6440112d]" started-at="2023-04-04T14:47:59 IST" name="launchBrowser" finished-at="2023-04-04T14:47:59 IST" depends-on-methods="utilities.DriverModule.initiate" duration-ms="62" status="PASS">
          <reporter-output>
          </reporter-output>
        </test-method> <!-- launchBrowser -->
        <test-method is-config="true" signature="nameBefore(java.lang.reflect.Method)[pri:0, instance:TestSuite.Wiley_Prod_Test_Suite@6440112d]" started-at="2023-04-04T14:47:59 IST" name="nameBefore" finished-at="2023-04-04T14:47:59 IST" duration-ms="0" status="PASS">
          <params>
            <param index="0">
              <value>
                <![CDATA[public void TestSuite.Wiley_Prod_Test_Suite.TC23_Add_Coupon_To_Cart() throws java.io.IOException]]>
              </value>
            </param>
          </params>
          <reporter-output>
          </reporter-output>
        </test-method> <!-- nameBefore -->
        <test-method signature="TC23_Add_Coupon_To_Cart()[pri:0, instance:TestSuite.Wiley_Prod_Test_Suite@6440112d]" started-at="2023-04-04T14:47:59 IST" name="TC23_Add_Coupon_To_Cart" finished-at="2023-04-04T14:50:33 IST" duration-ms="154153" status="PASS">
          <reporter-output>
          </reporter-output>
        </test-method> <!-- TC23_Add_Coupon_To_Cart -->
        <test-method is-config="true" signature="nameAfter(java.lang.reflect.Method)[pri:0, instance:TestSuite.Wiley_Prod_Test_Suite@6440112d]" started-at="2023-04-04T14:50:33 IST" name="nameAfter" finished-at="2023-04-04T14:50:33 IST" duration-ms="2" status="PASS">
          <params>
            <param index="0">
              <value>
                <![CDATA[public void TestSuite.Wiley_Prod_Test_Suite.TC23_Add_Coupon_To_Cart() throws java.io.IOException]]>
              </value>
            </param>
          </params>
          <reporter-output>
          </reporter-output>
        </test-method> <!-- nameAfter -->
        <test-method is-config="true" signature="nameBefore(java.lang.reflect.Method)[pri:0, instance:TestSuite.Wiley_Prod_Test_Suite@6440112d]" started-at="2023-04-04T14:50:33 IST" name="nameBefore" finished-at="2023-04-04T14:50:33 IST" duration-ms="1" status="PASS">
          <params>
            <param index="0">
              <value>
                <![CDATA[public void TestSuite.Wiley_Prod_Test_Suite.TC25_Generic_info_hover_text_EBook_PDP() throws java.io.IOException]]>
              </value>
            </param>
          </params>
          <reporter-output>
          </reporter-output>
        </test-method> <!-- nameBefore -->
        <test-method signature="TC25_Generic_info_hover_text_EBook_PDP()[pri:0, instance:TestSuite.Wiley_Prod_Test_Suite@6440112d]" started-at="2023-04-04T14:50:33 IST" name="TC25_Generic_info_hover_text_EBook_PDP" finished-at="2023-04-04T14:53:09 IST" duration-ms="156549" status="PASS">
          <reporter-output>
          </reporter-output>
        </test-method> <!-- TC25_Generic_info_hover_text_EBook_PDP -->
        <test-method is-config="true" signature="nameAfter(java.lang.reflect.Method)[pri:0, instance:TestSuite.Wiley_Prod_Test_Suite@6440112d]" started-at="2023-04-04T14:53:09 IST" name="nameAfter" finished-at="2023-04-04T14:53:09 IST" duration-ms="1" status="PASS">
          <params>
            <param index="0">
              <value>
                <![CDATA[public void TestSuite.Wiley_Prod_Test_Suite.TC25_Generic_info_hover_text_EBook_PDP() throws java.io.IOException]]>
              </value>
            </param>
          </params>
          <reporter-output>
          </reporter-output>
        </test-method> <!-- nameAfter -->
        <test-method is-config="true" signature="CloseBrowser()[pri:0, instance:TestSuite.Wiley_Prod_Test_Suite@6440112d]" started-at="2023-04-04T14:53:09 IST" name="CloseBrowser" finished-at="2023-04-04T14:53:12 IST" duration-ms="3054" status="PASS">
          <reporter-output>
          </reporter-output>
        </test-method> <!-- CloseBrowser -->
      </class> <!-- TestSuite.Wiley_Prod_Test_Suite -->
    </test> <!-- VET_Test_Suite -->
  </suite> <!-- PPE_Regression -->
</testng-results>
